\BOOKMARK [1][-]{section.1}{\376\377\000I\000n\000t\000r\000o\000d\000u\000c\000t\000i\000o\000n}{}% 1
\BOOKMARK [1][-]{section.2}{\376\377\000C\000r\000i\000t\000i\000q\000u\000e\000\040\000o\000f\000\040\000C\000a\000t\000h\000a\000r\000s\000i\000s}{}% 2
\BOOKMARK [2][-]{subsection.2.1}{\376\377\000P\000r\000e\000a\000m\000b\000l\000e}{section.2}% 3
\BOOKMARK [2][-]{subsection.2.2}{\376\377\000M\000a\000t\000h\000e\000m\000a\000t\000i\000c\000a\000l\000\040\000B\000a\000c\000k\000g\000r\000o\000u\000n\000d}{section.2}% 4
\BOOKMARK [2][-]{subsection.2.3}{\376\377\000N\000a\000t\000u\000r\000a\000l\000\040\000L\000a\000n\000g\000u\000a\000g\000e\000\040\000E\000x\000p\000l\000a\000n\000a\000t\000i\000o\000n}{section.2}% 5
\BOOKMARK [1][-]{section.3}{\376\377\000R\000S\000V\000P\000\040\000F\000i\000e\000l\000d\000-\000T\000h\000e\000o\000r\000e\000t\000i\000c\000\040\000F\000r\000a\000m\000e\000w\000o\000r\000k}{}% 6
\BOOKMARK [2][-]{subsection.3.1}{\376\377\000P\000r\000e\000a\000m\000b\000l\000e}{section.3}% 7
\BOOKMARK [2][-]{subsection.3.2}{\376\377\000M\000a\000t\000h\000e\000m\000a\000t\000i\000c\000a\000l\000\040\000B\000a\000c\000k\000g\000r\000o\000u\000n\000d}{section.3}% 8
\BOOKMARK [2][-]{subsection.3.3}{\376\377\000F\000o\000r\000m\000u\000l\000a\000t\000i\000o\000n}{section.3}% 9
\BOOKMARK [2][-]{subsection.3.4}{\376\377\000N\000a\000t\000u\000r\000a\000l\000\040\000L\000a\000n\000g\000u\000a\000g\000e\000\040\000E\000x\000p\000l\000a\000n\000a\000t\000i\000o\000n}{section.3}% 10
\BOOKMARK [1][-]{section.4}{\376\377\000G\000e\000o\000m\000e\000t\000r\000i\000c\000\040\000B\000a\000y\000e\000s\000i\000a\000n\000i\000s\000m\000\040\000w\000i\000t\000h\000\040\000S\000p\000a\000r\000s\000e\000\040\000H\000e\000u\000r\000i\000s\000t\000i\000c\000s\000\040\000\050\000G\000B\000S\000H\000\051}{}% 11
\BOOKMARK [2][-]{subsection.4.1}{\376\377\000P\000r\000e\000a\000m\000b\000l\000e}{section.4}% 12
\BOOKMARK [2][-]{subsection.4.2}{\376\377\000M\000a\000t\000h\000e\000m\000a\000t\000i\000c\000a\000l\000\040\000B\000a\000c\000k\000g\000r\000o\000u\000n\000d}{section.4}% 13
\BOOKMARK [2][-]{subsection.4.3}{\376\377\000N\000a\000t\000u\000r\000a\000l\000\040\000L\000a\000n\000g\000u\000a\000g\000e\000\040\000E\000x\000p\000l\000a\000n\000a\000t\000i\000o\000n}{section.4}% 14
\BOOKMARK [1][-]{section.5}{\376\377\000C\000o\000m\000p\000a\000r\000a\000t\000i\000v\000e\000\040\000R\000e\000l\000a\000t\000i\000v\000i\000t\000y\000\040\000o\000f\000\040\000A\000f\000f\000e\000c\000t}{}% 15
\BOOKMARK [2][-]{subsection.5.1}{\376\377\000P\000r\000e\000a\000m\000b\000l\000e}{section.5}% 16
\BOOKMARK [2][-]{subsection.5.2}{\376\377\000N\000a\000t\000u\000r\000a\000l\000\040\000L\000a\000n\000g\000u\000a\000g\000e\000\040\000E\000x\000p\000l\000a\000n\000a\000t\000i\000o\000n}{section.5}% 17
\BOOKMARK [1][-]{section.6}{\376\377\000P\000r\000e\000d\000i\000c\000t\000i\000o\000n\000s}{}% 18
\BOOKMARK [1][-]{section.7}{\376\377\000E\000x\000t\000e\000n\000s\000i\000o\000n\000s\000:\000\040\000L\000i\000n\000g\000u\000i\000s\000t\000i\000c\000\040\000G\000e\000n\000d\000e\000r\000\040\000a\000n\000d\000\040\000B\000o\000o\000l\000e\000a\000n\000\040\000L\000o\000g\000i\000c}{}% 19
\BOOKMARK [2][-]{subsection.7.1}{\376\377\000P\000r\000e\000a\000m\000b\000l\000e}{section.7}% 20
\BOOKMARK [2][-]{subsection.7.2}{\376\377\000N\000a\000t\000u\000r\000a\000l\000\040\000L\000a\000n\000g\000u\000a\000g\000e\000\040\000E\000x\000p\000l\000a\000n\000a\000t\000i\000o\000n}{section.7}% 21
\BOOKMARK [1][-]{section.8}{\376\377\000P\000r\000a\000c\000t\000i\000c\000a\000l\000\040\000I\000m\000p\000l\000i\000c\000a\000t\000i\000o\000n\000s}{}% 22
\BOOKMARK [2][-]{subsection.8.1}{\376\377\000P\000r\000e\000a\000m\000b\000l\000e}{section.8}% 23
\BOOKMARK [2][-]{subsection.8.2}{\376\377\000N\000a\000t\000u\000r\000a\000l\000\040\000L\000a\000n\000g\000u\000a\000g\000e\000\040\000E\000x\000p\000l\000a\000n\000a\000t\000i\000o\000n}{section.8}% 24
\BOOKMARK [1][-]{section.9}{\376\377\000C\000o\000n\000c\000l\000u\000s\000i\000o\000n}{}% 25
\BOOKMARK [1][-]{appendix.A}{\376\377\000M\000a\000t\000h\000e\000m\000a\000t\000i\000c\000a\000l\000\040\000A\000p\000p\000e\000n\000d\000i\000x}{}% 26
\BOOKMARK [2][-]{subsection.A.1}{\376\377\000A\000.\0001\000\040\000D\000i\000s\000s\000i\000p\000a\000t\000i\000v\000i\000t\000y\000\040\000P\000r\000o\000o\000f}{appendix.A}% 27
\BOOKMARK [2][-]{subsection.A.2}{\376\377\000A\000.\0002\000\040\000B\000o\000u\000n\000d\000e\000d\000n\000e\000s\000s\000\040\000L\000e\000m\000m\000a\000s}{appendix.A}% 28
\BOOKMARK [2][-]{subsection.A.3}{\376\377\000A\000.\0003\000\040\000H\000o\000p\000f\000\040\000B\000i\000f\000u\000r\000c\000a\000t\000i\000o\000n\000\040\000f\000o\000r\000\040\000C\000a\000t\000h\000a\000r\000s\000i\000s}{appendix.A}% 29
\BOOKMARK [2][-]{subsection.A.4}{\376\377\000A\000.\0004\000\040\000K\000K\000T\000\040\000S\000p\000a\000r\000s\000i\000t\000y}{appendix.A}% 30
\BOOKMARK [2][-]{subsection.A.5}{\376\377\000A\000.\0005\000\040\000R\000e\000f\000e\000r\000e\000n\000c\000e\000-\000T\000i\000l\000t}{appendix.A}% 31
\BOOKMARK [2][-]{subsection.A.6}{\376\377\000A\000.\0006\000\040\000N\000u\000m\000e\000r\000i\000c\000a\000l\000\040\000S\000i\000m\000u\000l\000a\000t\000i\000o\000n\000\040\000O\000u\000t\000l\000i\000n\000e}{appendix.A}% 32
