This is pdfTeX, Version 3.141592653-2.6-1.40.22 (TeX Live 2022/dev/Debian) (preloaded format=pdflatex 2025.8.11)  25 AUG 2025 22:00
entering extended mode
 restricted \write18 enabled.
 %&-line parsing enabled.
**RSVP_Study_Guide.tex
(./RSVP_Study_Guide.tex
LaTeX2e <2021-11-15> patch level 1
L3 programming layer <2022-01-21>
(/usr/share/texlive/texmf-dist/tex/latex/base/report.cls
Document Class: report 2021/10/04 v1.4n Standard LaTeX document class
(/usr/share/texlive/texmf-dist/tex/latex/base/size12.clo
File: size12.clo 2021/10/04 v1.4n Standard LaTeX file (size option)
)
\c@part=\count185
\c@chapter=\count186
\c@section=\count187
\c@subsection=\count188
\c@subsubsection=\count189
\c@paragraph=\count190
\c@subparagraph=\count191
\c@figure=\count192
\c@table=\count193
\abovecaptionskip=\skip47
\belowcaptionskip=\skip48
\bibindent=\dimen138
)
(/usr/share/texlive/texmf-dist/tex/latex/amsmath/amsmath.sty
Package: amsmath 2021/10/15 v2.17l AMS math features
\@mathmargin=\skip49

For additional information on amsmath, use the `?' option.
(/usr/share/texlive/texmf-dist/tex/latex/amsmath/amstext.sty
Package: amstext 2021/08/26 v2.01 AMS text

(/usr/share/texlive/texmf-dist/tex/latex/amsmath/amsgen.sty
File: amsgen.sty 1999/11/30 v2.0 generic functions
\@emptytoks=\toks16
\ex@=\dimen139
))
(/usr/share/texlive/texmf-dist/tex/latex/amsmath/amsbsy.sty
Package: amsbsy 1999/11/29 v1.2d Bold Symbols
\pmbraise@=\dimen140
)
(/usr/share/texlive/texmf-dist/tex/latex/amsmath/amsopn.sty
Package: amsopn 2021/08/26 v2.02 operator names
)
\inf@bad=\count194
LaTeX Info: Redefining \frac on input line 234.
\uproot@=\count195
\leftroot@=\count196
LaTeX Info: Redefining \overline on input line 399.
\classnum@=\count197
\DOTSCASE@=\count198
LaTeX Info: Redefining \ldots on input line 496.
LaTeX Info: Redefining \dots on input line 499.
LaTeX Info: Redefining \cdots on input line 620.
\Mathstrutbox@=\box50
\strutbox@=\box51
\big@size=\dimen141
LaTeX Font Info:    Redeclaring font encoding OML on input line 743.
LaTeX Font Info:    Redeclaring font encoding OMS on input line 744.
\macc@depth=\count199
\c@MaxMatrixCols=\count266
\dotsspace@=\muskip16
\c@parentequation=\count267
\dspbrk@lvl=\count268
\tag@help=\toks17
\row@=\count269
\column@=\count270
\maxfields@=\count271
\andhelp@=\toks18
\eqnshift@=\dimen142
\alignsep@=\dimen143
\tagshift@=\dimen144
\tagwidth@=\dimen145
\totwidth@=\dimen146
\lineht@=\dimen147
\@envbody=\toks19
\multlinegap=\skip50
\multlinetaggap=\skip51
\mathdisplay@stack=\toks20
LaTeX Info: Redefining \[ on input line 2938.
LaTeX Info: Redefining \] on input line 2939.
)
(/usr/share/texlive/texmf-dist/tex/latex/amsfonts/amssymb.sty
Package: amssymb 2013/01/14 v3.01 AMS font symbols

(/usr/share/texlive/texmf-dist/tex/latex/amsfonts/amsfonts.sty
Package: amsfonts 2013/01/14 v3.01 Basic AMSFonts support
\symAMSa=\mathgroup4
\symAMSb=\mathgroup5
LaTeX Font Info:    Redeclaring math symbol \hbar on input line 98.
LaTeX Font Info:    Overwriting math alphabet `\mathfrak' in version `bold'
(Font)                  U/euf/m/n --> U/euf/b/n on input line 106.
))
(/usr/share/texlive/texmf-dist/tex/latex/amscls/amsthm.sty
Package: amsthm 2020/05/29 v2.20.6
\thm@style=\toks21
\thm@bodyfont=\toks22
\thm@headfont=\toks23
\thm@notefont=\toks24
\thm@headpunct=\toks25
\thm@preskip=\skip52
\thm@postskip=\skip53
\thm@headsep=\skip54
\dth@everypar=\toks26
)
(/usr/share/texlive/texmf-dist/tex/latex/geometry/geometry.sty
Package: geometry 2020/01/02 v5.9 Page Geometry

(/usr/share/texlive/texmf-dist/tex/latex/graphics/keyval.sty
Package: keyval 2014/10/28 v1.15 key=value parser (DPC)
\KV@toks@=\toks27
)
(/usr/share/texlive/texmf-dist/tex/generic/iftex/ifvtex.sty
Package: ifvtex 2019/10/25 v1.7 ifvtex legacy package. Use iftex instead.

(/usr/share/texlive/texmf-dist/tex/generic/iftex/iftex.sty
Package: iftex 2020/03/06 v1.0d TeX engine tests
))
\Gm@cnth=\count272
\Gm@cntv=\count273
\c@Gm@tempcnt=\count274
\Gm@bindingoffset=\dimen148
\Gm@wd@mp=\dimen149
\Gm@odd@mp=\dimen150
\Gm@even@mp=\dimen151
\Gm@layoutwidth=\dimen152
\Gm@layoutheight=\dimen153
\Gm@layouthoffset=\dimen154
\Gm@layoutvoffset=\dimen155
\Gm@dimlist=\toks28
)
(/usr/share/texlive/texmf-dist/tex/latex/tocloft/tocloft.sty
Package: tocloft 2017/08/31 v2.3i parameterised ToC, etc., typesetting
Package tocloft Info: The document has chapter divisions on input line 51.
\cftparskip=\skip55
\cftbeforetoctitleskip=\skip56
\cftaftertoctitleskip=\skip57
\cftbeforepartskip=\skip58
\cftpartnumwidth=\skip59
\cftpartindent=\skip60
\cftbeforechapskip=\skip61
\cftchapindent=\skip62
\cftchapnumwidth=\skip63
\cftbeforesecskip=\skip64
\cftsecindent=\skip65
\cftsecnumwidth=\skip66
\cftbeforesubsecskip=\skip67
\cftsubsecindent=\skip68
\cftsubsecnumwidth=\skip69
\cftbeforesubsubsecskip=\skip70
\cftsubsubsecindent=\skip71
\cftsubsubsecnumwidth=\skip72
\cftbeforeparaskip=\skip73
\cftparaindent=\skip74
\cftparanumwidth=\skip75
\cftbeforesubparaskip=\skip76
\cftsubparaindent=\skip77
\cftsubparanumwidth=\skip78
\cftbeforeloftitleskip=\skip79
\cftafterloftitleskip=\skip80
\cftbeforefigskip=\skip81
\cftfigindent=\skip82
\cftfignumwidth=\skip83
\c@lofdepth=\count275
\c@lotdepth=\count276
\cftbeforelottitleskip=\skip84
\cftafterlottitleskip=\skip85
\cftbeforetabskip=\skip86
\cfttabindent=\skip87
\cfttabnumwidth=\skip88
)
(/usr/share/texlive/texmf-dist/tex/latex/hyperref/hyperref.sty
Package: hyperref 2021-06-07 v7.00m Hypertext links for LaTeX

(/usr/share/texlive/texmf-dist/tex/generic/ltxcmds/ltxcmds.sty
Package: ltxcmds 2020-05-10 v1.25 LaTeX kernel commands for general use (HO)
)
(/usr/share/texlive/texmf-dist/tex/generic/pdftexcmds/pdftexcmds.sty
Package: pdftexcmds 2020-06-27 v0.33 Utility functions of pdfTeX for LuaTeX (HO
)

(/usr/share/texlive/texmf-dist/tex/generic/infwarerr/infwarerr.sty
Package: infwarerr 2019/12/03 v1.5 Providing info/warning/error messages (HO)
)
Package pdftexcmds Info: \pdf@primitive is available.
Package pdftexcmds Info: \pdf@ifprimitive is available.
Package pdftexcmds Info: \pdfdraftmode found.
)
(/usr/share/texlive/texmf-dist/tex/generic/kvsetkeys/kvsetkeys.sty
Package: kvsetkeys 2019/12/15 v1.18 Key value parser (HO)
)
(/usr/share/texlive/texmf-dist/tex/generic/kvdefinekeys/kvdefinekeys.sty
Package: kvdefinekeys 2019-12-19 v1.6 Define keys (HO)
)
(/usr/share/texlive/texmf-dist/tex/generic/pdfescape/pdfescape.sty
Package: pdfescape 2019/12/09 v1.15 Implements pdfTeX's escape features (HO)
)
(/usr/share/texlive/texmf-dist/tex/latex/hycolor/hycolor.sty
Package: hycolor 2020-01-27 v1.10 Color options for hyperref/bookmark (HO)
)
(/usr/share/texlive/texmf-dist/tex/latex/letltxmacro/letltxmacro.sty
Package: letltxmacro 2019/12/03 v1.6 Let assignment for LaTeX macros (HO)
)
(/usr/share/texlive/texmf-dist/tex/latex/auxhook/auxhook.sty
Package: auxhook 2019-12-17 v1.6 Hooks for auxiliary files (HO)
)
(/usr/share/texlive/texmf-dist/tex/latex/kvoptions/kvoptions.sty
Package: kvoptions 2020-10-07 v3.14 Key value format for package options (HO)
)
\@linkdim=\dimen156
\Hy@linkcounter=\count277
\Hy@pagecounter=\count278

(/usr/share/texlive/texmf-dist/tex/latex/hyperref/pd1enc.def
File: pd1enc.def 2021-06-07 v7.00m Hyperref: PDFDocEncoding definition (HO)
Now handling font encoding PD1 ...
... no UTF-8 mapping file for font encoding PD1
)
(/usr/share/texlive/texmf-dist/tex/latex/hyperref/hyperref-langpatches.def
File: hyperref-langpatches.def 2021-06-07 v7.00m Hyperref: patches for babel la
nguages
)
(/usr/share/texlive/texmf-dist/tex/generic/intcalc/intcalc.sty
Package: intcalc 2019/12/15 v1.3 Expandable calculations with integers (HO)
)
(/usr/share/texlive/texmf-dist/tex/generic/etexcmds/etexcmds.sty
Package: etexcmds 2019/12/15 v1.7 Avoid name clashes with e-TeX commands (HO)
)
\Hy@SavedSpaceFactor=\count279

(/usr/share/texlive/texmf-dist/tex/latex/hyperref/puenc.def
File: puenc.def 2021-06-07 v7.00m Hyperref: PDF Unicode definition (HO)
Now handling font encoding PU ...
... no UTF-8 mapping file for font encoding PU
)
Package hyperref Info: Hyper figures OFF on input line 4192.
Package hyperref Info: Link nesting OFF on input line 4197.
Package hyperref Info: Hyper index ON on input line 4200.
Package hyperref Info: Plain pages OFF on input line 4207.
Package hyperref Info: Backreferencing OFF on input line 4212.
Package hyperref Info: Implicit mode ON; LaTeX internals redefined.
Package hyperref Info: Bookmarks ON on input line 4445.
\c@Hy@tempcnt=\count280

(/usr/share/texlive/texmf-dist/tex/latex/url/url.sty
\Urlmuskip=\muskip17
Package: url 2013/09/16  ver 3.4  Verb mode for urls, etc.
)
LaTeX Info: Redefining \url on input line 4804.
\XeTeXLinkMargin=\dimen157

(/usr/share/texlive/texmf-dist/tex/generic/bitset/bitset.sty
Package: bitset 2019/12/09 v1.3 Handle bit-vector datatype (HO)

(/usr/share/texlive/texmf-dist/tex/generic/bigintcalc/bigintcalc.sty
Package: bigintcalc 2019/12/15 v1.5 Expandable calculations on big integers (HO
)
))
\Fld@menulength=\count281
\Field@Width=\dimen158
\Fld@charsize=\dimen159
Package hyperref Info: Hyper figures OFF on input line 6076.
Package hyperref Info: Link nesting OFF on input line 6081.
Package hyperref Info: Hyper index ON on input line 6084.
Package hyperref Info: backreferencing OFF on input line 6091.
Package hyperref Info: Link coloring OFF on input line 6096.
Package hyperref Info: Link coloring with OCG OFF on input line 6101.
Package hyperref Info: PDF/A mode OFF on input line 6106.
LaTeX Info: Redefining \ref on input line 6146.
LaTeX Info: Redefining \pageref on input line 6150.

(/usr/share/texlive/texmf-dist/tex/latex/base/atbegshi-ltx.sty
Package: atbegshi-ltx 2021/01/10 v1.0c Emulation of the original atbegshi
package with kernel methods
)
\Hy@abspage=\count282
\c@Item=\count283
\c@Hfootnote=\count284
)
Package hyperref Info: Driver (autodetected): hpdftex.

(/usr/share/texlive/texmf-dist/tex/latex/hyperref/hpdftex.def
File: hpdftex.def 2021-06-07 v7.00m Hyperref driver for pdfTeX

(/usr/share/texlive/texmf-dist/tex/latex/base/atveryend-ltx.sty
Package: atveryend-ltx 2020/08/19 v1.0a Emulation of the original atveryend pac
kage
with kernel methods
)
\Fld@listcount=\count285
\c@bookmark@seq@number=\count286

(/usr/share/texlive/texmf-dist/tex/latex/rerunfilecheck/rerunfilecheck.sty
Package: rerunfilecheck 2019/12/05 v1.9 Rerun checks for auxiliary files (HO)

(/usr/share/texlive/texmf-dist/tex/generic/uniquecounter/uniquecounter.sty
Package: uniquecounter 2019/12/15 v1.4 Provide unlimited unique counter (HO)
)
Package uniquecounter Info: New unique counter `rerunfilecheck' on input line 2
86.
)
\Hy@SectionHShift=\skip89
)
(/usr/share/texlive/texmf-dist/tex/latex/xcolor/xcolor.sty
Package: xcolor 2021/10/31 v2.13 LaTeX color extensions (UK)

(/usr/share/texlive/texmf-dist/tex/latex/graphics-cfg/color.cfg
File: color.cfg 2016/01/02 v1.6 sample color configuration
)
Package xcolor Info: Driver file: pdftex.def on input line 227.

(/usr/share/texlive/texmf-dist/tex/latex/graphics-def/pdftex.def
File: pdftex.def 2020/10/05 v1.2a Graphics/color driver for pdftex
)
Package xcolor Info: Model `cmy' substituted by `cmy0' on input line 1352.
Package xcolor Info: Model `hsb' substituted by `rgb' on input line 1356.
Package xcolor Info: Model `RGB' extended on input line 1368.
Package xcolor Info: Model `HTML' substituted by `rgb' on input line 1370.
Package xcolor Info: Model `Hsb' substituted by `hsb' on input line 1371.
Package xcolor Info: Model `tHsb' substituted by `hsb' on input line 1372.
Package xcolor Info: Model `HSB' substituted by `hsb' on input line 1373.
Package xcolor Info: Model `Gray' substituted by `gray' on input line 1374.
Package xcolor Info: Model `wave' substituted by `hsb' on input line 1375.
)
(/usr/share/texlive/texmf-dist/tex/latex/enumitem/enumitem.sty
Package: enumitem 2019/06/20 v3.9 Customized lists
\labelindent=\skip90
\enit@outerparindent=\dimen160
\enit@toks=\toks29
\enit@inbox=\box52
\enit@count@id=\count287
\enitdp@description=\count288
)
(/usr/share/texlive/texmf-dist/tex/latex/natbib/natbib.sty
Package: natbib 2010/09/13 8.31b (PWD, AO)
\bibhang=\skip91
\bibsep=\skip92
LaTeX Info: Redefining \cite on input line 694.
\c@NAT@ctr=\count289
)
(/usr/share/texlive/texmf-dist/tex/latex/parskip/parskip.sty
Package: parskip 2021-03-14 v2.0h non-zero parskip adjustments

(/usr/share/texlive/texmf-dist/tex/latex/etoolbox/etoolbox.sty
Package: etoolbox 2020/10/05 v2.5k e-TeX tools for LaTeX (JAW)
\etb@tempcnta=\count290
))
\c@theorem=\count291
\c@lemma=\count292
\c@definition=\count293

(/usr/share/texlive/texmf-dist/tex/latex/l3backend/l3backend-pdftex.def
File: l3backend-pdftex.def 2022-01-12 L3 backend support: PDF output (pdfTeX)
\l__color_backend_stack_int=\count294
\l__pdf_internal_box=\box53
)
(./RSVP_Study_Guide.aux

LaTeX Warning: Label `eq:entropy' multiply defined.


LaTeX Warning: Label `eq:action' multiply defined.

)
\openout1 = `RSVP_Study_Guide.aux'.

LaTeX Font Info:    Checking defaults for OML/cmm/m/it on input line 31.
LaTeX Font Info:    ... okay on input line 31.
LaTeX Font Info:    Checking defaults for OMS/cmsy/m/n on input line 31.
LaTeX Font Info:    ... okay on input line 31.
LaTeX Font Info:    Checking defaults for OT1/cmr/m/n on input line 31.
LaTeX Font Info:    ... okay on input line 31.
LaTeX Font Info:    Checking defaults for T1/cmr/m/n on input line 31.
LaTeX Font Info:    ... okay on input line 31.
LaTeX Font Info:    Checking defaults for TS1/cmr/m/n on input line 31.
LaTeX Font Info:    ... okay on input line 31.
LaTeX Font Info:    Checking defaults for OMX/cmex/m/n on input line 31.
LaTeX Font Info:    ... okay on input line 31.
LaTeX Font Info:    Checking defaults for U/cmr/m/n on input line 31.
LaTeX Font Info:    ... okay on input line 31.
LaTeX Font Info:    Checking defaults for PD1/pdf/m/n on input line 31.
LaTeX Font Info:    ... okay on input line 31.
LaTeX Font Info:    Checking defaults for PU/pdf/m/n on input line 31.
LaTeX Font Info:    ... okay on input line 31.

*geometry* driver: auto-detecting
*geometry* detected driver: pdftex
*geometry* verbose mode - [ preamble ] result:
* driver: pdftex
* paper: a4paper
* layout: <same size as paper>
* layoutoffset:(h,v)=(0.0pt,0.0pt)
* modes: 
* h-part:(L,W,R)=(72.26999pt, 452.9679pt, 72.26999pt)
* v-part:(T,H,B)=(72.26999pt, 700.50687pt, 72.26999pt)
* \paperwidth=597.50787pt
* \paperheight=845.04684pt
* \textwidth=452.9679pt
* \textheight=700.50687pt
* \oddsidemargin=0.0pt
* \evensidemargin=0.0pt
* \topmargin=-37.0pt
* \headheight=12.0pt
* \headsep=25.0pt
* \topskip=12.0pt
* \footskip=30.0pt
* \marginparwidth=44.0pt
* \marginparsep=10.0pt
* \columnsep=10.0pt
* \skip\footins=10.8pt plus 4.0pt minus 2.0pt
* \hoffset=0.0pt
* \voffset=0.0pt
* \mag=1000
* \@twocolumnfalse
* \@twosidefalse
* \@mparswitchfalse
* \@reversemarginfalse
* (1in=72.27pt=25.4mm, 1cm=28.453pt)

Package hyperref Info: Link coloring OFF on input line 31.
(/usr/share/texlive/texmf-dist/tex/latex/hyperref/nameref.sty
Package: nameref 2021-04-02 v2.47 Cross-referencing by name of section

(/usr/share/texlive/texmf-dist/tex/latex/refcount/refcount.sty
Package: refcount 2019/12/15 v3.6 Data extraction from label references (HO)
)
(/usr/share/texlive/texmf-dist/tex/generic/gettitlestring/gettitlestring.sty
Package: gettitlestring 2019/12/15 v1.6 Cleanup title references (HO)
)
\c@section@level=\count295
)
LaTeX Info: Redefining \ref on input line 31.
LaTeX Info: Redefining \pageref on input line 31.
LaTeX Info: Redefining \nameref on input line 31.

(./RSVP_Study_Guide.out) (./RSVP_Study_Guide.out)
\@outlinefile=\write3
\openout3 = `RSVP_Study_Guide.out'.


(/usr/share/texlive/texmf-dist/tex/context/base/mkii/supp-pdf.mkii
[Loading MPS to PDF converter (version 2006.09.02).]
\scratchcounter=\count296
\scratchdimen=\dimen161
\scratchbox=\box54
\nofMPsegments=\count297
\nofMParguments=\count298
\everyMPshowfont=\toks30
\MPscratchCnt=\count299
\MPscratchDim=\dimen162
\MPnumerator=\count300
\makeMPintoPDFobject=\count301
\everyMPtoPDFconversion=\toks31
)
LaTeX Font Info:    Trying to load font information for U+msa on input line 34.

 (/usr/share/texlive/texmf-dist/tex/latex/amsfonts/umsa.fd
File: umsa.fd 2013/01/14 v3.01 AMS symbols A
)
LaTeX Font Info:    Trying to load font information for U+msb on input line 34.


(/usr/share/texlive/texmf-dist/tex/latex/amsfonts/umsb.fd
File: umsb.fd 2013/01/14 v3.01 AMS symbols B
) [1

{/var/lib/texmf/fonts/map/pdftex/updmap/pdftex.map}] (./RSVP_Study_Guide.tocpdf
TeX warning (ext4): destination with the same identifier (name{page.1}) has bee
n already used, duplicate ignored
<to be read again> 
                   \relax 
l.34 ...ified Evolution Operator}{21}{section.8.1}
                                                  % [1] [2]

! LaTeX Error: Unicode character ∞ (U+221E)
               not set up for use with LaTeX.

See the LaTeX manual or LaTeX Companion for explanation.
Type  H <return>  for immediate help.
 ...                                              
                                                  
l.78 ...Categorical Formulation}{38}{section.16.2}
                                                  %
? 
[3] [4] [5] [6])
\tf@toc=\write4
\openout4 = `RSVP_Study_Guide.toc'.

 [7] [8] [9

]
Chapter 1.
[10

]
Chapter 2.
[11

]
Chapter 3.
[12

]
Chapter 4.
[13

] [14

]
Chapter 5.

LaTeX Warning: Reference `appendix:mathematicalformalism' on page 15 undefined 
on input line 94.


LaTeX Warning: Reference `appendix:variationalprinciples' on page 15 undefined 
on input line 108.


LaTeX Warning: Reference `appendix:informationtheory' on page 15 undefined on i
nput line 117.


Overfull \hbox (1.32393pt too wide) in paragraph at lines 117--118
[]\OT1/cmr/m/n/12 with Eu-ler{Lagrange equa-tions re-pro-duc-ing []--[] af-ter 
im-pos-ing entropy-production
 []

[15

] [16]
Chapter 6.

LaTeX Warning: Reference `appendix:thermodynamics' on page 17 undefined on inpu
t line 186.

[17

]

LaTeX Warning: Reference `appendix:entropicredshiftlaws' on page 18 undefined o
n input line 246.


LaTeX Warning: Reference `appendix:fourier' on page 18 undefined on input line 
246.

[18]
Chapter 7.
[19

]

LaTeX Warning: Reference `appendix:historicalcomparisons' on page 20 undefined 
on input line 314.

[20]
Chapter 8.
[21

]

LaTeX Warning: Reference `appendix:variationalprinciples' on page 22 undefined 
on input line 395.

[22]
Chapter 9.
[23

]
Overfull \hbox (4.36346pt too wide) in paragraph at lines 440--441
[]\OT1/cmr/m/n/12 Thus, uni-tary quan-tum me-chan-ics emerges as a con-sis-tenc
y con-di-tion of entropy-respecting
 []


LaTeX Warning: Reference `appendix:quantumextensions' on page 24 undefined on i
nput line 475.

[24]
Chapter 10.

LaTeX Warning: Reference `appendix:recursivetiling' on page 25 undefined on inp
ut line 496.

[25

]

LaTeX Warning: Reference `appendix:fourier' on page 26 undefined on input line 
526.


LaTeX Warning: Reference `appendix:recursivetiling' on page 26 undefined on inp
ut line 549.

[26]
Chapter 11.
[27

]

LaTeX Warning: Reference `appendix:fourier' on page 28 undefined on input line 
605.


! LaTeX Error: Unicode character Λ (U+039B)
               not set up for use with LaTeX.

See the LaTeX manual or LaTeX Companion for explanation.
Type  H <return>  for immediate help.
 ...                                              
                                                  
l.606 ...drupole alignments absent in isotropic Λ
                                                  CDM.
? 

LaTeX Warning: Reference `appendix:fourier' on page 28 undefined on input line 
619.

[28] [29

]
Chapter 12.
[30

] [31]
Chapter 13.

Overfull \hbox (7.7102pt too wide) in paragraph at lines 688--691
[]\OT1/cmr/m/n/12 Equation [] en-forces scalar den-sity con-ser-va-tion with en
-tropy cou-pling. Equa-tion []
 []

[32

]

LaTeX Warning: Reference `appendix:mathematicalformalism' on page 33 undefined 
on input line 716.

[33]
Chapter 14.
[34

]

LaTeX Warning: Reference `appendix:variationalprinciples' on page 35 undefined 
on input line 766.

[35]
Chapter 15.

LaTeX Warning: Reference `appendix:gauge' on page 36 undefined on input line 80
1.

[36

] [37]
Chapter 16.

! LaTeX Error: Unicode character ∞ (U+221E)
               not set up for use with LaTeX.

See the LaTeX manual or LaTeX Companion for explanation.
Type  H <return>  for immediate help.
 ...                                              
                                                  
l.818 \section{∞-Categorical Formulation}
                                           
? 

LaTeX Warning: Reference `appendix:semantic' on page 38 undefined on input line
 829.

[38

]
Chapter 17.
[39

]

LaTeX Warning: Reference `appendix:simulator' on page 40 undefined on input lin
e 876.

[40] [41

]
Chapter 18.
[42

]
Chapter 19.
[43

]
Overfull \hbox (0.89545pt too wide) in paragraph at lines 930--931
\OT1/cmr/m/n/12 Annotated noise en-codes mem-ory of past states by weight-ing u
p-dates ac-cord-ing to Wasser-
 []


Overfull \hbox (4.58641pt too wide) in paragraph at lines 942--943
[]\OT1/cmr/bx/n/12 Cosmology: \OT1/cmr/m/n/12 Re-cur-sive tiling en-ables high-
resolution sim-u-la-tions of en-tropy smooth-
 []


LaTeX Warning: Reference `appendix:semantic' on page 44 undefined on input line
 944.


Overfull \hbox (5.52328pt too wide) in paragraph at lines 953--954
[]\OT1/cmr/bx/n/12 Distributed ro-bust-ness: \OT1/cmr/m/n/12 CRDTs en-able asyn
-chronous, entropy-respecting merges. 
 []


LaTeX Warning: Reference `appendix:recursivetiling' on page 44 undefined on inp
ut line 957.

[44]
Chapter 20.
[45

]

LaTeX Warning: Reference `appendix:semantic' on page 46 undefined on input line
 1002.


LaTeX Warning: Reference `chap:hydra' on page 46 undefined on input line 1003.


LaTeX Warning: Reference `appendix:unification' on page 46 undefined on input l
ine 1016.

[46]
Chapter 21.

LaTeX Warning: Reference `chap:tartan' on page 47 undefined on input line 1022.


[47

]

LaTeX Warning: Reference `appendix:computational' on page 48 undefined on input
 line 1089.


LaTeX Warning: Reference `appendix:recursivetiling' on page 48 undefined on inp
ut line 1089.

[48] [49

]
Chapter 22.
[50

]

LaTeX Warning: Reference `appendix:metrics' on page 51 undefined on input line 
1142.

[51]
Chapter 23.
[52

]

LaTeX Warning: Reference `appendix:nullconvention' on page 53 undefined on inpu
t line 1201.


LaTeX Warning: Reference `appendix:recursivetiling' on page 53 undefined on inp
ut line 1201.

[53]
Chapter 24.

Overfull \hbox (1.2713pt too wide) in paragraph at lines 1208--1209
[]\OT1/cmr/m/n/12 : Mod-els user-specific sce-nar-ios, in-te-grat-ing con-
 []

[54

]
Chapter 25.
[55

]
Chapter 26.
[56

] [57

]
Chapter 27.
[58

]
Overfull \hbox (6.74pt too wide) in paragraph at lines 1258--1259
[]\OT1/cmr/bx/n/12 Cosmological ap-pli-ca-tion: \OT1/cmr/m/n/12 Plenum po-lar-i
za-tion may con-tribute to red-shift anoma-
 []


LaTeX Warning: Reference `appendix:thermodynamics' on page 59 undefined on inpu
t line 1268.

[59]
Chapter 28.
[60

]
Chapter 29.
[61

]
Chapter 30.
[62

]
Chapter 31.
[63

]
Chapter 32.
[64

] [65

]
Chapter 33.
[66

]
Chapter 34.
[67

]

LaTeX Warning: Reference `appendix:unification' on page 68 undefined on input l
ine 1346.

[68]
Chapter 35.
[69

]
Chapter 36.

Overfull \hbox (1.2713pt too wide) in paragraph at lines 1374--1375
[]\OT1/cmr/m/n/12 : Mod-els user-specific sce-nar-ios, in-te-grat-ing con-
 []

[70

] [71]
Chapter 37.
[72

] [73]
Chapter 38.

Overfull \hbox (0.50317pt too wide) in paragraph at lines 1434--1435
[]\OT1/cmr/m/n/12 : $\OT1/cmr/bx/n/12 v$ \OT1/cmr/m/n/12 man-i-fests as re-ac-t
ion time vari-abil-ity in Stroop
 []

[74

] [75

]
Chapter 39.
[76

]
Chapter 40.
[77

]
Chapter 41.
[78

]
Chapter 42.
Runaway argument?
{Bredon1997]. \end {description} 
! Paragraph ended before \@citex was complete.
<to be read again> 
                   \par 
l.1506 
       
? 
[79

]
Chapter 43.

Overfull \hbox (4.39389pt too wide) in paragraph at lines 1519--1520
[]\OT1/cmr/m/n/12 : Orig-i-na-tor of UFTC-SF, fo-cus-ing on co-her-ence via en-
tropy drivers
 []

[80

]
Chapter 44.
[81

] [82] [83

]
Appendix A.
[84

]
Appendix B.
[85

]
Appendix C.
[86

]
Appendix D.
[87

]
Appendix E.
[88

]
Appendix F.
[89

]
Appendix G.
[90

]
Appendix H.

Package hyperref Warning: Token not allowed in a PDF string (Unicode):
(hyperref)                removing `math shift' on input line 1668.


Package hyperref Warning: Token not allowed in a PDF string (Unicode):
(hyperref)                removing `\Lambda' on input line 1668.


Package hyperref Warning: Token not allowed in a PDF string (Unicode):
(hyperref)                removing `math shift' on input line 1670.


Package hyperref Warning: Token not allowed in a PDF string (Unicode):
(hyperref)                removing `\Lambda' on input line 1670.


LaTeX Warning: Reference `eq:redshift' on page 91 undefined on input line 1671.


[91

]
Appendix I.
[92

]
Appendix J.

Overfull \hbox (46.41536pt too wide) in paragraph at lines 1699--1700
\OT1/cmr/m/n/12 quan-tum in-for-ma-tion ap-proach [[]] rely on holo-graphic pri
n-ci-ples. RSVP's broader thermodynamic-
 []

[93

]
Appendix K.
[94

]
Appendix L.
[95

] [96]
Appendix M.
[97

]
Appendix N.
[98

]
Appendix O.
[99

]
Appendix P.
[100

]
Appendix Q.
[101

]
Appendix R.
[102

]
Appendix S.
[103

]
Appendix T.
[104

]
Appendix U.
[105

]
Appendix V.
[106

]
Appendix W.
[107

]
Appendix X.
[108

]
Appendix Y.

Overfull \hbox (2.10516pt too wide) in paragraph at lines 2004--2005
\OT1/cmr/m/n/12 met-ric rep-re-sen-ta-tion (Rie-mann), vari-a-tional deriva-tio
n (Hilbert), and entropy-probability
 []


LaTeX Warning: Reference `appendix:variationalprinciples' on page 109 undefined
 on input line 2012.

[109

]
Appendix Z.
(./RSVP_Study_Guide.bbl [110

]
Underfull \hbox (badness 10000) in paragraph at lines 21--25
[]\OT1/cmr/m/n/12 Micah Blum-berg.  Su-per in-for-ma-tion the-ory.  GitHub repo
s-i-tory:
 []

[111

] [112])

! LaTeX Error: \begin{description} on input line 1482 ended by \end{document}.

See the LaTeX manual or LaTeX Companion for explanation.
Type  H <return>  for immediate help.
 ...                                              
                                                  
l.2053 \end{document}
                     
? 
[113] (./RSVP_Study_Guide.aux)

LaTeX Warning: There were undefined references.


LaTeX Warning: There were multiply-defined labels.

Package rerunfilecheck Info: File `RSVP_Study_Guide.out' has not changed.
(rerunfilecheck)             Checksum: 7ED464BD3EB62F341AC14EF2EE343E22;45196.
 )
(\end occurred inside a group at level 2)

### semi simple group (level 2) entered at line 1504 (\begingroup)
### semi simple group (level 1) entered at line 1482 (\begingroup)
### bottom level 
Here is how much of TeX's memory you used:
 12483 strings out of 478287
 185991 string characters out of 5849289
 490239 words of memory out of 5000000
 29938 multiletter control sequences out of 15000+600000
 484289 words of font info for 85 fonts, out of 8000000 for 9000
 1141 hyphenation exceptions out of 8191
 60i,11n,63p,809b,763s stack positions out of 5000i,500n,10000p,200000b,80000s
{/usr/share/texmf/fonts/enc/dvips/cm-super/cm-super-ts1.enc}</u
sr/share/texlive/texmf-dist/fonts/type1/public/amsfonts/cm/cmbx12.pfb></usr/sha
re/texlive/texmf-dist/fonts/type1/public/amsfonts/cm/cmbx8.pfb></usr/share/texl
ive/texmf-dist/fonts/type1/public/amsfonts/cm/cmex10.pfb></usr/share/texlive/te
xmf-dist/fonts/type1/public/amsfonts/cm/cmmi12.pfb></usr/share/texlive/texmf-di
st/fonts/type1/public/amsfonts/cm/cmmi6.pfb></usr/share/texlive/texmf-dist/font
s/type1/public/amsfonts/cm/cmmi8.pfb></usr/share/texlive/texmf-dist/fonts/type1
/public/amsfonts/cm/cmr12.pfb></usr/share/texlive/texmf-dist/fonts/type1/public
/amsfonts/cm/cmr17.pfb></usr/share/texlive/texmf-dist/fonts/type1/public/amsfon
ts/cm/cmr8.pfb></usr/share/texlive/texmf-dist/fonts/type1/public/amsfonts/cm/cm
sy10.pfb></usr/share/texlive/texmf-dist/fonts/type1/public/amsfonts/cm/cmsy6.pf
b></usr/share/texlive/texmf-dist/fonts/type1/public/amsfonts/cm/cmsy8.pfb></usr
/share/texlive/texmf-dist/fonts/type1/public/amsfonts/cm/cmti12.pfb></usr/share
/texlive/texmf-dist/fonts/type1/public/amsfonts/symbols/msbm10.pfb></usr/share/
texmf/fonts/type1/public/cm-super/sfrm1200.pfb>
Output written on RSVP_Study_Guide.pdf (114 pages, 410357 bytes).
PDF statistics:
 2504 PDF objects out of 2984 (max. 8388607)
 2334 compressed objects within 24 object streams
 609 named destinations out of 1000 (max. 500000)
 2049 words of extra memory for PDF output out of 10000 (max. 10000000)

