\BOOKMARK [-1][-]{part.1}{\376\377\000I\000\040\000H\000i\000s\000t\000o\000r\000i\000c\000a\000l\000\040\000a\000n\000d\000\040\000P\000h\000i\000l\000o\000s\000o\000p\000h\000i\000c\000a\000l\000\040\000P\000r\000e\000c\000u\000r\000s\000o\000r\000s}{}% 1
\BOOKMARK [0][-]{chapter.1}{\376\377\000F\000r\000o\000m\000\040\000P\000l\000e\000n\000u\000m\000\040\000t\000o\000\040\000V\000a\000c\000u\000u\000m}{part.1}% 2
\BOOKMARK [1][-]{section.1.1}{\376\377\000C\000l\000a\000s\000s\000i\000c\000a\000l\000\040\000N\000o\000t\000i\000o\000n\000s\000\040\000o\000f\000\040\000P\000l\000e\000n\000u\000m}{chapter.1}% 3
\BOOKMARK [1][-]{section.1.2}{\376\377\000T\000r\000a\000n\000s\000i\000t\000i\000o\000n\000\040\000t\000o\000\040\000M\000o\000d\000e\000r\000n\000\040\000P\000h\000y\000s\000i\000c\000s}{chapter.1}% 4
\BOOKMARK [0][-]{chapter.2}{\376\377\000M\000a\000t\000h\000e\000m\000a\000t\000i\000c\000a\000l\000\040\000R\000i\000g\000o\000r\000\040\000a\000s\000\040\000P\000r\000e\000c\000e\000d\000e\000n\000t}{part.1}% 5
\BOOKMARK [1][-]{section.2.1}{\376\377\000C\000a\000u\000c\000h\000y\040\031\000s\000\040\000F\000o\000u\000n\000d\000a\000t\000i\000o\000n\000a\000l\000\040\000C\000o\000n\000t\000r\000i\000b\000u\000t\000i\000o\000n\000s}{chapter.2}% 6
\BOOKMARK [1][-]{section.2.2}{\376\377\000W\000e\000i\000e\000r\000s\000t\000r\000a\000s\000s\000,\000\040\000R\000i\000e\000m\000a\000n\000n\000,\000\040\000H\000i\000l\000b\000e\000r\000t}{chapter.2}% 7
\BOOKMARK [0][-]{chapter.3}{\376\377\000T\000h\000e\000r\000m\000o\000d\000y\000n\000a\000m\000i\000c\000s\000\040\000a\000n\000d\000\040\000D\000i\000s\000s\000i\000p\000a\000t\000i\000o\000n}{part.1}% 8
\BOOKMARK [1][-]{section.3.1}{\376\377\000C\000l\000a\000u\000s\000i\000u\000s\000,\000\040\000B\000o\000l\000t\000z\000m\000a\000n\000n\000,\000\040\000P\000r\000i\000g\000o\000g\000i\000n\000e}{chapter.3}% 9
\BOOKMARK [0][-]{chapter.4}{\376\377\000C\000o\000n\000t\000e\000m\000p\000o\000r\000a\000r\000y\000\040\000I\000n\000s\000p\000i\000r\000a\000t\000i\000o\000n\000s}{part.1}% 10
\BOOKMARK [1][-]{section.4.1}{\376\377\000E\000n\000t\000r\000o\000p\000i\000c\000\040\000G\000r\000a\000v\000i\000t\000y\000\040\000C\000r\000i\000t\000i\000q\000u\000e\000s}{chapter.4}% 11
\BOOKMARK [1][-]{section.4.2}{\376\377\000W\000h\000i\000t\000t\000l\000e\040\031\000s\000\040\000P\000e\000d\000a\000g\000o\000g\000i\000c\000a\000l\000\040\000C\000o\000s\000m\000o\000l\000o\000g\000y}{chapter.4}% 12
\BOOKMARK [1][-]{section.4.3}{\376\377\000P\000h\000i\000l\000o\000s\000o\000p\000h\000i\000c\000a\000l\000\040\000I\000n\000f\000l\000u\000e\000n\000c\000e\000s}{chapter.4}% 13
\BOOKMARK [-1][-]{part.2}{\376\377\000I\000I\000\040\000E\000x\000p\000o\000s\000i\000t\000i\000o\000n\000\040\000o\000f\000\040\000R\000S\000V\000P\000\040\000T\000h\000e\000o\000r\000y}{}% 14
\BOOKMARK [0][-]{chapter.5}{\376\377\000C\000o\000r\000e\000\040\000M\000o\000d\000e\000l\000\040\000o\000f\000\040\000t\000h\000e\000\040\000P\000l\000e\000n\000u\000m}{part.2}% 15
\BOOKMARK [1][-]{section.5.1}{\376\377\000G\000o\000v\000e\000r\000n\000i\000n\000g\000\040\000E\000q\000u\000a\000t\000i\000o\000n\000s}{chapter.5}% 16
\BOOKMARK [1][-]{section.5.2}{\376\377\000V\000a\000r\000i\000a\000t\000i\000o\000n\000a\000l\000\040\000P\000r\000i\000n\000c\000i\000p\000l\000e}{chapter.5}% 17
\BOOKMARK [1][-]{section.5.3}{\376\377\000L\000o\000g\000a\000r\000i\000t\000h\000m\000i\000c\000\040\000T\000i\000m\000e\000\040\000S\000c\000a\000l\000i\000n\000g}{chapter.5}% 18
\BOOKMARK [1][-]{section.5.4}{\376\377\000C\000o\000n\000s\000e\000r\000v\000a\000t\000i\000o\000n\000\040\000P\000r\000o\000p\000e\000r\000t\000i\000e\000s}{chapter.5}% 19
\BOOKMARK [1][-]{section.5.5}{\376\377\000I\000n\000t\000e\000r\000p\000r\000e\000t\000a\000t\000i\000o\000n}{chapter.5}% 20
\BOOKMARK [0][-]{chapter.6}{\376\377\000E\000n\000t\000r\000o\000p\000i\000c\000\040\000S\000m\000o\000o\000t\000h\000i\000n\000g\000\040\000H\000y\000p\000o\000t\000h\000e\000s\000i\000s}{part.2}% 21
\BOOKMARK [1][-]{section.6.1}{\376\377\000G\000r\000a\000d\000i\000e\000n\000t\000-\000D\000r\000i\000v\000e\000n\000\040\000D\000y\000n\000a\000m\000i\000c\000s}{chapter.6}% 22
\BOOKMARK [1][-]{section.6.2}{\376\377\000E\000n\000t\000r\000o\000p\000i\000c\000\040\000R\000e\000d\000s\000h\000i\000f\000t\000\040\000L\000a\000w}{chapter.6}% 23
\BOOKMARK [1][-]{section.6.3}{\376\377\000R\000e\000s\000o\000l\000u\000t\000i\000o\000n\000\040\000o\000f\000\040\000t\000h\000e\000\040\000H\000o\000r\000i\000z\000o\000n\000\040\000P\000r\000o\000b\000l\000e\000m}{chapter.6}% 24
\BOOKMARK [1][-]{section.6.4}{\376\377\000S\000p\000e\000c\000t\000r\000a\000l\000\040\000P\000r\000e\000d\000i\000c\000t\000i\000o\000n\000s}{chapter.6}% 25
\BOOKMARK [1][-]{section.6.5}{\376\377\000I\000n\000t\000e\000r\000p\000r\000e\000t\000a\000t\000i\000o\000n}{chapter.6}% 26
\BOOKMARK [0][-]{chapter.7}{\376\377\000N\000e\000u\000t\000r\000i\000n\000o\000\040\000F\000o\000s\000s\000i\000l\000\040\000R\000e\000g\000i\000s\000t\000r\000y}{part.2}% 27
\BOOKMARK [1][-]{section.7.1}{\376\377\000M\000o\000t\000i\000v\000a\000t\000i\000o\000n}{chapter.7}% 28
\BOOKMARK [1][-]{section.7.2}{\376\377\000C\000o\000u\000p\000l\000i\000n\000g\000\040\000t\000o\000\040\000R\000S\000V\000P\000\040\000F\000i\000e\000l\000d\000s}{chapter.7}% 29
\BOOKMARK [1][-]{section.7.3}{\376\377\000E\000n\000t\000r\000o\000p\000i\000c\000\040\000A\000r\000c\000h\000i\000v\000a\000l\000\040\000M\000e\000c\000h\000a\000n\000i\000s\000m}{chapter.7}% 30
\BOOKMARK [1][-]{section.7.4}{\376\377\000O\000b\000s\000e\000r\000v\000a\000t\000i\000o\000n\000a\000l\000\040\000S\000i\000g\000n\000a\000t\000u\000r\000e\000s}{chapter.7}% 31
\BOOKMARK [1][-]{section.7.5}{\376\377\000I\000n\000t\000e\000r\000p\000r\000e\000t\000a\000t\000i\000o\000n}{chapter.7}% 32
\BOOKMARK [0][-]{chapter.8}{\376\377\000G\000r\000a\000v\000i\000t\000y\000\040\000a\000s\000\040\000E\000n\000t\000r\000o\000p\000y\000\040\000D\000e\000s\000c\000e\000n\000t}{part.2}% 33
\BOOKMARK [1][-]{section.8.1}{\376\377\000U\000n\000i\000f\000i\000e\000d\000\040\000E\000v\000o\000l\000u\000t\000i\000o\000n\000\040\000O\000p\000e\000r\000a\000t\000o\000r}{chapter.8}% 34
\BOOKMARK [1][-]{section.8.2}{\376\377\000E\000n\000t\000r\000o\000p\000i\000c\000\040\000G\000r\000a\000v\000i\000t\000a\000t\000i\000o\000n\000a\000l\000\040\000P\000o\000t\000e\000n\000t\000i\000a\000l}{chapter.8}% 35
\BOOKMARK [1][-]{section.8.3}{\376\377\000W\000e\000a\000k\000-\000F\000i\000e\000l\000d\000\040\000L\000i\000m\000i\000t}{chapter.8}% 36
\BOOKMARK [1][-]{section.8.4}{\376\377\000C\000o\000m\000p\000a\000r\000i\000s\000o\000n\000\040\000w\000i\000t\000h\000\040\000E\000m\000e\000r\000g\000e\000n\000t\000\040\000G\000r\000a\000v\000i\000t\000y}{chapter.8}% 37
\BOOKMARK [1][-]{section.8.5}{\376\377\000I\000n\000t\000e\000r\000p\000r\000e\000t\000a\000t\000i\000o\000n}{chapter.8}% 38
\BOOKMARK [0][-]{chapter.9}{\376\377\000Q\000u\000a\000n\000t\000u\000m\000\040\000E\000m\000e\000r\000g\000e\000n\000c\000e\000\040\000i\000n\000\040\000R\000S\000V\000P}{part.2}% 39
\BOOKMARK [1][-]{section.9.1}{\376\377\000U\000n\000i\000s\000t\000o\000c\000h\000a\000s\000t\000i\000c\000\040\000M\000a\000p\000p\000i\000n\000g\000s}{chapter.9}% 40
\BOOKMARK [1][-]{section.9.2}{\376\377\000H\000i\000g\000h\000-\000D\000i\000m\000e\000n\000s\000i\000o\000n\000a\000l\000\040\000C\000o\000h\000e\000r\000e\000n\000c\000e}{chapter.9}% 41
\BOOKMARK [1][-]{section.9.3}{\376\377\000F\000r\000o\000m\000\040\000R\000S\000V\000P\000\040\000F\000i\000e\000l\000d\000s\000\040\000t\000o\000\040\000Q\000u\000a\000n\000t\000u\000m\000\040\000A\000m\000p\000l\000i\000t\000u\000d\000e\000s}{chapter.9}% 42
\BOOKMARK [1][-]{section.9.4}{\376\377\000I\000l\000l\000u\000s\000t\000r\000a\000t\000i\000v\000e\000\040\000E\000x\000a\000m\000p\000l\000e}{chapter.9}% 43
\BOOKMARK [1][-]{section.9.5}{\376\377\000I\000n\000t\000e\000r\000p\000r\000e\000t\000a\000t\000i\000o\000n}{chapter.9}% 44
\BOOKMARK [0][-]{chapter.10}{\376\377\000R\000S\000V\000P\040\023\000A\000u\000t\000o\000r\000e\000g\000r\000e\000s\000s\000i\000v\000e\000\040\000C\000o\000s\000m\000o\000l\000o\000g\000y}{part.2}% 45
\BOOKMARK [1][-]{section.10.1}{\376\377\000A\000u\000t\000o\000r\000e\000g\000r\000e\000s\000s\000i\000v\000e\000\040\000U\000p\000d\000a\000t\000e\000\040\000R\000u\000l\000e}{chapter.10}% 46
\BOOKMARK [1][-]{section.10.2}{\376\377\000E\000n\000t\000r\000o\000p\000y\000-\000W\000e\000i\000g\000h\000t\000e\000d\000\040\000M\000e\000m\000o\000r\000y}{chapter.10}% 47
\BOOKMARK [1][-]{section.10.3}{\376\377\000S\000p\000e\000c\000t\000r\000a\000l\000\040\000R\000e\000p\000r\000e\000s\000e\000n\000t\000a\000t\000i\000o\000n}{chapter.10}% 48
\BOOKMARK [1][-]{section.10.4}{\376\377\000I\000l\000l\000u\000s\000t\000r\000a\000t\000i\000v\000e\000\040\000E\000x\000a\000m\000p\000l\000e\000:\000\040\0001\000D\000\040\000C\000e\000l\000l\000u\000l\000a\000r\000\040\000R\000S\000V\000P}{chapter.10}% 49
\BOOKMARK [1][-]{section.10.5}{\376\377\000I\000n\000t\000e\000r\000p\000r\000e\000t\000a\000t\000i\000o\000n}{chapter.10}% 50
\BOOKMARK [0][-]{chapter.11}{\376\377\000S\000p\000e\000c\000t\000r\000a\000l\000\040\000C\000o\000s\000m\000o\000l\000o\000g\000y}{part.2}% 51
\BOOKMARK [1][-]{section.11.1}{\376\377\000S\000p\000e\000c\000t\000r\000a\000l\000\040\000D\000e\000c\000o\000m\000p\000o\000s\000i\000t\000i\000o\000n\000\040\000o\000f\000\040\000E\000n\000t\000r\000o\000p\000y}{chapter.11}% 52
\BOOKMARK [1][-]{section.11.2}{\376\377\000C\000M\000B\000\040\000A\000n\000i\000s\000o\000t\000r\000o\000p\000y\000\040\000S\000p\000e\000c\000t\000r\000u\000m}{chapter.11}% 53
\BOOKMARK [1][-]{section.11.3}{\376\377\000E\000n\000t\000r\000o\000p\000i\000c\000\040\000R\000e\000s\000o\000n\000a\000n\000c\000e\000\040\000L\000e\000n\000g\000t\000h\000s}{chapter.11}% 54
\BOOKMARK [1][-]{section.11.4}{\376\377\000S\000p\000e\000c\000t\000r\000a\000l\000\040\000P\000r\000e\000d\000i\000c\000t\000i\000o\000n\000s}{chapter.11}% 55
\BOOKMARK [1][-]{section.11.5}{\376\377\000I\000n\000t\000e\000r\000p\000r\000e\000t\000a\000t\000i\000o\000n}{chapter.11}% 56
\BOOKMARK [-1][-]{part.3}{\376\377\000I\000I\000I\000\040\000M\000a\000t\000h\000e\000m\000a\000t\000i\000c\000a\000l\000\040\000a\000n\000d\000\040\000F\000o\000r\000m\000a\000l\000\040\000S\000t\000r\000u\000c\000t\000u\000r\000e\000s}{}% 57
\BOOKMARK [0][-]{chapter.12}{\376\377\000C\000r\000y\000s\000t\000a\000l\000\040\000P\000l\000e\000n\000u\000m\000\040\000T\000h\000e\000o\000r\000y\000\040\000\050\000C\000P\000T\000\051}{part.3}% 58
\BOOKMARK [1][-]{section.12.1}{\376\377\000C\000r\000y\000s\000t\000a\000l\000l\000i\000n\000e\000\040\000S\000u\000b\000s\000t\000r\000a\000t\000e}{chapter.12}% 59
\BOOKMARK [1][-]{section.12.2}{\376\377\000D\000i\000s\000p\000e\000r\000s\000i\000o\000n\000\040\000R\000e\000l\000a\000t\000i\000o\000n\000s}{chapter.12}% 60
\BOOKMARK [1][-]{section.12.3}{\376\377\000E\000n\000t\000r\000o\000p\000y\000\040\000C\000o\000u\000p\000l\000i\000n\000g}{chapter.12}% 61
\BOOKMARK [1][-]{section.12.4}{\376\377\000I\000n\000t\000e\000r\000p\000r\000e\000t\000a\000t\000i\000o\000n}{chapter.12}% 62
\BOOKMARK [0][-]{chapter.13}{\376\377\000R\000S\000V\000P\000\040\000P\000D\000E\000\040\000F\000o\000r\000m\000a\000l\000i\000s\000m}{part.3}% 63
\BOOKMARK [1][-]{section.13.1}{\376\377\000G\000o\000v\000e\000r\000n\000i\000n\000g\000\040\000E\000q\000u\000a\000t\000i\000o\000n\000s}{chapter.13}% 64
\BOOKMARK [1][-]{section.13.2}{\376\377\000T\000o\000r\000s\000i\000o\000n\000\040\000a\000n\000d\000\040\000L\000a\000m\000p\000h\000r\000o\000d\000y\000n\000e\000\040\000S\000t\000a\000b\000i\000l\000i\000z\000a\000t\000i\000o\000n}{chapter.13}% 65
\BOOKMARK [1][-]{section.13.3}{\376\377\000E\000n\000t\000r\000o\000p\000y\000\040\000C\000a\000p\000s}{chapter.13}% 66
\BOOKMARK [1][-]{section.13.4}{\376\377\000V\000a\000r\000i\000a\000t\000i\000o\000n\000a\000l\000\040\000D\000e\000r\000i\000v\000a\000t\000i\000o\000n}{chapter.13}% 67
\BOOKMARK [1][-]{section.13.5}{\376\377\000I\000n\000t\000e\000r\000p\000r\000e\000t\000a\000t\000i\000o\000n}{chapter.13}% 68
\BOOKMARK [0][-]{chapter.14}{\376\377\000V\000a\000r\000i\000a\000t\000i\000o\000n\000a\000l\000\040\000P\000r\000i\000n\000c\000i\000p\000l\000e\000s}{part.3}% 69
\BOOKMARK [1][-]{section.14.1}{\376\377\000T\000h\000e\000\040\000R\000S\000V\000P\000\040\000A\000c\000t\000i\000o\000n}{chapter.14}% 70
\BOOKMARK [1][-]{section.14.2}{\376\377\000E\000u\000l\000e\000r\040\023\000L\000a\000g\000r\000a\000n\000g\000e\000\040\000D\000e\000r\000i\000v\000a\000t\000i\000o\000n\000s}{chapter.14}% 71
\BOOKMARK [1][-]{section.14.3}{\376\377\000T\000o\000p\000o\000l\000o\000g\000i\000c\000a\000l\000\040\000E\000x\000t\000e\000n\000s\000i\000o\000n\000s}{chapter.14}% 72
\BOOKMARK [0][-]{chapter.15}{\376\377\000B\000V\000/\000B\000R\000S\000T\000\040\000Q\000u\000a\000n\000t\000i\000z\000a\000t\000i\000o\000n\000\040\000\046\000\040\000D\000e\000r\000i\000v\000e\000d\000\040\000G\000e\000o\000m\000e\000t\000r\000y}{part.3}% 73
\BOOKMARK [1][-]{section.15.1}{\376\377\000B\000V\000/\000B\000R\000S\000T\000\040\000S\000t\000r\000u\000c\000t\000u\000r\000e}{chapter.15}% 74
\BOOKMARK [1][-]{section.15.2}{\376\377\000D\000e\000r\000i\000v\000e\000d\000\040\000S\000y\000m\000p\000l\000e\000c\000t\000i\000c\000\040\000S\000t\000a\000c\000k\000s}{chapter.15}% 75
\BOOKMARK [0][-]{chapter.16}{\376\377\000S\000e\000m\000a\000n\000t\000i\000c\000\040\000M\000e\000r\000g\000e\000\040\000O\000p\000e\000r\000a\000t\000o\000r\000s\000\040\000\046\000\040\000D\000e\000r\000i\000v\000e\000d\000\040\000L\000-\000S\000y\000s\000t\000e\000m\000s}{part.3}% 76
\BOOKMARK [1][-]{section.16.1}{\376\377\000M\000e\000r\000g\000e\000\040\000O\000p\000e\000r\000a\000t\000o\000r\000s}{chapter.16}% 77
\BOOKMARK [1][-]{section.16.2}{\376\377\042\036\000-\000C\000a\000t\000e\000g\000o\000r\000i\000c\000a\000l\000\040\000F\000o\000r\000m\000u\000l\000a\000t\000i\000o\000n}{chapter.16}% 78
\BOOKMARK [1][-]{section.16.3}{\376\377\000D\000e\000r\000i\000v\000e\000d\000\040\000L\000-\000S\000y\000s\000t\000e\000m\000s}{chapter.16}% 79
\BOOKMARK [0][-]{chapter.17}{\376\377\000F\000o\000u\000r\000i\000e\000r\040\023\000S\000p\000e\000c\000t\000r\000a\000l\000\040\000R\000S\000V\000P}{part.3}% 80
\BOOKMARK [1][-]{section.17.1}{\376\377\000F\000o\000u\000r\000i\000e\000r\000\040\000D\000e\000c\000o\000m\000p\000o\000s\000i\000t\000i\000o\000n}{chapter.17}% 81
\BOOKMARK [1][-]{section.17.2}{\376\377\000S\000p\000e\000c\000t\000r\000a\000l\000\040\000C\000M\000B\000\040\000A\000n\000a\000l\000y\000s\000i\000s}{chapter.17}% 82
\BOOKMARK [1][-]{section.17.3}{\376\377\000O\000p\000e\000r\000a\000t\000o\000r\000\040\000Q\000u\000a\000n\000t\000i\000z\000a\000t\000i\000o\000n}{chapter.17}% 83
\BOOKMARK [1][-]{section.17.4}{\376\377\000N\000u\000m\000e\000r\000i\000c\000a\000l\000\040\000I\000m\000p\000l\000e\000m\000e\000n\000t\000a\000t\000i\000o\000n}{chapter.17}% 84
\BOOKMARK [1][-]{section.17.5}{\376\377\000I\000n\000t\000e\000r\000p\000r\000e\000t\000a\000t\000i\000o\000n}{chapter.17}% 85
\BOOKMARK [-1][-]{part.4}{\376\377\000I\000V\000\040\000C\000o\000m\000p\000u\000t\000a\000t\000i\000o\000n\000a\000l\000\040\000a\000n\000d\000\040\000S\000i\000m\000u\000l\000a\000t\000i\000o\000n\000\040\000F\000r\000a\000m\000e\000w\000o\000r\000k\000s}{}% 86
\BOOKMARK [0][-]{chapter.18}{\376\377\000R\000S\000V\000P\000\040\000F\000i\000e\000l\000d\000\040\000S\000i\000m\000u\000l\000a\000t\000o\000r}{part.4}% 87
\BOOKMARK [0][-]{chapter.19}{\376\377\000T\000A\000R\000T\000A\000N}{part.4}% 88
\BOOKMARK [1][-]{section.19.1}{\376\377\000R\000e\000c\000u\000r\000s\000i\000v\000e\000\040\000T\000i\000l\000i\000n\000g\000\040\000a\000n\000d\000\040\000M\000u\000l\000t\000i\000s\000c\000a\000l\000e\000\040\000S\000t\000r\000u\000c\000t\000u\000r\000e}{chapter.19}% 89
\BOOKMARK [1][-]{section.19.2}{\376\377\000G\000r\000a\000y\000-\000C\000o\000d\000e\000\040\000E\000n\000c\000o\000d\000i\000n\000g\000s}{chapter.19}% 90
\BOOKMARK [1][-]{section.19.3}{\376\377\000C\000R\000D\000T\000\040\000I\000n\000t\000e\000g\000r\000a\000t\000i\000o\000n}{chapter.19}% 91
\BOOKMARK [1][-]{section.19.4}{\376\377\000T\000r\000a\000j\000e\000c\000t\000o\000r\000y\000\040\000M\000e\000m\000o\000r\000y\000\040\000v\000i\000a\000\040\000W\000a\000s\000s\000e\000r\000s\000t\000e\000i\000n\000\040\000D\000i\000s\000t\000a\000n\000c\000e}{chapter.19}% 92
\BOOKMARK [1][-]{section.19.5}{\376\377\000A\000p\000p\000l\000i\000c\000a\000t\000i\000o\000n\000s}{chapter.19}% 93
\BOOKMARK [1][-]{section.19.6}{\376\377\000I\000n\000t\000e\000r\000p\000r\000e\000t\000a\000t\000i\000o\000n}{chapter.19}% 94
\BOOKMARK [0][-]{chapter.20}{\376\377\000Y\000a\000r\000n\000c\000r\000a\000w\000l\000e\000r\000\040\000F\000r\000a\000m\000e\000w\000o\000r\000k}{part.4}% 95
\BOOKMARK [1][-]{section.20.1}{\376\377\000P\000o\000l\000y\000c\000o\000m\000p\000i\000l\000e\000r\000\040\000A\000r\000c\000h\000i\000t\000e\000c\000t\000u\000r\000e}{chapter.20}% 96
\BOOKMARK [1][-]{section.20.2}{\376\377\000S\000e\000l\000f\000-\000R\000e\000p\000a\000i\000r\000\040\000L\000o\000o\000p\000s}{chapter.20}% 97
\BOOKMARK [1][-]{section.20.3}{\376\377\000C\000o\000h\000e\000r\000e\000n\000c\000e\000\040\000P\000r\000e\000s\000e\000r\000v\000a\000t\000i\000o\000n}{chapter.20}% 98
\BOOKMARK [1][-]{section.20.4}{\376\377\000A\000p\000p\000l\000i\000c\000a\000t\000i\000o\000n\000s}{chapter.20}% 99
\BOOKMARK [1][-]{section.20.5}{\376\377\000I\000n\000t\000e\000r\000p\000r\000e\000t\000a\000t\000i\000o\000n}{chapter.20}% 100
\BOOKMARK [0][-]{chapter.21}{\376\377\000C\000h\000a\000i\000n\000\040\000o\000f\000\040\000M\000e\000m\000o\000r\000y\000\040\000\050\000C\000o\000M\000\051}{part.4}% 101
\BOOKMARK [1][-]{section.21.1}{\376\377\000R\000e\000c\000u\000r\000s\000i\000v\000e\000\040\000T\000i\000l\000i\000n\000g\000\040\000f\000o\000r\000\040\000M\000e\000m\000o\000r\000y}{chapter.21}% 102
\BOOKMARK [1][-]{section.21.2}{\376\377\000S\000e\000m\000a\000n\000t\000i\000c\000\040\000C\000o\000n\000t\000i\000n\000u\000i\000t\000y}{chapter.21}% 103
\BOOKMARK [1][-]{section.21.3}{\376\377\000C\000a\000u\000s\000a\000l\000\040\000T\000r\000a\000c\000e\000a\000b\000i\000l\000i\000t\000y}{chapter.21}% 104
\BOOKMARK [1][-]{section.21.4}{\376\377\000M\000e\000m\000o\000r\000y\000\040\000M\000e\000t\000r\000i\000c}{chapter.21}% 105
\BOOKMARK [1][-]{section.21.5}{\376\377\000A\000p\000p\000l\000i\000c\000a\000t\000i\000o\000n\000s}{chapter.21}% 106
\BOOKMARK [1][-]{section.21.6}{\376\377\000I\000n\000t\000e\000r\000p\000r\000e\000t\000a\000t\000i\000o\000n}{chapter.21}% 107
\BOOKMARK [-1][-]{part.5}{\376\377\000V\000\040\000C\000o\000g\000n\000i\000t\000i\000v\000e\000\040\000a\000n\000d\000\040\000A\000I\000\040\000A\000p\000p\000l\000i\000c\000a\000t\000i\000o\000n\000s}{}% 108
\BOOKMARK [0][-]{chapter.22}{\376\377\000R\000S\000V\000P\000-\000A\000I\000\040\000P\000r\000o\000t\000o\000t\000y\000p\000e}{part.5}% 109
\BOOKMARK [1][-]{section.22.1}{\376\377\000C\000o\000n\000s\000c\000i\000o\000u\000s\000n\000e\000s\000s\000\040\000M\000e\000t\000r\000i\000c}{chapter.22}% 110
\BOOKMARK [1][-]{section.22.2}{\376\377\000F\000i\000e\000l\000d\000-\000C\000o\000h\000e\000r\000e\000n\000c\000e\000\040\000D\000y\000n\000a\000m\000i\000c\000s}{chapter.22}% 111
\BOOKMARK [1][-]{section.22.3}{\376\377\000P\000r\000o\000t\000o\000t\000y\000p\000e\000\040\000A\000r\000c\000h\000i\000t\000e\000c\000t\000u\000r\000e}{chapter.22}% 112
\BOOKMARK [1][-]{section.22.4}{\376\377\000I\000n\000t\000e\000r\000p\000r\000e\000t\000a\000t\000i\000o\000n}{chapter.22}% 113
\BOOKMARK [0][-]{chapter.23}{\376\377\000S\000i\000m\000u\000l\000a\000t\000e\000d\000\040\000A\000g\000e\000n\000c\000y}{part.5}% 114
\BOOKMARK [1][-]{section.23.1}{\376\377\000S\000p\000a\000r\000s\000e\000\040\000P\000r\000o\000j\000e\000c\000t\000i\000o\000n\000\040\000P\000r\000i\000n\000c\000i\000p\000l\000e}{chapter.23}% 115
\BOOKMARK [1][-]{section.23.2}{\376\377\000C\000L\000I\000O\000\040\000F\000u\000n\000c\000t\000o\000r}{chapter.23}% 116
\BOOKMARK [1][-]{section.23.3}{\376\377\000D\000e\000c\000i\000s\000i\000o\000n\000-\000M\000a\000k\000i\000n\000g\000\040\000a\000s\000\040\000E\000n\000t\000r\000o\000p\000i\000c\000\040\000I\000n\000f\000e\000r\000e\000n\000c\000e}{chapter.23}% 117
\BOOKMARK [1][-]{section.23.4}{\376\377\000A\000p\000p\000l\000i\000c\000a\000t\000i\000o\000n\000s}{chapter.23}% 118
\BOOKMARK [1][-]{section.23.5}{\376\377\000I\000n\000t\000e\000r\000p\000r\000e\000t\000a\000t\000i\000o\000n}{chapter.23}% 119
\BOOKMARK [0][-]{chapter.24}{\376\377\000H\000Y\000D\000R\000A}{part.5}% 120
\BOOKMARK [0][-]{chapter.25}{\376\377\000V\000i\000v\000i\000c\000e\000p\000t\000i\000o\000n}{part.5}% 121
\BOOKMARK [0][-]{chapter.26}{\376\377\000P\000e\000r\000c\000e\000p\000t\000u\000a\000l\000\040\000C\000o\000n\000t\000r\000o\000l\000\040\000S\000y\000n\000t\000h\000e\000s\000i\000s}{part.5}% 122
\BOOKMARK [-1][-]{part.6}{\376\377\000V\000I\000\040\000A\000p\000p\000l\000i\000e\000d\000\040\000a\000n\000d\000\040\000A\000r\000c\000h\000i\000t\000e\000c\000t\000u\000r\000a\000l\000\040\000E\000x\000t\000e\000n\000s\000i\000o\000n\000s}{}% 123
\BOOKMARK [0][-]{chapter.27}{\376\377\000V\000a\000c\000u\000u\000m\000\040\000P\000o\000l\000a\000r\000i\000z\000a\000t\000i\000o\000n\000\040\000i\000n\000\040\000R\000S\000V\000P}{part.6}% 124
\BOOKMARK [1][-]{section.27.1}{\376\377\000P\000l\000e\000n\000u\000m\000\040\000I\000n\000t\000e\000r\000a\000c\000t\000i\000o\000n\000s}{chapter.27}% 125
\BOOKMARK [1][-]{section.27.2}{\376\377\000A\000n\000a\000l\000o\000g\000y\000\040\000t\000o\000\040\000Q\000u\000a\000n\000t\000u\000m\000\040\000V\000a\000c\000u\000u\000m\000\040\000E\000f\000f\000e\000c\000t\000s}{chapter.27}% 126
\BOOKMARK [1][-]{section.27.3}{\376\377\000T\000h\000e\000o\000r\000e\000t\000i\000c\000a\000l\000\040\000I\000m\000p\000l\000i\000c\000a\000t\000i\000o\000n\000s}{chapter.27}% 127
\BOOKMARK [1][-]{section.27.4}{\376\377\000C\000a\000u\000t\000i\000o\000n\000\040\000o\000n\000\040\000A\000p\000p\000l\000i\000c\000a\000t\000i\000o\000n\000s}{chapter.27}% 128
\BOOKMARK [1][-]{section.27.5}{\376\377\000I\000n\000t\000e\000r\000p\000r\000e\000t\000a\000t\000i\000o\000n}{chapter.27}% 129
\BOOKMARK [0][-]{chapter.28}{\376\377\000S\000p\000a\000c\000e\000t\000i\000m\000e\000\040\000M\000e\000t\000r\000i\000c\000\040\000E\000n\000g\000i\000n\000e\000e\000r\000i\000n\000g}{part.6}% 130
\BOOKMARK [0][-]{chapter.29}{\376\377\000P\000l\000e\000n\000u\000m\000\040\000I\000n\000t\000e\000l\000l\000i\000g\000e\000n\000c\000e}{part.6}% 131
\BOOKMARK [0][-]{chapter.30}{\376\377\000S\000e\000m\000a\000n\000t\000i\000c\000\040\000I\000n\000f\000r\000a\000s\000t\000r\000u\000c\000t\000u\000r\000e}{part.6}% 132
\BOOKMARK [0][-]{chapter.31}{\376\377\000X\000y\000l\000o\000a\000r\000c\000h\000y\000\040\000/\000\040\000X\000y\000l\000o\000m\000o\000r\000p\000h\000i\000c\000\040\000A\000r\000c\000h\000i\000t\000e\000c\000t\000u\000r\000e}{part.6}% 133
\BOOKMARK [0][-]{chapter.32}{\376\377\000U\000r\000b\000a\000n\000\040\000a\000n\000d\000\040\000M\000a\000t\000e\000r\000i\000a\000l\000\040\000R\000S\000V\000P\000\040\000S\000y\000s\000t\000e\000m\000s}{part.6}% 134
\BOOKMARK [-1][-]{part.7}{\376\377\000V\000I\000I\000\040\000D\000e\000t\000a\000i\000l\000e\000d\000\040\000S\000t\000u\000d\000y\000\040\000G\000u\000i\000d\000e}{}% 135
\BOOKMARK [0][-]{chapter.33}{\376\377\000C\000o\000r\000e\000\040\000C\000o\000n\000c\000e\000p\000t\000s\000\040\000o\000f\000\040\000R\000S\000V\000P}{part.7}% 136
\BOOKMARK [1][-]{section.33.1}{\376\377\000D\000e\000f\000i\000n\000i\000t\000i\000o\000n\000\040\000a\000n\000d\000\040\000P\000u\000r\000p\000o\000s\000e}{chapter.33}% 137
\BOOKMARK [1][-]{section.33.2}{\376\377\000T\000h\000r\000e\000e\000\040\000C\000o\000u\000p\000l\000e\000d\000\040\000F\000i\000e\000l\000d\000s}{chapter.33}% 138
\BOOKMARK [1][-]{section.33.3}{\376\377\000C\000o\000u\000p\000l\000e\000d\000\040\000P\000a\000r\000t\000i\000a\000l\000\040\000D\000i\000f\000f\000e\000r\000e\000n\000t\000i\000a\000l\000\040\000E\000q\000u\000a\000t\000i\000o\000n\000s\000\040\000\050\000P\000D\000E\000s\000\051}{chapter.33}% 139
\BOOKMARK [1][-]{section.33.4}{\376\377\000C\000o\000h\000e\000r\000e\000n\000c\000e\000\040\000a\000s\000\040\000a\000\040\000U\000n\000i\000v\000e\000r\000s\000a\000l\000\040\000P\000r\000o\000p\000e\000r\000t\000y}{chapter.33}% 140
\BOOKMARK [0][-]{chapter.34}{\376\377\000R\000S\000V\000P\000\040\000a\000s\000\040\000a\000\040\000M\000e\000t\000a\000-\000F\000r\000a\000m\000e\000w\000o\000r\000k\000:\000\040\000U\000n\000i\000f\000y\000i\000n\000g\000\040\000S\000u\000b\000t\000h\000e\000o\000r\000i\000e\000s}{part.7}% 141
\BOOKMARK [1][-]{section.34.1}{\376\377\000D\000e\000r\000i\000v\000a\000t\000i\000o\000n\000\040\000o\000f\000\040\000U\000F\000T\000C\000-\000S\000F}{chapter.34}% 142
\BOOKMARK [1][-]{section.34.2}{\376\377\000D\000e\000r\000i\000v\000a\000t\000i\000o\000n\000\040\000o\000f\000\040\000S\000I\000T}{chapter.34}% 143
\BOOKMARK [1][-]{section.34.3}{\376\377\000C\000o\000n\000c\000e\000p\000t\000u\000a\000l\000\040\000E\000q\000u\000i\000v\000a\000l\000e\000n\000c\000e}{chapter.34}% 144
\BOOKMARK [1][-]{section.34.4}{\376\377\000E\000m\000b\000e\000d\000d\000i\000n\000g\000\040\000o\000f\000\040\000O\000t\000h\000e\000r\000\040\000T\000h\000e\000o\000r\000i\000e\000s}{chapter.34}% 145
\BOOKMARK [0][-]{chapter.35}{\376\377\000T\000h\000e\000\040\000E\000q\000u\000i\000v\000a\000l\000e\000n\000c\000e\000\040\000M\000a\000p\000p\000i\000n\000g\000\040\000S\000c\000h\000e\000m\000a\000\040\000\050\000E\000M\000S\000\051\000\040\000a\000n\000d\000\040\000Y\000a\000r\000n\000c\000r\000a\000w\000l\000e\000r}{part.7}% 146
\BOOKMARK [1][-]{section.35.1}{\376\377\000P\000u\000r\000p\000o\000s\000e\000\040\000o\000f\000\040\000E\000M\000S}{chapter.35}% 147
\BOOKMARK [1][-]{section.35.2}{\376\377\000Y\000a\000r\000n\000c\000r\000a\000w\000l\000e\000r\000\040\000F\000u\000n\000c\000t\000o\000r}{chapter.35}% 148
\BOOKMARK [1][-]{section.35.3}{\376\377\000C\000a\000t\000e\000g\000o\000r\000i\000e\000s\000\040\000a\000n\000d\000\040\000S\000u\000b\000c\000a\000t\000e\000g\000o\000r\000i\000e\000s}{chapter.35}% 149
\BOOKMARK [0][-]{chapter.36}{\376\377\000H\000Y\000D\000R\000A\000\040\000A\000r\000c\000h\000i\000t\000e\000c\000t\000u\000r\000e\000\040\000a\000n\000d\000\040\000A\000p\000p\000l\000i\000c\000a\000t\000i\000o\000n\000s}{part.7}% 150
\BOOKMARK [1][-]{section.36.1}{\376\377\000H\000Y\000D\000R\000A\040\031\000s\000\040\000R\000o\000l\000e}{chapter.36}% 151
\BOOKMARK [1][-]{section.36.2}{\376\377\000H\000Y\000D\000R\000A\000\040\000M\000o\000d\000u\000l\000e\000s}{chapter.36}% 152
\BOOKMARK [1][-]{section.36.3}{\376\377\000P\000e\000r\000s\000o\000n\000a\000\040\000V\000e\000c\000t\000o\000r\000s}{chapter.36}% 153
\BOOKMARK [1][-]{section.36.4}{\376\377\000A\000p\000p\000l\000i\000c\000a\000t\000i\000o\000n\000s\000\040\000o\000f\000\040\000R\000S\000V\000P}{chapter.36}% 154
\BOOKMARK [0][-]{chapter.37}{\376\377\000P\000h\000i\000l\000o\000s\000o\000p\000h\000i\000c\000a\000l\000\040\000a\000n\000d\000\040\000F\000o\000r\000m\000a\000l\000\040\000E\000x\000t\000e\000n\000s\000i\000o\000n\000s}{part.7}% 155
\BOOKMARK [1][-]{section.37.1}{\376\377\000O\000r\000t\000e\000g\000a\000\040\000y\000\040\000G\000a\000s\000s\000e\000t\040\031\000s\000\040\000M\000a\000x\000i\000m}{chapter.37}% 156
\BOOKMARK [1][-]{section.37.2}{\376\377\000S\000o\000c\000i\000o\000e\000c\000o\000n\000o\000m\000i\000c\000\040\000F\000u\000n\000c\000t\000o\000r\000s}{chapter.37}% 157
\BOOKMARK [1][-]{section.37.3}{\376\377\000S\000I\000T\000H\000\040\000a\000n\000d\000\040\000S\000t\000i\000g\000m\000e\000r\000g\000i\000c\000\040\000O\000r\000g\000a\000n\000s}{chapter.37}% 158
\BOOKMARK [1][-]{section.37.4}{\376\377\000C\000a\000t\000e\000g\000o\000r\000y\000-\000T\000h\000e\000o\000r\000e\000t\000i\000c\000\040\000F\000o\000r\000m\000a\000l\000i\000z\000a\000t\000i\000o\000n}{chapter.37}% 159
\BOOKMARK [1][-]{section.37.5}{\376\377\000S\000h\000e\000a\000f\000-\000T\000h\000e\000o\000r\000e\000t\000i\000c\000\040\000M\000o\000d\000e\000l\000i\000n\000g}{chapter.37}% 160
\BOOKMARK [0][-]{chapter.38}{\376\377\000E\000x\000p\000e\000r\000i\000m\000e\000n\000t\000a\000l\000\040\000V\000a\000l\000i\000d\000a\000t\000i\000o\000n\000\040\000a\000n\000d\000\040\000L\000i\000m\000i\000t\000a\000t\000i\000o\000n\000s}{part.7}% 161
\BOOKMARK [1][-]{section.38.1}{\376\377\000P\000r\000o\000p\000o\000s\000e\000d\000\040\000E\000m\000p\000i\000r\000i\000c\000a\000l\000\040\000P\000r\000e\000d\000i\000c\000t\000i\000o\000n\000s}{chapter.38}% 162
\BOOKMARK [1][-]{section.38.2}{\376\377\000L\000i\000m\000i\000t\000a\000t\000i\000o\000n\000s}{chapter.38}% 163
\BOOKMARK [-1][-]{part.8}{\376\377\000V\000I\000I\000I\000\040\000S\000u\000p\000p\000l\000e\000m\000e\000n\000t\000a\000r\000y\000\040\000M\000a\000t\000e\000r\000i\000a\000l\000s}{}% 164
\BOOKMARK [0][-]{chapter.39}{\376\377\000Q\000u\000i\000z}{part.8}% 165
\BOOKMARK [0][-]{chapter.40}{\376\377\000Q\000u\000i\000z\000\040\000A\000n\000s\000w\000e\000r\000\040\000K\000e\000y}{part.8}% 166
\BOOKMARK [0][-]{chapter.41}{\376\377\000E\000s\000s\000a\000y\000\040\000F\000o\000r\000m\000a\000t\000\040\000Q\000u\000e\000s\000t\000i\000o\000n\000s}{part.8}% 167
\BOOKMARK [0][-]{chapter.42}{\376\377\000G\000l\000o\000s\000s\000a\000r\000y\000\040\000o\000f\000\040\000K\000e\000y\000\040\000T\000e\000r\000m\000s}{part.8}% 168
\BOOKMARK [0][-]{chapter.43}{\376\377\000T\000i\000m\000e\000l\000i\000n\000e\000\040\000a\000n\000d\000\040\000C\000a\000s\000t\000\040\000o\000f\000\040\000C\000h\000a\000r\000a\000c\000t\000e\000r\000s}{part.8}% 169
\BOOKMARK [1][-]{section.43.1}{\376\377\000T\000i\000m\000e\000l\000i\000n\000e}{chapter.43}% 170
\BOOKMARK [1][-]{section.43.2}{\376\377\000C\000a\000s\000t\000\040\000o\000f\000\040\000C\000h\000a\000r\000a\000c\000t\000e\000r\000s}{chapter.43}% 171
\BOOKMARK [0][-]{chapter.44}{\376\377\000P\000r\000o\000j\000e\000c\000t\000\040\000F\000l\000y\000x\000i\000o\000n\000:\000\040\000R\000S\000V\000P\000\040\000F\000r\000a\000m\000e\000w\000o\000r\000k\000\040\000B\000r\000i\000e\000f\000i\000n\000g}{part.8}% 172
\BOOKMARK [1][-]{section.44.1}{\376\377\000E\000x\000e\000c\000u\000t\000i\000v\000e\000\040\000S\000u\000m\000m\000a\000r\000y}{chapter.44}% 173
\BOOKMARK [1][-]{section.44.2}{\376\377\000C\000o\000r\000e\000\040\000R\000S\000V\000P\000\040\000F\000o\000r\000m\000a\000l\000i\000s\000m}{chapter.44}% 174
\BOOKMARK [1][-]{section.44.3}{\376\377\000U\000n\000i\000f\000i\000e\000d\000\040\000T\000h\000e\000o\000r\000i\000e\000s\000\040\000a\000n\000d\000\040\000S\000u\000b\000t\000h\000e\000o\000r\000y\000\040\000D\000e\000r\000i\000v\000a\000t\000i\000o\000n\000s}{chapter.44}% 175
\BOOKMARK [1][-]{section.44.4}{\376\377\000H\000Y\000D\000R\000A\000\040\000A\000r\000c\000h\000i\000t\000e\000c\000t\000u\000r\000e\000\040\000a\000n\000d\000\040\000A\000I\000\040\000A\000l\000i\000g\000n\000m\000e\000n\000t}{chapter.44}% 176
\BOOKMARK [1][-]{section.44.5}{\376\377\000E\000M\000S\000\040\000a\000s\000\040\000Y\000a\000r\000n\000c\000r\000a\000w\000l\000e\000r\000\040\000F\000u\000n\000c\000t\000o\000r}{chapter.44}% 177
\BOOKMARK [1][-]{section.44.6}{\376\377\000P\000h\000i\000l\000o\000s\000o\000p\000h\000i\000c\000a\000l\000\040\000a\000n\000d\000\040\000C\000o\000n\000c\000e\000p\000t\000u\000a\000l\000\040\000U\000n\000d\000e\000r\000p\000i\000n\000n\000i\000n\000g\000s}{chapter.44}% 178
\BOOKMARK [1][-]{section.44.7}{\376\377\000M\000a\000t\000h\000e\000m\000a\000t\000i\000c\000a\000l\000\040\000R\000i\000g\000o\000r}{chapter.44}% 179
\BOOKMARK [-1][-]{part.9}{\376\377\000I\000X\000\040\000A\000p\000p\000e\000n\000d\000i\000c\000e\000s}{}% 180
\BOOKMARK [0][-]{appendix.A}{\376\377\000M\000a\000t\000h\000e\000m\000a\000t\000i\000c\000a\000l\000\040\000F\000o\000r\000m\000a\000l\000i\000s\000m}{part.9}% 181
\BOOKMARK [1][-]{section.A.1}{\376\377\000R\000S\000V\000P\000\040\000P\000D\000E\000s}{appendix.A}% 182
\BOOKMARK [1][-]{section.A.2}{\376\377\000E\000n\000t\000r\000o\000p\000y\000\040\000C\000o\000n\000s\000t\000r\000a\000i\000n\000t\000s}{appendix.A}% 183
\BOOKMARK [0][-]{appendix.B}{\376\377\000N\000o\000t\000e\000s\000\040\000o\000n\000\040\000N\000a\000t\000u\000r\000a\000l\000i\000s\000m}{part.9}% 184
\BOOKMARK [0][-]{appendix.C}{\376\377\000C\000o\000m\000p\000u\000t\000a\000t\000i\000o\000n\000a\000l\000\040\000A\000l\000t\000e\000r\000n\000a\000t\000i\000v\000e\000s}{part.9}% 185
\BOOKMARK [0][-]{appendix.D}{\376\377\000D\000i\000f\000f\000e\000r\000e\000n\000t\000i\000a\000l\000\040\000G\000e\000o\000m\000e\000t\000r\000y}{part.9}% 186
\BOOKMARK [1][-]{section.D.1}{\376\377\000L\000o\000g\000a\000r\000i\000t\000h\000m\000i\000c\000\040\000T\000i\000m\000e\000\040\000S\000c\000a\000l\000i\000n\000g}{appendix.D}% 187
\BOOKMARK [1][-]{section.D.2}{\376\377\000G\000e\000o\000m\000e\000t\000r\000i\000c\000\040\000S\000t\000r\000u\000c\000t\000u\000r\000e}{appendix.D}% 188
\BOOKMARK [0][-]{appendix.E}{\376\377\000E\000n\000t\000r\000o\000p\000i\000c\000\040\000R\000e\000d\000s\000h\000i\000f\000t\000\040\000L\000a\000w\000s}{part.9}% 189
\BOOKMARK [1][-]{section.E.1}{\376\377\000R\000e\000d\000s\000h\000i\000f\000t\000\040\000F\000o\000r\000m\000u\000l\000a\000t\000i\000o\000n}{appendix.E}% 190
\BOOKMARK [1][-]{section.E.2}{\376\377\000C\000M\000B\000\040\000C\000o\000n\000s\000t\000r\000a\000i\000n\000t\000s}{appendix.E}% 191
\BOOKMARK [0][-]{appendix.F}{\376\377\000F\000o\000u\000r\000i\000e\000r\000\040\000\046\000\040\000S\000p\000e\000c\000t\000r\000a\000l\000\040\000M\000e\000t\000h\000o\000d\000s}{part.9}% 192
\BOOKMARK [1][-]{section.F.1}{\376\377\000S\000p\000e\000c\000t\000r\000a\000l\000\040\000D\000e\000c\000o\000m\000p\000o\000s\000i\000t\000i\000o\000n}{appendix.F}% 193
\BOOKMARK [1][-]{section.F.2}{\376\377\000O\000p\000e\000r\000a\000t\000o\000r\000\040\000Q\000u\000a\000n\000t\000i\000z\000a\000t\000i\000o\000n}{appendix.F}% 194
\BOOKMARK [0][-]{appendix.G}{\376\377\000G\000a\000u\000g\000e\000\040\000F\000r\000e\000e\000d\000o\000m}{part.9}% 195
\BOOKMARK [1][-]{section.G.1}{\376\377\000C\000o\000n\000s\000t\000r\000a\000i\000n\000t\000\040\000R\000e\000l\000a\000x\000a\000t\000i\000o\000n}{appendix.G}% 196
\BOOKMARK [1][-]{section.G.2}{\376\377\000E\000n\000t\000r\000o\000p\000y\000\040\000G\000a\000u\000g\000e}{appendix.G}% 197
\BOOKMARK [0][-]{appendix.H}{\376\377\000H\000i\000s\000t\000o\000r\000i\000c\000a\000l\000\040\000C\000o\000m\000p\000a\000r\000i\000s\000o\000n\000s\000\040\000w\000i\000t\000h\000\040\000C\000D\000M}{part.9}% 198
\BOOKMARK [1][-]{section.H.1}{\376\377\000R\000S\000V\000P\000\040\000v\000s\000.\000\040\000C\000D\000M}{appendix.H}% 199
\BOOKMARK [1][-]{section.H.2}{\376\377\000O\000b\000s\000e\000r\000v\000a\000t\000i\000o\000n\000a\000l\000\040\000S\000i\000g\000n\000a\000t\000u\000r\000e\000s}{appendix.H}% 200
\BOOKMARK [0][-]{appendix.I}{\376\377\000I\000n\000f\000o\000r\000m\000a\000t\000i\000o\000n\000-\000T\000h\000e\000o\000r\000e\000t\000i\000c\000\040\000F\000o\000u\000n\000d\000a\000t\000i\000o\000n\000s}{part.9}% 201
\BOOKMARK [1][-]{section.I.1}{\376\377\000E\000n\000t\000r\000o\000p\000y\000\040\000a\000n\000d\000\040\000C\000o\000m\000p\000l\000e\000x\000i\000t\000y}{appendix.I}% 202
\BOOKMARK [1][-]{section.I.2}{\376\377\000I\000n\000f\000o\000r\000m\000a\000t\000i\000o\000n\000\040\000F\000l\000o\000w}{appendix.I}% 203
\BOOKMARK [0][-]{appendix.J}{\376\377\000J\000a\000c\000o\000b\000s\000o\000n\000,\000\040\000V\000e\000r\000l\000i\000n\000d\000e\000,\000\040\000a\000n\000d\000\040\000E\000n\000t\000r\000o\000p\000i\000c\000\040\000G\000r\000a\000v\000i\000t\000y}{part.9}% 204
\BOOKMARK [1][-]{section.J.1}{\376\377\000C\000r\000i\000t\000i\000q\000u\000e\000\040\000o\000f\000\040\000E\000m\000e\000r\000g\000e\000n\000t\000\040\000G\000r\000a\000v\000i\000t\000y}{appendix.J}% 205
\BOOKMARK [1][-]{section.J.2}{\376\377\000R\000S\000V\000P\000\040\000A\000d\000v\000a\000n\000t\000a\000g\000e\000s}{appendix.J}% 206
\BOOKMARK [0][-]{appendix.K}{\376\377\000K\000o\000l\000m\000o\000g\000o\000r\000o\000v\000\040\000C\000o\000m\000p\000l\000e\000x\000i\000t\000y\000\040\000a\000n\000d\000\040\000C\000o\000n\000s\000c\000i\000o\000u\000s\000n\000e\000s\000s\000\040\000M\000e\000t\000r\000i\000c\000s}{part.9}% 207
\BOOKMARK [1][-]{section.K.1}{\376\377\000C\000o\000n\000s\000c\000i\000o\000u\000s\000n\000e\000s\000s\000\040\000M\000e\000t\000r\000i\000c\000s}{appendix.K}% 208
\BOOKMARK [1][-]{section.K.2}{\376\377\000K\000o\000l\000m\000o\000g\000o\000r\000o\000v\000\040\000C\000o\000m\000p\000l\000e\000x\000i\000t\000y}{appendix.K}% 209
\BOOKMARK [0][-]{appendix.L}{\376\377\000L\000a\000m\000p\000h\000r\000o\000n\040\023\000L\000a\000m\000p\000h\000r\000o\000d\000y\000n\000e\000\040\000D\000y\000n\000a\000m\000i\000c\000s}{part.9}% 210
\BOOKMARK [1][-]{section.L.1}{\376\377\000C\000r\000y\000s\000t\000a\000l\000l\000i\000n\000e\000\040\000P\000l\000e\000n\000u\000m}{appendix.L}% 211
\BOOKMARK [1][-]{section.L.2}{\376\377\000L\000a\000m\000p\000h\000r\000o\000d\000y\000n\000e\000\040\000D\000y\000n\000a\000m\000i\000c\000s}{appendix.L}% 212
\BOOKMARK [1][-]{section.L.3}{\376\377\000E\000n\000t\000r\000o\000p\000y\000\040\000C\000o\000u\000p\000l\000i\000n\000g}{appendix.L}% 213
\BOOKMARK [1][-]{section.L.4}{\376\377\000L\000a\000m\000p\000h\000r\000o\000n\040\023\000L\000a\000m\000p\000h\000r\000o\000d\000y\000n\000e\000\040\000I\000n\000t\000e\000r\000a\000c\000t\000i\000o\000n\000\040\000T\000e\000r\000m}{appendix.L}% 214
\BOOKMARK [1][-]{section.L.5}{\376\377\000I\000n\000t\000e\000r\000p\000r\000e\000t\000a\000t\000i\000o\000n}{appendix.L}% 215
\BOOKMARK [0][-]{appendix.M}{\376\377\000M\000e\000t\000r\000i\000c\000s\000\040\000o\000f\000\040\000C\000o\000n\000s\000c\000i\000o\000u\000s\000n\000e\000s\000s}{part.9}% 216
\BOOKMARK [1][-]{section.M.1}{\376\377\000F\000o\000r\000m\000a\000l\000\040\000D\000e\000f\000i\000n\000i\000t\000i\000o\000n}{appendix.M}% 217
\BOOKMARK [1][-]{section.M.2}{\376\377\000C\000o\000g\000n\000i\000t\000i\000v\000e\000\040\000A\000p\000p\000l\000i\000c\000a\000t\000i\000o\000n\000s}{appendix.M}% 218
\BOOKMARK [0][-]{appendix.N}{\376\377\000N\000u\000l\000l\000\040\000C\000o\000n\000v\000e\000n\000t\000i\000o\000n\000\040\000L\000o\000g\000i\000c\000\040\000a\000n\000d\000\040\000R\000S\000V\000P}{part.9}% 219
\BOOKMARK [1][-]{section.N.1}{\376\377\000C\000o\000n\000t\000r\000o\000l\000\040\000T\000h\000e\000o\000r\000y\000\040\000I\000n\000t\000e\000g\000r\000a\000t\000i\000o\000n}{appendix.N}% 220
\BOOKMARK [1][-]{section.N.2}{\376\377\000N\000u\000l\000l\000\040\000C\000o\000n\000v\000e\000n\000t\000i\000o\000n\000\040\000L\000o\000g\000i\000c}{appendix.N}% 221
\BOOKMARK [0][-]{appendix.O}{\376\377\000O\000n\000t\000o\000l\000o\000g\000y\000\040\000a\000n\000d\000\040\000O\000b\000s\000e\000r\000v\000e\000r}{part.9}% 222
\BOOKMARK [1][-]{section.O.1}{\376\377\000R\000e\000c\000u\000r\000s\000i\000v\000e\000\040\000C\000a\000u\000s\000a\000l\000i\000t\000y}{appendix.O}% 223
\BOOKMARK [1][-]{section.O.2}{\376\377\000O\000b\000s\000e\000r\000v\000e\000r\000\040\000E\000f\000f\000e\000c\000t\000s}{appendix.O}% 224
\BOOKMARK [0][-]{appendix.P}{\376\377\000P\000r\000o\000b\000a\000b\000i\000l\000i\000t\000y\000\040\000D\000i\000s\000t\000r\000i\000b\000u\000t\000i\000o\000n\000s\000\040\000i\000n\000\040\000R\000S\000V\000P}{part.9}% 225
\BOOKMARK [1][-]{section.P.1}{\376\377\000H\000e\000a\000v\000y\000-\000T\000a\000i\000l\000e\000d\000\040\000D\000i\000s\000t\000r\000i\000b\000u\000t\000i\000o\000n\000s}{appendix.P}% 226
\BOOKMARK [1][-]{section.P.2}{\376\377\000I\000m\000p\000l\000i\000c\000a\000t\000i\000o\000n\000s}{appendix.P}% 227
\BOOKMARK [0][-]{appendix.Q}{\376\377\000Q\000u\000a\000n\000t\000u\000m\000\040\000E\000x\000t\000e\000n\000s\000i\000o\000n\000s}{part.9}% 228
\BOOKMARK [1][-]{section.Q.1}{\376\377\000U\000n\000i\000s\000t\000o\000c\000h\000a\000s\000t\000i\000c\000\040\000M\000a\000p\000p\000i\000n\000g\000s}{appendix.Q}% 229
\BOOKMARK [1][-]{section.Q.2}{\376\377\000B\000V\000/\000B\000R\000S\000T\000\040\000Q\000u\000a\000n\000t\000i\000z\000a\000t\000i\000o\000n}{appendix.Q}% 230
\BOOKMARK [0][-]{appendix.R}{\376\377\000R\000e\000c\000u\000r\000s\000i\000v\000e\000\040\000T\000i\000l\000i\000n\000g\000\040\000a\000n\000d\000\040\000T\000A\000R\000T\000A\000N}{part.9}% 231
\BOOKMARK [1][-]{section.R.1}{\376\377\000T\000A\000R\000T\000A\000N\000\040\000F\000r\000a\000m\000e\000w\000o\000r\000k}{appendix.R}% 232
\BOOKMARK [1][-]{section.R.2}{\376\377\000S\000i\000m\000u\000l\000a\000t\000i\000o\000n\000\040\000S\000t\000r\000a\000t\000e\000g\000y}{appendix.R}% 233
\BOOKMARK [0][-]{appendix.S}{\376\377\000S\000e\000m\000a\000n\000t\000i\000c\000\040\000I\000n\000f\000r\000a\000s\000t\000r\000u\000c\000t\000u\000r\000e\000\040\000a\000n\000d\000\040\000C\000a\000t\000e\000g\000o\000r\000y\000\040\000T\000h\000e\000o\000r\000y}{part.9}% 234
\BOOKMARK [1][-]{section.S.1}{\376\377\000S\000e\000m\000a\000n\000t\000i\000c\000\040\000M\000e\000r\000g\000e\000\040\000O\000p\000e\000r\000a\000t\000o\000r\000s}{appendix.S}% 235
\BOOKMARK [1][-]{section.S.2}{\376\377\000D\000e\000r\000i\000v\000e\000d\000\040\000L\000-\000S\000y\000s\000t\000e\000m\000s}{appendix.S}% 236
\BOOKMARK [0][-]{appendix.T}{\376\377\000T\000h\000e\000r\000m\000o\000d\000y\000n\000a\000m\000i\000c\000\040\000C\000y\000c\000l\000e\000s\000\040\000a\000n\000d\000\040\000E\000n\000t\000r\000o\000p\000y\000\040\000B\000a\000l\000a\000n\000c\000e}{part.9}% 237
\BOOKMARK [1][-]{section.T.1}{\376\377\000T\000h\000e\000r\000m\000o\000d\000y\000n\000a\000m\000i\000c\000\040\000F\000r\000a\000m\000e\000w\000o\000r\000k}{appendix.T}% 238
\BOOKMARK [1][-]{section.T.2}{\376\377\000A\000p\000p\000l\000i\000c\000a\000t\000i\000o\000n\000s}{appendix.T}% 239
\BOOKMARK [0][-]{appendix.U}{\376\377\000U\000n\000i\000f\000i\000c\000a\000t\000i\000o\000n\000\040\000A\000t\000t\000e\000m\000p\000t\000s}{part.9}% 240
\BOOKMARK [1][-]{section.U.1}{\376\377\000I\000n\000t\000e\000g\000r\000a\000t\000i\000o\000n\000\040\000w\000i\000t\000h\000\040\000O\000t\000h\000e\000r\000\040\000T\000h\000e\000o\000r\000i\000e\000s}{appendix.U}% 241
\BOOKMARK [1][-]{section.U.2}{\376\377\000U\000n\000i\000f\000i\000e\000d\000\040\000E\000n\000t\000r\000o\000p\000i\000c\000\040\000F\000r\000a\000m\000e\000w\000o\000r\000k}{appendix.U}% 242
\BOOKMARK [0][-]{appendix.V}{\376\377\000V\000a\000r\000i\000a\000t\000i\000o\000n\000a\000l\000\040\000P\000r\000i\000n\000c\000i\000p\000l\000e\000s}{part.9}% 243
\BOOKMARK [1][-]{section.V.1}{\376\377\000R\000S\000V\000P\000\040\000A\000c\000t\000i\000o\000n\000\040\000F\000u\000n\000c\000t\000i\000o\000n\000a\000l}{appendix.V}% 244
\BOOKMARK [0][-]{appendix.W}{\376\377\000W\000a\000v\000e\000\040\000P\000h\000e\000n\000o\000m\000e\000n\000a\000\040\000i\000n\000\040\000R\000S\000V\000P}{part.9}% 245
\BOOKMARK [1][-]{section.W.1}{\376\377\000O\000s\000c\000i\000l\000l\000a\000t\000o\000r\000y\000\040\000M\000o\000d\000e\000s}{appendix.W}% 246
\BOOKMARK [1][-]{section.W.2}{\376\377\000A\000p\000p\000l\000i\000c\000a\000t\000i\000o\000n\000s}{appendix.W}% 247
\BOOKMARK [0][-]{appendix.X}{\376\377\000C\000a\000u\000c\000h\000y\000\040\000F\000o\000u\000n\000d\000a\000t\000i\000o\000n\000s\000\040\000i\000n\000\040\000R\000S\000V\000P\000\040\000T\000h\000e\000o\000r\000y}{part.9}% 248
\BOOKMARK [1][-]{section.X.1}{\376\377\000P\000D\000E\000\040\000F\000o\000u\000n\000d\000a\000t\000i\000o\000n\000s}{appendix.X}% 249
\BOOKMARK [1][-]{section.X.2}{\376\377\000S\000t\000r\000e\000s\000s\000\040\000T\000e\000n\000s\000o\000r}{appendix.X}% 250
\BOOKMARK [0][-]{appendix.Y}{\376\377\000F\000r\000o\000m\000\040\000C\000a\000u\000c\000h\000y\000\040\000t\000o\000\040\000R\000S\000V\000P\000\040\040\024\000\040\000A\000\040\000L\000i\000n\000e\000a\000g\000e\000\040\000o\000f\000\040\000R\000i\000g\000o\000r}{part.9}% 251
\BOOKMARK [1][-]{section.Y.1}{\376\377\000I\000n\000t\000e\000l\000l\000e\000c\000t\000u\000a\000l\000\040\000G\000e\000n\000e\000a\000l\000o\000g\000y}{appendix.Y}% 252
\BOOKMARK [1][-]{section.Y.2}{\376\377\000I\000m\000p\000l\000i\000c\000a\000t\000i\000o\000n\000s\000\040\000f\000o\000r\000\040\000R\000S\000V\000P}{appendix.Y}% 253
\BOOKMARK [0][-]{appendix.Z}{\376\377\000W\000h\000i\000t\000t\000l\000e\040\031\000s\000\040\000C\000o\000s\000m\000o\000l\000o\000g\000i\000c\000a\000l\000\040\000I\000l\000l\000u\000s\000t\000r\000a\000t\000i\000o\000n\000s\000\040\000i\000n\000\040\000R\000S\000V\000P}{part.9}% 254
\BOOKMARK [1][-]{section.Z.1}{\376\377\000P\000e\000d\000a\000g\000o\000g\000i\000c\000a\000l\000\040\000R\000e\000i\000n\000t\000e\000r\000p\000r\000e\000t\000a\000t\000i\000o\000n}{appendix.Z}% 255
\BOOKMARK [1][-]{section.Z.2}{\376\377\000A\000p\000p\000l\000i\000c\000a\000t\000i\000o\000n\000s}{appendix.Z}% 256
