\BOOKMARK [1][-]{section.1}{\376\377\000I\000n\000t\000r\000o\000d\000u\000c\000t\000i\000o\000n\000:\000\040\000T\000h\000e\000r\000m\000o\000d\000y\000n\000a\000m\000i\000c\000\040\000L\000i\000t\000e\000r\000a\000c\000y}{}% 1
\BOOKMARK [1][-]{section.2}{\376\377\000L\000i\000t\000e\000r\000a\000t\000u\000r\000e\000\040\000R\000e\000v\000i\000e\000w}{}% 2
\BOOKMARK [1][-]{section.3}{\376\377\000T\000h\000e\000\040\000A\000c\000c\000o\000u\000n\000t\000i\000n\000g\000\040\000P\000r\000o\000b\000l\000e\000m\000:\000\040\000Q\000u\000a\000n\000t\000i\000f\000y\000i\000n\000g\000\040\000A\000I\040\031\000s\000\040\000S\000a\000v\000i\000n\000g\000s}{}% 3
\BOOKMARK [1][-]{section.4}{\376\377\000H\000i\000d\000d\000e\000n\000\040\000B\000a\000s\000e\000l\000i\000n\000e\000s\000:\000\040\000H\000e\000a\000t\000-\000O\000n\000l\000y\000\040\000I\000n\000f\000r\000a\000s\000t\000r\000u\000c\000t\000u\000r\000e}{}% 4
\BOOKMARK [1][-]{section.5}{\376\377\000C\000a\000t\000e\000g\000o\000r\000i\000c\000a\000l\000\040\000F\000o\000u\000n\000d\000a\000t\000i\000o\000n\000s\000\040\000f\000o\000r\000\040\000S\000e\000m\000a\000n\000t\000i\000c\000\040\000I\000n\000f\000r\000a\000s\000t\000r\000u\000c\000t\000u\000r\000e}{}% 5
\BOOKMARK [1][-]{section.6}{\376\377\000C\000L\000I\000O\000\040\000M\000o\000d\000u\000l\000e\000\040\000a\000n\000d\000\040\000P\000o\000l\000y\000c\000o\000m\000p\000u\000t\000a\000t\000i\000o\000n\000a\000l\000\040\000A\000g\000e\000n\000c\000y}{}% 6
\BOOKMARK [1][-]{section.7}{\376\377\000T\000h\000e\000r\000m\000o\000d\000y\000n\000a\000m\000i\000c\000a\000l\000l\000y\000\040\000A\000w\000a\000r\000e\000\040\000E\000d\000g\000e\000\040\000N\000e\000t\000w\000o\000r\000k\000s}{}% 7
\BOOKMARK [1][-]{section.8}{\376\377\000B\000i\000o\000e\000c\000o\000n\000o\000m\000i\000c\000\040\000T\000h\000e\000r\000m\000o\000r\000e\000g\000u\000l\000a\000t\000i\000o\000n}{}% 8
\BOOKMARK [2][-]{subsection.8.1}{\376\377\000T\000e\000r\000r\000e\000s\000t\000r\000i\000a\000l\000\040\000C\000o\000n\000t\000e\000x\000t\000s}{section.8}% 9
\BOOKMARK [2][-]{subsection.8.2}{\376\377\000P\000o\000s\000t\000-\000T\000e\000r\000r\000e\000s\000t\000r\000i\000a\000l\000\040\000C\000o\000n\000t\000e\000x\000t\000s}{section.8}% 10
\BOOKMARK [1][-]{section.9}{\376\377\000N\000o\000r\000m\000a\000t\000i\000v\000e\000\040\000A\000r\000c\000h\000i\000t\000e\000c\000t\000u\000r\000e\000\040\000a\000n\000d\000\040\000P\000o\000l\000i\000c\000y}{}% 11
\BOOKMARK [1][-]{section.10}{\376\377\000I\000n\000t\000e\000g\000r\000a\000t\000i\000o\000n\000\040\000w\000i\000t\000h\000\040\000R\000S\000V\000P\000\040\000T\000h\000e\000o\000r\000y}{}% 12
\BOOKMARK [1][-]{section.11}{\376\377\000C\000o\000u\000n\000t\000e\000r\000a\000r\000g\000u\000m\000e\000n\000t\000s\000\040\000a\000n\000d\000\040\000R\000e\000b\000u\000t\000t\000a\000l\000s}{}% 13
\BOOKMARK [2][-]{subsection.11.1}{\376\377\000D\000a\000t\000a\000\040\000C\000e\000n\000t\000e\000r\000\040\000H\000e\000a\000t\000\040\000R\000e\000c\000o\000v\000e\000r\000y}{section.11}% 14
\BOOKMARK [2][-]{subsection.11.2}{\376\377\000S\000a\000t\000e\000l\000l\000i\000t\000e\000\040\000H\000e\000a\000t\000i\000n\000g}{section.11}% 15
\BOOKMARK [2][-]{subsection.11.3}{\376\377\000L\000u\000n\000a\000r\000\040\000B\000a\000s\000e}{section.11}% 16
\BOOKMARK [2][-]{subsection.11.4}{\376\377\000P\000i\000l\000o\000t\000\040\000E\000x\000p\000e\000r\000i\000m\000e\000n\000t}{section.11}% 17
\BOOKMARK [1][-]{section.12}{\376\377\000C\000o\000n\000c\000l\000u\000s\000i\000o\000n\000:\000\040\000E\000c\000o\000l\000o\000g\000i\000c\000a\000l\000\040\000S\000y\000m\000b\000i\000o\000s\000i\000s}{}% 18
\BOOKMARK [1][-]{appendix.A}{\376\377\000X\000y\000l\000o\000m\000o\000r\000p\000h\000i\000c\000\040\000C\000o\000m\000p\000u\000t\000a\000t\000i\000o\000n}{}% 19
\BOOKMARK [2][-]{subsection.A.1}{\376\377\000D\000e\000f\000i\000n\000i\000t\000i\000o\000n}{appendix.A}% 20
\BOOKMARK [2][-]{subsection.A.2}{\376\377\000T\000a\000x\000o\000n\000o\000m\000y}{appendix.A}% 21
\BOOKMARK [2][-]{subsection.A.3}{\376\377\000E\000x\000a\000m\000p\000l\000e\000s}{appendix.A}% 22
\BOOKMARK [2][-]{subsection.A.4}{\376\377\000S\000e\000l\000e\000c\000t\000i\000o\000n\000\040\000P\000r\000i\000n\000c\000i\000p\000l\000e}{appendix.A}% 23
\BOOKMARK [1][-]{appendix.B}{\376\377\000X\000y\000l\000o\000m\000o\000r\000p\000h\000i\000c\000\040\000A\000u\000t\000o\000c\000a\000t\000a\000l\000y\000s\000i\000s}{}% 24
\BOOKMARK [2][-]{subsection.B.1}{\376\377\000C\000a\000t\000e\000g\000o\000r\000i\000c\000a\000l\000\040\000F\000o\000r\000m\000a\000l\000i\000s\000m}{appendix.B}% 25
\BOOKMARK [1][-]{appendix.A}{\376\377\000S\000t\000r\000i\000n\000g\000\040\000D\000i\000a\000g\000r\000a\000m\000s\000\040\000f\000o\000r\000\040\000t\000h\000e\000\040\000X\000y\000l\000o\000m\000o\000r\000p\000h\000i\000c\000\040\000M\000o\000n\000a\000d}{}% 26
\BOOKMARK [2][-]{subsection.A.1}{\376\377\000E\000x\000a\000m\000p\000l\000e\000s}{appendix.A}% 27
\BOOKMARK [1][-]{appendix.B}{\376\377\000T\000h\000e\000r\000m\000o\000d\000y\000n\000a\000m\000i\000c\000\040\000D\000e\000r\000i\000v\000a\000t\000i\000o\000n\000s}{}% 28
\BOOKMARK [1][-]{appendix.C}{\376\377\000R\000S\000V\000P\000\040\000M\000a\000p\000p\000i\000n\000g}{}% 29
\BOOKMARK [1][-]{appendix.D}{\376\377\000R\000S\000V\000P\000\040\000M\000a\000p\000p\000i\000n\000g\000:\000\040\000X\000\040\000a\000s\000\040\000a\000\040\000D\000i\000s\000s\000i\000p\000a\000t\000i\000v\000e\000\040\000O\000p\000e\000r\000a\000t\000o\000r\000\040\000o\000n\000\040\000\050\000,\000,\000S\000\051}{}% 30
\BOOKMARK [1][-]{appendix.E}{\376\377\000P\000o\000l\000i\000c\000y\000\040\000M\000e\000t\000r\000i\000c\000s}{}% 31
\BOOKMARK [1][-]{appendix.F}{\376\377\000S\000i\000m\000u\000l\000a\000t\000i\000o\000n\000\040\000A\000l\000g\000o\000r\000i\000t\000h\000m\000s}{}% 32
\BOOKMARK [1][-]{appendix.G}{\376\377\000V\000a\000l\000i\000d\000a\000t\000i\000o\000n\000\040\000a\000n\000d\000\040\000M\000e\000t\000h\000o\000d\000o\000l\000o\000g\000y}{}% 33
\BOOKMARK [2][-]{subsection.G.1}{\376\377\000P\000i\000l\000o\000t\000\040\000E\000x\000p\000e\000r\000i\000m\000e\000n\000t\000s}{appendix.G}% 34
\BOOKMARK [2][-]{subsection.G.2}{\376\377\000F\000a\000l\000s\000i\000f\000i\000c\000a\000t\000i\000o\000n\000\040\000C\000r\000i\000t\000e\000r\000i\000a}{appendix.G}% 35
\BOOKMARK [2][-]{subsection.G.3}{\376\377\000S\000t\000a\000t\000i\000s\000t\000i\000c\000a\000l\000\040\000P\000o\000w\000e\000r}{appendix.G}% 36
\BOOKMARK [1][-]{appendix.H}{\376\377\000C\000o\000m\000p\000a\000r\000a\000t\000i\000v\000e\000\040\000F\000r\000a\000m\000e\000w\000o\000r\000k\000:\000\040\000P\000o\000U\000W\000H\000\040\000v\000s\000.\000\040\000C\000r\000y\000p\000t\000o\000c\000u\000r\000r\000e\000n\000c\000i\000e\000s}{}% 37
\BOOKMARK [2][-]{subsection.H.1}{\376\377\000W\000o\000r\000k\000e\000d\000\040\000R\000S\000V\000P\000\040\000E\000x\000a\000m\000p\000l\000e}{appendix.H}% 38
\BOOKMARK [1][-]{appendix.I}{\376\377\000B\000i\000o\000e\000c\000o\000n\000o\000m\000i\000c\000\040\000M\000o\000d\000e\000l\000i\000n\000g\000\040\000o\000f\000\040\000X\000y\000l\000o\000m\000o\000r\000p\000h\000i\000c\000\040\000S\000y\000s\000t\000e\000m\000s}{}% 39
\BOOKMARK [2][-]{subsection.I.1}{\376\377\000F\000l\000o\000w\000\040\000E\000q\000u\000a\000t\000i\000o\000n\000s}{appendix.I}% 40
\BOOKMARK [2][-]{subsection.I.2}{\376\377\000L\000y\000a\000p\000u\000n\000o\000v\000\040\000S\000t\000a\000b\000i\000l\000i\000t\000y}{appendix.I}% 41
\BOOKMARK [2][-]{subsection.I.3}{\376\377\000I\000n\000t\000e\000r\000p\000r\000e\000t\000a\000t\000i\000o\000n}{appendix.I}% 42
\BOOKMARK [1][-]{appendix.J}{\376\377\000E\000x\000p\000a\000n\000d\000e\000d\000\040\000L\000i\000t\000e\000r\000a\000t\000u\000r\000e\000\040\000R\000e\000v\000i\000e\000w}{}% 43
\BOOKMARK [1][-]{appendix.A}{\376\377\000X\000y\000l\000o\000m\000o\000r\000p\000h\000i\000c\000\040\000C\000o\000m\000p\000u\000t\000a\000t\000i\000o\000n}{}% 44
\BOOKMARK [2][-]{subsection.A.1}{\376\377\000D\000e\000f\000i\000n\000i\000t\000i\000o\000n}{appendix.A}% 45
\BOOKMARK [2][-]{subsection.A.2}{\376\377\000A\000u\000t\000o\000r\000e\000g\000r\000e\000s\000s\000i\000v\000e\000\040\000A\000n\000a\000l\000o\000g\000y}{appendix.A}% 46
\BOOKMARK [2][-]{subsection.A.3}{\376\377\000W\000e\000a\000k\000\040\000a\000n\000d\000\040\000S\000t\000r\000o\000n\000g\000\040\000X\000y\000l\000o\000m\000o\000r\000p\000h\000y}{appendix.A}% 47
\BOOKMARK [2][-]{subsection.A.4}{\376\377\000E\000x\000a\000m\000p\000l\000e\000s}{appendix.A}% 48
\BOOKMARK [2][-]{subsection.A.5}{\376\377\000S\000e\000l\000e\000c\000t\000i\000o\000n\000\040\000P\000r\000i\000n\000c\000i\000p\000l\000e}{appendix.A}% 49
\BOOKMARK [1][-]{appendix.B}{\376\377\000X\000y\000l\000o\000m\000o\000r\000p\000h\000i\000c\000\040\000A\000u\000t\000o\000c\000a\000t\000a\000l\000y\000s\000i\000s\000\040\000a\000s\000\040\000a\000\040\000M\000o\000n\000a\000d\000i\000c\000\040\000I\000n\000f\000r\000a\000s\000t\000r\000u\000c\000t\000u\000r\000e}{}% 50
\BOOKMARK [2][-]{subsection.B.1}{\376\377\000C\000a\000t\000e\000g\000o\000r\000i\000e\000s\000\040\000a\000n\000d\000\040\000F\000u\000n\000c\000t\000o\000r\000s}{appendix.B}% 51
\BOOKMARK [2][-]{subsection.B.2}{\376\377\000C\000o\000m\000m\000u\000t\000a\000t\000i\000v\000e\000\040\000D\000i\000a\000g\000r\000a\000m\000s\000\040\000a\000n\000d\000\040\000N\000a\000t\000u\000r\000a\000l\000i\000t\000y}{appendix.B}% 52
\BOOKMARK [2][-]{subsection.B.3}{\376\377\000M\000o\000n\000a\000d\000i\000c\000\040\000C\000l\000o\000s\000u\000r\000e\000\040\000a\000n\000d\000\040\000C\000A\000S\000\040\000A\000n\000a\000l\000o\000g\000y}{appendix.B}% 53
\BOOKMARK [2][-]{subsection.B.4}{\376\377\000W\000e\000a\000k\000\040\000v\000s\000.\000\040\000S\000t\000r\000o\000n\000g\000\040\000X\000y\000l\000o\000m\000o\000r\000p\000h\000y\000\040\000a\000s\000\040\000A\000l\000g\000e\000b\000r\000a\000i\000c\000\040\000S\000t\000r\000u\000c\000t\000u\000r\000e}{appendix.B}% 54
\BOOKMARK [2][-]{subsection.B.5}{\376\377\000T\000h\000e\000r\000m\000o\000d\000y\000n\000a\000m\000i\000c\000\040\000S\000e\000l\000e\000c\000t\000i\000o\000n\000\040\000a\000s\000\040\000a\000\040\000L\000y\000a\000p\000u\000n\000o\000v\000\040\000F\000u\000n\000c\000t\000i\000o\000n\000a\000l}{appendix.B}% 55
\BOOKMARK [2][-]{subsection.B.6}{\376\377\000C\000o\000n\000c\000r\000e\000t\000e\000\040\000I\000n\000s\000t\000a\000n\000c\000e\000s\000\040\000\050\000F\000u\000n\000c\000t\000o\000r\000\040\000F\000a\000c\000t\000o\000r\000i\000z\000a\000t\000i\000o\000n\000s\000\051}{appendix.B}% 56
\BOOKMARK [2][-]{subsection.B.7}{\376\377\000C\000A\000S\000\040\000C\000o\000r\000r\000e\000s\000p\000o\000n\000d\000e\000n\000c\000e\000\040\000\050\000R\000e\000a\000c\000t\000i\000o\000n\000\040\000N\000e\000t\000w\000o\000r\000k\000s\000\051}{appendix.B}% 57
\BOOKMARK [2][-]{subsection.B.8}{\376\377\000E\000d\000g\000e\000\040\000C\000a\000s\000e\000s\000\040\000a\000n\000d\000\040\000I\000n\000t\000e\000r\000m\000i\000t\000t\000e\000n\000c\000y}{appendix.B}% 58
