This is LuaHBTeX, Version 1.22.0 (TeX Live 2025)  (format=lualatex 2025.9.22)  23 SEP 2025 21:59
 restricted system commands enabled.
**essay-03.tex
(./essay-03.tex
LaTeX2e <2025-06-01> patch level 1
L3 programming layer <2025-09-02>
Lua module: luaotfload 2024-12-03 v3.29 Lua based OpenType font support
Lua module: lualibs 2023-07-13 v2.76 ConTeXt Lua standard libraries.
Lua module: lualibs-extended 2023-07-13 v2.76 ConTeXt Lua libraries -- extended 
collection.
luaotfload | conf : Root cache directory is "/home/bonobo/.texlive2025/texmf-var
/luatex-cache/generic/names".
luaotfload | init : Loading fontloader "fontloader-2023-12-28.lua" from kpse-res
olved path "/usr/local/texlive/2025/texmf-dist/tex/luatex/luaotfload/fontloader-
2023-12-28.lua".
Lua-only attribute luaotfload@noligature = 1
luaotfload | init : Context OpenType loader version 3.134
Inserting `luaotfload.node_processor' in `pre_linebreak_filter'.
Inserting `luaotfload.node_processor' in `hpack_filter'.
Inserting `luaotfload.glyph_stream' in `glyph_stream_provider'.
Inserting `luaotfload.define_font' in `define_font'.
Lua-only attribute luaotfload_color_attribute = 2
luaotfload | conf : Root cache directory is "/home/bonobo/.texlive2025/texmf-var
/luatex-cache/generic/names".
Inserting `luaotfload.harf.strip_prefix' in `find_opentype_file'.
Inserting `luaotfload.harf.strip_prefix' in `find_truetype_file'.
Removing  `luaotfload.glyph_stream' from `glyph_stream_provider'.
Inserting `luaotfload.harf.glyphstream' in `glyph_stream_provider'.
Inserting `luaotfload.harf.finalize_vlist' in `post_linebreak_filter'.
Inserting `luaotfload.harf.finalize_hlist' in `hpack_filter'.
Inserting `luaotfload.cleanup_files' in `wrapup_run'.
Inserting `luaotfload.harf.finalize_unicode' in `finish_pdffile'.
Inserting `luaotfload.glyphinfo' in `glyph_info'.
Lua-only attribute luaotfload.letterspace_done = 3
Inserting `luaotfload.aux.set_sscale_dimens' in `luaotfload.patch_font'.
Inserting `luaotfload.aux.set_font_index' in `luaotfload.patch_font'.
Inserting `luaotfload.aux.patch_cambria_domh' in `luaotfload.patch_font'.
Inserting `luaotfload.aux.fixup_fontdata' in `luaotfload.patch_font_unsafe'.
Inserting `luaotfload.aux.set_capheight' in `luaotfload.patch_font'.
Inserting `luaotfload.aux.set_xheight' in `luaotfload.patch_font'.
Inserting `luaotfload.rewrite_fontname' in `luaotfload.patch_font'.
Inserting `tracingstacklevels' in `input_level_string'. (/usr/local/texlive/202
5/texmf-dist/tex/latex/base/article.cls
Document Class: article 2025/01/22 v1.4n Standard LaTeX document class
(/usr/local/texlive/2025/texmf-dist/tex/latex/base/size12.clo
File: size12.clo 2025/01/22 v1.4n Standard LaTeX file (size option)
luaotfload | db : Font names database loaded from /home/bonobo/.texlive2025/texm
f-var/luatex-cache/generic/names/luaotfload-names.luc.gz)
\c@part=\count273
\c@section=\count274
\c@subsection=\count275
\c@subsubsection=\count276
\c@paragraph=\count277
\c@subparagraph=\count278
\c@figure=\count279
\c@table=\count280
\abovecaptionskip=\skip49
\belowcaptionskip=\skip50
\bibindent=\dimen147
)
(/usr/local/texlive/2025/texmf-dist/tex/latex/fontspec/fontspec.sty
(/usr/local/texlive/2025/texmf-dist/tex/latex/l3packages/xparse/xparse.sty
(/usr/local/texlive/2025/texmf-dist/tex/latex/l3kernel/expl3.sty
Package: expl3 2025-09-02 L3 programming layer (loader) 

(/usr/local/texlive/2025/texmf-dist/tex/latex/l3backend/l3backend-luatex.def
File: l3backend-luatex.def 2025-06-09 L3 backend support: PDF output (LuaTeX)
\l__color_backend_stack_int=\count281
Inserting `l3color' in `luaotfload.parse_color'.))
Package: xparse 2024-08-16 L3 Experimental document command parser
)
Package: fontspec 2024/05/11 v2.9e Font selection for XeLaTeX and LuaLaTeX
Lua module: fontspec 2024/05/11 v2.9e Font selection for XeLaTeX and LuaLaTeX (/usr/local/texlive/2025/texmf-dist/tex/latex/fontspec/fontspec-luatex.sty
Package: fontspec-luatex 2024/05/11 v2.9e Font selection for XeLaTeX and LuaLaT
eX
\l__fontspec_script_int=\count282
\l__fontspec_language_int=\count283
\l__fontspec_strnum_int=\count284
\l__fontspec_tmp_int=\count285
\l__fontspec_tmpa_int=\count286
\l__fontspec_tmpb_int=\count287
\l__fontspec_tmpc_int=\count288
\l__fontspec_em_int=\count289
\l__fontspec_emdef_int=\count290
\l__fontspec_strong_int=\count291
\l__fontspec_strongdef_int=\count292
\l__fontspec_tmpa_dim=\dimen148
\l__fontspec_tmpb_dim=\dimen149
\l__fontspec_tmpc_dim=\dimen150

(/usr/local/texlive/2025/texmf-dist/tex/latex/base/fontenc.sty
Package: fontenc 2024/12/21 v2.1c Standard LaTeX package
)
(/usr/local/texlive/2025/texmf-dist/tex/latex/fontspec/fontspec.cfg)))
(/usr/local/texlive/2025/texmf-dist/tex/latex/polyglossia/polyglossia.sty
Package: polyglossia 2025/09/11 v2.7 Modern multilingual typesetting with XeLaT
eX and LuaLaTeX

(/usr/local/texlive/2025/texmf-dist/tex/latex/etoolbox/etoolbox.sty
Package: etoolbox 2025/02/11 v2.5l e-TeX tools for LaTeX (JAW)
\etb@tempcnta=\count293
)
(/usr/local/texlive/2025/texmf-dist/tex/generic/iftex/iftex.sty
Package: iftex 2024/12/12 v1.0g TeX engine tests
)
Lua module: polyglossia 2013/05/11 v1.3 Polyglossia
\l_xpg_alias_keyvals_int=\count294

(/usr/local/texlive/2025/texmf-dist/tex/latex/polyglossia/gloss-latex.ldf
File: gloss-latex.ldf polyglossia: module for default language
)

Package polyglossia Info: Setting LuaTeX font renderer to Harfbuzz

)
luaotfload | cache : Lookup cache loaded from /home/bonobo/.texlive2025/texmf-va
r/luatex-cache/generic/names/luaotfload-lookup-cache.luc.

Package fontspec Info: 
(fontspec)             Font family 'FreeSerif(0)' created for font 'FreeSerif'
(fontspec)             with options [Renderer=Harfbuzz,Ligatures=TeX].
(fontspec)              
(fontspec)              This font family consists of the following NFSS
(fontspec)             series/shapes:
(fontspec)              
(fontspec)             - 'normal' (m/n) with NFSS spec.:
(fontspec)             <->"name:FreeSerif:mode=harf;script=latn;language=dflt;+
tlig;"
(fontspec)             - 'small caps'  (m/sc) with NFSS spec.:
(fontspec)             <->"name:FreeSerif:mode=harf;script=latn;language=dflt;+
tlig;+smcp;"
(fontspec)             - 'bold' (b/n) with NFSS spec.:
(fontspec)             <->"name:FreeSerif/B:mode=harf;script=latn;language=dflt
;+tlig;"
(fontspec)             - 'bold small caps'  (b/sc) with NFSS spec.:
(fontspec)             <->"name:FreeSerif/B:mode=harf;script=latn;language=dflt
;+tlig;+smcp;"
(fontspec)             - 'italic' (m/it) with NFSS spec.:
(fontspec)             <->"name:FreeSerif/I:mode=harf;script=latn;language=dflt
;+tlig;"
(fontspec)             - 'bold italic' (b/it) with NFSS spec.:
(fontspec)             <->"name:FreeSerif/BI:mode=harf;script=latn;language=dfl
t;+tlig;"


Package fontspec Info: 
(fontspec)             Amiri scale = 1.0.


Package fontspec Info: 
(fontspec)             Amiri scale = 1.0.


Package fontspec Info: 
(fontspec)             Amiri/B scale = 1.0.


Package fontspec Info: 
(fontspec)             Amiri/I scale = 1.0.


Package fontspec Info: 
(fontspec)             Amiri/BI scale = 1.0.


Package fontspec Info: 
(fontspec)             Font family 'Amiri(0)' created for font 'Amiri' with
(fontspec)             options [Renderer=Harfbuzz,Script=Arabic,Scale=1.0].
(fontspec)              
(fontspec)              This font family consists of the following NFSS
(fontspec)             series/shapes:
(fontspec)              
(fontspec)             - 'normal' (m/n) with NFSS spec.:
(fontspec)             <->s*[1.0]"name:Amiri:mode=harf;script=arab;language=dfl
t;"
(fontspec)             - 'bold' (b/n) with NFSS spec.:
(fontspec)             <->s*[1.0]"name:Amiri/B:mode=harf;script=arab;language=d
flt;"
(fontspec)             - 'italic' (m/it) with NFSS spec.:
(fontspec)             <->s*[1.0]"name:Amiri/I:mode=harf;script=arab;language=d
flt;"
(fontspec)             - 'bold italic' (b/it) with NFSS spec.:
(fontspec)             <->s*[1.0]"name:Amiri/BI:mode=harf;script=arab;language=
dflt;"

luaotfload | db : Reload initiated (formats: otf,ttf,ttc); reason: Font "SBL Heb
rew" not found.

! Package fontspec Error: 
(fontspec)                The font "SBL Hebrew" cannot be found; this may be
(fontspec)                but usually is not a fontspec bug. Either there is
(fontspec)                a typo in the font name/file, the font is not
(fontspec)                installed (correctly), or there is a bug in the
(fontspec)                underlying font loading engine (XeTeX/luaotfload).

For immediate help type H <return>.
 ...                                              
                                                  
l.7 ...wfont{SBL Hebrew}[Script=Hebrew, Scale=1.0]
                                                  
? 
luaotfload | aux : no font with id 0

Package fontspec Info: 
(fontspec)             Script 'Hebrew' not explicitly supported within font
(fontspec)             'SBL Hebrew'. Check the typeset output, and if it is
(fontspec)             okay then ignore this warning. Otherwise a different
(fontspec)             font should be chosen.

luaotfload | aux : no font with id 0

Package fontspec Info: 
(fontspec)             SBL Hebrew scale = 1.0.


Package fontspec Info: 
(fontspec)             Could not resolve font "SBL Hebrew/BI" (it probably
(fontspec)             doesn't exist).


Package fontspec Info: 
(fontspec)             Could not resolve font "SBL Hebrew/B" (it probably
(fontspec)             doesn't exist).


Package fontspec Info: 
(fontspec)             Could not resolve font "SBL Hebrew/I" (it probably
(fontspec)             doesn't exist).


! Package fontspec Error: 
(fontspec)                The font "SBL Hebrew" cannot be found; this may be
(fontspec)                but usually is not a fontspec bug. Either there is
(fontspec)                a typo in the font name/file, the font is not
(fontspec)                installed (correctly), or there is a bug in the
(fontspec)                underlying font loading engine (XeTeX/luaotfload).

For immediate help type H <return>.
 ...                                              
                                                  
l.7 ...wfont{SBL Hebrew}[Script=Hebrew, Scale=1.0]
                                                  
? 

! Package fontspec Error: 
(fontspec)                The font "SBL Hebrew" cannot be found; this may be
(fontspec)                but usually is not a fontspec bug. Either there is
(fontspec)                a typo in the font name/file, the font is not
(fontspec)                installed (correctly), or there is a bug in the
(fontspec)                underlying font loading engine (XeTeX/luaotfload).

For immediate help type H <return>.
 ...                                              
                                                  
l.7 ...wfont{SBL Hebrew}[Script=Hebrew, Scale=1.0]
                                                  
? 

Package fontspec Info: 
(fontspec)             SBL Hebrew scale = 1.0.

luaotfload | aux : no font with id 0
luaotfload | aux : no font with id 0
luaotfload | aux : no font with id 0
luaotfload | aux : no font with id 0
luaotfload | aux : no font with id 0
luaotfload | aux : no font with id 0

Package fontspec Info: 
(fontspec)             Font family 'SBLHebrew(0)' created for font 'SBL
(fontspec)             Hebrew' with options
(fontspec)             [Renderer=Harfbuzz,Script=Hebrew,Scale=1.0].
(fontspec)              
(fontspec)              This font family consists of the following NFSS
(fontspec)             series/shapes:
(fontspec)              
(fontspec)             - 'normal' (m/n) with NFSS spec.: <->s*[1.0]"name:SBL
(fontspec)             Hebrew:mode=harf;script=hebr;language=dflt;"

(/usr/local/texlive/2025/texmf-dist/tex/latex/polyglossia/gloss-english.ldf
File: gloss-english.ldf polyglossia: module for English
)

Package polyglossia Info: Default language is english


(/usr/local/texlive/2025/texmf-dist/tex/latex/polyglossia/gloss-arabic.ldf
File: gloss-arabic.ldf polyglossia: module for Arabic

(/usr/local/texlive/2025/texmf-dist/tex/lualatex/luabidi/luabidi.sty
Package: luabidi 2023/10/01 v0.6 Bidirectional typesetting in LuaTeX

(/usr/local/texlive/2025/texmf-dist/tex/lualatex/luabidi/luabidi-footnotes.def
\footnoterulewidth=\skip51
)) (/usr/local/texlive/2025/texmf-dist/tex/latex/polyglossia/arabicnumbers.sty
Package: arabicnumbers 2010/03/18 v0.2 Formatting of Arabic and Farsi digits an
d of Arabic abjad numerals
)
(/usr/local/texlive/2025/texmf-dist/tex/latex/polyglossia/hijrical.sty
Package: hijrical 2010/07/12 v0.2 Islamic calendar

(/usr/local/texlive/2025/texmf-dist/tex/latex/tools/calc.sty
Package: calc 2025/03/01 v4.3b Infix arithmetic (KKT,FJ)
\calc@Acount=\count295
\calc@Bcount=\count296
\calc@Adimen=\dimen151
\calc@Bdimen=\dimen152
\calc@Askip=\skip52
\calc@Bskip=\skip53
LaTeX Info: Redefining \setlength on input line 86.
LaTeX Info: Redefining \addtolength on input line 87.
\calc@Ccount=\count297
\calc@Cskip=\skip54
)
(/usr/local/texlive/2025/texmf-dist/tex/latex/polyglossia/cal-util.def
\c@tmpA=\count298
\c@tmpB=\count299
\c@tmpC=\count300
\c@tmpD=\count301
\c@tmpE=\count302
\c@tmpF=\count303
)
\c@Hijriday=\count304
\c@Hijrimonth=\count305
\c@Hijriyear=\count306
))
(/usr/local/texlive/2025/texmf-dist/tex/latex/polyglossia/gloss-hebrew.ldf
File: gloss-hebrew.ldf polyglossia: module for Hebrew

(/usr/local/texlive/2025/texmf-dist/tex/latex/polyglossia/hebrewcal.sty
Package: hebrewcal 2022/07/18 v2.8 Hebrew calendar for polyglossia (adapted fro
m hebcal.sty in Babel)
\hebrewday=\count307
\hebrewmonth=\count308
\hebrewyear=\count309
\@common=\count310
)
(/usr/local/texlive/2025/texmf-dist/tex/latex/polyglossia/babel-hebrewalph.def
File: babel-hebrewalph.def 2023/06/01 Expandable definitions for Hebrew numeral
s
)) (/usr/local/texlive/2025/texmf-dist/tex/latex/geometry/geometry.sty
Package: geometry 2020/01/02 v5.9 Page Geometry

(/usr/local/texlive/2025/texmf-dist/tex/latex/graphics/keyval.sty
Package: keyval 2022/05/29 v1.15 key=value parser (DPC)
\KV@toks@=\toks17
)
(/usr/local/texlive/2025/texmf-dist/tex/generic/iftex/ifvtex.sty
Package: ifvtex 2019/10/25 v1.7 ifvtex legacy package. Use iftex instead.
)
\Gm@cnth=\count311
\Gm@cntv=\count312
\c@Gm@tempcnt=\count313
\Gm@bindingoffset=\dimen153
\Gm@wd@mp=\dimen154
\Gm@odd@mp=\dimen155
\Gm@even@mp=\dimen156
\Gm@layoutwidth=\dimen157
\Gm@layoutheight=\dimen158
\Gm@layouthoffset=\dimen159
\Gm@layoutvoffset=\dimen160
\Gm@dimlist=\toks18
)
(/usr/local/texlive/2025/texmf-dist/tex/latex/amsmath/amsmath.sty
Package: amsmath 2025/06/16 v2.17y AMS math features
\@mathmargin=\skip55

For additional information on amsmath, use the `?' option.
(/usr/local/texlive/2025/texmf-dist/tex/latex/amsmath/amstext.sty
Package: amstext 2024/11/17 v2.01 AMS text

(/usr/local/texlive/2025/texmf-dist/tex/latex/amsmath/amsgen.sty
File: amsgen.sty 1999/11/30 v2.0 generic functions
\@emptytoks=\toks19
\ex@=\dimen161
))
(/usr/local/texlive/2025/texmf-dist/tex/latex/amsmath/amsbsy.sty
Package: amsbsy 1999/11/29 v1.2d Bold Symbols
\pmbraise@=\dimen162
)
(/usr/local/texlive/2025/texmf-dist/tex/latex/amsmath/amsopn.sty
Package: amsopn 2022/04/08 v2.04 operator names
)
\inf@bad=\count314
LaTeX Info: Redefining \frac on input line 235.
\uproot@=\count315
\leftroot@=\count316
LaTeX Info: Redefining \overline on input line 398.
LaTeX Info: Redefining \colon on input line 409.
\classnum@=\count317
\DOTSCASE@=\count318
LaTeX Info: Redefining \ldots on input line 495.
LaTeX Info: Redefining \dots on input line 498.
LaTeX Info: Redefining \cdots on input line 619.
\Mathstrutbox@=\box53
\strutbox@=\box54
LaTeX Info: Redefining \big on input line 721.
LaTeX Info: Redefining \Big on input line 722.
LaTeX Info: Redefining \bigg on input line 723.
LaTeX Info: Redefining \Bigg on input line 724.
\big@size=\dimen163
LaTeX Font Info:    Redeclaring font encoding OML on input line 742.
LaTeX Font Info:    Redeclaring font encoding OMS on input line 743.
\macc@depth=\count319
LaTeX Info: Redefining \bmod on input line 904.
LaTeX Info: Redefining \pmod on input line 909.
LaTeX Info: Redefining \smash on input line 939.
LaTeX Info: Redefining \relbar on input line 969.
LaTeX Info: Redefining \Relbar on input line 970.
\c@MaxMatrixCols=\count320
\dotsspace@=\muskip17
\c@parentequation=\count321
\dspbrk@lvl=\count322
\tag@help=\toks20
\row@=\count323
\column@=\count324
\maxfields@=\count325
\andhelp@=\toks21
\eqnshift@=\dimen164
\alignsep@=\dimen165
\tagshift@=\dimen166
\tagwidth@=\dimen167
\totwidth@=\dimen168
\lineht@=\dimen169
\@envbody=\toks22
\multlinegap=\skip56
\multlinetaggap=\skip57
\mathdisplay@stack=\toks23
LaTeX Info: Redefining \[ on input line 2949.
LaTeX Info: Redefining \] on input line 2950.
)
(/usr/local/texlive/2025/texmf-dist/tex/latex/amsfonts/amssymb.sty
Package: amssymb 2013/01/14 v3.01 AMS font symbols

(/usr/local/texlive/2025/texmf-dist/tex/latex/amsfonts/amsfonts.sty
Package: amsfonts 2013/01/14 v3.01 Basic AMSFonts support
\symAMSa=\mathgroup4
\symAMSb=\mathgroup5
LaTeX Font Info:    Redeclaring math symbol \hbar on input line 98.
LaTeX Font Info:    Overwriting math alphabet `\mathfrak' in version `bold'
(Font)                  U/euf/m/n --> U/euf/b/n on input line 106.
))
(/usr/local/texlive/2025/texmf-dist/tex/latex/amscls/amsthm.sty
Package: amsthm 2020/05/29 v2.20.6
\thm@style=\toks24
\thm@bodyfont=\toks25
\thm@headfont=\toks26
\thm@notefont=\toks27
\thm@headpunct=\toks28
\thm@preskip=\skip58
\thm@postskip=\skip59
\thm@headsep=\skip60
\dth@everypar=\toks29
)
(/usr/local/texlive/2025/texmf-dist/tex/latex/booktabs/booktabs.sty
Package: booktabs 2020/01/12 v1.61803398 Publication quality tables
\heavyrulewidth=\dimen170
\lightrulewidth=\dimen171
\cmidrulewidth=\dimen172
\belowrulesep=\dimen173
\belowbottomsep=\dimen174
\aboverulesep=\dimen175
\abovetopsep=\dimen176
\cmidrulesep=\dimen177
\cmidrulekern=\dimen178
\defaultaddspace=\dimen179
\@cmidla=\count326
\@cmidlb=\count327
\@aboverulesep=\dimen180
\@belowrulesep=\dimen181
\@thisruleclass=\count328
\@lastruleclass=\count329
\@thisrulewidth=\dimen182
)
(/usr/local/texlive/2025/texmf-dist/tex/latex/natbib/natbib.sty
Package: natbib 2010/09/13 8.31b (PWD, AO)
\bibhang=\skip61
\bibsep=\skip62
LaTeX Info: Redefining \cite on input line 694.
\c@NAT@ctr=\count330
)
(/usr/local/texlive/2025/texmf-dist/tex/latex/hyperref/hyperref.sty
Package: hyperref 2025-07-12 v7.01o Hypertext links for LaTeX

(/usr/local/texlive/2025/texmf-dist/tex/latex/kvsetkeys/kvsetkeys.sty
Package: kvsetkeys 2022-10-05 v1.19 Key value parser (HO)
)
(/usr/local/texlive/2025/texmf-dist/tex/generic/kvdefinekeys/kvdefinekeys.sty
Package: kvdefinekeys 2019-12-19 v1.6 Define keys (HO)
)
(/usr/local/texlive/2025/texmf-dist/tex/generic/pdfescape/pdfescape.sty
Package: pdfescape 2019/12/09 v1.15 Implements pdfTeX's escape features (HO)

(/usr/local/texlive/2025/texmf-dist/tex/generic/ltxcmds/ltxcmds.sty
Package: ltxcmds 2023-12-04 v1.26 LaTeX kernel commands for general use (HO)
)
(/usr/local/texlive/2025/texmf-dist/tex/generic/pdftexcmds/pdftexcmds.sty
Package: pdftexcmds 2020-06-27 v0.33 Utility functions of pdfTeX for LuaTeX (HO
)

(/usr/local/texlive/2025/texmf-dist/tex/generic/infwarerr/infwarerr.sty
Package: infwarerr 2019/12/03 v1.5 Providing info/warning/error messages (HO)
)
Package pdftexcmds Info: \pdf@primitive is available.
Package pdftexcmds Info: \pdf@ifprimitive is available.
Package pdftexcmds Info: \pdfdraftmode found.
\pdftexcmds@toks=\toks30
))
(/usr/local/texlive/2025/texmf-dist/tex/latex/hycolor/hycolor.sty
Package: hycolor 2020-01-27 v1.10 Color options for hyperref/bookmark (HO)
)
(/usr/local/texlive/2025/texmf-dist/tex/latex/hyperref/nameref.sty
Package: nameref 2025-06-21 v2.57 Cross-referencing by name of section

(/usr/local/texlive/2025/texmf-dist/tex/latex/refcount/refcount.sty
Package: refcount 2019/12/15 v3.6 Data extraction from label references (HO)
)
(/usr/local/texlive/2025/texmf-dist/tex/generic/gettitlestring/gettitlestring.s
ty
Package: gettitlestring 2019/12/15 v1.6 Cleanup title references (HO)
 (/usr/local/texlive/2025/texmf-dist/tex/latex/kvoptions/kvoptions.sty
Package: kvoptions 2022-06-15 v3.15 Key value format for package options (HO)
))
\c@section@level=\count331
)
(/usr/local/texlive/2025/texmf-dist/tex/generic/stringenc/stringenc.sty
Package: stringenc 2019/11/29 v1.12 Convert strings between diff. encodings (HO
)
)
\@linkdim=\dimen183
\Hy@linkcounter=\count332
\Hy@pagecounter=\count333

(/usr/local/texlive/2025/texmf-dist/tex/latex/hyperref/pd1enc.def
File: pd1enc.def 2025-07-12 v7.01o Hyperref: PDFDocEncoding definition (HO)
)
(/usr/local/texlive/2025/texmf-dist/tex/generic/intcalc/intcalc.sty
Package: intcalc 2019/12/15 v1.3 Expandable calculations with integers (HO)
)
\Hy@SavedSpaceFactor=\count334

(/usr/local/texlive/2025/texmf-dist/tex/latex/hyperref/puenc.def
File: puenc.def 2025-07-12 v7.01o Hyperref: PDF Unicode definition (HO)
)
Package hyperref Info: Hyper figures OFF on input line 4195.
Package hyperref Info: Link nesting OFF on input line 4200.
Package hyperref Info: Hyper index ON on input line 4203.
Package hyperref Info: Plain pages OFF on input line 4210.
Package hyperref Info: Backreferencing OFF on input line 4215.
Package hyperref Info: Implicit mode ON; LaTeX internals redefined.
Package hyperref Info: Bookmarks ON on input line 4462.
\c@Hy@tempcnt=\count335

(/usr/local/texlive/2025/texmf-dist/tex/latex/url/url.sty
\Urlmuskip=\muskip18
Package: url 2013/09/16  ver 3.4  Verb mode for urls, etc.
)
LaTeX Info: Redefining \url on input line 4801.
\XeTeXLinkMargin=\dimen184

(/usr/local/texlive/2025/texmf-dist/tex/generic/bitset/bitset.sty
Package: bitset 2019/12/09 v1.3 Handle bit-vector datatype (HO)

(/usr/local/texlive/2025/texmf-dist/tex/generic/bigintcalc/bigintcalc.sty
Package: bigintcalc 2019/12/15 v1.5 Expandable calculations on big integers (HO
)
))
\Fld@menulength=\count336
\Field@Width=\dimen185
\Fld@charsize=\dimen186
Package hyperref Info: Hyper figures OFF on input line 6078.
Package hyperref Info: Link nesting OFF on input line 6083.
Package hyperref Info: Hyper index ON on input line 6086.
Package hyperref Info: backreferencing OFF on input line 6093.
Package hyperref Info: Link coloring OFF on input line 6098.
Package hyperref Info: Link coloring with OCG OFF on input line 6103.
Package hyperref Info: PDF/A mode OFF on input line 6108.
\Hy@abspage=\count337
\c@Item=\count338
\c@Hfootnote=\count339
)
Package hyperref Info: Driver (autodetected): hluatex.

(/usr/local/texlive/2025/texmf-dist/tex/latex/hyperref/hluatex.def
File: hluatex.def 2025-07-12 v7.01o Hyperref driver for luaTeX
\Fld@listcount=\count340
\c@bookmark@seq@number=\count341

(/usr/local/texlive/2025/texmf-dist/tex/latex/rerunfilecheck/rerunfilecheck.sty
Package: rerunfilecheck 2025-06-21 v1.11 Rerun checks for auxiliary files (HO)

(/usr/local/texlive/2025/texmf-dist/tex/generic/uniquecounter/uniquecounter.sty
Package: uniquecounter 2019/12/15 v1.4 Provide unlimited unique counter (HO)
)
Package uniquecounter Info: New unique counter `rerunfilecheck' on input line 2
84.
)
\Hy@SectionHShift=\skip63
) (/usr/local/texlive/2025/texmf-dist/tex/latex/tikz-cd/tikz-cd.sty
Package: tikz-cd 2021/05/04 v1.0 Commutative diagrams with TikZ

(/usr/local/texlive/2025/texmf-dist/tex/latex/pgf/frontendlayer/tikz.sty
(/usr/local/texlive/2025/texmf-dist/tex/latex/pgf/basiclayer/pgf.sty
(/usr/local/texlive/2025/texmf-dist/tex/latex/pgf/utilities/pgfrcs.sty
(/usr/local/texlive/2025/texmf-dist/tex/generic/pgf/utilities/pgfutil-common.te
x
\pgfutil@everybye=\toks31
\pgfutil@tempdima=\dimen187
\pgfutil@tempdimb=\dimen188
)
(/usr/local/texlive/2025/texmf-dist/tex/generic/pgf/utilities/pgfutil-latex.def
\pgfutil@abb=\box55
) (/usr/local/texlive/2025/texmf-dist/tex/generic/pgf/utilities/pgfrcs.code.tex
(/usr/local/texlive/2025/texmf-dist/tex/generic/pgf/pgf.revision.tex)
Package: pgfrcs 2025-08-29 v3.1.11a (3.1.11a)
))
Package: pgf 2025-08-29 v3.1.11a (3.1.11a)

(/usr/local/texlive/2025/texmf-dist/tex/latex/pgf/basiclayer/pgfcore.sty
(/usr/local/texlive/2025/texmf-dist/tex/latex/graphics/graphicx.sty
Package: graphicx 2024/12/31 v1.2e Enhanced LaTeX Graphics (DPC,SPQR)

(/usr/local/texlive/2025/texmf-dist/tex/latex/graphics/graphics.sty
Package: graphics 2024/08/06 v1.4g Standard LaTeX Graphics (DPC,SPQR)

(/usr/local/texlive/2025/texmf-dist/tex/latex/graphics/trig.sty
Package: trig 2023/12/02 v1.11 sin cos tan (DPC)
)
(/usr/local/texlive/2025/texmf-dist/tex/latex/graphics-cfg/graphics.cfg
File: graphics.cfg 2016/06/04 v1.11 sample graphics configuration
)
Package graphics Info: Driver file: luatex.def on input line 106.

(/usr/local/texlive/2025/texmf-dist/tex/latex/graphics-def/luatex.def
File: luatex.def 2024/04/13 v1.2e Graphics/color driver for luatex
))
\Gin@req@height=\dimen189
\Gin@req@width=\dimen190
)
(/usr/local/texlive/2025/texmf-dist/tex/latex/pgf/systemlayer/pgfsys.sty
(/usr/local/texlive/2025/texmf-dist/tex/generic/pgf/systemlayer/pgfsys.code.tex
Package: pgfsys 2025-08-29 v3.1.11a (3.1.11a)
(/usr/local/texlive/2025/texmf-dist/tex/generic/pgf/utilities/pgfkeys.code.tex
\pgfkeys@pathtoks=\toks32
\pgfkeys@temptoks=\toks33

(/usr/local/texlive/2025/texmf-dist/tex/generic/pgf/utilities/pgfkeyslibraryfil
tered.code.tex
\pgfkeys@tmptoks=\toks34
))
\pgf@x=\dimen191
\pgf@y=\dimen192
\pgf@xa=\dimen193
\pgf@ya=\dimen194
\pgf@xb=\dimen195
\pgf@yb=\dimen196
\pgf@xc=\dimen197
\pgf@yc=\dimen198
\pgf@xd=\dimen199
\pgf@yd=\dimen256
\w@pgf@writea=\write3
\r@pgf@reada=\read2
\c@pgf@counta=\count342
\c@pgf@countb=\count343
\c@pgf@countc=\count344
\c@pgf@countd=\count345
\t@pgf@toka=\toks35
\t@pgf@tokb=\toks36
\t@pgf@tokc=\toks37
\pgf@sys@id@count=\count346

(/usr/local/texlive/2025/texmf-dist/tex/generic/pgf/systemlayer/pgf.cfg
File: pgf.cfg 2025-08-29 v3.1.11a (3.1.11a)
)
Driver file for pgf: pgfsys-luatex.def

(/usr/local/texlive/2025/texmf-dist/tex/generic/pgf/systemlayer/pgfsys-luatex.d
ef
File: pgfsys-luatex.def 2025-08-29 v3.1.11a (3.1.11a)

(/usr/local/texlive/2025/texmf-dist/tex/generic/pgf/systemlayer/pgfsys-common-p
df.def
File: pgfsys-common-pdf.def 2025-08-29 v3.1.11a (3.1.11a)
)))
(/usr/local/texlive/2025/texmf-dist/tex/generic/pgf/systemlayer/pgfsyssoftpath.
code.tex
File: pgfsyssoftpath.code.tex 2025-08-29 v3.1.11a (3.1.11a)
\pgfsyssoftpath@smallbuffer@items=\count347
\pgfsyssoftpath@bigbuffer@items=\count348
)
(/usr/local/texlive/2025/texmf-dist/tex/generic/pgf/systemlayer/pgfsysprotocol.
code.tex
File: pgfsysprotocol.code.tex 2025-08-29 v3.1.11a (3.1.11a)
)) (/usr/local/texlive/2025/texmf-dist/tex/latex/xcolor/xcolor.sty
Package: xcolor 2024/09/29 v3.02 LaTeX color extensions (UK)

(/usr/local/texlive/2025/texmf-dist/tex/latex/graphics-cfg/color.cfg
File: color.cfg 2016/01/02 v1.6 sample color configuration
)
Package xcolor Info: Driver file: luatex.def on input line 274.

(/usr/local/texlive/2025/texmf-dist/tex/latex/graphics/mathcolor.ltx)
Package xcolor Info: Model `cmy' substituted by `cmy0' on input line 1349.
Package xcolor Info: Model `hsb' substituted by `rgb' on input line 1353.
Package xcolor Info: Model `RGB' extended on input line 1365.
Package xcolor Info: Model `HTML' substituted by `rgb' on input line 1367.
Package xcolor Info: Model `Hsb' substituted by `hsb' on input line 1368.
Package xcolor Info: Model `tHsb' substituted by `hsb' on input line 1369.
Package xcolor Info: Model `HSB' substituted by `hsb' on input line 1370.
Package xcolor Info: Model `Gray' substituted by `gray' on input line 1371.
Package xcolor Info: Model `wave' substituted by `hsb' on input line 1372.
)
(/usr/local/texlive/2025/texmf-dist/tex/generic/pgf/basiclayer/pgfcore.code.tex
Package: pgfcore 2025-08-29 v3.1.11a (3.1.11a)
(/usr/local/texlive/2025/texmf-dist/tex/generic/pgf/math/pgfmath.code.tex
(/usr/local/texlive/2025/texmf-dist/tex/generic/pgf/math/pgfmathutil.code.tex)
(/usr/local/texlive/2025/texmf-dist/tex/generic/pgf/math/pgfmathparser.code.tex
\pgfmath@dimen=\dimen257
\pgfmath@count=\count349
\pgfmath@box=\box56
\pgfmath@toks=\toks38
\pgfmath@stack@operand=\toks39
\pgfmath@stack@operation=\toks40
)
(/usr/local/texlive/2025/texmf-dist/tex/generic/pgf/math/pgfmathfunctions.code.
tex)
(/usr/local/texlive/2025/texmf-dist/tex/generic/pgf/math/pgfmathfunctions.basic
.code.tex)
(/usr/local/texlive/2025/texmf-dist/tex/generic/pgf/math/pgfmathfunctions.trigo
nometric.code.tex)
(/usr/local/texlive/2025/texmf-dist/tex/generic/pgf/math/pgfmathfunctions.rando
m.code.tex)
(/usr/local/texlive/2025/texmf-dist/tex/generic/pgf/math/pgfmathfunctions.compa
rison.code.tex)
(/usr/local/texlive/2025/texmf-dist/tex/generic/pgf/math/pgfmathfunctions.base.
code.tex)
(/usr/local/texlive/2025/texmf-dist/tex/generic/pgf/math/pgfmathfunctions.round
.code.tex)
(/usr/local/texlive/2025/texmf-dist/tex/generic/pgf/math/pgfmathfunctions.misc.
code.tex)
(/usr/local/texlive/2025/texmf-dist/tex/generic/pgf/math/pgfmathfunctions.integ
erarithmetics.code.tex)
(/usr/local/texlive/2025/texmf-dist/tex/generic/pgf/math/pgfmathcalc.code.tex)
(/usr/local/texlive/2025/texmf-dist/tex/generic/pgf/math/pgfmathfloat.code.tex
\c@pgfmathroundto@lastzeros=\count350
)) (/usr/local/texlive/2025/texmf-dist/tex/generic/pgf/math/pgfint.code.tex)
(/usr/local/texlive/2025/texmf-dist/tex/generic/pgf/basiclayer/pgfcorepoints.co
de.tex
File: pgfcorepoints.code.tex 2025-08-29 v3.1.11a (3.1.11a)
\pgf@picminx=\dimen258
\pgf@picmaxx=\dimen259
\pgf@picminy=\dimen260
\pgf@picmaxy=\dimen261
\pgf@pathminx=\dimen262
\pgf@pathmaxx=\dimen263
\pgf@pathminy=\dimen264
\pgf@pathmaxy=\dimen265
\pgf@xx=\dimen266
\pgf@xy=\dimen267
\pgf@yx=\dimen268
\pgf@yy=\dimen269
\pgf@zx=\dimen270
\pgf@zy=\dimen271
)
(/usr/local/texlive/2025/texmf-dist/tex/generic/pgf/basiclayer/pgfcorepathconst
ruct.code.tex
File: pgfcorepathconstruct.code.tex 2025-08-29 v3.1.11a (3.1.11a)
\pgf@path@lastx=\dimen272
\pgf@path@lasty=\dimen273
)
(/usr/local/texlive/2025/texmf-dist/tex/generic/pgf/basiclayer/pgfcorepathusage
.code.tex
File: pgfcorepathusage.code.tex 2025-08-29 v3.1.11a (3.1.11a)
\pgf@shorten@end@additional=\dimen274
\pgf@shorten@start@additional=\dimen275
)
(/usr/local/texlive/2025/texmf-dist/tex/generic/pgf/basiclayer/pgfcorescopes.co
de.tex
File: pgfcorescopes.code.tex 2025-08-29 v3.1.11a (3.1.11a)
\pgfpic=\box57
\pgf@hbox=\box58
\pgf@layerbox@main=\box59
\pgf@picture@serial@count=\count351
)
(/usr/local/texlive/2025/texmf-dist/tex/generic/pgf/basiclayer/pgfcoregraphicst
ate.code.tex
File: pgfcoregraphicstate.code.tex 2025-08-29 v3.1.11a (3.1.11a)
\pgflinewidth=\dimen276
)
(/usr/local/texlive/2025/texmf-dist/tex/generic/pgf/basiclayer/pgfcoretransform
ations.code.tex
File: pgfcoretransformations.code.tex 2025-08-29 v3.1.11a (3.1.11a)
\pgf@pt@x=\dimen277
\pgf@pt@y=\dimen278
\pgf@pt@temp=\dimen279
)
(/usr/local/texlive/2025/texmf-dist/tex/generic/pgf/basiclayer/pgfcorequick.cod
e.tex
File: pgfcorequick.code.tex 2025-08-29 v3.1.11a (3.1.11a)
)
(/usr/local/texlive/2025/texmf-dist/tex/generic/pgf/basiclayer/pgfcoreobjects.c
ode.tex
File: pgfcoreobjects.code.tex 2025-08-29 v3.1.11a (3.1.11a)
)
(/usr/local/texlive/2025/texmf-dist/tex/generic/pgf/basiclayer/pgfcorepathproce
ssing.code.tex
File: pgfcorepathprocessing.code.tex 2025-08-29 v3.1.11a (3.1.11a)
)
(/usr/local/texlive/2025/texmf-dist/tex/generic/pgf/basiclayer/pgfcorearrows.co
de.tex
File: pgfcorearrows.code.tex 2025-08-29 v3.1.11a (3.1.11a)
\pgfarrowsep=\dimen280
)
(/usr/local/texlive/2025/texmf-dist/tex/generic/pgf/basiclayer/pgfcoreshade.cod
e.tex
File: pgfcoreshade.code.tex 2025-08-29 v3.1.11a (3.1.11a)
\pgf@max=\dimen281
\pgf@sys@shading@range@num=\count352
\pgf@shadingcount=\count353
)
(/usr/local/texlive/2025/texmf-dist/tex/generic/pgf/basiclayer/pgfcoreimage.cod
e.tex
File: pgfcoreimage.code.tex 2025-08-29 v3.1.11a (3.1.11a)
)
(/usr/local/texlive/2025/texmf-dist/tex/generic/pgf/basiclayer/pgfcoreexternal.
code.tex
File: pgfcoreexternal.code.tex 2025-08-29 v3.1.11a (3.1.11a)
\pgfexternal@startupbox=\box60
)
(/usr/local/texlive/2025/texmf-dist/tex/generic/pgf/basiclayer/pgfcorelayers.co
de.tex
File: pgfcorelayers.code.tex 2025-08-29 v3.1.11a (3.1.11a)
)
(/usr/local/texlive/2025/texmf-dist/tex/generic/pgf/basiclayer/pgfcoretranspare
ncy.code.tex
File: pgfcoretransparency.code.tex 2025-08-29 v3.1.11a (3.1.11a)
)
(/usr/local/texlive/2025/texmf-dist/tex/generic/pgf/basiclayer/pgfcorepatterns.
code.tex
File: pgfcorepatterns.code.tex 2025-08-29 v3.1.11a (3.1.11a)
)
(/usr/local/texlive/2025/texmf-dist/tex/generic/pgf/basiclayer/pgfcorerdf.code.
tex
File: pgfcorerdf.code.tex 2025-08-29 v3.1.11a (3.1.11a)
)))
(/usr/local/texlive/2025/texmf-dist/tex/generic/pgf/modules/pgfmoduleshapes.cod
e.tex
File: pgfmoduleshapes.code.tex 2025-08-29 v3.1.11a (3.1.11a)
\pgfnodeparttextbox=\box61
)
(/usr/local/texlive/2025/texmf-dist/tex/generic/pgf/modules/pgfmoduleplot.code.
tex
File: pgfmoduleplot.code.tex 2025-08-29 v3.1.11a (3.1.11a)
)
(/usr/local/texlive/2025/texmf-dist/tex/latex/pgf/compatibility/pgfcomp-version
-0-65.sty
Package: pgfcomp-version-0-65 2025-08-29 v3.1.11a (3.1.11a)
\pgf@nodesepstart=\dimen282
\pgf@nodesepend=\dimen283
)
(/usr/local/texlive/2025/texmf-dist/tex/latex/pgf/compatibility/pgfcomp-version
-1-18.sty
Package: pgfcomp-version-1-18 2025-08-29 v3.1.11a (3.1.11a)
))
(/usr/local/texlive/2025/texmf-dist/tex/latex/pgf/utilities/pgffor.sty
(/usr/local/texlive/2025/texmf-dist/tex/latex/pgf/utilities/pgfkeys.sty
(/usr/local/texlive/2025/texmf-dist/tex/generic/pgf/utilities/pgfkeys.code.tex))
 (/usr/local/texlive/2025/texmf-dist/tex/latex/pgf/math/pgfmath.sty
(/usr/local/texlive/2025/texmf-dist/tex/generic/pgf/math/pgfmath.code.tex))
(/usr/local/texlive/2025/texmf-dist/tex/generic/pgf/utilities/pgffor.code.tex
Package: pgffor 2025-08-29 v3.1.11a (3.1.11a)
\pgffor@iter=\dimen284
\pgffor@skip=\dimen285
\pgffor@stack=\toks41
\pgffor@toks=\toks42
))
(/usr/local/texlive/2025/texmf-dist/tex/generic/pgf/frontendlayer/tikz/tikz.cod
e.tex
Package: tikz 2025-08-29 v3.1.11a (3.1.11a)

(/usr/local/texlive/2025/texmf-dist/tex/generic/pgf/libraries/pgflibraryplothan
dlers.code.tex
File: pgflibraryplothandlers.code.tex 2025-08-29 v3.1.11a (3.1.11a)
\pgf@plot@mark@count=\count354
\pgfplotmarksize=\dimen286
)
\tikz@lastx=\dimen287
\tikz@lasty=\dimen288
\tikz@lastxsaved=\dimen289
\tikz@lastysaved=\dimen290
\tikz@lastmovetox=\dimen291
\tikz@lastmovetoy=\dimen292
\tikzleveldistance=\dimen293
\tikzsiblingdistance=\dimen294
\tikz@figbox=\box62
\tikz@figbox@bg=\box63
\tikz@tempbox=\box64
\tikz@tempbox@bg=\box65
\tikztreelevel=\count355
\tikznumberofchildren=\count356
\tikznumberofcurrentchild=\count357
\tikz@fig@count=\count358

(/usr/local/texlive/2025/texmf-dist/tex/generic/pgf/modules/pgfmodulematrix.cod
e.tex
File: pgfmodulematrix.code.tex 2025-08-29 v3.1.11a (3.1.11a)
\pgfmatrixcurrentrow=\count359
\pgfmatrixcurrentcolumn=\count360
\pgf@matrix@numberofcolumns=\count361
)
\tikz@expandcount=\count362

(/usr/local/texlive/2025/texmf-dist/tex/generic/pgf/frontendlayer/tikz/librarie
s/tikzlibrarytopaths.code.tex
File: tikzlibrarytopaths.code.tex 2025-08-29 v3.1.11a (3.1.11a)
)))
(/usr/local/texlive/2025/texmf-dist/tex/generic/tikz-cd/tikzlibrarycd.code.tex
(/usr/local/texlive/2025/texmf-dist/tex/generic/pgf/frontendlayer/tikz/librarie
s/tikzlibrarymatrix.code.tex
File: tikzlibrarymatrix.code.tex 2025-08-29 v3.1.11a (3.1.11a)
)
(/usr/local/texlive/2025/texmf-dist/tex/generic/pgf/frontendlayer/tikz/librarie
s/tikzlibraryquotes.code.tex
File: tikzlibraryquotes.code.tex 2025-08-29 v3.1.11a (3.1.11a)
)
(/usr/local/texlive/2025/texmf-dist/tex/generic/pgf/libraries/pgflibraryarrows.
meta.code.tex
File: pgflibraryarrows.meta.code.tex 2025-08-29 v3.1.11a (3.1.11a)
\pgfarrowinset=\dimen295
\pgfarrowlength=\dimen296
\pgfarrowwidth=\dimen297
\pgfarrowlinewidth=\dimen298
)))
(/usr/local/texlive/2025/texmf-dist/tex/latex/tools/tabularx.sty
Package: tabularx 2023/12/11 v2.12a `tabularx' package (DPC)

(/usr/local/texlive/2025/texmf-dist/tex/latex/tools/array.sty
Package: array 2025/06/08 v2.6j Tabular extension package (FMi)
\col@sep=\dimen299
\ar@mcellbox=\box66
\extrarowheight=\dimen300
\NC@list=\toks43
\extratabsurround=\skip64
\backup@length=\skip65
\ar@cellbox=\box67
)
\TX@col@width=\dimen301
\TX@old@table=\dimen302
\TX@old@col=\dimen303
\TX@target=\dimen304
\TX@delta=\dimen305
\TX@cols=\count363
\TX@ftn=\toks44
)
\c@theorem=\count364
\c@lemma=\count365
\c@proposition=\count366
\c@corollary=\count367
 (./essay-03.aux)
\openout1 = essay-03.aux

LaTeX Font Info:    Checking defaults for OML/cmm/m/it on input line 46.
LaTeX Font Info:    ... okay on input line 46.
LaTeX Font Info:    Checking defaults for OMS/cmsy/m/n on input line 46.
LaTeX Font Info:    ... okay on input line 46.
LaTeX Font Info:    Checking defaults for OT1/cmr/m/n on input line 46.
LaTeX Font Info:    ... okay on input line 46.
LaTeX Font Info:    Checking defaults for T1/cmr/m/n on input line 46.
LaTeX Font Info:    ... okay on input line 46.
LaTeX Font Info:    Checking defaults for TS1/cmr/m/n on input line 46.
LaTeX Font Info:    ... okay on input line 46.
LaTeX Font Info:    Checking defaults for TU/lmr/m/n on input line 46.
LaTeX Font Info:    ... okay on input line 46.
LaTeX Font Info:    Checking defaults for OMX/cmex/m/n on input line 46.
LaTeX Font Info:    ... okay on input line 46.
LaTeX Font Info:    Checking defaults for U/cmr/m/n on input line 46.
LaTeX Font Info:    ... okay on input line 46.
LaTeX Font Info:    Checking defaults for PD1/pdf/m/n on input line 46.
LaTeX Font Info:    ... okay on input line 46.
LaTeX Font Info:    Checking defaults for PU/pdf/m/n on input line 46.
LaTeX Font Info:    ... okay on input line 46.

Package fontspec Info: 
(fontspec)             Adjusting the maths setup (use [no-math] to avoid
(fontspec)             this).

\symlegacymaths=\mathgroup6
LaTeX Font Info:    Overwriting symbol font `legacymaths' in version `bold'
(Font)                  OT1/cmr/m/n --> OT1/cmr/bx/n on input line 46.
LaTeX Font Info:    Redeclaring math accent \acute on input line 46.
LaTeX Font Info:    Redeclaring math accent \grave on input line 46.
LaTeX Font Info:    Redeclaring math accent \ddot on input line 46.
LaTeX Font Info:    Redeclaring math accent \tilde on input line 46.
LaTeX Font Info:    Redeclaring math accent \bar on input line 46.
LaTeX Font Info:    Redeclaring math accent \breve on input line 46.
LaTeX Font Info:    Redeclaring math accent \check on input line 46.
LaTeX Font Info:    Redeclaring math accent \hat on input line 46.
LaTeX Font Info:    Redeclaring math accent \dot on input line 46.
LaTeX Font Info:    Redeclaring math accent \mathring on input line 46.
LaTeX Font Info:    Redeclaring math symbol \Gamma on input line 46.
LaTeX Font Info:    Redeclaring math symbol \Delta on input line 46.
LaTeX Font Info:    Redeclaring math symbol \Theta on input line 46.
LaTeX Font Info:    Redeclaring math symbol \Lambda on input line 46.
LaTeX Font Info:    Redeclaring math symbol \Xi on input line 46.
LaTeX Font Info:    Redeclaring math symbol \Pi on input line 46.
LaTeX Font Info:    Redeclaring math symbol \Sigma on input line 46.
LaTeX Font Info:    Redeclaring math symbol \Upsilon on input line 46.
LaTeX Font Info:    Redeclaring math symbol \Phi on input line 46.
LaTeX Font Info:    Redeclaring math symbol \Psi on input line 46.
LaTeX Font Info:    Redeclaring math symbol \Omega on input line 46.
LaTeX Font Info:    Redeclaring math symbol \mathdollar on input line 46.
LaTeX Font Info:    Redeclaring symbol font `operators' on input line 46.
LaTeX Font Info:    Encoding `OT1' has changed to `TU' for symbol font
(Font)              `operators' in the math version `normal' on input line 46.
LaTeX Font Info:    Overwriting symbol font `operators' in version `normal'
(Font)                  OT1/cmr/m/n --> TU/FreeSerif(0)/m/n on input line 46.
LaTeX Font Info:    Encoding `OT1' has changed to `TU' for symbol font
(Font)              `operators' in the math version `bold' on input line 46.
LaTeX Font Info:    Overwriting symbol font `operators' in version `bold'
(Font)                  OT1/cmr/bx/n --> TU/FreeSerif(0)/m/n on input line 46.
LaTeX Font Info:    Overwriting symbol font `operators' in version `normal'
(Font)                  TU/FreeSerif(0)/m/n --> TU/FreeSerif(0)/m/n on input li
ne 46.
LaTeX Font Info:    Overwriting math alphabet `\mathit' in version `normal'
(Font)                  OT1/cmr/m/it --> TU/FreeSerif(0)/m/it on input line 46.

LaTeX Font Info:    Overwriting math alphabet `\mathbf' in version `normal'
(Font)                  OT1/cmr/bx/n --> TU/FreeSerif(0)/b/n on input line 46.
LaTeX Font Info:    Overwriting math alphabet `\mathsf' in version `normal'
(Font)                  OT1/cmss/m/n --> TU/lmss/m/n on input line 46.
LaTeX Font Info:    Overwriting math alphabet `\mathtt' in version `normal'
(Font)                  OT1/cmtt/m/n --> TU/lmtt/m/n on input line 46.
LaTeX Font Info:    Overwriting symbol font `operators' in version `bold'
(Font)                  TU/FreeSerif(0)/m/n --> TU/FreeSerif(0)/b/n on input li
ne 46.
LaTeX Font Info:    Overwriting math alphabet `\mathit' in version `bold'
(Font)                  OT1/cmr/bx/it --> TU/FreeSerif(0)/b/it on input line 46
.
LaTeX Font Info:    Overwriting math alphabet `\mathsf' in version `bold'
(Font)                  OT1/cmss/bx/n --> TU/lmss/b/n on input line 46.
LaTeX Font Info:    Overwriting math alphabet `\mathtt' in version `bold'
(Font)                  OT1/cmtt/m/n --> TU/lmtt/b/n on input line 46.

*geometry* driver: auto-detecting
*geometry* detected driver: luatex
*geometry* verbose mode - [ preamble ] result:
* driver: luatex
* paper: a4paper
* layout: <same size as paper>
* layoutoffset:(h,v)=(0.0pt,0.0pt)
* modes: 
* h-part:(L,W,R)=(72.26999pt, 452.9679pt, 72.26999pt)
* v-part:(T,H,B)=(72.26999pt, 700.50687pt, 72.26999pt)
* \paperwidth=597.50787pt
* \paperheight=845.04684pt
* \textwidth=452.9679pt
* \textheight=700.50687pt
* \oddsidemargin=0.0pt
* \evensidemargin=0.0pt
* \topmargin=-37.0pt
* \headheight=12.0pt
* \headsep=25.0pt
* \topskip=12.0pt
* \footskip=30.0pt
* \marginparwidth=44.0pt
* \marginparsep=10.0pt
* \columnsep=10.0pt
* \skip\footins=10.8pt plus 4.0pt minus 2.0pt
* \hoffset=0.0pt
* \voffset=0.0pt
* \mag=1000
* \@twocolumnfalse
* \@twosidefalse
* \@mparswitchfalse
* \@reversemarginfalse
* (1in=72.27pt=25.4mm, 1cm=28.453pt)

Package hyperref Info: Link coloring OFF on input line 46.
(./essay-03.out) (./essay-03.out)
\@outlinefile=\write4

\openout4 = essay-03.out

(/usr/local/texlive/2025/texmf-dist/tex/context/base/mkii/supp-pdf.mkii
[Loading MPS to PDF converter (version 2006.09.02).]
\scratchcounter=\count368
\scratchdimen=\dimen306
\scratchbox=\box68
\nofMPsegments=\count369
\nofMParguments=\count370
\everyMPshowfont=\toks45
\MPscratchCnt=\count371
\MPscratchDim=\dimen307
\MPnumerator=\count372
\makeMPintoPDFobject=\count373
\everyMPtoPDFconversion=\toks46
) (/usr/local/texlive/2025/texmf-dist/tex/latex/epstopdf-pkg/epstopdf-base.sty
Package: epstopdf-base 2020-01-24 v2.11 Base part for package epstopdf
Package epstopdf-base Info: Redefining graphics rule for `.eps' on input line 4
85.

(/usr/local/texlive/2025/texmf-dist/tex/latex/latexconfig/epstopdf-sys.cfg
File: epstopdf-sys.cfg 2010/07/13 v1.3 Configuration of (r)epstopdf for TeX Liv
e
))
LaTeX Font Info:    Trying to load font information for U+msa on input line 49.


(/usr/local/texlive/2025/texmf-dist/tex/latex/amsfonts/umsa.fd
File: umsa.fd 2013/01/14 v3.01 AMS symbols A
)
LaTeX Font Info:    Trying to load font information for U+msb on input line 49.


(/usr/local/texlive/2025/texmf-dist/tex/latex/amsfonts/umsb.fd
File: umsb.fd 2013/01/14 v3.01 AMS symbols B
)

[1

{/usr/local/texlive/2025/texmf-var/fonts/map/pdftex/updmap/pdftex.map}]

[2]
LaTeX Font Info:    Font shape `TU/Amiri(0)/m/n' will be
(Font)              scaled to size 12.0pt on input line 132.


[3]

[4]
Overfull \hbox (9.4083pt too wide) in paragraph at lines 160--161
[]\TU/FreeSerif(0)/m/n/12 Seen this way, the par-al-lels be-tween cap-ital-ism, lan-guage, ges-ture, and ecol-ogy are not metaphors
 []



[5]

[6]

[7]
Overfull \hbox (40.97694pt too wide) in paragraph at lines 350--351
[][]\TU/FreeSerif(0)/b/n/12 Corol-lary 1 \TU/FreeSerif(0)/m/n/12 (Default-app ch
oke-point)\TU/FreeSerif(0)/b/n/12 . []\TU/FreeSerif(0)/m/it/12 Let $\OML/cmm/m/
it/12 F$ \TU/FreeSerif(0)/m/it/12 be files, $\OML/cmm/m/it/12 E$ \TU/FreeSerif(
0)/m/it/12 eval-u-a-tors. Lazy $\OML/cmm/m/it/12 X[] \OT1/cmr/m/n/12 = \OML/cmm
/m/it/12 a \OMS/cmsy/m/n/12  \OML/cmm/m/it/12 T\OT1/cmr/m/n/12 ([] [][] [](\OM
L/cmm/m/it/12 e; f\OT1/cmr/m/n/12 ))$\TU/FreeSerif(0)/m/it/12 ,
 []

Missing character: There is no َ (U+064E) in font cmmi12!
Missing character: There is no َ (U+064E) in font cmmi12!
Missing character: There is no ِ (U+0650) in font cmmi12!
Missing character: There is no ِ (U+0650) in font cmmi12!
Missing character: There is no ُ (U+064F) in font cmmi12!


[8]
! Undefined control sequence.
l.410 \Lex
          (R) \;=\; \mathrm{colim}_{k}\, \{ M_k(\theta_v(R)) \mid v\in V \}.
? 
! Undefined control sequence.
l.416 ...\mathrm{forced}}(R)\big) \;<\; J\big(\Lex
                                                  (R)\big).
? 
! Undefined control sequence.
<recently read> \Lex 
                     
l.421 Let $\Lex
               _{\mathrm{forced}}(R)$ denote the set of forms obtained by ap...
? 
! Undefined control sequence.
<recently read> \Lex 
                     
l.422 In contrast, $\Lex
                        (R)$ first aggregates over all measures $M_k$ and th...
? 
! Undefined control sequence.
l.427 \iota:\ \Lex
                  _{\mathrm{forced}}(R) \hookrightarrow \Lex(R).
? 
! Undefined control sequence.
l.427 ...{\mathrm{forced}}(R) \hookrightarrow \Lex
                                                  (R).
? 
! Undefined control sequence.
l.430 we have $J(\Lex
                     _{\mathrm{forced}}(R))<J(\Lex(R))$.
? 
! Undefined control sequence.
l.430 we have $J(\Lex_{\mathrm{forced}}(R))<J(\Lex
                                                  (R))$.
? 
! Undefined control sequence.
l.459 \Lex
          _{\mathrm{forced}}(R)
? 
! Undefined control sequence.
l.464 \Lex
          (R)
? 


[9]
! Undefined control sequence.
l.476 J\big(\Lex
                (R)\big)\ >\ J\big(\Lex_{\mathrm{forced}}(R)\big).
? 
! Undefined control sequence.
l.476 J\big(\Lex(R)\big)\ >\ J\big(\Lex
                                       _{\mathrm{forced}}(R)\big).
? 
! Undefined control sequence.
l.488 ...superadditivity of $J$, we obtain $J(\Lex
                                                  _{\mathrm{forced}}(R))<J(\...
? 
! Undefined control sequence.
l.488 ...tain $J(\Lex_{\mathrm{forced}}(R))<J(\Lex
                                                  (R))$.
? 

LaTeX Font Warning: Font shape `TU/SBLHebrew(0)/b/n' undefined
(Font)              using `TU/SBLHebrew(0)/m/n' instead on input line 492.

LaTeX Font Info:    Font shape `TU/SBLHebrew(0)/m/n' will be
(Font)              scaled to size 12.0pt on input line 492.
! Font \TU/SBLHebrew(0)/m/n/12=name:SBL Hebrew:mode=harf;script=hebr;language=df
lt; at 12pt not loadable: metric data not found or bad.
<to be read again> 
                   relax 
l.492 C
       onsider $R=\,$\texthebrew{כתב}. In \emph{Qal}, common vocalization...
? 
Missing character: There is no כ (U+05DB) in font nullfont!
Missing character: There is no ־ (U+05BE) in font nullfont!
Missing character: There is no ת (U+05EA) in font nullfont!
Missing character: There is no ־ (U+05BE) in font nullfont!
Missing character: There is no ב (U+05D1) in font nullfont!
Missing character: There is no כ (U+05DB) in font nullfont!
Missing character: There is no ת (U+05EA) in font nullfont!
Missing character: There is no ב (U+05D1) in font nullfont!
Missing character: There is no כ (U+05DB) in font nullfont!
Missing character: There is no ָ (U+05B8) in font nullfont!
Missing character: There is no ּ (U+05BC) in font nullfont!
Missing character: There is no ת (U+05EA) in font nullfont!
Missing character: There is no ַ (U+05B7) in font nullfont!
Missing character: There is no ב (U+05D1) in font nullfont!
Missing character: There is no כ (U+05DB) in font nullfont!
Missing character: There is no ּ (U+05BC) in font nullfont!
Missing character: There is no ו (U+05D5) in font nullfont!
Missing character: There is no ֹ (U+05B9) in font nullfont!
Missing character: There is no ת (U+05EA) in font nullfont!
Missing character: There is no ֵ (U+05B5) in font nullfont!
Missing character: There is no ב (U+05D1) in font nullfont!
Missing character: There is no כ (U+05DB) in font nullfont!
Missing character: There is no ִ (U+05B4) in font nullfont!
Missing character: There is no ּ (U+05BC) in font nullfont!
Missing character: There is no ת (U+05EA) in font nullfont!
Missing character: There is no ֵ (U+05B5) in font nullfont!
Missing character: There is no ּ (U+05BC) in font nullfont!
Missing character: There is no ב (U+05D1) in font nullfont!
Missing character: There is no כ (U+05DB) in font nullfont!
Missing character: There is no ֻ (U+05BB) in font nullfont!
Missing character: There is no ּ (U+05BC) in font nullfont!
Missing character: There is no ת (U+05EA) in font nullfont!
Missing character: There is no ַ (U+05B7) in font nullfont!
Missing character: There is no ּ (U+05BC) in font nullfont!
Missing character: There is no ב (U+05D1) in font nullfont!
Missing character: There is no כ (U+05DB) in font nullfont!
Missing character: There is no ־ (U+05BE) in font nullfont!
Missing character: There is no ת (U+05EA) in font nullfont!
Missing character: There is no ־ (U+05BE) in font nullfont!
Missing character: There is no ב (U+05D1) in font nullfont!
Missing character: There is no כ (U+05DB) in font nullfont!
Missing character: There is no ת (U+05EA) in font nullfont!
Missing character: There is no ב (U+05D1) in font nullfont!
Missing character: There is no כ (U+05DB) in font nullfont!
Missing character: There is no ָ (U+05B8) in font nullfont!
Missing character: There is no ּ (U+05BC) in font nullfont!
Missing character: There is no ת (U+05EA) in font nullfont!
Missing character: There is no ַ (U+05B7) in font nullfont!
Missing character: There is no ב (U+05D1) in font nullfont!
Missing character: There is no כ (U+05DB) in font nullfont!
Missing character: There is no ּ (U+05BC) in font nullfont!
Missing character: There is no ו (U+05D5) in font nullfont!
Missing character: There is no ֹ (U+05B9) in font nullfont!
Missing character: There is no ת (U+05EA) in font nullfont!
Missing character: There is no ֵ (U+05B5) in font nullfont!
Missing character: There is no ב (U+05D1) in font nullfont!
Missing character: There is no כ (U+05DB) in font nullfont!
Missing character: There is no ִ (U+05B4) in font nullfont!
Missing character: There is no ּ (U+05BC) in font nullfont!
Missing character: There is no ת (U+05EA) in font nullfont!
Missing character: There is no ֵ (U+05B5) in font nullfont!
Missing character: There is no ּ (U+05BC) in font nullfont!
Missing character: There is no ב (U+05D1) in font nullfont!
Missing character: There is no כ (U+05DB) in font nullfont!
Missing character: There is no ֻ (U+05BB) in font nullfont!
Missing character: There is no ּ (U+05BC) in font nullfont!
Missing character: There is no ת (U+05EA) in font nullfont!
Missing character: There is no ַ (U+05B7) in font nullfont!
Missing character: There is no ּ (U+05BC) in font nullfont!
Missing character: There is no ב (U+05D1) in font nullfont!


[10
Missing character: There is no כ (U+05DB) in font nullfont!
Missing character: There is no ־ (U+05BE) in font nullfont!
Missing character: There is no ת (U+05EA) in font nullfont!
Missing character: There is no ־ (U+05BE) in font nullfont!
Missing character: There is no ב (U+05D1) in font nullfont!
Missing character: There is no כ (U+05DB) in font nullfont!
Missing character: There is no ת (U+05EA) in font nullfont!
Missing character: There is no ב (U+05D1) in font nullfont!
Missing character: There is no כ (U+05DB) in font nullfont!
Missing character: There is no ָ (U+05B8) in font nullfont!
Missing character: There is no ּ (U+05BC) in font nullfont!
Missing character: There is no ת (U+05EA) in font nullfont!
Missing character: There is no ַ (U+05B7) in font nullfont!
Missing character: There is no ב (U+05D1) in font nullfont!
Missing character: There is no כ (U+05DB) in font nullfont!
Missing character: There is no ּ (U+05BC) in font nullfont!
Missing character: There is no ו (U+05D5) in font nullfont!
Missing character: There is no ֹ (U+05B9) in font nullfont!
Missing character: There is no ת (U+05EA) in font nullfont!
Missing character: There is no ֵ (U+05B5) in font nullfont!
Missing character: There is no ב (U+05D1) in font nullfont!
Missing character: There is no כ (U+05DB) in font nullfont!
Missing character: There is no ִ (U+05B4) in font nullfont!
Missing character: There is no ּ (U+05BC) in font nullfont!
Missing character: There is no ת (U+05EA) in font nullfont!
Missing character: There is no ֵ (U+05B5) in font nullfont!
Missing character: There is no ּ (U+05BC) in font nullfont!
Missing character: There is no ב (U+05D1) in font nullfont!
Missing character: There is no כ (U+05DB) in font nullfont!
Missing character: There is no ֻ (U+05BB) in font nullfont!
Missing character: There is no ּ (U+05BC) in font nullfont!
Missing character: There is no ת (U+05EA) in font nullfont!
Missing character: There is no ַ (U+05B7) in font nullfont!
Missing character: There is no ּ (U+05BC) in font nullfont!
Missing character: There is no ב (U+05D1) in font nullfont!
]
Underfull \hbox (badness 10000) in paragraph at lines 534--534
[]|\TU/FreeSerif(0)/m/n/12 22 con-so-
 []


Underfull \hbox (badness 10000) in paragraph at lines 534--534
\TU/FreeSerif(0)/m/n/12 nants as
 []


Underfull \hbox (badness 10000) in paragraph at lines 534--534
\TU/FreeSerif(0)/m/n/12 sym-bolic
 []


Underfull \hbox (badness 10000) in paragraph at lines 534--534
\TU/FreeSerif(0)/m/n/12 skele-
 []


Underfull \hbox (badness 10000) in paragraph at lines 534--534
\TU/FreeSerif(0)/m/n/12 tons; high
 []


Underfull \hbox (badness 10000) in paragraph at lines 534--534
\TU/FreeSerif(0)/m/n/12 en-tropy
 []


Underfull \hbox (badness 10000) in paragraph at lines 534--534
[]|\TU/FreeSerif(0)/m/n/12 Con-so-
 []


Underfull \hbox (badness 10000) in paragraph at lines 534--534
\TU/FreeSerif(0)/m/n/12 nan-tal
 []


Underfull \hbox (badness 10000) in paragraph at lines 534--534
\TU/FreeSerif(0)/m/n/12 skele-tons;
 []


Underfull \hbox (badness 10000) in paragraph at lines 534--534
\OT1/cmr/m/n/12 $ \TU/FreeSerif(0)/m/n/12 re-mains
 []


Underfull \hbox (badness 10000) in paragraph at lines 534--534
\TU/FreeSerif(0)/m/n/12 un-evalu-ated
 []


Underfull \hbox (badness 10000) in paragraph at lines 534--534
[]|\TU/FreeSerif(0)/m/n/12 Con-so-nan-
 []


Underfull \hbox (badness 10000) in paragraph at lines 534--534
\TU/FreeSerif(0)/m/n/12 + ex-plicit
 []


Underfull \hbox (badness 10000) in paragraph at lines 534--534
\TU/FreeSerif(0)/m/n/12 vowel
 []


Underfull \hbox (badness 10000) in paragraph at lines 534--534
[]|\TU/FreeSerif(0)/m/n/12 Re-pur-posed
 []


Underfull \hbox (badness 10000) in paragraph at lines 534--534
\TU/FreeSerif(0)/m/n/12 con-so-nants
 []


Underfull \hbox (badness 10000) in paragraph at lines 534--534
\TU/FreeSerif(0)/m/n/12 as vow-els;
 []


Underfull \hbox (badness 10000) in paragraph at lines 534--534
\TU/FreeSerif(0)/m/n/12 lower en-
 []


Underfull \hbox (badness 10000) in paragraph at lines 534--534
[]|\TU/FreeSerif(0)/m/n/12 La-tinized
 []


Underfull \hbox (badness 10000) in paragraph at lines 534--534
\TU/FreeSerif(0)/m/n/12 Etr-uscan
 []


Underfull \hbox (badness 10000) in paragraph at lines 534--534
\TU/FreeSerif(0)/m/n/12 con-so-
 []


Underfull \hbox (badness 10000) in paragraph at lines 534--534
\TU/FreeSerif(0)/m/n/12 nant+vowel
 []


Underfull \hbox (badness 10000) in paragraph at lines 534--534
[]|\TU/FreeSerif(0)/m/n/12 Mor-phisms
 []


Underfull \hbox (badness 10000) in paragraph at lines 534--534
\TU/FreeSerif(0)/m/n/12 = adop-tion
 []


Underfull \hbox (badness 1052) in paragraph at lines 534--534
\TU/FreeSerif(0)/m/n/12 by dif-ferent
 []


Underfull \hbox (badness 10000) in paragraph at lines 534--534
\TU/FreeSerif(0)/m/n/12 cul-tures;
 []


Underfull \hbox (badness 10000) in paragraph at lines 534--534
\TU/FreeSerif(0)/m/n/12 open map-
 []


Overfull \hbox (12.84926pt too wide) in paragraph at lines 534--534
[]|\TU/FreeSerif(0)/m/n/12 Niqqud/maters
 []


Underfull \hbox (badness 10000) in paragraph at lines 534--534
\TU/FreeSerif(0)/m/n/12 added se-
 []


Underfull \hbox (badness 10000) in paragraph at lines 534--534
\TU/FreeSerif(0)/m/n/12 lec-tively;
 []


Underfull \hbox (badness 10000) in paragraph at lines 534--534
[]|\TU/FreeSerif(0)/m/n/12 Vowel di-
 []


Underfull \hbox (badness 10000) in paragraph at lines 534--534
\TU/FreeSerif(0)/m/n/12 acrit-ics +
 []


Underfull \hbox (badness 10000) in paragraph at lines 534--534
\TU/FreeSerif(0)/m/n/12 tem-platic
 []


Underfull \hbox (badness 10000) in paragraph at lines 534--534
\TU/FreeSerif(0)/m/n/12 mea-sures
 []


Underfull \hbox (badness 10000) in paragraph at lines 534--534
[]|\TU/FreeSerif(0)/m/n/12 Vowel as-
 []


Underfull \hbox (badness 10000) in paragraph at lines 534--534
\TU/FreeSerif(0)/m/n/12 sign-ment
 []


Underfull \hbox (badness 1173) in paragraph at lines 534--534
\TU/FreeSerif(0)/m/n/12 forces eval-
 []


Underfull \hbox (badness 10000) in paragraph at lines 534--534
[]|\TU/FreeSerif(0)/m/n/12 Ad-min-is-tra-
 []


Underfull \hbox (badness 10000) in paragraph at lines 534--534
\TU/FreeSerif(0)/m/n/12 tive flows
 []


Underfull \hbox (badness 10000) in paragraph at lines 534--534
\TU/FreeSerif(0)/m/n/12 stan-dard-
 []


Underfull \hbox (badness 5696) in paragraph at lines 534--534
\TU/FreeSerif(0)/m/n/12 ized across
 []


LaTeX Warning: `!h' float specifier changed to `!ht'.


Underfull \hbox (badness 10000) in paragraph at lines 571--572
[]|\TU/FreeSerif(0)/m/n/12 Ab-stract ac-tion/event (“do-ing,
 []


! LaTeX Error: \mathsf allowed only in math mode.

See the LaTeX manual or LaTeX Companion for explanation.
Type  H <return>  for immediate help.
 ...                                              
                                                  
l.573 ... “Doer” (agent noun); maps verb \Verb
                                                   to function $\iota \to o$...
? 

! LaTeX Error: \mathsf allowed only in math mode.

See the LaTeX manual or LaTeX Companion for explanation.
Type  H <return>  for immediate help.
 ...                                              
                                                  
l.575 ...Object” (patient noun); maps verb \Verb
                                                   to result/state. \\
? 

Underfull \hbox (badness 2495) in paragraph at lines 575--576
[]|\TU/FreeSerif(0)/m/n/12 “Ob-ject” (pa-tient noun); maps
 []


Underfull \hbox (badness 10000) in paragraph at lines 579--580
[]|\TU/FreeSerif(0)/m/n/12 Noun of lo-cus or oc-ca-sion
 []


Underfull \hbox (badness 10000) in paragraph at lines 581--582
[]|\TU/FreeSerif(0)/m/n/12 Nom-i-nal-iza-tion of qual-i-ties
 []


Overfull \hbox (71.13828pt too wide) in paragraph at lines 567--584
 [][] 
 []


! LaTeX Error: \mathsf allowed only in math mode.

See the LaTeX manual or LaTeX Companion for explanation.
Type  H <return>  for immediate help.
 ...                                              
                                                  
l.584 ... types in the Arabic Assembler calculus.}
                                                  
? 

! LaTeX Error: \mathsf allowed only in math mode.

See the LaTeX manual or LaTeX Companion for explanation.
Type  H <return>  for immediate help.
 ...                                              
                                                  
l.584 ... types in the Arabic Assembler calculus.}
                                                  
? 

! LaTeX Error: \mathsf allowed only in math mode.

See the LaTeX manual or LaTeX Companion for explanation.
Type  H <return>  for immediate help.
 ...                                              
                                                  
l.584 ... types in the Arabic Assembler calculus.}
                                                  
? 

! LaTeX Error: \mathsf allowed only in math mode.

See the LaTeX manual or LaTeX Companion for explanation.
Type  H <return>  for immediate help.
 ...                                              
                                                  
l.584 ... types in the Arabic Assembler calculus.}
                                                  
? 

LaTeX Warning: `!h' float specifier changed to `!ht'.


Overfull \hbox (286.04465pt too wide) in paragraph at lines 604--605
 [] 
 []



[11]

[12]
! Undefined control sequence.
\pgf@let@token ...ms/.cd,every label,]{\llbracket 
                                                  -\rrbracket }
l.637 \end{tikzcd}
                  
? 
! Undefined control sequence.
\pgf@let@token ... label,]{\llbracket -\rrbracket 
                                                  }
l.637 \end{tikzcd}
                  
? 

! Package pgf Error: No shape named `tikz@f@2-0-2' is known.

See the pgf package documentation for explanation.
Type  H <return>  for immediate help
...
l.634 I think the culprit is a tikzcd arrow in cell 2-2.
\errmessage ...currentrow -\tikzcd@currentcolumn }
                                                  
l.637 \end{tikzcd}
                  
? 

! Package pgf Error: No shape named `tikz@f@2-0-2' is known.

See the pgf package documentation for explanation.
Type  H <return>  for immediate help
...
l.634 I think the culprit is a tikzcd arrow in cell 2-2.
\errmessage ...currentrow -\tikzcd@currentcolumn }
                                                  
l.637 \end{tikzcd}
                  
? 

! Package pgf Error: No shape named `tikz@f@2-0-3' is known.

See the pgf package documentation for explanation.
Type  H <return>  for immediate help
...
l.635 I think the culprit is a tikzcd arrow in cell 2-3.
\errmessage ...currentrow -\tikzcd@currentcolumn }
                                                  
l.637 \end{tikzcd}
                  
? 

! Package pgf Error: No shape named `tikz@f@2-0-3' is known.

See the pgf package documentation for explanation.
Type  H <return>  for immediate help
...
l.635 I think the culprit is a tikzcd arrow in cell 2-3.
\errmessage ...currentrow -\tikzcd@currentcolumn }
                                                  
l.637 \end{tikzcd}
                  
? 


[13]
Overfull \hbox (36.10922pt too wide) in paragraph at lines 682--694
 [][] 
 []


LaTeX Warning: `!h' float specifier changed to `!ht'.

(./essay-03.bbl

[14]
Underfull \hbox (badness 1127) in paragraph at lines 9--14
[]\TU/FreeSerif(0)/m/n/12 CBC News.  White House scram-bles to clar-ify Trump pl
an to add $100k fee to visas
 []

)

[15] (./essay-03.aux)
 ***********
LaTeX2e <2025-06-01> patch level 1
L3 programming layer <2025-09-02>
 ***********


LaTeX Font Warning: Some font shapes were not available, defaults substituted.

Package rerunfilecheck Info: File `essay-03.out' has not changed.
(rerunfilecheck)             Checksum: A5D9AB4F24C0A3DCAAA50D1D40A6735A;7090.
)

Here is how much of LuaTeX's memory you used:
 26722 strings out of 476291
 156409,1144653 words of node,token memory allocated
 822 words of node memory still in use:
   6 hlist, 2 vlist, 2 rule, 3 glue, 4 kern, 1 glyph, 74 attribute, 62 glue_spec
, 74 attribute_list, 2 write, 1 pdf_action nodes
   avail lists: 1:4,2:2828,3:1263,4:50,5:4848,6:64,7:11755,8:68,9:954,10:9,11:91
0
 48216 multiletter control sequences out of 65536+600000
 112 fonts using 81061471 bytes
 116i,17n,114p,961b,1027s stack positions out of 10000i,1000n,20000p,200000b,200000s
</usr/local/texlive/2025/texmf-dist/fonts/opentype/public/lm/lmmono12-regular.ot
f></usr/local/texlive/2025/texmf-dist/fonts/opentype/public/lm/lmsans8-regular.o
tf></usr/local/texlive/2025/texmf-dist/fonts/opentype/public/lm/lmsans12-regular
.otf></usr/local/texlive/2025/texmf-dist/fonts/truetype/public/amiri/Amiri-Regul
ar.ttf></usr/share/fonts/opentype/freefont/FreeSerifItalic.otf></usr/share/fonts
/opentype/freefont/FreeSerifBold.otf></usr/share/fonts/opentype/freefont/FreeSer
if.otf></usr/local/texlive/2025/texmf-dist/fonts/type1/public/amsfonts/cm/cmbx12
.pfb></usr/local/texlive/2025/texmf-dist/fonts/type1/public/amsfonts/cm/cmex10.p
fb></usr/local/texlive/2025/texmf-dist/fonts/type1/public/amsfonts/cm/cmmi10.pfb
></usr/local/texlive/2025/texmf-dist/fonts/type1/public/amsfonts/cm/cmmi12.pfb><
/usr/local/texlive/2025/texmf-dist/fonts/type1/public/amsfonts/cm/cmmi6.pfb></us
r/local/texlive/2025/texmf-dist/fonts/type1/public/amsfonts/cm/cmmi8.pfb></usr/l
ocal/texlive/2025/texmf-dist/fonts/type1/public/amsfonts/cm/cmr12.pfb></usr/loca
l/texlive/2025/texmf-dist/fonts/type1/public/amsfonts/cm/cmr6.pfb></usr/local/te
xlive/2025/texmf-dist/fonts/type1/public/amsfonts/cm/cmr8.pfb></usr/local/texliv
e/2025/texmf-dist/fonts/type1/public/amsfonts/cm/cmsy10.pfb></usr/local/texlive/
2025/texmf-dist/fonts/type1/public/amsfonts/cm/cmsy6.pfb></usr/local/texlive/202
5/texmf-dist/fonts/type1/public/amsfonts/cm/cmsy8.pfb></usr/local/texlive/2025/t
exmf-dist/fonts/type1/public/amsfonts/symbols/msbm10.pfb>
Output written on essay-03.pdf (15 pages, 237378 bytes).

PDF statistics: 376 PDF objects out of 1000 (max. 8388607)
 317 compressed objects within 4 object streams
 79 named destinations out of 1000 (max. 131072)
 272 words of extra memory for PDF output out of 10000 (max. 100000000)

