\BOOKMARK [1][-]{section.1}{\376\377\000T\000h\000e\000\040\000E\000a\000r\000l\000y\000\040\000F\000r\000a\000m\000e\000\040\000\050\0001\0009\0005\0000\000s\000\040\000T\000e\000x\000t\000b\000o\000o\000k\000s\000\051}{}% 1
\BOOKMARK [1][-]{section.2}{\376\377\000C\000u\000l\000t\000u\000r\000a\000l\000\040\000I\000m\000a\000g\000i\000n\000a\000r\000i\000e\000s\000\040\000\050\0001\0009\0005\0007\040\023\0001\0009\0006\0002\000\051}{}% 2
\BOOKMARK [1][-]{section.3}{\376\377\000P\000l\000a\000t\000f\000o\000r\000m\000s\000\040\000a\000s\000\040\000E\000n\000c\000l\000o\000s\000u\000r\000e\000s}{}% 3
\BOOKMARK [1][-]{section.4}{\376\377\000C\000h\000o\000k\000e\000p\000o\000i\000n\000t\000\040\000C\000a\000p\000i\000t\000a\000l\000i\000s\000m}{}% 4
\BOOKMARK [1][-]{section.5}{\376\377\000C\000o\000n\000t\000i\000n\000u\000i\000t\000y\000\040\000o\000f\000\040\000C\000o\000n\000s\000t\000r\000a\000i\000n\000t\000\040\000C\000y\000c\000l\000e\000s}{}% 5
\BOOKMARK [1][-]{section.6}{\376\377\000R\000S\000V\000P\000\040\000a\000n\000d\000\040\000S\000e\000m\000a\000n\000t\000i\000c\000\040\000I\000n\000f\000r\000a\000s\000t\000r\000u\000c\000t\000u\000r\000e\000s}{}% 6
\BOOKMARK [1][-]{section.7}{\376\377\000S\000e\000m\000a\000n\000t\000i\000c\000\040\000I\000n\000f\000r\000a\000s\000t\000r\000u\000c\000t\000u\000r\000e\000\040\000B\000e\000y\000o\000n\000d\000\040\000C\000h\000o\000k\000e\000p\000o\000i\000n\000t\000s}{}% 7
\BOOKMARK [1][-]{section.8}{\376\377\000C\000o\000n\000v\000e\000r\000s\000a\000t\000i\000o\000n\000s\000\040\000a\000n\000d\000\040\000A\000r\000t\000w\000o\000r\000k\000s\000\040\000a\000s\000\040\000C\000o\000n\000t\000e\000x\000t\000-\000T\000r\000a\000i\000n\000e\000d\000\040\000B\000o\000t\000s}{}% 8
\BOOKMARK [1][-]{section.9}{\376\377\000G\000e\000n\000e\000r\000a\000t\000i\000v\000e\000\040\000C\000i\000n\000e\000m\000a\000\040\000a\000s\000\040\000a\000\040\000C\000a\000s\000e\000\040\000S\000t\000u\000d\000y}{}% 9
\BOOKMARK [1][-]{section.10}{\376\377\000C\000o\000n\000c\000l\000u\000s\000i\000o\000n\000:\000\040\000K\000e\000e\000p\000i\000n\000g\000\040\000t\000h\000e\000\040\000P\000l\000e\000n\000u\000m\000\040\000O\000p\000e\000n}{}% 10
\BOOKMARK [1][-]{appendix.A}{\376\377\000M\000a\000t\000h\000e\000m\000a\000t\000i\000c\000a\000l\000\040\000F\000o\000r\000m\000a\000l\000i\000s\000m}{}% 11
\BOOKMARK [2][-]{subsection.A.1}{\376\377\000C\000a\000t\000e\000g\000o\000r\000i\000e\000s\000\040\000o\000f\000\040\000C\000o\000n\000t\000e\000x\000t\000\040\000a\000n\000d\000\040\000G\000e\000n\000e\000r\000a\000t\000i\000o\000n}{appendix.A}% 12
\BOOKMARK [2][-]{subsection.A.2}{\376\377\000S\000h\000e\000a\000f\000-\000T\000h\000e\000o\000r\000e\000t\000i\000c\000\040\000E\000n\000c\000o\000d\000i\000n\000g}{appendix.A}% 13
\BOOKMARK [2][-]{subsection.A.3}{\376\377\000R\000S\000V\000P\000\040\000F\000i\000e\000l\000d\000\040\000M\000a\000p\000p\000i\000n\000g}{appendix.A}% 14
\BOOKMARK [2][-]{subsection.A.4}{\376\377\000T\000h\000e\000o\000r\000e\000m\000\040\000a\000n\000d\000\040\000C\000o\000r\000o\000l\000l\000a\000r\000y}{appendix.A}% 15
\BOOKMARK [2][-]{subsection.A.5}{\376\377\000E\000n\000e\000r\000g\000y\000\040\000F\000u\000n\000c\000t\000i\000o\000n\000a\000l\000\040\000f\000o\000r\000\040\000G\000e\000n\000e\000r\000a\000t\000i\000v\000e\000\040\000C\000i\000n\000e\000m\000a}{appendix.A}% 16
\BOOKMARK [2][-]{subsection.A.6}{\376\377\000G\000e\000n\000e\000r\000a\000l\000\040\000C\000o\000n\000s\000t\000r\000a\000i\000n\000t\000\040\000C\000y\000c\000l\000e}{appendix.A}% 17
\BOOKMARK [1][-]{appendix.B}{\376\377\000N\000o\000t\000a\000t\000i\000o\000n}{}% 18
\BOOKMARK [1][-]{appendix.C}{\376\377\000E\000x\000a\000m\000p\000l\000e\000:\000\040\000F\000r\000o\000m\000\040\000G\000o\000s\000s\000i\000p\000\040\000t\000o\000\040\000D\000e\000r\000i\000v\000e\000d\000\040\000S\000h\000e\000a\000v\000e\000s}{}% 19
\BOOKMARK [1][-]{appendix.D}{\376\377\000G\000e\000n\000e\000r\000a\000t\000i\000v\000e\000\040\000C\000i\000n\000e\000m\000a\000:\000\040\000S\000h\000a\000k\000e\000s\000p\000e\000a\000r\000e\000\040\000v\000s\000.\000\040\000N\000e\000t\000f\000l\000i\000x}{}% 20
