Script started at Mon Sep 22 20:17:17 ADT 2025
Summaries will be saved to background.txt
Processing Arabic assembler calculus.txt
Temporary directory created: /mnt/c/Users/nateg/OneDrive/Documentos/GitHub/kitbash/operations/background/tmp_Arabicassemblercalculus.txt_wbVxfq
File split into chunks: /mnt/c/Users/nateg/OneDrive/Documentos/GitHub/kitbash/operations/background/tmp_Arabicassemblercalculus.txt_wbVxfq/chunk_aa
Temporary directory /mnt/c/Users/nateg/OneDrive/Documentos/GitHub/kitbash/operations/background/tmp_Arabicassemblercalculus.txt_wbVxfq removed
Arabic assembler calculus.txt
Processing Convincing others of ideas.txt
Temporary directory created: /mnt/c/Users/nateg/OneDrive/Documentos/GitHub/kitbash/operations/background/tmp_Convincingothersofideas.txt_dfgJKr
File split into chunks: /mnt/c/Users/nateg/OneDrive/Documentos/GitHub/kitbash/operations/background/tmp_Convincingothersofideas.txt_dfgJKr/chunk_aa
/mnt/c/Users/nateg/OneDrive/Documentos/GitHub/kitbash/operations/background/tmp_Convincingothersofideas.txt_dfgJKr/chunk_ab
/mnt/c/Users/nateg/OneDrive/Documentos/GitHub/kitbash/operations/background/tmp_Convincingothersofideas.txt_dfgJKr/chunk_ac
/mnt/c/Users/nateg/OneDrive/Documentos/GitHub/kitbash/operations/background/tmp_Convincingothersofideas.txt_dfgJKr/chunk_ad
/mnt/c/Users/nateg/OneDrive/Documentos/GitHub/kitbash/operations/background/tmp_Convincingothersofideas.txt_dfgJKr/chunk_ae
/mnt/c/Users/nateg/OneDrive/Documentos/GitHub/kitbash/operations/background/tmp_Convincingothersofideas.txt_dfgJKr/chunk_af
Temporary directory /mnt/c/Users/nateg/OneDrive/Documentos/GitHub/kitbash/operations/background/tmp_Convincingothersofideas.txt_dfgJKr removed
Convincing others of ideas.txt
Processing Disjunctive argument analysis.txt
Temporary directory created: /mnt/c/Users/nateg/OneDrive/Documentos/GitHub/kitbash/operations/background/tmp_Disjunctiveargumentanalysis.txt_qhXAWI
File split into chunks: /mnt/c/Users/nateg/OneDrive/Documentos/GitHub/kitbash/operations/background/tmp_Disjunctiveargumentanalysis.txt_qhXAWI/chunk_aa
/mnt/c/Users/nateg/OneDrive/Documentos/GitHub/kitbash/operations/background/tmp_Disjunctiveargumentanalysis.txt_qhXAWI/chunk_ab
/mnt/c/Users/nateg/OneDrive/Documentos/GitHub/kitbash/operations/background/tmp_Disjunctiveargumentanalysis.txt_qhXAWI/chunk_ac
/mnt/c/Users/nateg/OneDrive/Documentos/GitHub/kitbash/operations/background/tmp_Disjunctiveargumentanalysis.txt_qhXAWI/chunk_ad
/mnt/c/Users/nateg/OneDrive/Documentos/GitHub/kitbash/operations/background/tmp_Disjunctiveargumentanalysis.txt_qhXAWI/chunk_ae
/mnt/c/Users/nateg/OneDrive/Documentos/GitHub/kitbash/operations/background/tmp_Disjunctiveargumentanalysis.txt_qhXAWI/chunk_af
/mnt/c/Users/nateg/OneDrive/Documentos/GitHub/kitbash/operations/background/tmp_Disjunctiveargumentanalysis.txt_qhXAWI/chunk_ag
/mnt/c/Users/nateg/OneDrive/Documentos/GitHub/kitbash/operations/background/tmp_Disjunctiveargumentanalysis.txt_qhXAWI/chunk_ah
/mnt/c/Users/nateg/OneDrive/Documentos/GitHub/kitbash/operations/background/tmp_Disjunctiveargumentanalysis.txt_qhXAWI/chunk_ai
/mnt/c/Users/nateg/OneDrive/Documentos/GitHub/kitbash/operations/background/tmp_Disjunctiveargumentanalysis.txt_qhXAWI/chunk_aj
/mnt/c/Users/nateg/OneDrive/Documentos/GitHub/kitbash/operations/background/tmp_Disjunctiveargumentanalysis.txt_qhXAWI/chunk_ak
/mnt/c/Users/nateg/OneDrive/Documentos/GitHub/kitbash/operations/background/tmp_Disjunctiveargumentanalysis.txt_qhXAWI/chunk_al
/mnt/c/Users/nateg/OneDrive/Documentos/GitHub/kitbash/operations/background/tmp_Disjunctiveargumentanalysis.txt_qhXAWI/chunk_am
/mnt/c/Users/nateg/OneDrive/Documentos/GitHub/kitbash/operations/background/tmp_Disjunctiveargumentanalysis.txt_qhXAWI/chunk_an
/mnt/c/Users/nateg/OneDrive/Documentos/GitHub/kitbash/operations/background/tmp_Disjunctiveargumentanalysis.txt_qhXAWI/chunk_ao
/mnt/c/Users/nateg/OneDrive/Documentos/GitHub/kitbash/operations/background/tmp_Disjunctiveargumentanalysis.txt_qhXAWI/chunk_ap
/mnt/c/Users/nateg/OneDrive/Documentos/GitHub/kitbash/operations/background/tmp_Disjunctiveargumentanalysis.txt_qhXAWI/chunk_aq
/mnt/c/Users/nateg/OneDrive/Documentos/GitHub/kitbash/operations/background/tmp_Disjunctiveargumentanalysis.txt_qhXAWI/chunk_ar
/mnt/c/Users/nateg/OneDrive/Documentos/GitHub/kitbash/operations/background/tmp_Disjunctiveargumentanalysis.txt_qhXAWI/chunk_as
/mnt/c/Users/nateg/OneDrive/Documentos/GitHub/kitbash/operations/background/tmp_Disjunctiveargumentanalysis.txt_qhXAWI/chunk_at
/mnt/c/Users/nateg/OneDrive/Documentos/GitHub/kitbash/operations/background/tmp_Disjunctiveargumentanalysis.txt_qhXAWI/chunk_au
/mnt/c/Users/nateg/OneDrive/Documentos/GitHub/kitbash/operations/background/tmp_Disjunctiveargumentanalysis.txt_qhXAWI/chunk_av
Temporary directory /mnt/c/Users/nateg/OneDrive/Documentos/GitHub/kitbash/operations/background/tmp_Disjunctiveargumentanalysis.txt_qhXAWI removed
Disjunctive argument analysis.txt
Processing Geometric hyperscanning overview.txt
Temporary directory created: /mnt/c/Users/nateg/OneDrive/Documentos/GitHub/kitbash/operations/background/tmp_Geometrichyperscanningoverview.txt_ui0z1R
File split into chunks: /mnt/c/Users/nateg/OneDrive/Documentos/GitHub/kitbash/operations/background/tmp_Geometrichyperscanningoverview.txt_ui0z1R/chunk_aa
/mnt/c/Users/nateg/OneDrive/Documentos/GitHub/kitbash/operations/background/tmp_Geometrichyperscanningoverview.txt_ui0z1R/chunk_ab
/mnt/c/Users/nateg/OneDrive/Documentos/GitHub/kitbash/operations/background/tmp_Geometrichyperscanningoverview.txt_ui0z1R/chunk_ac
/mnt/c/Users/nateg/OneDrive/Documentos/GitHub/kitbash/operations/background/tmp_Geometrichyperscanningoverview.txt_ui0z1R/chunk_ad
/mnt/c/Users/nateg/OneDrive/Documentos/GitHub/kitbash/operations/background/tmp_Geometrichyperscanningoverview.txt_ui0z1R/chunk_ae
/mnt/c/Users/nateg/OneDrive/Documentos/GitHub/kitbash/operations/background/tmp_Geometrichyperscanningoverview.txt_ui0z1R/chunk_af
/mnt/c/Users/nateg/OneDrive/Documentos/GitHub/kitbash/operations/background/tmp_Geometrichyperscanningoverview.txt_ui0z1R/chunk_ag
/mnt/c/Users/nateg/OneDrive/Documentos/GitHub/kitbash/operations/background/tmp_Geometrichyperscanningoverview.txt_ui0z1R/chunk_ah
/mnt/c/Users/nateg/OneDrive/Documentos/GitHub/kitbash/operations/background/tmp_Geometrichyperscanningoverview.txt_ui0z1R/chunk_ai
/mnt/c/Users/nateg/OneDrive/Documentos/GitHub/kitbash/operations/background/tmp_Geometrichyperscanningoverview.txt_ui0z1R/chunk_aj
/mnt/c/Users/nateg/OneDrive/Documentos/GitHub/kitbash/operations/background/tmp_Geometrichyperscanningoverview.txt_ui0z1R/chunk_ak
/mnt/c/Users/nateg/OneDrive/Documentos/GitHub/kitbash/operations/background/tmp_Geometrichyperscanningoverview.txt_ui0z1R/chunk_al
/mnt/c/Users/nateg/OneDrive/Documentos/GitHub/kitbash/operations/background/tmp_Geometrichyperscanningoverview.txt_ui0z1R/chunk_am
/mnt/c/Users/nateg/OneDrive/Documentos/GitHub/kitbash/operations/background/tmp_Geometrichyperscanningoverview.txt_ui0z1R/chunk_an
/mnt/c/Users/nateg/OneDrive/Documentos/GitHub/kitbash/operations/background/tmp_Geometrichyperscanningoverview.txt_ui0z1R/chunk_ao
/mnt/c/Users/nateg/OneDrive/Documentos/GitHub/kitbash/operations/background/tmp_Geometrichyperscanningoverview.txt_ui0z1R/chunk_ap
/mnt/c/Users/nateg/OneDrive/Documentos/GitHub/kitbash/operations/background/tmp_Geometrichyperscanningoverview.txt_ui0z1R/chunk_aq
/mnt/c/Users/nateg/OneDrive/Documentos/GitHub/kitbash/operations/background/tmp_Geometrichyperscanningoverview.txt_ui0z1R/chunk_ar
/mnt/c/Users/nateg/OneDrive/Documentos/GitHub/kitbash/operations/background/tmp_Geometrichyperscanningoverview.txt_ui0z1R/chunk_as
/mnt/c/Users/nateg/OneDrive/Documentos/GitHub/kitbash/operations/background/tmp_Geometrichyperscanningoverview.txt_ui0z1R/chunk_at
Temporary directory /mnt/c/Users/nateg/OneDrive/Documentos/GitHub/kitbash/operations/background/tmp_Geometrichyperscanningoverview.txt_ui0z1R removed
Geometric hyperscanning overview.txt
Processing Information loss in VLMs.txt
Temporary directory created: /mnt/c/Users/nateg/OneDrive/Documentos/GitHub/kitbash/operations/background/tmp_InformationlossinVLMs.txt_awOgYY
File split into chunks: /mnt/c/Users/nateg/OneDrive/Documentos/GitHub/kitbash/operations/background/tmp_InformationlossinVLMs.txt_awOgYY/chunk_aa
/mnt/c/Users/nateg/OneDrive/Documentos/GitHub/kitbash/operations/background/tmp_InformationlossinVLMs.txt_awOgYY/chunk_ab
/mnt/c/Users/nateg/OneDrive/Documentos/GitHub/kitbash/operations/background/tmp_InformationlossinVLMs.txt_awOgYY/chunk_ac
/mnt/c/Users/nateg/OneDrive/Documentos/GitHub/kitbash/operations/background/tmp_InformationlossinVLMs.txt_awOgYY/chunk_ad
Temporary directory /mnt/c/Users/nateg/OneDrive/Documentos/GitHub/kitbash/operations/background/tmp_InformationlossinVLMs.txt_awOgYY removed
Information loss in VLMs.txt
Processing LaTeX draft feedback.txt
Temporary directory created: /mnt/c/Users/nateg/OneDrive/Documentos/GitHub/kitbash/operations/background/tmp_LaTeXdraftfeedback.txt_l2E60x
File split into chunks: /mnt/c/Users/nateg/OneDrive/Documentos/GitHub/kitbash/operations/background/tmp_LaTeXdraftfeedback.txt_l2E60x/chunk_aa
Temporary directory /mnt/c/Users/nateg/OneDrive/Documentos/GitHub/kitbash/operations/background/tmp_LaTeXdraftfeedback.txt_l2E60x removed
LaTeX draft feedback.txt
Processing Manuscript integration guidance.txt
Temporary directory created: /mnt/c/Users/nateg/OneDrive/Documentos/GitHub/kitbash/operations/background/tmp_Manuscriptintegrationguidance.txt_xfuJu5
File split into chunks: /mnt/c/Users/nateg/OneDrive/Documentos/GitHub/kitbash/operations/background/tmp_Manuscriptintegrationguidance.txt_xfuJu5/chunk_aa
Temporary directory /mnt/c/Users/nateg/OneDrive/Documentos/GitHub/kitbash/operations/background/tmp_Manuscriptintegrationguidance.txt_xfuJu5 removed
Manuscript integration guidance.txt
Processing Mobile vs desktop capabilities.txt
Temporary directory created: /mnt/c/Users/nateg/OneDrive/Documentos/GitHub/kitbash/operations/background/tmp_Mobilevsdesktopcapabilities.txt_hltEkW
File split into chunks: /mnt/c/Users/nateg/OneDrive/Documentos/GitHub/kitbash/operations/background/tmp_Mobilevsdesktopcapabilities.txt_hltEkW/chunk_aa
/mnt/c/Users/nateg/OneDrive/Documentos/GitHub/kitbash/operations/background/tmp_Mobilevsdesktopcapabilities.txt_hltEkW/chunk_ab
/mnt/c/Users/nateg/OneDrive/Documentos/GitHub/kitbash/operations/background/tmp_Mobilevsdesktopcapabilities.txt_hltEkW/chunk_ac
/mnt/c/Users/nateg/OneDrive/Documentos/GitHub/kitbash/operations/background/tmp_Mobilevsdesktopcapabilities.txt_hltEkW/chunk_ad
/mnt/c/Users/nateg/OneDrive/Documentos/GitHub/kitbash/operations/background/tmp_Mobilevsdesktopcapabilities.txt_hltEkW/chunk_ae
/mnt/c/Users/nateg/OneDrive/Documentos/GitHub/kitbash/operations/background/tmp_Mobilevsdesktopcapabilities.txt_hltEkW/chunk_af
/mnt/c/Users/nateg/OneDrive/Documentos/GitHub/kitbash/operations/background/tmp_Mobilevsdesktopcapabilities.txt_hltEkW/chunk_ag
/mnt/c/Users/nateg/OneDrive/Documentos/GitHub/kitbash/operations/background/tmp_Mobilevsdesktopcapabilities.txt_hltEkW/chunk_ah
Temporary directory /mnt/c/Users/nateg/OneDrive/Documentos/GitHub/kitbash/operations/background/tmp_Mobilevsdesktopcapabilities.txt_hltEkW removed
Mobile vs desktop capabilities.txt
Processing Role of silence in knowledge.txt
Temporary directory created: /mnt/c/Users/nateg/OneDrive/Documentos/GitHub/kitbash/operations/background/tmp_Roleofsilenceinknowledge.txt_r94RUf
File split into chunks: /mnt/c/Users/nateg/OneDrive/Documentos/GitHub/kitbash/operations/background/tmp_Roleofsilenceinknowledge.txt_r94RUf/chunk_aa
/mnt/c/Users/nateg/OneDrive/Documentos/GitHub/kitbash/operations/background/tmp_Roleofsilenceinknowledge.txt_r94RUf/chunk_ab
/mnt/c/Users/nateg/OneDrive/Documentos/GitHub/kitbash/operations/background/tmp_Roleofsilenceinknowledge.txt_r94RUf/chunk_ac
/mnt/c/Users/nateg/OneDrive/Documentos/GitHub/kitbash/operations/background/tmp_Roleofsilenceinknowledge.txt_r94RUf/chunk_ad
Temporary directory /mnt/c/Users/nateg/OneDrive/Documentos/GitHub/kitbash/operations/background/tmp_Roleofsilenceinknowledge.txt_r94RUf removed
Role of silence in knowledge.txt
Script completed at Mon Sep 22 21:26:25 ADT 2025
