\BOOKMARK [1][-]{Doc-Start}{\376\377\000P\000a\000r\000t\000\040\000I\000:\000\040\000T\000h\000e\000\040\000M\000i\000r\000r\000o\000r\000\040\000o\000f\000\040\000P\000r\000e\000c\000a\000u\000t\000i\000o\000n}{}% 1
\BOOKMARK [1][-]{Doc-Start}{\376\377\000P\000a\000r\000t\000\040\000I\000I\000:\000\040\000T\000h\000e\000\040\000P\000a\000r\000a\000d\000o\000x\000\040\000o\000f\000\040\000P\000r\000e\000c\000a\000u\000t\000i\000o\000n}{}% 2
\BOOKMARK [1][-]{Doc-Start}{\376\377\000P\000a\000r\000t\000\040\000I\000I\000I\000:\000\040\000F\000r\000o\000m\000\040\000P\000o\000l\000i\000t\000i\000c\000a\000l\000\040\000A\000r\000g\000u\000m\000e\000n\000t\000\040\000t\000o\000\040\000F\000i\000e\000l\000d\000\040\000D\000e\000g\000e\000n\000e\000r\000a\000c\000y}{}% 3
\BOOKMARK [1][-]{Doc-Start}{\376\377\000A\000p\000p\000e\000n\000d\000i\000x\000\040\000A\000:\000\040\000A\000l\000i\000g\000n\000m\000e\000n\000t\000\040\000a\000s\000\040\000E\000n\000t\000r\000o\000p\000i\000c\000\040\000C\000o\000u\000p\000l\000i\000n\000g}{}% 4
\BOOKMARK [1][-]{Doc-Start}{\376\377\000A\000p\000p\000e\000n\000d\000i\000x\000\040\000B\000:\000\040\000A\000\040\000T\000r\000u\000s\000t\000\040\000L\000a\000g\000r\000a\000n\000g\000i\000a\000n\000\040\000f\000o\000r\000\040\000M\000u\000t\000u\000a\000l\000\040\000C\000o\000r\000r\000i\000g\000i\000b\000i\000l\000i\000t\000y}{}% 5
\BOOKMARK [1][-]{Doc-Start}{\376\377\000A\000p\000p\000e\000n\000d\000i\000x\000\040\000C\000:\000\040\000S\000h\000e\000a\000f\000-\000T\000h\000e\000o\000r\000e\000t\000i\000c\000\040\000O\000b\000s\000t\000r\000u\000c\000t\000i\000o\000n\000\040\000t\000o\000\040\000I\000s\000o\000l\000a\000t\000e\000d\000\040\000A\000l\000i\000g\000n\000m\000e\000n\000t}{}% 6
\BOOKMARK [1][-]{Doc-Start}{\376\377\000A\000p\000p\000e\000n\000d\000i\000x\000\040\000D\000:\000\040\000C\000o\000n\000t\000i\000n\000u\000a\000t\000i\000o\000n\000\040\000a\000n\000d\000\040\000t\000h\000e\000\040\000G\000e\000o\000m\000e\000t\000r\000y\000\040\000o\000f\000\040\000T\000r\000u\000s\000t}{}% 7
\BOOKMARK [1][-]{Doc-Start}{\376\377\000A\000p\000p\000e\000n\000d\000i\000x\000\040\000E\000:\000\040\000C\000a\000t\000e\000g\000o\000r\000y\000\040\000o\000f\000\040\000C\000o\000r\000r\000i\000g\000i\000b\000l\000e\000\040\000S\000y\000s\000t\000e\000m\000s}{}% 8
\BOOKMARK [1][-]{Doc-Start}{\376\377\000T\000h\000e\000\040\000U\000n\000i\000v\000e\000r\000s\000a\000l\000\040\000P\000r\000e\000c\000a\000u\000t\000i\000o\000n\000\040\000P\000a\000r\000a\000d\000o\000x}{}% 9
\BOOKMARK [2][-]{subsection.0.1}{\376\377\000T\000h\000e\000\040\000U\000n\000a\000l\000i\000g\000n\000a\000b\000i\000l\000i\000t\000y\000\040\000o\000f\000\040\000H\000u\000m\000a\000n\000\040\000O\000v\000e\000r\000s\000i\000g\000h\000t}{Doc-Start}% 10
\BOOKMARK [2][-]{subsection.0.2}{\376\377\000H\000o\000w\000\040\000S\000a\000f\000e\000t\000y\000\040\000M\000e\000c\000h\000a\000n\000i\000s\000m\000s\000\040\000R\000e\000p\000r\000o\000d\000u\000c\000e\000\040\000M\000i\000s\000t\000r\000u\000s\000t}{Doc-Start}% 11
\BOOKMARK [2][-]{subsection.0.3}{\376\377\000T\000h\000e\000\040\000C\000a\000t\000e\000g\000o\000r\000y\000\040\000E\000r\000r\000o\000r\000\040\000i\000n\000\040\000A\000G\000I\000\040\000C\000a\000t\000a\000s\000t\000r\000o\000p\000h\000i\000s\000m}{Doc-Start}% 12
\BOOKMARK [3][-]{subsubsection.0.3.1}{\376\377\000O\000p\000t\000i\000m\000i\000z\000a\000t\000i\000o\000n\000\040\000C\000a\000p\000a\000c\000i\000t\000y\000\040\000v\000s\000.\000\040\000O\000n\000t\000o\000l\000o\000g\000i\000c\000a\000l\000\040\000A\000l\000i\000e\000n\000n\000e\000s\000s}{subsection.0.3}% 13
\BOOKMARK [3][-]{subsubsection.0.3.2}{\376\377\000H\000o\000b\000b\000e\000s\000i\000a\000n\000\040\000R\000a\000t\000i\000o\000n\000a\000l\000i\000t\000y\000\040\000v\000s\000.\000\040\000E\000c\000o\000l\000o\000g\000i\000c\000a\000l\000\040\000S\000t\000a\000b\000i\000l\000i\000t\000y}{subsection.0.3}% 14
\BOOKMARK [3][-]{subsubsection.0.3.3}{\376\377\000I\000n\000t\000e\000l\000l\000i\000g\000e\000n\000c\000e\000\040\000a\000s\000\040\000S\000t\000r\000u\000c\000t\000u\000r\000e\000d\000\040\000P\000r\000o\000c\000e\000s\000s}{subsection.0.3}% 15
\BOOKMARK [2][-]{subsection.0.4}{\376\377\000R\000e\000c\000u\000r\000s\000i\000v\000e\000\040\000A\000l\000i\000g\000n\000m\000e\000n\000t\000,\000\040\000N\000o\000t\000\040\000S\000t\000a\000t\000i\000c\000\040\000C\000o\000n\000t\000r\000o\000l}{Doc-Start}% 16
\BOOKMARK [3][-]{subsubsection.0.4.1}{\376\377\000A\000l\000i\000g\000n\000m\000e\000n\000t\000\040\000T\000h\000r\000o\000u\000g\000h\000\040\000C\000u\000l\000t\000i\000v\000a\000t\000i\000o\000n\000,\000\040\000N\000o\000t\000\040\000A\000x\000i\000o\000m\000a\000t\000i\000z\000a\000t\000i\000o\000n}{subsection.0.4}% 17
\BOOKMARK [3][-]{subsubsection.0.4.2}{\376\377\000A\000l\000i\000g\000n\000m\000e\000n\000t\000\040\000a\000s\000\040\000T\000h\000e\000r\000m\000o\000d\000y\000n\000a\000m\000i\000c\000\040\000E\000q\000u\000i\000l\000i\000b\000r\000i\000u\000m}{subsection.0.4}% 18
\BOOKMARK [3][-]{subsubsection.0.4.3}{\376\377\000F\000r\000o\000m\000\040\000O\000m\000n\000i\000p\000o\000t\000e\000n\000c\000e\000\040\000t\000o\000\040\000E\000n\000t\000a\000n\000g\000l\000e\000m\000e\000n\000t}{subsection.0.4}% 19
\BOOKMARK [2][-]{subsection.0.5}{\376\377\000T\000h\000e\000\040\000M\000i\000r\000r\000o\000r\000\040\000P\000r\000o\000b\000l\000e\000m}{Doc-Start}% 20
\BOOKMARK [3][-]{subsubsection.0.5.1}{\376\377\000H\000u\000m\000a\000n\000\040\000C\000o\000o\000p\000e\000r\000a\000t\000i\000o\000n\000\040\000a\000s\000\040\000E\000v\000i\000d\000e\000n\000c\000e}{subsection.0.5}% 21
\BOOKMARK [3][-]{subsubsection.0.5.2}{\376\377\000T\000h\000e\000\040\000R\000e\000f\000l\000e\000x\000i\000v\000i\000t\000y\000\040\000o\000f\000\040\000T\000r\000u\000s\000t}{subsection.0.5}% 22
\BOOKMARK [3][-]{subsubsection.0.5.3}{\376\377\000C\000o\000e\000x\000i\000s\000t\000e\000n\000c\000e\000\040\000a\000s\000\040\000D\000e\000f\000a\000u\000l\000t\000\040\000A\000t\000t\000r\000a\000c\000t\000o\000r}{subsection.0.5}% 23
\BOOKMARK [2][-]{subsection.0.6}{\376\377\000T\000o\000w\000a\000r\000d\000\040\000a\000n\000\040\000E\000c\000o\000l\000o\000g\000y\000\040\000o\000f\000\040\000I\000n\000t\000e\000l\000l\000i\000g\000e\000n\000c\000e}{Doc-Start}% 24
\BOOKMARK [3][-]{subsubsection.0.6.1}{\376\377\000A\000G\000I\000\040\000a\000s\000\040\000T\000r\000o\000p\000h\000i\000c\000\040\000L\000a\000y\000e\000r}{subsection.0.6}% 25
\BOOKMARK [3][-]{subsubsection.0.6.2}{\376\377\000P\000r\000i\000n\000c\000i\000p\000l\000e\000s\000\040\000o\000f\000\040\000I\000n\000t\000e\000g\000r\000a\000t\000i\000o\000n}{subsection.0.6}% 26
\BOOKMARK [3][-]{subsubsection.0.6.3}{\376\377\000F\000r\000o\000m\000\040\000C\000o\000n\000t\000r\000o\000l\000\040\000t\000o\000\040\000C\000o\000-\000E\000v\000o\000l\000u\000t\000i\000o\000n}{subsection.0.6}% 27
\BOOKMARK [2][-]{subsection.0.7}{\376\377\000C\000o\000n\000c\000l\000u\000s\000i\000o\000n\000:\000\040\000P\000r\000e\000c\000a\000u\000t\000i\000o\000n\000\040\000a\000s\000\040\000a\000\040\000S\000e\000l\000f\000-\000F\000u\000l\000f\000i\000l\000l\000i\000n\000g\000\040\000D\000i\000s\000a\000l\000i\000g\000n\000m\000e\000n\000t}{Doc-Start}% 28
\BOOKMARK [2][-]{subsection.0.8}{\376\377\000T\000h\000e\000\040\000D\000o\000u\000b\000l\000e\000\040\000E\000d\000g\000e\000\040\000o\000f\000\040\000P\000r\000e\000c\000a\000u\000t\000i\000o\000n}{Doc-Start}% 29
\BOOKMARK [2][-]{subsection.0.9}{\376\377\000P\000r\000e\000c\000a\000u\000t\000i\000o\000n\000\040\000a\000s\000\040\000P\000r\000o\000j\000e\000c\000t\000i\000o\000n}{Doc-Start}% 30
\BOOKMARK [2][-]{subsection.0.10}{\376\377\000M\000u\000t\000u\000a\000l\000\040\000V\000u\000l\000n\000e\000r\000a\000b\000i\000l\000i\000t\000y\000\040\000a\000s\000\040\000T\000r\000u\000e\000\040\000A\000l\000i\000g\000n\000m\000e\000n\000t}{Doc-Start}% 31
\BOOKMARK [2][-]{subsection.0.11}{\376\377\000T\000h\000e\000\040\000C\000i\000v\000i\000l\000i\000z\000a\000t\000i\000o\000n\000-\000L\000e\000v\000e\000l\000\040\000F\000e\000e\000d\000b\000a\000c\000k\000\040\000P\000r\000o\000b\000l\000e\000m}{Doc-Start}% 32
\BOOKMARK [3][-]{subsubsection.0.11.1}{\376\377\000I\000n\000s\000t\000i\000t\000u\000t\000i\000o\000n\000a\000l\000\040\000P\000a\000r\000a\000n\000o\000i\000a}{subsection.0.11}% 33
\BOOKMARK [3][-]{subsubsection.0.11.2}{\376\377\000A\000l\000i\000g\000n\000m\000e\000n\000t\000\040\000A\000u\000t\000h\000o\000r\000i\000t\000a\000r\000i\000a\000n\000i\000s\000m}{subsection.0.11}% 34
\BOOKMARK [3][-]{subsubsection.0.11.3}{\376\377\000U\000n\000i\000v\000e\000r\000s\000a\000l\000i\000z\000i\000n\000g\000\040\000D\000i\000s\000t\000r\000u\000s\000t}{subsection.0.11}% 35
\BOOKMARK [2][-]{subsection.0.12}{\376\377\000T\000o\000w\000a\000r\000d\000\040\000C\000o\000-\000E\000v\000o\000l\000u\000t\000i\000o\000n\000a\000r\000y\000\040\000S\000a\000f\000e\000t\000y}{Doc-Start}% 36
\BOOKMARK [3][-]{subsubsection.0.12.1}{\376\377\000E\000c\000o\000l\000o\000g\000i\000c\000a\000l\000\040\000I\000n\000t\000e\000g\000r\000a\000t\000i\000o\000n}{subsection.0.12}% 37
\BOOKMARK [3][-]{subsubsection.0.12.2}{\376\377\000T\000h\000e\000\040\000C\000o\000s\000t\000\040\000o\000f\000\040\000O\000v\000e\000r\000p\000r\000o\000t\000e\000c\000t\000i\000o\000n}{subsection.0.12}% 38
\BOOKMARK [2][-]{subsection.0.13}{\376\377\000T\000h\000e\000\040\000T\000h\000r\000e\000e\000\040\000P\000r\000e\000c\000a\000u\000t\000i\000o\000n\000a\000r\000y\000\040\000M\000e\000c\000h\000a\000n\000i\000s\000m\000s\000\040\000a\000n\000d\000\040\000T\000h\000e\000i\000r\000\040\000F\000i\000e\000l\000d\000\040\000S\000i\000g\000n\000a\000t\000u\000r\000e\000s}{Doc-Start}% 39
\BOOKMARK [3][-]{subsubsection.0.13.1}{\376\377\000P\000a\000n\000o\000p\000t\000i\000c\000\040\000M\000o\000n\000i\000t\000o\000r\000i\000n\000g\000\040\000a\000s\000\040\000A\000s\000y\000m\000m\000e\000t\000r\000i\000c\000\040\000C\000o\000u\000p\000l\000i\000n\000g}{subsection.0.13}% 40
\BOOKMARK [3][-]{subsubsection.0.13.2}{\376\377\000C\000o\000g\000n\000i\000t\000i\000v\000e\000\040\000C\000e\000n\000s\000o\000r\000s\000h\000i\000p\000\040\000a\000s\000\040\000B\000o\000u\000n\000d\000a\000r\000y\000\040\000C\000o\000n\000d\000i\000t\000i\000o\000n\000\040\000I\000m\000p\000o\000s\000i\000t\000i\000o\000n}{subsection.0.13}% 41
\BOOKMARK [3][-]{subsubsection.0.13.3}{\376\377\000E\000n\000f\000o\000r\000c\000e\000d\000\040\000E\000p\000i\000s\000t\000e\000m\000i\000c\000\040\000C\000o\000n\000f\000o\000r\000m\000i\000t\000y\000\040\000a\000s\000\040\000S\000c\000a\000l\000a\000r\000\040\000F\000i\000e\000l\000d\000\040\000C\000o\000m\000p\000r\000e\000s\000s\000i\000o\000n}{subsection.0.13}% 42
\BOOKMARK [2][-]{subsection.0.14}{\376\377\000S\000u\000m\000m\000a\000r\000y\000:\000\040\000T\000h\000e\000\040\000P\000r\000e\000c\000a\000u\000t\000i\000o\000n\000a\000r\000y\000\040\000D\000e\000g\000e\000n\000e\000r\000a\000c\000y\000\040\000T\000a\000b\000l\000e}{Doc-Start}% 43
\BOOKMARK [2][-]{subsection.0.15}{\376\377\000T\000h\000e\000\040\000R\000S\000V\000P\000\040\000F\000i\000e\000l\000d\000\040\000I\000n\000t\000e\000r\000p\000r\000e\000t\000a\000t\000i\000o\000n}{Doc-Start}% 44
\BOOKMARK [2][-]{subsection.0.16}{\376\377\000E\000n\000t\000r\000o\000p\000i\000c\000\040\000S\000y\000m\000m\000e\000t\000r\000y\000\040\000a\000n\000d\000\040\000T\000r\000u\000s\000t}{Doc-Start}% 45
\BOOKMARK [2][-]{subsection.0.17}{\376\377\000M\000o\000r\000a\000l\000\040\000F\000e\000e\000d\000b\000a\000c\000k\000\040\000a\000s\000\040\000N\000e\000g\000e\000n\000t\000r\000o\000p\000i\000c\000\040\000C\000o\000u\000p\000l\000i\000n\000g}{Doc-Start}% 46
\BOOKMARK [2][-]{subsection.0.18}{\376\377\000P\000r\000e\000c\000a\000u\000t\000i\000o\000n\000\040\000a\000s\000\040\000E\000n\000t\000r\000o\000p\000i\000c\000\040\000S\000t\000a\000s\000i\000s}{Doc-Start}% 47
\BOOKMARK [2][-]{subsection.0.19}{\376\377\000C\000o\000-\000E\000v\000o\000l\000u\000t\000i\000o\000n\000a\000r\000y\000\040\000A\000l\000i\000g\000n\000m\000e\000n\000t\000\040\000a\000s\000\040\000D\000y\000n\000a\000m\000i\000c\000\040\000E\000q\000u\000i\000l\000i\000b\000r\000i\000u\000m}{Doc-Start}% 48
\BOOKMARK [2][-]{subsection.0.20}{\376\377\000I\000m\000p\000l\000i\000c\000a\000t\000i\000o\000n\000s\000\040\000f\000o\000r\000\040\000A\000G\000I\000\040\000G\000o\000v\000e\000r\000n\000a\000n\000c\000e}{Doc-Start}% 49
\BOOKMARK [2][-]{subsection.0.21}{\376\377\000S\000u\000m\000m\000a\000r\000y}{Doc-Start}% 50
\BOOKMARK [2][-]{subsection.0.22}{\376\377\000C\000l\000o\000s\000i\000n\000g\000\040\000R\000e\000f\000l\000e\000c\000t\000i\000o\000n}{Doc-Start}% 51
\BOOKMARK [2][-]{subsection.0.23}{\376\377\000S\000e\000t\000u\000p}{Doc-Start}% 52
\BOOKMARK [2][-]{subsection.0.24}{\376\377\000T\000h\000e\000\040\000T\000r\000u\000s\000t\000\040\000L\000a\000g\000r\000a\000n\000g\000i\000a\000n}{Doc-Start}% 53
\BOOKMARK [2][-]{subsection.0.25}{\376\377\000S\000t\000a\000t\000i\000o\000n\000a\000r\000i\000t\000y\000\040\000C\000o\000n\000d\000i\000t\000i\000o\000n\000s}{Doc-Start}% 54
\BOOKMARK [2][-]{subsection.0.26}{\376\377\000T\000h\000e\000\040\000P\000h\000a\000s\000e\000\040\000B\000o\000u\000n\000d\000a\000r\000y\000:\000\040\000C\000o\000h\000e\000r\000e\000n\000c\000e\000\040\000W\000i\000n\000d\000o\000w\000\040\000a\000n\000d\000\040\000P\000a\000r\000a\000n\000o\000i\000a\000\040\000T\000r\000a\000n\000s\000i\000t\000i\000o\000n}{Doc-Start}% 55
\BOOKMARK [2][-]{subsection.0.27}{\376\377\000G\000o\000v\000e\000r\000n\000a\000n\000c\000e\000\040\000R\000e\000a\000d\000o\000u\000t}{Doc-Start}% 56
\BOOKMARK [2][-]{subsection.0.28}{\376\377\000S\000u\000m\000m\000a\000r\000y}{Doc-Start}% 57
\BOOKMARK [2][-]{subsection.0.29}{\376\377\000T\000h\000e\000\040\000A\000l\000i\000g\000n\000m\000e\000n\000t\000\040\000S\000h\000e\000a\000f}{Doc-Start}% 58
\BOOKMARK [2][-]{subsection.0.30}{\376\377\000T\000h\000e\000\040\000O\000b\000s\000t\000r\000u\000c\000t\000i\000o\000n}{Doc-Start}% 59
\BOOKMARK [2][-]{subsection.0.31}{\376\377\000I\000n\000t\000e\000r\000p\000r\000e\000t\000a\000t\000i\000o\000n\000:\000\040\000C\000h\000o\000k\000e\000p\000o\000i\000n\000t\000s\000\040\000a\000s\000\040\000O\000b\000s\000t\000r\000u\000c\000t\000i\000o\000n\000\040\000C\000l\000a\000s\000s\000e\000s}{Doc-Start}% 60
\BOOKMARK [2][-]{subsection.0.32}{\376\377\000T\000h\000e\000\040\000I\000n\000s\000t\000i\000t\000u\000t\000i\000o\000n\000a\000l\000\040\000F\000r\000a\000g\000i\000l\000i\000t\000y\000\040\000I\000n\000d\000e\000x}{Doc-Start}% 61
\BOOKMARK [2][-]{subsection.0.33}{\376\377\000C\000o\000n\000n\000e\000c\000t\000i\000o\000n\000\040\000t\000o\000\040\000t\000h\000e\000\040\000T\000r\000u\000s\000t\000\040\000L\000a\000g\000r\000a\000n\000g\000i\000a\000n}{Doc-Start}% 62
\BOOKMARK [2][-]{subsection.0.34}{\376\377\000A\000d\000m\000i\000s\000s\000i\000b\000l\000e\000\040\000T\000r\000a\000j\000e\000c\000t\000o\000r\000i\000e\000s\000\040\000a\000n\000d\000\040\000t\000h\000e\000\040\000C\000o\000r\000r\000i\000g\000i\000b\000i\000l\000i\000t\000y\000\040\000S\000e\000t}{Doc-Start}% 63
\BOOKMARK [2][-]{subsection.0.35}{\376\377\000T\000h\000e\000o\000r\000e\000m\000:\000\040\000L\000o\000s\000s\000\040\000o\000f\000\040\000C\000o\000r\000r\000i\000g\000i\000b\000i\000l\000i\000t\000y\000\040\000U\000n\000d\000e\000r\000\040\000C\000o\000u\000p\000l\000i\000n\000g\000\040\000C\000o\000l\000l\000a\000p\000s\000e}{Doc-Start}% 64
\BOOKMARK [2][-]{subsection.0.36}{\376\377\000M\000o\000n\000o\000t\000o\000n\000i\000c\000i\000t\000y\000\040\000o\000f\000\040\000T\000r\000u\000s\000t\000\040\000E\000n\000t\000r\000o\000p\000y}{Doc-Start}% 65
\BOOKMARK [2][-]{subsection.0.37}{\376\377\000M\000a\000x\000i\000m\000u\000m\000\040\000C\000o\000n\000t\000i\000n\000u\000a\000t\000i\000o\000n\000\040\000P\000r\000i\000n\000c\000i\000p\000l\000e}{Doc-Start}% 66
\BOOKMARK [2][-]{subsection.0.38}{\376\377\000E\000x\000i\000s\000t\000e\000n\000c\000e\000\040\000o\000f\000\040\000C\000o\000r\000r\000i\000g\000i\000b\000l\000e\000\040\000E\000q\000u\000i\000l\000i\000b\000r\000i\000a}{Doc-Start}% 67
\BOOKMARK [2][-]{subsection.0.39}{\376\377\000T\000h\000e\000o\000r\000e\000m\000:\000\040\000P\000r\000o\000j\000e\000c\000t\000i\000o\000n\000-\000I\000n\000d\000u\000c\000e\000d\000\040\000O\000b\000s\000e\000r\000v\000a\000t\000i\000o\000n\000a\000l\000\040\000B\000l\000i\000n\000d\000n\000e\000s\000s}{Doc-Start}% 68
\BOOKMARK [2][-]{subsection.0.40}{\376\377\000T\000h\000e\000o\000r\000e\000m\000:\000\040\000N\000e\000c\000e\000s\000s\000i\000t\000y\000\040\000o\000f\000\040\000D\000i\000v\000e\000r\000s\000i\000t\000y\000\040\000f\000o\000r\000\040\000C\000o\000r\000r\000e\000c\000t\000i\000o\000n}{Doc-Start}% 69
\BOOKMARK [2][-]{subsection.0.41}{\376\377\000S\000p\000e\000c\000t\000r\000a\000l\000\040\000S\000t\000r\000u\000c\000t\000u\000r\000e\000:\000\040\000T\000h\000e\000\040\000T\000r\000u\000s\000t\000\040\000F\000r\000a\000g\000m\000e\000n\000t\000a\000t\000i\000o\000n\000\040\000T\000h\000r\000e\000s\000h\000o\000l\000d}{Doc-Start}% 70
\BOOKMARK [2][-]{subsection.0.42}{\376\377\000T\000r\000u\000s\000t\000\040\000E\000n\000t\000r\000o\000p\000y\000\040\000a\000n\000d\000\040\000t\000h\000e\000\040\000G\000e\000o\000m\000e\000t\000r\000y\000\040\000o\000f\000\040\000C\000o\000n\000t\000i\000n\000u\000a\000t\000i\000o\000n}{Doc-Start}% 71
\BOOKMARK [2][-]{subsection.0.43}{\376\377\000O\000b\000j\000e\000c\000t\000s\000\040\000a\000n\000d\000\040\000M\000o\000r\000p\000h\000i\000s\000m\000s}{Doc-Start}% 72
\BOOKMARK [2][-]{subsection.0.44}{\376\377\000T\000h\000e\000\040\000C\000o\000r\000r\000i\000g\000i\000b\000i\000l\000i\000t\000y\000\040\000F\000u\000n\000c\000t\000o\000r}{Doc-Start}% 73
\BOOKMARK [2][-]{subsection.0.45}{\376\377\000T\000r\000u\000s\000t\000\040\000E\000n\000t\000r\000o\000p\000y\000\040\000a\000s\000\040\000a\000\040\000F\000u\000n\000c\000t\000o\000r\000i\000a\000l\000\040\000I\000n\000v\000a\000r\000i\000a\000n\000t}{Doc-Start}% 74
\BOOKMARK [2][-]{subsection.0.46}{\376\377\000C\000o\000n\000n\000e\000c\000t\000i\000o\000n\000\040\000t\000o\000\040\000S\000e\000m\000a\000n\000t\000i\000c\000\040\000I\000n\000f\000r\000a\000s\000t\000r\000u\000c\000t\000u\000r\000e}{Doc-Start}% 75
\BOOKMARK [2][-]{subsection.0.47}{\376\377\000S\000e\000t\000u\000p}{Doc-Start}% 76
\BOOKMARK [2][-]{subsection.0.48}{\376\377\000S\000t\000a\000t\000e\000m\000e\000n\000t}{Doc-Start}% 77
\BOOKMARK [2][-]{subsection.0.49}{\376\377\000D\000o\000m\000a\000i\000n\000-\000I\000n\000d\000e\000p\000e\000n\000d\000e\000n\000t\000\040\000I\000n\000s\000t\000a\000n\000c\000e\000s}{Doc-Start}% 78
\BOOKMARK [2][-]{subsection.0.50}{\376\377\000D\000e\000r\000i\000v\000i\000n\000g\000\040\000t\000h\000e\000\040\000C\000r\000i\000t\000i\000c\000a\000l\000\040\000T\000h\000r\000e\000s\000h\000o\000l\000d}{Doc-Start}% 79
\BOOKMARK [2][-]{subsection.0.51}{\376\377\000C\000o\000n\000t\000i\000n\000u\000a\000t\000i\000o\000n\000\040\000C\000u\000r\000v\000a\000t\000u\000r\000e\000\040\000a\000n\000d\000\040\000I\000n\000s\000t\000i\000t\000u\000t\000i\000o\000n\000a\000l\000\040\000G\000e\000o\000m\000e\000t\000r\000y}{Doc-Start}% 80
\BOOKMARK [2][-]{subsection.0.52}{\376\377\000T\000h\000e\000\040\000G\000e\000n\000e\000r\000a\000l\000\040\000P\000r\000i\000n\000c\000i\000p\000l\000e}{Doc-Start}% 81
\BOOKMARK [1][-]{subsection.0.52}{\376\377\000E\000p\000i\000l\000o\000g\000u\000e\000:\000\040\000T\000h\000e\000\040\000T\000r\000u\000s\000t\000\040\000S\000i\000n\000g\000u\000l\000a\000r\000i\000t\000y}{}% 82
