\BOOKMARK [1][-]{section.1}{\376\377\000I\000n\000t\000r\000o\000d\000u\000c\000t\000i\000o\000n\000:\000\040\000A\000\040\000S\000i\000m\000p\000l\000e\000\040\000P\000r\000o\000b\000l\000e\000m\000,\000\040\000S\000i\000m\000p\000l\000y\000\040\000S\000t\000a\000t\000e\000d}{}% 1
\BOOKMARK [2][-]{subsection.1.1}{\376\377\000W\000h\000a\000t\000\040\000C\000l\000a\000r\000i\000t\000y\000\040\000I\000s\000\040\000N\000o\000t}{section.1}% 2
\BOOKMARK [2][-]{subsection.1.2}{\376\377\000T\000h\000e\000\040\000P\000a\000p\000e\000r\000\040\000A\000h\000e\000a\000d}{section.1}% 3
\BOOKMARK [1][-]{section.2}{\376\377\000A\000\040\000T\000a\000x\000o\000n\000o\000m\000y\000\040\000o\000f\000\040\000D\000i\000f\000f\000i\000c\000u\000l\000t\000y}{}% 4
\BOOKMARK [2][-]{subsection.2.1}{\376\377\000P\000r\000o\000d\000u\000c\000t\000i\000v\000e\000\040\000D\000e\000n\000s\000i\000t\000y}{section.2}% 5
\BOOKMARK [2][-]{subsection.2.2}{\376\377\000C\000o\000m\000p\000r\000e\000s\000s\000i\000v\000e\000\040\000S\000h\000o\000r\000t\000h\000a\000n\000d}{section.2}% 6
\BOOKMARK [2][-]{subsection.2.3}{\376\377\000R\000i\000t\000u\000a\000l\000i\000z\000e\000d\000\040\000O\000b\000s\000c\000u\000r\000i\000t\000y}{section.2}% 7
\BOOKMARK [2][-]{subsection.2.4}{\376\377\000A\000d\000v\000e\000r\000s\000a\000r\000i\000a\000l\000\040\000O\000p\000a\000c\000i\000t\000y}{section.2}% 8
\BOOKMARK [1][-]{section.3}{\376\377\000P\000r\000e\000l\000i\000m\000i\000n\000a\000r\000y\000\040\000M\000e\000t\000r\000i\000c\000s\000:\000\040\000A\000\040\000F\000i\000r\000s\000t\000\040\000A\000p\000p\000r\000o\000x\000i\000m\000a\000t\000i\000o\000n}{}% 9
\BOOKMARK [2][-]{subsection.3.1}{\376\377\000S\000e\000m\000a\000n\000t\000i\000c\000\040\000D\000e\000n\000s\000i\000t\000y\000\040\000R\000a\000t\000i\000o\000\040\000\050\000S\000D\000R\000\051}{section.3}% 10
\BOOKMARK [2][-]{subsection.3.2}{\376\377\000R\000e\000f\000e\000r\000e\000n\000t\000i\000a\000l\000\040\000F\000o\000g\000\040\000I\000n\000d\000e\000x\000\040\000\050\000R\000F\000I\000\051}{section.3}% 11
\BOOKMARK [2][-]{subsection.3.3}{\376\377\000R\000e\000c\000u\000r\000s\000i\000v\000e\000\040\000Q\000u\000a\000l\000i\000f\000i\000c\000a\000t\000i\000o\000n\000\040\000D\000e\000p\000t\000h\000\040\000\050\000R\000Q\000D\000\051}{section.3}% 12
\BOOKMARK [2][-]{subsection.3.4}{\376\377\000A\000v\000e\000r\000a\000g\000e\000\040\000N\000o\000u\000n\000\040\000S\000t\000a\000c\000k\000\040\000L\000e\000n\000g\000t\000h\000\040\000\050\000A\000N\000S\000L\000\051}{section.3}% 13
\BOOKMARK [1][-]{section.4}{\376\377\000C\000i\000t\000a\000t\000i\000o\000n\000-\000T\000o\000p\000o\000l\000o\000g\000i\000c\000a\000l\000\040\000C\000l\000o\000s\000u\000r\000e\000:\000\040\000A\000\040\000T\000h\000e\000o\000r\000e\000t\000i\000c\000a\000l\000\040\000D\000i\000g\000r\000e\000s\000s\000i\000o\000n\000\040\000W\000h\000i\000c\000h\000\040\000W\000i\000l\000l\000\040\000P\000r\000o\000v\000e\000\040\000G\000e\000r\000m\000a\000n\000e}{}% 14
\BOOKMARK [2][-]{subsection.4.1}{\376\377\000W\000o\000r\000l\000d\000-\000T\000o\000p\000o\000l\000o\000g\000i\000c\000a\000l\000\040\000C\000o\000u\000p\000l\000i\000n\000g}{section.4}% 15
\BOOKMARK [2][-]{subsection.4.2}{\376\377\000C\000i\000t\000a\000t\000i\000o\000n\000-\000T\000o\000p\000o\000l\000o\000g\000i\000c\000a\000l\000\040\000C\000l\000o\000s\000u\000r\000e}{section.4}% 16
\BOOKMARK [1][-]{section.5}{\376\377\000T\000h\000e\000\040\000K\000i\000r\000c\000h\000e\000r\000i\000a\000n\000\040\000I\000n\000t\000e\000r\000l\000u\000d\000e\000:\000\040\000D\000e\000n\000s\000i\000t\000y\000\040\000W\000i\000t\000h\000o\000u\000t\000\040\000F\000o\000g}{}% 17
\BOOKMARK [2][-]{subsection.5.1}{\376\377\000A\000r\000c\000h\000i\000t\000e\000c\000t\000u\000r\000a\000l\000\040\000v\000s\000.\000\040\000O\000r\000n\000a\000m\000e\000n\000t\000a\000l\000\040\000D\000e\000n\000s\000i\000t\000y}{section.5}% 18
\BOOKMARK [2][-]{subsection.5.2}{\376\377\000W\000h\000a\000t\000\040\000W\000e\000\040\000I\000n\000h\000e\000r\000i\000t\000e\000d\000,\000\040\000a\000n\000d\000\040\000W\000h\000a\000t\000\040\000W\000e\000\040\000L\000o\000s\000t}{section.5}% 19
\BOOKMARK [1][-]{section.6}{\376\377\000S\000w\000e\000d\000e\000n\000b\000o\000r\000g\000i\000a\000n\000\040\000O\000v\000e\000r\000l\000o\000a\000d\000\040\000S\000t\000a\000t\000e\000s\000\040\000a\000n\000d\000\040\000V\000i\000s\000i\000o\000n\000a\000r\000y\000\040\000R\000e\000n\000d\000e\000r\000i\000n\000g\000\040\000F\000a\000i\000l\000u\000r\000e}{}% 20
\BOOKMARK [2][-]{subsection.6.1}{\376\377\000S\000w\000e\000d\000e\000n\000b\000o\000r\000g\000\040\000a\000s\000\040\000D\000i\000a\000g\000n\000o\000s\000t\000i\000c\000\040\000I\000n\000s\000t\000r\000u\000m\000e\000n\000t}{section.6}% 21
\BOOKMARK [2][-]{subsection.6.2}{\376\377\000T\000h\000e\000\040\000R\000e\000n\000d\000e\000r\000i\000n\000g\000\040\000F\000a\000i\000l\000u\000r\000e\000\040\000G\000e\000n\000e\000r\000a\000l\000i\000z\000e\000d}{section.6}% 22
\BOOKMARK [1][-]{section.7}{\376\377\000E\000x\000t\000e\000n\000d\000e\000d\000\040\000F\000o\000r\000m\000a\000l\000\040\000A\000p\000p\000a\000r\000a\000t\000u\000s\000:\000\040\000T\000o\000w\000a\000r\000d\000\040\000a\000\040\000U\000n\000i\000f\000i\000e\000d\000\040\000T\000h\000e\000o\000r\000y\000\040\000o\000f\000\040\000D\000y\000n\000a\000m\000i\000c\000\040\000R\000e\000a\000d\000a\000b\000i\000l\000i\000t\000y\000\040\000P\000o\000t\000e\000n\000t\000i\000a\000l}{}% 23
\BOOKMARK [2][-]{subsection.7.1}{\376\377\000T\000h\000e\000\040\000D\000R\000P\000\040\000F\000o\000r\000m\000a\000l\000i\000s\000m}{section.7}% 24
\BOOKMARK [2][-]{subsection.7.2}{\376\377\000T\000h\000e\000\040\000C\000o\000n\000t\000e\000x\000t\000u\000a\000l\000\040\000A\000f\000f\000o\000r\000d\000a\000n\000c\000e\000\040\000T\000e\000n\000s\000o\000r}{section.7}% 25
\BOOKMARK [2][-]{subsection.7.3}{\376\377\000T\000e\000m\000p\000o\000r\000a\000l\000\040\000D\000r\000i\000f\000t\000\040\000a\000n\000d\000\040\000t\000h\000e\000\040\000\040\000P\000a\000r\000a\000m\000e\000t\000e\000r}{section.7}% 26
\BOOKMARK [2][-]{subsection.7.4}{\376\377\000R\000e\000t\000r\000o\000a\000c\000t\000i\000v\000e\000\040\000R\000e\000c\000o\000n\000c\000e\000p\000t\000u\000a\000l\000i\000z\000a\000t\000i\000o\000n\000\040\000o\000f\000\040\000t\000h\000e\000\040\000K\000i\000r\000c\000h\000e\000r\000i\000a\000n\000\040\000M\000a\000t\000e\000r\000i\000a\000l}{section.7}% 27
\BOOKMARK [1][-]{section.8}{\376\377\000S\000e\000l\000f\000-\000A\000p\000p\000l\000i\000c\000a\000t\000i\000o\000n\000:\000\040\000A\000p\000p\000l\000y\000i\000n\000g\000\040\000t\000h\000e\000\040\000M\000e\000t\000r\000i\000c\000s\000\040\000t\000o\000\040\000t\000h\000e\000\040\000P\000r\000e\000s\000e\000n\000t\000\040\000T\000e\000x\000t}{}% 28
\BOOKMARK [2][-]{subsection.8.1}{\376\377\000S\000D\000R\000\040\000T\000r\000a\000j\000e\000c\000t\000o\000r\000y}{section.8}% 29
\BOOKMARK [2][-]{subsection.8.2}{\376\377\000R\000Q\000D\000\040\000G\000r\000o\000w\000t\000h}{section.8}% 30
\BOOKMARK [2][-]{subsection.8.3}{\376\377\000A\000N\000S\000L\000\040\000G\000r\000o\000w\000t\000h}{section.8}% 31
\BOOKMARK [2][-]{subsection.8.4}{\376\377\000C\000i\000t\000a\000t\000i\000o\000n\000-\000T\000o\000p\000o\000l\000o\000g\000i\000c\000a\000l\000\040\000S\000t\000a\000t\000u\000s\000\040\000o\000f\000\040\000t\000h\000e\000\040\000P\000r\000e\000s\000e\000n\000t\000\040\000P\000a\000p\000e\000r}{section.8}% 32
\BOOKMARK [1][-]{section.9}{\376\377\000T\000o\000w\000a\000r\000d\000\040\000a\000\040\000P\000r\000o\000v\000i\000s\000i\000o\000n\000a\000l\000\040\000R\000e\000c\000o\000n\000s\000o\000l\000i\000d\000a\000t\000i\000o\000n}{}% 33
\BOOKMARK [2][-]{subsection.9.1}{\376\377\000T\000h\000e\000\040\000K\000i\000r\000c\000h\000e\000r\000\040\000P\000r\000o\000b\000l\000e\000m\000,\000\040\000R\000e\000s\000t\000a\000t\000e\000d}{section.9}% 34
\BOOKMARK [2][-]{subsection.9.2}{\376\377\000W\000h\000a\000t\000\040\000R\000e\000a\000d\000a\000b\000i\000l\000i\000t\000y\000\040\000A\000c\000t\000u\000a\000l\000l\000y\000\040\000I\000s}{section.9}% 35
\BOOKMARK [2][-]{subsection.9.3}{\376\377\000A\000\040\000N\000o\000t\000e\000\040\000o\000n\000\040\000t\000h\000e\000\040\000P\000r\000e\000s\000e\000n\000t\000\040\000P\000a\000p\000e\000r}{section.9}% 36
\BOOKMARK [1][-]{section.10}{\376\377\000C\000o\000n\000c\000l\000u\000s\000i\000o\000n}{}% 37
\BOOKMARK [1][-]{appendix.A}{\376\377\000A\000\040\000P\000r\000o\000p\000o\000s\000a\000l\000\040\000f\000o\000r\000\040\000S\000t\000o\000c\000h\000a\000s\000t\000i\000c\000\040\000T\000y\000p\000o\000g\000r\000a\000p\000h\000y\000\040\000a\000s\000\040\000A\000d\000v\000e\000r\000s\000a\000r\000i\000a\000l\000\040\000R\000e\000a\000d\000a\000b\000i\000l\000i\000t\000y\000\040\000I\000n\000f\000r\000a\000s\000t\000r\000u\000c\000t\000u\000r\000e}{}% 38
\BOOKMARK [2][-]{subsection.A.1}{\376\377\000T\000y\000p\000o\000g\000r\000a\000p\000h\000i\000c\000\040\000S\000a\000l\000i\000e\000n\000c\000e\000\040\000I\000n\000f\000l\000a\000t\000i\000o\000n\000\040\000\050\000T\000S\000I\000\051}{appendix.A}% 39
\BOOKMARK [2][-]{subsection.A.2}{\376\377\000T\000h\000e\000\040\000C\000o\000g\000n\000i\000t\000i\000v\000e\000\040\000N\000a\000v\000i\000g\000a\000b\000i\000l\000i\000t\000y\000\040\000P\000r\000o\000f\000i\000l\000e}{appendix.A}% 40
\BOOKMARK [2][-]{subsection.A.3}{\376\377\000M\000e\000t\000h\000o\000d\000o\000l\000o\000g\000i\000c\000a\000l\000\040\000N\000o\000t\000e}{appendix.A}% 41
