\BOOKMARK [-1][-]{part.1}{\376\377\000I\000\040\000F\000r\000a\000m\000i\000n\000g\000\040\000t\000h\000e\000\040\000P\000r\000o\000b\000l\000e\000m}{}% 1
\BOOKMARK [0][-]{chapter.1}{\376\377\000I\000n\000t\000r\000o\000d\000u\000c\000t\000i\000o\000n\000:\000\040\000T\000h\000e\000\040\000C\000r\000i\000s\000i\000s\000\040\000o\000f\000\040\000T\000r\000u\000s\000t\000\040\000i\000n\000\040\000D\000i\000g\000i\000t\000a\000l\000\040\000S\000y\000s\000t\000e\000m\000s}{part.1}% 2
\BOOKMARK [1][-]{section.1.1}{\376\377\000T\000r\000u\000s\000t\000\040\000a\000s\000\040\000t\000h\000e\000\040\000B\000o\000t\000t\000l\000e\000n\000e\000c\000k\000\040\000o\000f\000\040\000D\000i\000g\000i\000t\000a\000l\000\040\000L\000i\000f\000e}{chapter.1}% 3
\BOOKMARK [1][-]{section.1.2}{\376\377\000T\000h\000e\000\040\000E\000x\000p\000l\000o\000i\000t\000a\000t\000i\000o\000n\000\040\000o\000f\000\040\000W\000e\000a\000k\000n\000e\000s\000s}{chapter.1}% 4
\BOOKMARK [1][-]{section.1.3}{\376\377\000T\000h\000e\000\040\000E\000x\000p\000l\000o\000i\000t\000a\000t\000i\000o\000n\000\040\000o\000f\000\040\000W\000a\000s\000t\000e}{chapter.1}% 5
\BOOKMARK [1][-]{section.1.4}{\376\377\000P\000l\000a\000t\000f\000o\000r\000m\000\040\000E\000c\000o\000n\000o\000m\000i\000e\000s\000\040\000a\000n\000d\000\040\000t\000h\000e\000\040\000D\000e\000a\000d\000\040\000I\000n\000t\000e\000r\000n\000e\000t\000\040\000E\000f\000f\000e\000c\000t}{chapter.1}% 6
\BOOKMARK [1][-]{section.1.5}{\376\377\000R\000S\000V\000P\000\040\000a\000s\000\040\000a\000n\000\040\000I\000n\000f\000o\000r\000m\000a\000t\000i\000o\000n\000a\000l\000\040\000A\000l\000t\000e\000r\000n\000a\000t\000i\000v\000e}{chapter.1}% 7
\BOOKMARK [1][-]{section.1.6}{\376\377\000S\000c\000o\000p\000e\000\040\000o\000f\000\040\000t\000h\000e\000\040\000M\000o\000n\000o\000g\000r\000a\000p\000h}{chapter.1}% 8
\BOOKMARK [0][-]{chapter.2}{\376\377\000H\000u\000m\000a\000n\000\040\000W\000e\000a\000k\000n\000e\000s\000s\000\040\000a\000s\000\040\000S\000e\000c\000u\000r\000i\000t\000y\000\040\000P\000r\000i\000m\000i\000t\000i\000v\000e}{part.1}% 9
\BOOKMARK [1][-]{section.2.1}{\376\377\000T\000h\000e\000\040\000P\000r\000o\000p\000o\000s\000a\000l}{chapter.2}% 10
\BOOKMARK [1][-]{section.2.2}{\376\377\000W\000e\000a\000k\000n\000e\000s\000s\000\040\000a\000s\000\040\000P\000r\000o\000o\000f}{chapter.2}% 11
\BOOKMARK [1][-]{section.2.3}{\376\377\000D\000i\000s\000c\000r\000i\000m\000i\000n\000a\000t\000o\000r\000y\000\040\000E\000f\000f\000e\000c\000t\000s}{chapter.2}% 12
\BOOKMARK [1][-]{section.2.4}{\376\377\000T\000h\000e\000\040\000P\000s\000y\000c\000h\000o\000l\000o\000g\000y\000\040\000o\000f\000\040\000H\000u\000m\000i\000l\000i\000a\000t\000i\000o\000n}{chapter.2}% 13
\BOOKMARK [1][-]{section.2.5}{\376\377\000T\000h\000e\000\040\000E\000p\000i\000s\000t\000e\000m\000i\000c\000\040\000P\000r\000o\000b\000l\000e\000m}{chapter.2}% 14
\BOOKMARK [1][-]{section.2.6}{\376\377\000W\000e\000a\000k\000n\000e\000s\000s\000\040\000a\000s\000\040\000I\000d\000e\000o\000l\000o\000g\000y}{chapter.2}% 15
\BOOKMARK [1][-]{section.2.7}{\376\377\000T\000o\000w\000a\000r\000d\000\040\000I\000n\000f\000o\000r\000m\000a\000t\000i\000o\000n\000a\000l\000\040\000P\000r\000o\000o\000f\000s}{chapter.2}% 16
\BOOKMARK [1][-]{section.2.8}{\376\377\000C\000o\000n\000c\000l\000u\000s\000i\000o\000n}{chapter.2}% 17
\BOOKMARK [0][-]{chapter.3}{\376\377\000W\000a\000s\000t\000e\000\040\000a\000s\000\040\000S\000e\000c\000u\000r\000i\000t\000y\000\040\000P\000r\000i\000m\000i\000t\000i\000v\000e\000:\000\040\000B\000l\000o\000c\000k\000c\000h\000a\000i\000n\000s\000\040\000a\000n\000d\000\040\000B\000e\000y\000o\000n\000d}{part.1}% 18
\BOOKMARK [1][-]{section.3.1}{\376\377\000P\000r\000o\000o\000f\000-\000o\000f\000-\000W\000o\000r\000k\000\040\000a\000s\000\040\000D\000e\000s\000i\000g\000n}{chapter.3}% 19
\BOOKMARK [1][-]{section.3.2}{\376\377\000W\000a\000s\000t\000e\000\040\000a\000s\000\040\000P\000r\000o\000o\000f}{chapter.3}% 20
\BOOKMARK [1][-]{section.3.3}{\376\377\000E\000c\000o\000l\000o\000g\000i\000c\000a\000l\000\040\000a\000n\000d\000\040\000E\000c\000o\000n\000o\000m\000i\000c\000\040\000C\000o\000s\000t\000s}{chapter.3}% 21
\BOOKMARK [1][-]{section.3.4}{\376\377\000T\000h\000e\000\040\000A\000b\000s\000u\000r\000d\000i\000t\000y\000\040\000o\000f\000\040\000U\000s\000e\000l\000e\000s\000s\000\040\000W\000o\000r\000k}{chapter.3}% 22
\BOOKMARK [1][-]{section.3.5}{\376\377\000S\000o\000c\000i\000a\000l\000\040\000P\000a\000r\000a\000l\000l\000e\000l\000s}{chapter.3}% 23
\BOOKMARK [1][-]{section.3.6}{\376\377\000E\000p\000i\000s\000t\000e\000m\000i\000c\000\040\000I\000n\000s\000t\000a\000b\000i\000l\000i\000t\000y}{chapter.3}% 24
\BOOKMARK [1][-]{section.3.7}{\376\377\000R\000S\000V\000P\000\040\000C\000r\000i\000t\000i\000q\000u\000e}{chapter.3}% 25
\BOOKMARK [1][-]{section.3.8}{\376\377\000T\000o\000w\000a\000r\000d\000\040\000I\000n\000f\000o\000r\000m\000a\000t\000i\000o\000n\000a\000l\000\040\000P\000r\000o\000o\000f\000s}{chapter.3}% 26
\BOOKMARK [1][-]{section.3.9}{\376\377\000C\000o\000n\000c\000l\000u\000s\000i\000o\000n}{chapter.3}% 27
\BOOKMARK [-1][-]{part.2}{\376\377\000I\000I\000\040\000C\000u\000l\000t\000u\000r\000a\000l\000\040\000a\000n\000d\000\040\000C\000o\000g\000n\000i\000t\000i\000v\000e\000\040\000P\000a\000r\000a\000l\000l\000e\000l\000s}{}% 28
\BOOKMARK [0][-]{chapter.4}{\376\377\000H\000u\000m\000o\000r\000,\000\040\000N\000a\000r\000r\000a\000t\000i\000v\000e\000,\000\040\000a\000n\000d\000\040\000I\000r\000r\000e\000v\000e\000r\000s\000i\000b\000i\000l\000i\000t\000y}{part.2}% 29
\BOOKMARK [1][-]{section.4.1}{\376\377\000I\000n\000t\000r\000o\000d\000u\000c\000t\000i\000o\000n}{chapter.4}% 30
\BOOKMARK [1][-]{section.4.2}{\376\377\000H\000u\000m\000o\000r\000\040\000a\000s\000\040\000C\000o\000g\000n\000i\000t\000i\000v\000e\000\040\000I\000r\000r\000e\000v\000e\000r\000s\000i\000b\000i\000l\000i\000t\000y}{chapter.4}% 31
\BOOKMARK [1][-]{section.4.3}{\376\377\000N\000a\000r\000r\000a\000t\000i\000v\000e\000\040\000a\000s\000\040\000T\000e\000m\000p\000o\000r\000a\000l\000\040\000I\000r\000r\000e\000v\000e\000r\000s\000i\000b\000i\000l\000i\000t\000y}{chapter.4}% 32
\BOOKMARK [1][-]{section.4.4}{\376\377\000I\000r\000r\000e\000v\000e\000r\000s\000i\000b\000i\000l\000i\000t\000y\000\040\000a\000s\000\040\000C\000o\000n\000t\000r\000o\000l}{chapter.4}% 33
\BOOKMARK [1][-]{section.4.5}{\376\377\000L\000e\000s\000s\000o\000n\000s\000\040\000f\000o\000r\000\040\000S\000e\000c\000u\000r\000i\000t\000y}{chapter.4}% 34
\BOOKMARK [1][-]{section.4.6}{\376\377\000T\000o\000w\000a\000r\000d\000\040\000C\000o\000n\000s\000t\000r\000u\000c\000t\000i\000v\000e\000\040\000I\000r\000r\000e\000v\000e\000r\000s\000i\000b\000i\000l\000i\000t\000y}{chapter.4}% 35
\BOOKMARK [1][-]{section.4.7}{\376\377\000C\000o\000n\000c\000l\000u\000s\000i\000o\000n}{chapter.4}% 36
\BOOKMARK [0][-]{chapter.5}{\376\377\000D\000e\000a\000d\000\040\000I\000n\000t\000e\000r\000n\000e\000t\000\040\000T\000h\000e\000o\000r\000y\000\040\000a\000n\000d\000\040\000E\000n\000g\000i\000n\000e\000e\000r\000e\000d\000\040\000R\000e\000a\000l\000i\000t\000y}{part.2}% 37
\BOOKMARK [1][-]{section.5.1}{\376\377\000I\000n\000t\000r\000o\000d\000u\000c\000t\000i\000o\000n}{chapter.5}% 38
\BOOKMARK [1][-]{section.5.2}{\376\377\000T\000h\000e\000\040\000A\000n\000a\000t\000o\000m\000y\000\040\000o\000f\000\040\000a\000\040\000D\000e\000a\000d\000\040\000I\000n\000t\000e\000r\000n\000e\000t}{chapter.5}% 39
\BOOKMARK [1][-]{section.5.3}{\376\377\000F\000r\000o\000m\000\040\000T\000h\000e\000o\000r\000y\000\040\000t\000o\000\040\000E\000n\000g\000i\000n\000e\000e\000r\000e\000d\000\040\000R\000e\000a\000l\000i\000t\000y}{chapter.5}% 40
\BOOKMARK [1][-]{section.5.4}{\376\377\000C\000o\000n\000s\000e\000q\000u\000e\000n\000c\000e\000s\000\040\000f\000o\000r\000\040\000P\000o\000l\000i\000t\000i\000c\000s\000,\000\040\000E\000d\000u\000c\000a\000t\000i\000o\000n\000,\000\040\000I\000d\000e\000n\000t\000i\000t\000y}{chapter.5}% 41
\BOOKMARK [1][-]{section.5.5}{\376\377\000I\000r\000r\000e\000v\000e\000r\000s\000i\000b\000i\000l\000i\000t\000y\000\040\000o\000f\000\040\000N\000o\000i\000s\000e}{chapter.5}% 42
\BOOKMARK [1][-]{section.5.6}{\376\377\000R\000S\000V\000P\000\040\000C\000r\000i\000t\000i\000q\000u\000e}{chapter.5}% 43
\BOOKMARK [1][-]{section.5.7}{\376\377\000T\000o\000w\000a\000r\000d\000\040\000E\000n\000g\000i\000n\000e\000e\000r\000e\000d\000\040\000C\000o\000h\000e\000r\000e\000n\000c\000e}{chapter.5}% 44
\BOOKMARK [1][-]{section.5.8}{\376\377\000C\000o\000n\000c\000l\000u\000s\000i\000o\000n}{chapter.5}% 45
\BOOKMARK [0][-]{chapter.6}{\376\377\000A\000e\000s\000t\000h\000e\000t\000i\000c\000\040\000C\000a\000p\000t\000u\000r\000e\000\040\000a\000n\000d\000\040\000t\000h\000e\000\040\000D\000r\000i\000f\000t\000\040\000o\000f\000\040\000N\000o\000r\000m\000s}{part.2}% 46
\BOOKMARK [1][-]{section.6.1}{\376\377\000I\000n\000t\000r\000o\000d\000u\000c\000t\000i\000o\000n}{chapter.6}% 47
\BOOKMARK [1][-]{section.6.2}{\376\377\000M\000i\000c\000r\000o\000-\000A\000n\000o\000m\000a\000l\000i\000e\000s\000\040\000a\000s\000\040\000S\000i\000g\000n\000a\000l\000s}{chapter.6}% 48
\BOOKMARK [1][-]{section.6.3}{\376\377\000A\000e\000s\000t\000h\000e\000t\000i\000c\000\040\000D\000r\000i\000f\000t\000\040\000a\000s\000\040\000P\000l\000a\000t\000f\000o\000r\000m\000\040\000L\000o\000g\000i\000c}{chapter.6}% 49
\BOOKMARK [1][-]{section.6.4}{\376\377\000F\000r\000o\000m\000\040\000I\000r\000r\000i\000t\000a\000t\000i\000o\000n\000\040\000t\000o\000\040\000A\000l\000i\000e\000n\000a\000t\000i\000o\000n}{chapter.6}% 50
\BOOKMARK [1][-]{section.6.5}{\376\377\000R\000S\000V\000P\000\040\000A\000n\000a\000l\000y\000s\000i\000s}{chapter.6}% 51
\BOOKMARK [1][-]{section.6.6}{\376\377\000A\000e\000s\000t\000h\000e\000t\000i\000c\000\040\000a\000s\000\040\000C\000i\000v\000i\000c\000\040\000S\000i\000g\000n\000a\000l}{chapter.6}% 52
\BOOKMARK [1][-]{section.6.7}{\376\377\000C\000o\000n\000c\000l\000u\000s\000i\000o\000n}{chapter.6}% 53
\BOOKMARK [-1][-]{part.3}{\376\377\000I\000I\000I\000\040\000R\000S\000V\000P\000\040\000I\000n\000f\000o\000r\000m\000a\000t\000i\000o\000n\000a\000l\000\040\000S\000e\000c\000u\000r\000i\000t\000y}{}% 54
\BOOKMARK [0][-]{chapter.7}{\376\377\000R\000S\000V\000P\000:\000\040\000R\000e\000l\000a\000t\000i\000v\000i\000s\000t\000i\000c\000\040\000S\000c\000a\000l\000a\000r\000-\000V\000e\000c\000t\000o\000r\000\040\000P\000l\000e\000n\000u\000m\000\040\000a\000s\000\040\000I\000n\000f\000o\000r\000m\000a\000t\000i\000o\000n\000a\000l\000\040\000I\000n\000f\000r\000a\000s\000t\000r\000u\000c\000t\000u\000r\000e}{part.3}% 55
\BOOKMARK [1][-]{section.7.1}{\376\377\000I\000n\000t\000r\000o\000d\000u\000c\000t\000i\000o\000n}{chapter.7}% 56
\BOOKMARK [1][-]{section.7.2}{\376\377\000R\000S\000V\000P\000\040\000B\000a\000c\000k\000g\000r\000o\000u\000n\000d\000:\000\040\000F\000r\000o\000m\000\040\000P\000h\000y\000s\000i\000c\000s\000\040\000t\000o\000\040\000C\000o\000g\000n\000i\000t\000i\000o\000n}{chapter.7}% 57
\BOOKMARK [1][-]{section.7.3}{\376\377\000I\000n\000f\000o\000r\000m\000a\000t\000i\000o\000n\000a\000l\000\040\000T\000r\000a\000n\000s\000l\000a\000t\000i\000o\000n}{chapter.7}% 58
\BOOKMARK [1][-]{section.7.4}{\376\377\000T\000h\000e\000\040\000U\000s\000e\000f\000u\000l\000n\000e\000s\000s\000\040\000F\000u\000n\000c\000t\000i\000o\000n}{chapter.7}% 59
\BOOKMARK [1][-]{section.7.5}{\376\377\000M\000a\000r\000k\000e\000d\000n\000e\000s\000s\000\040\000a\000n\000d\000\040\000C\000o\000m\000p\000l\000e\000x\000i\000t\000y}{chapter.7}% 60
\BOOKMARK [1][-]{section.7.6}{\376\377\000S\000e\000c\000u\000r\000i\000t\000y\000\040\000T\000h\000r\000o\000u\000g\000h\000\040\000I\000n\000f\000o\000r\000m\000a\000t\000i\000o\000n\000a\000l\000\040\000I\000r\000r\000e\000v\000e\000r\000s\000i\000b\000i\000l\000i\000t\000y}{chapter.7}% 61
\BOOKMARK [1][-]{section.7.7}{\376\377\000T\000o\000w\000a\000r\000d\000\040\000I\000n\000f\000r\000a\000s\000t\000r\000u\000c\000t\000u\000r\000a\000l\000\040\000A\000p\000p\000l\000i\000c\000a\000t\000i\000o\000n}{chapter.7}% 62
\BOOKMARK [1][-]{section.7.8}{\376\377\000C\000o\000n\000c\000l\000u\000s\000i\000o\000n}{chapter.7}% 63
\BOOKMARK [0][-]{chapter.8}{\376\377\000M\000e\000t\000r\000i\000c\000s\000\040\000o\000f\000\040\000I\000n\000f\000o\000r\000m\000a\000t\000i\000o\000n\000a\000l\000\040\000U\000s\000e\000f\000u\000l\000n\000e\000s\000s}{part.3}% 64
\BOOKMARK [1][-]{section.8.1}{\376\377\000I\000n\000t\000r\000o\000d\000u\000c\000t\000i\000o\000n}{chapter.8}% 65
\BOOKMARK [1][-]{section.8.2}{\376\377\000E\000n\000t\000r\000o\000p\000y\000:\000\040\000Q\000u\000a\000n\000t\000i\000f\000y\000i\000n\000g\000\040\000D\000i\000s\000o\000r\000d\000e\000r}{chapter.8}% 66
\BOOKMARK [1][-]{section.8.3}{\376\377\000V\000e\000c\000t\000o\000r\000\040\000C\000o\000h\000e\000r\000e\000n\000c\000e\000:\000\040\000A\000l\000i\000g\000n\000i\000n\000g\000\040\000F\000l\000o\000w\000s}{chapter.8}% 67
\BOOKMARK [1][-]{section.8.4}{\376\377\000S\000c\000a\000l\000a\000r\000\040\000D\000e\000n\000s\000i\000t\000y\000:\000\040\000R\000i\000c\000h\000n\000e\000s\000s\000\040\000P\000e\000r\000\040\000U\000n\000i\000t}{chapter.8}% 68
\BOOKMARK [1][-]{section.8.5}{\376\377\000C\000o\000m\000p\000o\000s\000i\000t\000e\000\040\000U\000s\000e\000f\000u\000l\000n\000e\000s\000s\000\040\000F\000u\000n\000c\000t\000i\000o\000n}{chapter.8}% 69
\BOOKMARK [1][-]{section.8.6}{\376\377\000W\000o\000r\000k\000e\000d\000\040\000E\000x\000a\000m\000p\000l\000e\000s}{chapter.8}% 70
\BOOKMARK [1][-]{section.8.7}{\376\377\000I\000n\000f\000o\000r\000m\000a\000t\000i\000o\000n\000a\000l\000\040\000S\000e\000c\000u\000r\000i\000t\000y\000\040\000v\000s\000.\000\040\000W\000e\000a\000k\000n\000e\000s\000s\000/\000W\000a\000s\000t\000e}{chapter.8}% 71
\BOOKMARK [1][-]{section.8.8}{\376\377\000C\000o\000m\000p\000l\000e\000x\000i\000t\000y\000\040\000a\000n\000d\000\040\000M\000a\000r\000k\000e\000d\000n\000e\000s\000s}{chapter.8}% 72
\BOOKMARK [1][-]{section.8.9}{\376\377\000C\000o\000n\000c\000l\000u\000s\000i\000o\000n}{chapter.8}% 73
\BOOKMARK [0][-]{chapter.9}{\376\377\000I\000n\000f\000o\000r\000m\000a\000t\000i\000o\000n\000a\000l\000\040\000F\000r\000i\000c\000t\000i\000o\000n\000\040\000v\000s\000.\000\040\000M\000o\000n\000e\000t\000a\000r\000y\000\040\000F\000r\000i\000c\000t\000i\000o\000n}{part.3}% 74
\BOOKMARK [1][-]{section.9.1}{\376\377\000I\000n\000t\000r\000o\000d\000u\000c\000t\000i\000o\000n}{chapter.9}% 75
\BOOKMARK [1][-]{section.9.2}{\376\377\000B\000u\000b\000b\000l\000e\000\040\000C\000i\000t\000y\000:\000\040\000P\000e\000n\000n\000y\000-\000t\000o\000-\000P\000o\000s\000t}{chapter.9}% 76
\BOOKMARK [1][-]{section.9.3}{\376\377\000W\000h\000y\000\040\000M\000o\000n\000e\000t\000a\000r\000y\000\040\000F\000r\000i\000c\000t\000i\000o\000n\000\040\000C\000o\000l\000l\000a\000p\000s\000e\000s}{chapter.9}% 77
\BOOKMARK [1][-]{section.9.4}{\376\377\000R\000S\000V\000P\000\040\000a\000s\000\040\000I\000n\000f\000o\000r\000m\000a\000t\000i\000o\000n\000a\000l\000\040\000F\000r\000i\000c\000t\000i\000o\000n}{chapter.9}% 78
\BOOKMARK [1][-]{section.9.5}{\376\377\000M\000a\000r\000k\000e\000d\000n\000e\000s\000s\000\040\000a\000n\000d\000\040\000C\000o\000m\000p\000l\000e\000x\000i\000t\000y\000\040\000a\000s\000\040\000N\000a\000t\000u\000r\000a\000l\000\040\000G\000a\000t\000e\000s}{chapter.9}% 79
\BOOKMARK [1][-]{section.9.6}{\376\377\000C\000o\000m\000p\000a\000r\000a\000t\000i\000v\000e\000\040\000T\000a\000b\000l\000e}{chapter.9}% 80
\BOOKMARK [1][-]{section.9.7}{\376\377\000C\000o\000n\000c\000l\000u\000s\000i\000o\000n}{chapter.9}% 81
\BOOKMARK [-1][-]{part.4}{\376\377\000I\000V\000\040\000C\000i\000v\000i\000c\000\040\000a\000n\000d\000\040\000S\000o\000c\000i\000o\000e\000c\000o\000n\000o\000m\000i\000c\000\040\000E\000x\000t\000e\000n\000s\000i\000o\000n\000s}{}% 82
\BOOKMARK [0][-]{chapter.10}{\376\377\000C\000i\000v\000i\000c\000\040\000E\000f\000f\000i\000c\000i\000e\000n\000c\000y\000\040\000I\000n\000d\000e\000x\000:\000\040\000F\000r\000o\000m\000\040\000T\000r\000u\000c\000k\000s\000\040\000t\000o\000\040\000B\000l\000o\000c\000k\000c\000h\000a\000i\000n\000s}{part.4}% 83
\BOOKMARK [1][-]{section.10.1}{\376\377\000I\000n\000t\000r\000o\000d\000u\000c\000t\000i\000o\000n}{chapter.10}% 84
\BOOKMARK [1][-]{section.10.2}{\376\377\000R\000S\000V\000P\000\040\000F\000o\000u\000n\000d\000a\000t\000i\000o\000n\000s}{chapter.10}% 85
\BOOKMARK [1][-]{section.10.3}{\376\377\000C\000E\000I\000\040\000C\000a\000t\000e\000g\000o\000r\000i\000e\000s}{chapter.10}% 86
\BOOKMARK [1][-]{section.10.4}{\376\377\000C\000a\000s\000e\000\040\000S\000t\000u\000d\000i\000e\000s}{chapter.10}% 87
\BOOKMARK [2][-]{subsection.10.4.1}{\376\377\000A\000b\000s\000u\000r\000d\000\040\000T\000r\000u\000c\000k\000\040\000R\000e\000n\000t\000a\000l}{section.10.4}% 88
\BOOKMARK [2][-]{subsection.10.4.2}{\376\377\000G\000l\000o\000b\000a\000l\000\040\000W\000a\000t\000e\000r\000\040\000S\000h\000i\000p\000m\000e\000n\000t\000s}{section.10.4}% 89
\BOOKMARK [2][-]{subsection.10.4.3}{\376\377\000P\000r\000o\000o\000f\000-\000o\000f\000-\000W\000o\000r\000k\000\040\000M\000i\000n\000i\000n\000g}{section.10.4}% 90
\BOOKMARK [2][-]{subsection.10.4.4}{\376\377\000L\000o\000c\000a\000l\000\040\000F\000o\000o\000d\000\040\000N\000e\000t\000w\000o\000r\000k\000s\000\040\000\050\000P\000o\000s\000i\000t\000i\000v\000e\000\040\000C\000a\000s\000e\000\051}{section.10.4}% 91
\BOOKMARK [1][-]{section.10.5}{\376\377\000N\000o\000r\000m\000a\000t\000i\000v\000e\000\040\000I\000m\000p\000l\000i\000c\000a\000t\000i\000o\000n\000s}{chapter.10}% 92
\BOOKMARK [1][-]{section.10.6}{\376\377\000C\000o\000n\000c\000l\000u\000s\000i\000o\000n}{chapter.10}% 93
\BOOKMARK [0][-]{chapter.11}{\376\377\000I\000d\000e\000a\000\040\000R\000o\000u\000t\000i\000n\000g\000\040\000a\000n\000d\000\040\000S\000o\000c\000i\000a\000l\000\040\000P\000l\000a\000t\000f\000o\000r\000m\000s}{part.4}% 94
\BOOKMARK [1][-]{section.11.1}{\376\377\000I\000n\000t\000r\000o\000d\000u\000c\000t\000i\000o\000n}{chapter.11}% 95
\BOOKMARK [1][-]{section.11.2}{\376\377\000T\000h\000e\000\040\000F\000a\000i\000l\000u\000r\000e\000\040\000o\000f\000\040\000E\000n\000g\000a\000g\000e\000m\000e\000n\000t\000\040\000M\000e\000t\000r\000i\000c\000s}{chapter.11}% 96
\BOOKMARK [1][-]{section.11.3}{\376\377\000R\000S\000V\000P\000\040\000R\000o\000u\000t\000i\000n\000g\000\040\000F\000u\000n\000c\000t\000i\000o\000n}{chapter.11}% 97
\BOOKMARK [1][-]{section.11.4}{\376\377\000M\000a\000r\000k\000e\000d\000n\000e\000s\000s\000\040\000a\000n\000d\000\040\000A\000c\000c\000e\000s\000s\000i\000b\000i\000l\000i\000t\000y}{chapter.11}% 98
\BOOKMARK [1][-]{section.11.5}{\376\377\000W\000o\000r\000k\000e\000d\000\040\000E\000x\000a\000m\000p\000l\000e}{chapter.11}% 99
\BOOKMARK [1][-]{section.11.6}{\376\377\000C\000o\000m\000p\000a\000r\000i\000s\000o\000n\000\040\000t\000o\000\040\000A\000l\000t\000e\000r\000n\000a\000t\000i\000v\000e\000\040\000M\000o\000d\000e\000l\000s}{chapter.11}% 100
\BOOKMARK [1][-]{section.11.7}{\376\377\000C\000h\000a\000l\000l\000e\000n\000g\000e\000s\000\040\000a\000n\000d\000\040\000C\000o\000u\000n\000t\000e\000r\000a\000r\000g\000u\000m\000e\000n\000t\000s}{chapter.11}% 101
\BOOKMARK [1][-]{section.11.8}{\376\377\000T\000o\000w\000a\000r\000d\000\040\000C\000i\000v\000i\000c\000\040\000I\000d\000e\000a\000\040\000R\000o\000u\000t\000i\000n\000g}{chapter.11}% 102
\BOOKMARK [1][-]{section.11.9}{\376\377\000C\000o\000n\000c\000l\000u\000s\000i\000o\000n}{chapter.11}% 103
\BOOKMARK [0][-]{chapter.12}{\376\377\000T\000o\000w\000a\000r\000d\000\040\000a\000n\000\040\000I\000n\000f\000o\000r\000m\000a\000t\000i\000o\000n\000a\000l\000\040\000P\000o\000l\000i\000t\000i\000c\000a\000l\000\040\000E\000c\000o\000n\000o\000m\000y}{part.4}% 104
\BOOKMARK [1][-]{section.12.1}{\376\377\000I\000n\000t\000r\000o\000d\000u\000c\000t\000i\000o\000n}{chapter.12}% 105
\BOOKMARK [1][-]{section.12.2}{\376\377\000T\000h\000e\000\040\000A\000t\000t\000e\000n\000t\000i\000o\000n\000\040\000C\000o\000m\000m\000o\000n\000s}{chapter.12}% 106
\BOOKMARK [1][-]{section.12.3}{\376\377\000I\000n\000c\000e\000n\000t\000i\000v\000e\000s\000\040\000f\000o\000r\000\040\000C\000o\000h\000e\000r\000e\000n\000c\000e}{chapter.12}% 107
\BOOKMARK [1][-]{section.12.4}{\376\377\000R\000e\000d\000i\000s\000t\000r\000i\000b\000u\000t\000i\000o\000n\000\040\000o\000f\000\040\000C\000i\000v\000i\000c\000\040\000C\000o\000s\000t\000s}{chapter.12}% 108
\BOOKMARK [1][-]{section.12.5}{\376\377\000B\000e\000y\000o\000n\000d\000\040\000T\000o\000k\000e\000n\000i\000z\000a\000t\000i\000o\000n}{chapter.12}% 109
\BOOKMARK [1][-]{section.12.6}{\376\377\000C\000o\000m\000p\000l\000e\000x\000i\000t\000y\000\040\000a\000s\000\040\000a\000\040\000C\000i\000v\000i\000c\000\040\000G\000a\000t\000e}{chapter.12}% 110
\BOOKMARK [1][-]{section.12.7}{\376\377\000A\000p\000p\000l\000i\000c\000a\000t\000i\000o\000n\000s}{chapter.12}% 111
\BOOKMARK [1][-]{section.12.8}{\376\377\000N\000o\000r\000m\000a\000t\000i\000v\000e\000\040\000V\000i\000s\000i\000o\000n}{chapter.12}% 112
\BOOKMARK [1][-]{section.12.9}{\376\377\000C\000o\000n\000c\000l\000u\000s\000i\000o\000n}{chapter.12}% 113
\BOOKMARK [-1][-]{part.5}{\376\377\000V\000\040\000A\000p\000p\000e\000n\000d\000i\000c\000e\000s}{}% 114
\BOOKMARK [0][-]{appendix.A}{\376\377\000M\000a\000t\000h\000e\000m\000a\000t\000i\000c\000a\000l\000\040\000F\000o\000r\000m\000a\000l\000i\000s\000m}{part.5}% 115
\BOOKMARK [1][-]{section.A.1}{\376\377\000P\000u\000r\000p\000o\000s\000e}{appendix.A}% 116
\BOOKMARK [1][-]{section.A.2}{\376\377\000R\000S\000V\000P\000\040\000C\000o\000r\000e\000\040\000M\000e\000t\000r\000i\000c\000s}{appendix.A}% 117
\BOOKMARK [1][-]{section.A.3}{\376\377\000U\000s\000e\000f\000u\000l\000n\000e\000s\000s\000\040\000F\000u\000n\000c\000t\000i\000o\000n}{appendix.A}% 118
\BOOKMARK [1][-]{section.A.4}{\376\377\000C\000i\000v\000i\000c\000\040\000E\000f\000f\000i\000c\000i\000e\000n\000c\000y\000\040\000I\000n\000d\000e\000x\000\040\000\050\000C\000E\000I\000\051}{appendix.A}% 119
\BOOKMARK [1][-]{section.A.5}{\376\377\000R\000o\000u\000t\000i\000n\000g\000\040\000F\000u\000n\000c\000t\000i\000o\000n}{appendix.A}% 120
\BOOKMARK [1][-]{section.A.6}{\376\377\000B\000o\000u\000n\000d\000i\000n\000g\000\040\000C\000a\000s\000e\000s}{appendix.A}% 121
\BOOKMARK [1][-]{section.A.7}{\376\377\000P\000r\000o\000o\000f\000\040\000S\000k\000e\000t\000c\000h\000:\000\040\000S\000t\000a\000b\000i\000l\000i\000t\000y\000\040\000o\000f\000\040\000I\000n\000f\000o\000r\000m\000a\000t\000i\000o\000n\000a\000l\000\040\000F\000r\000i\000c\000t\000i\000o\000n}{appendix.A}% 122
\BOOKMARK [1][-]{section.A.8}{\376\377\000P\000r\000o\000o\000f\000\040\000S\000k\000e\000t\000c\000h\000:\000\040\000E\000n\000t\000r\000o\000p\000y\000\040\000P\000e\000n\000a\000l\000t\000y\000\040\000E\000n\000s\000u\000r\000e\000s\000\040\000S\000u\000p\000p\000r\000e\000s\000s\000i\000o\000n\000\040\000o\000f\000\040\000N\000o\000i\000s\000e}{appendix.A}% 123
\BOOKMARK [1][-]{section.A.9}{\376\377\000R\000S\000V\000P\000\040\000I\000r\000r\000e\000v\000e\000r\000s\000i\000b\000i\000l\000i\000t\000y}{appendix.A}% 124
\BOOKMARK [0][-]{appendix.B}{\376\377\000S\000i\000m\000u\000l\000a\000t\000i\000o\000n\000\040\000M\000o\000d\000e\000l\000s}{part.5}% 125
\BOOKMARK [1][-]{section.B.1}{\376\377\000P\000u\000r\000p\000o\000s\000e}{appendix.B}% 126
\BOOKMARK [1][-]{section.B.2}{\376\377\000S\000i\000m\000u\000l\000a\000t\000i\000o\000n\000\040\000E\000n\000v\000i\000r\000o\000n\000m\000e\000n\000t}{appendix.B}% 127
\BOOKMARK [1][-]{section.B.3}{\376\377\000S\000i\000m\000u\000l\000a\000t\000i\000o\000n\000\040\0001\000:\000\040\000S\000p\000a\000m\000\040\000v\000s\000.\000\040\000D\000e\000n\000s\000e\000\040\000C\000o\000n\000t\000r\000i\000b\000u\000t\000i\000o\000n}{appendix.B}% 128
\BOOKMARK [1][-]{section.B.4}{\376\377\000S\000i\000m\000u\000l\000a\000t\000i\000o\000n\000\040\0002\000:\000\040\000D\000i\000s\000c\000o\000u\000r\000s\000e\000\040\000F\000r\000a\000g\000m\000e\000n\000t\000a\000t\000i\000o\000n}{appendix.B}% 129
\BOOKMARK [1][-]{section.B.5}{\376\377\000S\000i\000m\000u\000l\000a\000t\000i\000o\000n\000\040\0003\000:\000\040\000P\000r\000o\000o\000f\000-\000o\000f\000-\000W\000o\000r\000k\000\040\000A\000n\000a\000l\000o\000g\000y}{appendix.B}% 130
\BOOKMARK [1][-]{section.B.6}{\376\377\000S\000i\000m\000u\000l\000a\000t\000i\000o\000n\000\040\0004\000:\000\040\000L\000e\000a\000r\000n\000i\000n\000g\000\040\000a\000n\000d\000\040\000M\000a\000r\000k\000e\000d\000n\000e\000s\000s}{appendix.B}% 131
\BOOKMARK [1][-]{section.B.7}{\376\377\000T\000o\000w\000a\000r\000d\000\040\000E\000m\000p\000i\000r\000i\000c\000a\000l\000\040\000I\000m\000p\000l\000e\000m\000e\000n\000t\000a\000t\000i\000o\000n}{appendix.B}% 132
\BOOKMARK [1][-]{section.B.8}{\376\377\000C\000o\000n\000c\000l\000u\000s\000i\000o\000n}{appendix.B}% 133
\BOOKMARK [0][-]{appendix.C}{\376\377\000C\000u\000l\000t\000u\000r\000a\000l\000\040\000C\000a\000s\000e\000\040\000S\000t\000u\000d\000i\000e\000s}{part.5}% 134
\BOOKMARK [1][-]{section.C.1}{\376\377\000P\000u\000r\000p\000o\000s\000e}{appendix.C}% 135
\BOOKMARK [1][-]{section.C.2}{\376\377\000H\000u\000m\000o\000r\000\040\000a\000n\000d\000\040\000S\000a\000t\000i\000r\000e\000:\000\040\000L\000i\000b\000e\000r\000a\000t\000i\000o\000n\000\040\000v\000s\000.\000\040\000N\000i\000h\000i\000l\000i\000s\000m}{appendix.C}% 136
\BOOKMARK [1][-]{section.C.3}{\376\377\000C\000o\000u\000r\000t\000r\000o\000o\000m\000\040\000D\000r\000a\000m\000a\000s\000\040\000a\000n\000d\000\040\000P\000o\000l\000i\000t\000i\000c\000a\000l\000\040\000E\000s\000p\000i\000o\000n\000a\000g\000e\000\040\000S\000h\000o\000w\000s}{appendix.C}% 137
\BOOKMARK [1][-]{section.C.4}{\376\377\000F\000a\000c\000e\000b\000o\000o\000k\000\040\000D\000e\000e\000p\000f\000a\000k\000e\000s\000:\000\040\000E\000n\000g\000a\000g\000e\000m\000e\000n\000t\000\040\000W\000i\000t\000h\000o\000u\000t\000\040\000P\000r\000e\000s\000e\000n\000c\000e}{appendix.C}% 138
\BOOKMARK [1][-]{section.C.5}{\376\377\000G\000i\000t\000H\000u\000b\000\040\000E\000m\000o\000j\000i\000\040\000M\000o\000n\000o\000c\000u\000l\000t\000u\000r\000e}{appendix.C}% 139
\BOOKMARK [1][-]{section.C.6}{\376\377\000M\000e\000s\000s\000e\000n\000g\000e\000r\000\040\000a\000n\000d\000\040\000F\000a\000c\000e\000b\000o\000o\000k\000\040\000E\000d\000i\000t\000\040\000P\000o\000l\000i\000c\000i\000e\000s}{appendix.C}% 140
\BOOKMARK [1][-]{section.C.7}{\376\377\000S\000y\000n\000t\000h\000e\000s\000i\000s\000:\000\040\000C\000u\000l\000t\000u\000r\000e\000\040\000a\000s\000\040\000I\000n\000f\000o\000r\000m\000a\000t\000i\000o\000n\000a\000l\000\040\000C\000o\000m\000m\000o\000n\000s}{appendix.C}% 141
\BOOKMARK [1][-]{section.C.8}{\376\377\000C\000o\000n\000c\000l\000u\000s\000i\000o\000n}{appendix.C}% 142
\BOOKMARK [0][-]{appendix.D}{\376\377\000C\000i\000v\000i\000c\000\040\000A\000p\000p\000l\000i\000c\000a\000t\000i\000o\000n\000s}{part.5}% 143
\BOOKMARK [1][-]{section.D.1}{\376\377\000P\000u\000r\000p\000o\000s\000e}{appendix.D}% 144
\BOOKMARK [1][-]{section.D.2}{\376\377\000T\000r\000a\000n\000s\000p\000o\000r\000t\000\040\000a\000n\000d\000\040\000L\000o\000g\000i\000s\000t\000i\000c\000s}{appendix.D}% 145
\BOOKMARK [1][-]{section.D.3}{\376\377\000E\000n\000e\000r\000g\000y\000\040\000S\000y\000s\000t\000e\000m\000s}{appendix.D}% 146
\BOOKMARK [1][-]{section.D.4}{\376\377\000N\000o\000r\000m\000a\000t\000i\000v\000e\000\040\000A\000p\000p\000l\000i\000c\000a\000t\000i\000o\000n}{appendix.D}% 147
\BOOKMARK [1][-]{section.D.5}{\376\377\000C\000o\000n\000c\000l\000u\000s\000i\000o\000n}{appendix.D}% 148
