\BOOKMARK [0][-]{part*.1}{\376\377\000P\000a\000r\000t\000\040\000I\000:\000\040\000T\000h\000e\000\040\000N\000o\000v\000e\000l\000\040\000a\000s\000\040\000a\000n\000\040\000E\000p\000i\000s\000t\000e\000m\000i\000c\000\040\000M\000a\000c\000h\000i\000n\000e}{}% 1
\BOOKMARK [1][-]{section.1}{\376\377\000I\000n\000t\000r\000o\000d\000u\000c\000t\000i\000o\000n\000:\000\040\000L\000i\000t\000e\000r\000a\000t\000u\000r\000e\000\040\000a\000s\000\040\000T\000h\000e\000o\000r\000y\000\040\000D\000i\000s\000c\000o\000v\000e\000r\000y}{part*.1}% 2
\BOOKMARK [1][-]{section.2}{\376\377\000T\000h\000e\000\040\000E\000x\000p\000e\000r\000i\000e\000n\000c\000e\000\040\000o\000f\000\040\000E\000p\000i\000s\000t\000e\000m\000i\000c\000\040\000C\000o\000l\000l\000a\000p\000s\000e}{part*.1}% 3
\BOOKMARK [1][-]{section.3}{\376\377\000T\000h\000e\000\040\000A\000r\000c\000h\000i\000t\000e\000c\000t\000u\000r\000e\000\040\000o\000f\000\040\000C\000o\000n\000c\000e\000a\000l\000m\000e\000n\000t}{part*.1}% 4
\BOOKMARK [1][-]{section.4}{\376\377\000T\000h\000e\000\040\000F\000i\000r\000s\000t\000\040\000P\000r\000o\000j\000e\000c\000t\000i\000o\000n\000:\000\040\000L\000i\000v\000i\000n\000g\000\040\000I\000n\000s\000i\000d\000e\000\040\000t\000h\000e\000\040\000S\000p\000h\000e\000r\000e}{part*.1}% 5
\BOOKMARK [1][-]{section.5}{\376\377\000M\000a\000x\000i\000m\000\040\000K\000a\000m\000m\000e\000r\000e\000r\000\040\000a\000n\000d\000\040\000t\000h\000e\000\040\000C\000o\000n\000f\000i\000d\000e\000n\000c\000e\000\040\000o\000f\000\040\000G\000o\000o\000d\000\040\000M\000a\000p\000s}{part*.1}% 6
\BOOKMARK [2][-]{subsection.5.1}{\376\377\000S\000u\000c\000c\000e\000s\000s\000i\000v\000e\000\040\000M\000a\000p\000s\000\040\000o\000f\000\040\000S\000a\000r\000a\000k\000s\000h}{section.5}% 7
\BOOKMARK [0][-]{part*.2}{\376\377\000P\000a\000r\000t\000\040\000I\000I\000:\000\040\000P\000r\000o\000j\000e\000c\000t\000i\000o\000n\000\040\000F\000a\000i\000l\000u\000r\000e}{}% 8
\BOOKMARK [1][-]{section.6}{\376\377\000A\000d\000m\000i\000s\000s\000i\000b\000i\000l\000i\000t\000y\000,\000\040\000P\000r\000o\000j\000e\000c\000t\000i\000o\000n\000,\000\040\000a\000n\000d\000\040\000R\000e\000a\000c\000h\000a\000b\000i\000l\000i\000t\000y}{part*.2}% 9
\BOOKMARK [2][-]{subsection.6.1}{\376\377\000S\000t\000a\000t\000e\000\040\000D\000e\000s\000c\000r\000i\000p\000t\000i\000o\000n\000s\000\040\000a\000n\000d\000\040\000P\000r\000o\000j\000e\000c\000t\000i\000o\000n\000\040\000O\000p\000e\000r\000a\000t\000o\000r\000s}{section.6}% 10
\BOOKMARK [2][-]{subsection.6.2}{\376\377\000A\000d\000m\000i\000s\000s\000i\000b\000i\000l\000i\000t\000y}{section.6}% 11
\BOOKMARK [2][-]{subsection.6.3}{\376\377\000R\000e\000a\000c\000h\000a\000b\000i\000l\000i\000t\000y}{section.6}% 12
\BOOKMARK [2][-]{subsection.6.4}{\376\377\000P\000r\000o\000j\000e\000c\000t\000i\000o\000n\000\040\000C\000o\000l\000l\000a\000p\000s\000e}{section.6}% 13
\BOOKMARK [2][-]{subsection.6.5}{\376\377\000T\000h\000e\000\040\000B\000r\000o\000a\000d\000c\000a\000s\000t\000\040\000S\000y\000s\000t\000e\000m\000\040\000a\000s\000\040\000A\000d\000m\000i\000s\000s\000i\000b\000i\000l\000i\000t\000y\000\040\000A\000r\000c\000h\000i\000t\000e\000c\000t\000u\000r\000e}{section.6}% 14
\BOOKMARK [2][-]{subsection.6.6}{\376\377\000E\000p\000i\000s\000t\000e\000m\000i\000c\000\040\000A\000d\000m\000i\000s\000s\000i\000b\000i\000l\000i\000t\000y\000\040\000a\000n\000d\000\040\000C\000i\000v\000i\000l\000i\000z\000a\000t\000i\000o\000n\000a\000l\000\040\000A\000d\000m\000i\000s\000s\000i\000b\000i\000l\000i\000t\000y}{section.6}% 15
\BOOKMARK [0][-]{part*.3}{\376\377\000P\000a\000r\000t\000\040\000I\000I\000I\000:\000\040\000T\000h\000e\000\040\000G\000e\000o\000m\000e\000t\000r\000y\000\040\000o\000f\000\040\000I\000n\000t\000e\000r\000v\000e\000n\000t\000i\000o\000n}{}% 16
\BOOKMARK [1][-]{section.7}{\376\377\000I\000n\000t\000e\000r\000v\000e\000n\000t\000i\000o\000n\000\040\000U\000n\000d\000e\000r\000\040\000I\000n\000c\000o\000m\000p\000l\000e\000t\000e\000\040\000O\000b\000s\000e\000r\000v\000a\000b\000i\000l\000i\000t\000y}{part*.3}% 17
\BOOKMARK [2][-]{subsection.7.1}{\376\377\000L\000o\000a\000d\000-\000B\000e\000a\000r\000i\000n\000g\000\040\000C\000o\000n\000s\000t\000r\000a\000i\000n\000t\000s}{section.7}% 18
\BOOKMARK [2][-]{subsection.7.2}{\376\377\000T\000h\000e\000\040\000S\000u\000c\000c\000e\000s\000s\000i\000v\000e\000\040\000O\000b\000j\000e\000c\000t\000i\000v\000e\000\040\000F\000u\000n\000c\000t\000i\000o\000n\000s}{section.7}% 19
\BOOKMARK [2][-]{subsection.7.3}{\376\377\000W\000h\000y\000\040\000E\000v\000e\000r\000y\000\040\000A\000c\000t\000o\000r\000\040\000F\000a\000i\000l\000s}{section.7}% 20
\BOOKMARK [2][-]{subsection.7.4}{\376\377\000T\000h\000e\000\040\000I\000n\000t\000e\000r\000v\000e\000n\000t\000i\000o\000n\000\040\000P\000r\000o\000b\000l\000e\000m\000\040\000F\000o\000r\000m\000a\000l\000i\000z\000e\000d}{section.7}% 21
\BOOKMARK [1][-]{section.8}{\376\377\000P\000o\000l\000i\000t\000i\000c\000a\000l\000\040\000C\000o\000n\000f\000l\000i\000c\000t\000\040\000a\000s\000\040\000C\000o\000m\000p\000e\000t\000i\000n\000g\000\040\000R\000e\000p\000a\000i\000r\000\040\000P\000r\000o\000g\000r\000a\000m\000s}{part*.3}% 22
\BOOKMARK [2][-]{subsection.8.1}{\376\377\000A\000n\000o\000m\000a\000l\000i\000e\000s\000\040\000a\000n\000d\000\040\000R\000e\000p\000a\000i\000r\000\040\000O\000p\000e\000r\000a\000t\000o\000r\000s}{section.8}% 23
\BOOKMARK [2][-]{subsection.8.2}{\376\377\000T\000h\000e\000\040\000A\000n\000o\000m\000a\000l\000y\000\040\000S\000e\000t\000s\000\040\000o\000f\000\040\000S\000a\000r\000a\000k\000s\000h}{section.8}% 24
\BOOKMARK [2][-]{subsection.8.3}{\376\377\000W\000h\000y\000\040\000I\000d\000e\000n\000t\000i\000c\000a\000l\000\040\000O\000b\000s\000e\000r\000v\000a\000t\000i\000o\000n\000s\000\040\000G\000e\000n\000e\000r\000a\000t\000e\000\040\000I\000n\000c\000o\000m\000p\000a\000t\000i\000b\000l\000e\000\040\000R\000e\000p\000a\000i\000r\000\040\000S\000t\000r\000a\000t\000e\000g\000i\000e\000s}{section.8}% 25
\BOOKMARK [2][-]{subsection.8.4}{\376\377\000R\000e\000p\000a\000i\000r\000-\000I\000n\000d\000u\000c\000e\000d\000\040\000D\000a\000m\000a\000g\000e}{section.8}% 26
\BOOKMARK [1][-]{section.9}{\376\377\000R\000u\000d\000o\000l\000f\000\040\000S\000i\000k\000o\000r\000s\000k\000i\000\040\000a\000n\000d\000\040\000t\000h\000e\000\040\000L\000i\000m\000i\000t\000s\000\040\000o\000f\000\040\000R\000e\000p\000a\000i\000r}{part*.3}% 27
\BOOKMARK [2][-]{subsection.9.1}{\376\377\000T\000h\000e\000\040\000P\000r\000o\000g\000r\000e\000s\000s\000o\000r\000\040\000a\000s\000\040\000T\000h\000e\000o\000r\000e\000t\000i\000c\000a\000l\000\040\000C\000o\000n\000s\000t\000r\000u\000c\000t}{section.9}% 28
\BOOKMARK [2][-]{subsection.9.2}{\376\377\000W\000h\000a\000t\000\040\000S\000i\000k\000o\000r\000s\000k\000i\000\040\000U\000n\000d\000e\000r\000s\000t\000a\000n\000d\000s}{section.9}% 29
\BOOKMARK [2][-]{subsection.9.3}{\376\377\000T\000h\000e\000\040\000S\000t\000r\000u\000c\000t\000u\000r\000e\000\040\000o\000f\000\040\000S\000i\000k\000o\000r\000s\000k\000i\000'\000s\000\040\000F\000a\000i\000l\000u\000r\000e}{section.9}% 30
\BOOKMARK [2][-]{subsection.9.4}{\376\377\000I\000n\000t\000e\000r\000v\000e\000n\000t\000i\000o\000n\000,\000\040\000C\000o\000n\000t\000r\000o\000l\000,\000\040\000a\000n\000d\000\040\000I\000r\000r\000e\000v\000e\000r\000s\000i\000b\000i\000l\000i\000t\000y}{section.9}% 31
\BOOKMARK [2][-]{subsection.9.5}{\376\377\000W\000h\000a\000t\000\040\000S\000i\000k\000o\000r\000s\000k\000i\000'\000s\000\040\000F\000a\000i\000l\000u\000r\000e\000\040\000M\000e\000a\000n\000s\000\040\000f\000o\000r\000\040\000R\000e\000p\000a\000i\000r\000\040\000T\000h\000e\000o\000r\000y}{section.9}% 32
\BOOKMARK [0][-]{part*.4}{\376\377\000P\000a\000r\000t\000\040\000I\000V\000:\000\040\000T\000h\000e\000\040\000E\000n\000d\000i\000n\000g\000\040\000a\000n\000d\000\040\000I\000t\000s\000\040\000I\000m\000p\000l\000i\000c\000a\000t\000i\000o\000n\000s}{}% 33
\BOOKMARK [1][-]{section.10}{\376\377\000T\000h\000e\000\040\000E\000n\000d\000i\000n\000g\000\040\000a\000s\000\040\000R\000e\000a\000c\000h\000a\000b\000i\000l\000i\000t\000y\000\040\000P\000r\000o\000b\000l\000e\000m}{part*.4}% 34
\BOOKMARK [2][-]{subsection.10.1}{\376\377\000T\000w\000o\000\040\000R\000e\000a\000d\000i\000n\000g\000s\000\040\000o\000f\000\040\000t\000h\000e\000\040\000S\000a\000m\000e\000\040\000E\000v\000e\000n\000t}{section.10}% 35
\BOOKMARK [2][-]{subsection.10.2}{\376\377\000F\000o\000r\000m\000a\000l\000\040\000R\000e\000a\000c\000h\000a\000b\000i\000l\000i\000t\000y\000\040\000a\000n\000d\000\040\000E\000f\000f\000e\000c\000t\000i\000v\000e\000\040\000R\000e\000a\000c\000h\000a\000b\000i\000l\000i\000t\000y}{section.10}% 36
\BOOKMARK [2][-]{subsection.10.3}{\376\377\000T\000h\000e\000\040\000L\000a\000m\000p\000h\000r\000o\000d\000y\000n\000e\000\040\000I\000n\000t\000e\000r\000p\000r\000e\000t\000a\000t\000i\000o\000n}{section.10}% 37
\BOOKMARK [2][-]{subsection.10.4}{\376\377\000C\000o\000n\000s\000t\000r\000a\000i\000n\000t\000\040\000R\000e\000m\000o\000v\000a\000l\000\040\000N\000o\000n\000-\000M\000o\000n\000o\000t\000o\000n\000i\000c\000i\000t\000y}{section.10}% 38
\BOOKMARK [2][-]{subsection.10.5}{\376\377\000T\000h\000e\000\040\000A\000d\000m\000i\000s\000s\000i\000b\000i\000l\000i\000t\000y\040\023\000S\000t\000a\000b\000i\000l\000i\000t\000y\000\040\000T\000r\000a\000d\000e\000o\000f\000f}{section.10}% 39
\BOOKMARK [2][-]{subsection.10.6}{\376\377\000T\000h\000e\000\040\000P\000r\000o\000j\000e\000c\000t\000i\000o\000n\000\040\000H\000o\000r\000i\000z\000o\000n\000\040\000T\000h\000e\000o\000r\000e\000m}{section.10}% 40
\BOOKMARK [2][-]{subsection.10.7}{\376\377\000T\000h\000e\000\040\000C\000o\000u\000n\000t\000e\000r\000f\000a\000c\000t\000u\000a\000l\000\040\000I\000n\000d\000e\000t\000e\000r\000m\000i\000n\000a\000c\000y\000\040\000T\000h\000e\000o\000r\000e\000m}{section.10}% 41
\BOOKMARK [0][-]{part*.5}{\376\377\000P\000a\000r\000t\000\040\000V\000:\000\040\000B\000e\000y\000o\000n\000d\000\040\000A\000d\000m\000i\000s\000s\000i\000b\000i\000l\000i\000t\000y}{}% 42
\BOOKMARK [1][-]{section.11}{\376\377\000B\000e\000y\000o\000n\000d\000\040\000A\000d\000m\000i\000s\000s\000i\000b\000i\000l\000i\000t\000y}{part*.5}% 43
\BOOKMARK [2][-]{subsection.11.1}{\376\377\000L\000o\000y\000a\000l\000t\000y}{section.11}% 44
\BOOKMARK [2][-]{subsection.11.2}{\376\377\000C\000h\000a\000r\000i\000s\000m\000a}{section.11}% 45
\BOOKMARK [2][-]{subsection.11.3}{\376\377\000F\000e\000a\000r}{section.11}% 46
\BOOKMARK [2][-]{subsection.11.4}{\376\377\000H\000i\000s\000t\000o\000r\000i\000c\000a\000l\000\040\000M\000o\000m\000e\000n\000t\000u\000m}{section.11}% 47
\BOOKMARK [2][-]{subsection.11.5}{\376\377\000M\000o\000r\000a\000l\000\040\000C\000o\000m\000m\000i\000t\000m\000e\000n\000t}{section.11}% 48
\BOOKMARK [2][-]{subsection.11.6}{\376\377\000N\000a\000r\000r\000a\000t\000i\000v\000e\000\040\000A\000g\000e\000n\000c\000y}{section.11}% 49
\BOOKMARK [2][-]{subsection.11.7}{\376\377\000T\000h\000e\000\040\000B\000o\000u\000n\000d\000a\000r\000y\000\040\000a\000n\000d\000\040\000I\000t\000s\000\040\000S\000i\000g\000n\000i\000f\000i\000c\000a\000n\000c\000e}{section.11}% 50
\BOOKMARK [0][-]{part*.6}{\376\377\000P\000a\000r\000t\000\040\000V\000I\000:\000\040\000L\000i\000t\000e\000r\000a\000t\000u\000r\000e\000\040\000a\000s\000\040\000T\000h\000e\000o\000r\000y\000\040\000D\000i\000s\000c\000o\000v\000e\000r\000y}{}% 51
\BOOKMARK [1][-]{section.12}{\376\377\000L\000i\000t\000e\000r\000a\000t\000u\000r\000e\000\040\000a\000s\000\040\000T\000h\000e\000o\000r\000y\000\040\000D\000i\000s\000c\000o\000v\000e\000r\000y}{part*.6}% 52
\BOOKMARK [2][-]{subsection.12.1}{\376\377\000T\000w\000o\000\040\000M\000o\000d\000e\000s\000\040\000o\000f\000\040\000I\000n\000q\000u\000i\000r\000y}{section.12}% 53
\BOOKMARK [2][-]{subsection.12.2}{\376\377\000W\000h\000a\000t\000\040\000t\000h\000e\000\040\000S\000t\000r\000u\000g\000a\000t\000s\000k\000y\000s\000\040\000D\000i\000s\000c\000o\000v\000e\000r\000e\000d}{section.12}% 54
\BOOKMARK [2][-]{subsection.12.3}{\376\377\000T\000h\000e\000\040\000C\000r\000i\000t\000i\000c\000a\000l\000\040\000R\000e\000c\000e\000p\000t\000i\000o\000n\000\040\000a\000s\000\040\000E\000v\000i\000d\000e\000n\000c\000e}{section.12}% 55
\BOOKMARK [2][-]{subsection.12.4}{\376\377\000T\000h\000e\000\040\000R\000e\000s\000e\000a\000r\000c\000h\000\040\000P\000r\000o\000g\000r\000a\000m}{section.12}% 56
\BOOKMARK [1][-]{subsection.12.4}{\376\377\000C\000o\000n\000c\000l\000u\000s\000i\000o\000n\000:\000\040\000T\000h\000e\000\040\000G\000e\000o\000m\000e\000t\000r\000y\000\040\000o\000f\000\040\000C\000o\000n\000t\000r\000o\000l}{part*.6}% 57
\BOOKMARK [1][-]{appendix.A}{\376\377\000A\000\040\000F\000o\000r\000m\000a\000l\000\040\000S\000k\000e\000t\000c\000h\000\040\000o\000f\000\040\000P\000r\000o\000j\000e\000c\000t\000i\000o\000n\000\040\000F\000a\000i\000l\000u\000r\000e}{part*.6}% 58
\BOOKMARK [1][-]{appendix.B}{\376\377\000R\000e\000a\000c\000h\000a\000b\000i\000l\000i\000t\000y\000\040\000P\000a\000r\000t\000i\000t\000i\000o\000n\000s\000\040\000a\000n\000d\000\040\000S\000o\000c\000i\000a\000l\000\040\000T\000o\000p\000o\000l\000o\000g\000y}{part*.6}% 59
\BOOKMARK [1][-]{appendix.C}{\376\377\000R\000e\000p\000a\000i\000r\000\040\000O\000p\000e\000r\000a\000t\000o\000r\000s\000\040\000o\000n\000\040\000P\000o\000l\000i\000t\000i\000c\000a\000l\000\040\000S\000y\000s\000t\000e\000m\000s}{part*.6}% 60
\BOOKMARK [1][-]{appendix.D}{\376\377\000T\000i\000m\000e\000l\000i\000n\000e\000\040\000o\000f\000\040\000M\000o\000d\000e\000l\000\040\000C\000o\000n\000s\000t\000r\000u\000c\000t\000i\000o\000n\000\040\000a\000n\000d\000\040\000C\000o\000l\000l\000a\000p\000s\000e}{part*.6}% 61
