\BOOKMARK [0][-]{section*.1}{\376\377\000P\000r\000e\000f\000a\000c\000e}{}% 1
\BOOKMARK [0][-]{part.1}{\376\377\000I\000\040\000O\000r\000i\000e\000n\000t\000a\000t\000i\000o\000n}{}% 2
\BOOKMARK [1][-]{section.1.1}{\376\377\000S\000e\000a\000r\000c\000h\000\040\000B\000e\000c\000o\000m\000e\000s\000\040\000A\000b\000u\000n\000d\000a\000n\000t}{part.1}% 3
\BOOKMARK [1][-]{section.1.2}{\376\377\000T\000h\000e\000\040\000A\000s\000y\000m\000m\000e\000t\000r\000y\000\040\000B\000e\000t\000w\000e\000e\000n\000\040\000S\000e\000a\000r\000c\000h\000\040\000a\000n\000d\000\040\000O\000r\000i\000e\000n\000t\000a\000t\000i\000o\000n}{part.1}% 4
\BOOKMARK [1][-]{section.1.3}{\376\377\000E\000x\000p\000l\000o\000r\000a\000t\000i\000o\000n\000\040\000B\000e\000f\000o\000r\000e\000\040\000F\000o\000r\000m\000a\000l\000i\000z\000a\000t\000i\000o\000n}{part.1}% 5
\BOOKMARK [1][-]{section.1.4}{\376\377\000G\000o\000a\000l\000\040\000C\000o\000n\000t\000i\000n\000u\000i\000t\000y}{part.1}% 6
\BOOKMARK [1][-]{section.1.5}{\376\377\000R\000e\000p\000a\000i\000r\000\040\000a\000s\000\040\000N\000a\000v\000i\000g\000a\000t\000i\000o\000n}{part.1}% 7
\BOOKMARK [1][-]{section.1.6}{\376\377\000T\000h\000e\000\040\000N\000e\000w\000\040\000B\000o\000t\000t\000l\000e\000n\000e\000c\000k}{part.1}% 8
\BOOKMARK [1][-]{section.1.7}{\376\377\000F\000o\000r\000m\000a\000l\000\040\000I\000n\000t\000e\000r\000p\000r\000e\000t\000a\000t\000i\000o\000n}{part.1}% 9
\BOOKMARK [0][-]{part.2}{\376\377\000I\000I\000\040\000O\000r\000i\000e\000n\000t\000a\000t\000i\000o\000n\000\040\000a\000n\000d\000\040\000I\000n\000s\000t\000i\000t\000u\000t\000i\000o\000n\000s}{}% 10
\BOOKMARK [1][-]{section.2.1}{\376\377\000C\000o\000n\000s\000t\000r\000a\000i\000n\000t\000s\000\040\000W\000i\000t\000h\000o\000u\000t\000\040\000R\000e\000a\000s\000o\000n\000s}{part.2}% 11
\BOOKMARK [1][-]{section.2.2}{\376\377\000S\000e\000a\000r\000c\000h\000\040\000V\000e\000l\000o\000c\000i\000t\000y\000\040\000a\000n\000d\000\040\000C\000o\000n\000t\000e\000x\000t\000u\000a\000l\000\040\000D\000e\000p\000t\000h}{part.2}% 12
\BOOKMARK [1][-]{section.2.3}{\376\377\000T\000h\000e\000\040\000R\000e\000a\000s\000o\000n\000\040\000R\000e\000t\000e\000n\000t\000i\000o\000n\000\040\000P\000r\000i\000n\000c\000i\000p\000l\000e}{part.2}% 13
\BOOKMARK [1][-]{section.2.4}{\376\377\000R\000i\000t\000u\000a\000l\000i\000z\000a\000t\000i\000o\000n}{part.2}% 14
\BOOKMARK [1][-]{section.2.5}{\376\377\000I\000n\000s\000t\000i\000t\000u\000t\000i\000o\000n\000a\000l\000\040\000P\000r\000o\000j\000e\000c\000t\000i\000o\000n\000\040\000C\000o\000l\000l\000a\000p\000s\000e}{part.2}% 15
\BOOKMARK [1][-]{section.2.6}{\376\377\000T\000h\000e\000\040\000H\000i\000e\000r\000a\000r\000c\000h\000y\000\040\000o\000f\000\040\000I\000n\000s\000t\000i\000t\000u\000t\000i\000o\000n\000a\000l\000\040\000O\000r\000i\000e\000n\000t\000a\000t\000i\000o\000n}{part.2}% 16
\BOOKMARK [1][-]{section.2.7}{\376\377\000R\000e\000p\000a\000i\000r\000\040\000a\000s\000\040\000R\000e\000c\000o\000n\000s\000t\000r\000u\000c\000t\000i\000o\000n}{part.2}% 17
\BOOKMARK [1][-]{section.2.8}{\376\377\000G\000o\000v\000e\000r\000n\000a\000n\000c\000e\000\040\000a\000s\000\040\000O\000r\000i\000e\000n\000t\000a\000t\000i\000o\000n}{part.2}% 18
\BOOKMARK [1][-]{section.2.9}{\376\377\000F\000o\000r\000m\000a\000l\000\040\000I\000n\000t\000e\000r\000p\000r\000e\000t\000a\000t\000i\000o\000n}{part.2}% 19
\BOOKMARK [0][-]{part.3}{\376\377\000I\000I\000I\000\040\000O\000r\000i\000e\000n\000t\000a\000t\000i\000o\000n\000\040\000a\000n\000d\000\040\000K\000n\000o\000w\000l\000e\000d\000g\000e}{}% 20
\BOOKMARK [1][-]{section.3.1}{\376\377\000T\000h\000e\000\040\000A\000c\000c\000u\000m\000u\000l\000a\000t\000i\000o\000n\000\040\000P\000r\000o\000b\000l\000e\000m}{part.3}% 21
\BOOKMARK [1][-]{section.3.2}{\376\377\000K\000n\000o\000w\000l\000e\000d\000g\000e\000\040\000a\000n\000d\000\040\000U\000n\000d\000e\000r\000s\000t\000a\000n\000d\000i\000n\000g}{part.3}% 22
\BOOKMARK [1][-]{section.3.3}{\376\377\000U\000n\000d\000e\000r\000s\000t\000a\000n\000d\000i\000n\000g\000\040\000D\000e\000b\000t}{part.3}% 23
\BOOKMARK [1][-]{section.3.4}{\376\377\000F\000r\000a\000g\000m\000e\000n\000t\000a\000t\000i\000o\000n\000\040\000a\000s\000\040\000S\000t\000r\000u\000c\000t\000u\000r\000a\000l\000\040\000D\000r\000i\000f\000t}{part.3}% 24
\BOOKMARK [1][-]{section.3.5}{\376\377\000K\000n\000o\000w\000l\000e\000d\000g\000e\000\040\000a\000s\000\040\000A\000s\000s\000e\000t\000,\000\040\000U\000n\000d\000e\000r\000s\000t\000a\000n\000d\000i\000n\000g\000\040\000a\000s\000\040\000M\000a\000i\000n\000t\000e\000n\000a\000n\000c\000e}{part.3}% 25
\BOOKMARK [1][-]{section.3.6}{\376\377\000S\000y\000n\000t\000h\000e\000s\000i\000s\000\040\000a\000s\000\040\000R\000e\000p\000a\000i\000r}{part.3}% 26
\BOOKMARK [1][-]{section.3.7}{\376\377\000F\000o\000r\000m\000a\000l\000\040\000I\000n\000t\000e\000r\000p\000r\000e\000t\000a\000t\000i\000o\000n}{part.3}% 27
\BOOKMARK [0][-]{section*.2}{\376\377\000E\000p\000i\000l\000o\000g\000u\000e\000:\000\040\000O\000r\000i\000e\000n\000t\000a\000t\000i\000o\000n\000\040\000a\000s\000\040\000R\000e\000c\000o\000n\000s\000t\000r\000u\000c\000t\000i\000o\000n}{}% 28
\BOOKMARK [1][-]{section*.8}{\376\377\000R\000e\000f\000e\000r\000e\000n\000c\000e\000s}{section*.2}% 29
