[22:10:28] Paperbot Parliament started
[22:10:28] Model: granite3.2:8b  Chunk: 250 lines  Cycles: 1
[22:10:28] Source: /mnt/c/Users/nateg/OneDrive/Documentos/GitHub/kitbash/paperbot/source
[22:10:28] No .txt files found in /mnt/c/Users/nateg/OneDrive/Documentos/GitHub/kitbash/paperbot/source
[22:10:28] Place source documents there and run again.
[22:12:53] Paperbot Parliament started
[22:12:53] Model: granite3.2:8b  Chunk: 250 lines  Cycles: 1
[22:12:54] Source: /mnt/c/Users/nateg/OneDrive/Documentos/GitHub/kitbash/paperbot/source
[22:12:54] Processing: memelock
[22:12:54] Chunk: chunk_aa
[22:12:54]   ↳ claims extractor
[22:16:37] Paperbot Parliament started
[22:16:37] Model: granite3.2:8b  Chunk: 250 lines  Cycles: 1
[22:16:37] Source: /mnt/c/Users/nateg/OneDrive/Documentos/GitHub/kitbash/paperbot/source
[22:16:37] Processing: memelock
[22:16:37] Chunk: chunk_aa
[22:16:37]   ↳ claims extractor
[22:16:58]   Cycle 1/1
[22:16:58]   ↳ nitpicker
[22:17:09]   ↳ skeptic
[22:17:22]   ↳ archivist
[22:17:48]   ↳ synthesist
[22:17:59]   ↳ auditor
[22:18:08]   ✓ chunk_aa complete
[22:18:08] Chunk: chunk_aa.claims
[22:18:08]   ↳ claims extractor
[22:18:34]   Cycle 1/1
[22:18:34]   ↳ nitpicker
[22:18:50]   ↳ skeptic
[22:19:00]   ↳ archivist
[22:19:20]   ↳ synthesist
[22:19:35]   ↳ auditor
[22:19:50]   ✓ chunk_aa.claims complete
[22:19:50] Chunk: chunk_ab
[22:19:50]   ↳ claims extractor
[22:20:11]   Cycle 1/1
[22:20:11]   ↳ nitpicker
[22:20:27]   ↳ skeptic
[22:20:44]   ↳ archivist
[22:21:23]   ↳ synthesist
[22:21:34]   ↳ auditor
[22:21:44]   ✓ chunk_ab complete
[22:21:44] Chunk: chunk_ac
[22:21:44]   ↳ claims extractor
[22:21:57]   Cycle 1/1
[22:21:57]   ↳ nitpicker
[22:22:07]   ↳ skeptic
[22:22:28]   ↳ archivist
[22:22:47]   ↳ synthesist
[22:22:59]   ↳ auditor
[22:23:06]   ✓ chunk_ac complete
[22:23:06] Report: /mnt/c/Users/nateg/OneDrive/Documentos/GitHub/kitbash/paperbot/reports/memelock/parliament_report.md
[22:23:06] Distinction ledger: /mnt/c/Users/nateg/OneDrive/Documentos/GitHub/kitbash/paperbot/distinction.ledger
[22:23:06] Parliament session complete.
