\BOOKMARK [-1][-]{part.1}{\376\377\000I\000\040\000F\000o\000u\000n\000d\000a\000t\000i\000o\000n\000s\000\040\000o\000f\000\040\000N\000a\000t\000u\000r\000a\000l\000\040\000P\000h\000i\000l\000o\000s\000o\000p\000h\000y}{}% 1
\BOOKMARK [0][-]{chapter.1}{\376\377\000I\000n\000t\000r\000o\000d\000u\000c\000t\000i\000o\000n\000:\000\040\000B\000i\000t\000t\000e\000r\000\040\000L\000e\000s\000s\000o\000n\000s\000,\000\040\000S\000w\000e\000e\000t\000\040\000L\000e\000s\000s\000o\000n\000s}{part.1}% 2
\BOOKMARK [0][-]{chapter.2}{\376\377\000E\000m\000e\000r\000g\000e\000n\000c\000e\000,\000\040\000D\000o\000w\000n\000w\000a\000r\000d\000\040\000C\000a\000u\000s\000a\000t\000i\000o\000n\000,\000\040\000a\000n\000d\000\040\000L\000o\000c\000a\000l\000\040\000M\000e\000t\000a\000p\000h\000y\000s\000i\000c\000s}{part.1}% 3
\BOOKMARK [1][-]{subsection.2.0.1}{\376\377\000R\000e\000d\000u\000c\000t\000i\000o\000n\000\040\000a\000n\000d\000\040\000E\000m\000e\000r\000g\000e\000n\000c\000e}{chapter.2}% 4
\BOOKMARK [2][-]{subsection.2.0.2}{\376\377\000D\000o\000w\000n\000w\000a\000r\000d\000\040\000C\000a\000u\000s\000a\000t\000i\000o\000n}{subsection.2.0.1}% 5
\BOOKMARK [2][-]{subsection.2.0.3}{\376\377\000L\000o\000c\000a\000l\000\040\000M\000e\000t\000a\000p\000h\000y\000s\000i\000c\000s\000\040\000a\000n\000d\000\040\000O\000b\000j\000e\000c\000t\000i\000v\000e\000\040\000R\000e\000l\000a\000t\000i\000v\000i\000s\000m}{subsection.2.0.1}% 6
\BOOKMARK [2][-]{subsection.2.0.4}{\376\377\000O\000r\000d\000e\000r\000s\000\040\000o\000f\000\040\000N\000a\000t\000u\000r\000e}{subsection.2.0.1}% 7
\BOOKMARK [2][-]{subsection.2.0.5}{\376\377\000M\000a\000t\000h\000e\000m\000a\000t\000i\000c\000a\000l\000\040\000S\000u\000m\000m\000a\000r\000y}{subsection.2.0.1}% 8
\BOOKMARK [0][-]{chapter.3}{\376\377\000H\000e\000u\000r\000i\000s\000t\000i\000c\000s\000,\000\040\000L\000a\000w\000s\000,\000\040\000a\000n\000d\000\040\000P\000r\000o\000b\000a\000b\000i\000l\000i\000s\000t\000i\000c\000\040\000C\000o\000n\000s\000t\000r\000a\000i\000n\000t}{part.1}% 9
\BOOKMARK [1][-]{subsection.3.0.1}{\376\377\000F\000r\000o\000m\000\040\000H\000e\000u\000r\000i\000s\000t\000i\000c\000s\000\040\000t\000o\000\040\000L\000a\000w\000s}{chapter.3}% 10
\BOOKMARK [2][-]{subsection.3.0.2}{\376\377\000P\000r\000o\000b\000a\000b\000i\000l\000i\000s\000t\000i\000c\000\040\000L\000a\000w\000s\000\040\000a\000n\000d\000\040\000F\000a\000l\000l\000i\000b\000i\000l\000i\000s\000m}{subsection.3.0.1}% 11
\BOOKMARK [2][-]{subsection.3.0.3}{\376\377\000R\000S\000V\000P\000\040\000E\000n\000c\000o\000d\000i\000n\000g\000\040\000o\000f\000\040\000L\000a\000w\000s}{subsection.3.0.1}% 12
\BOOKMARK [2][-]{subsection.3.0.4}{\376\377\000H\000e\000u\000r\000i\000s\000t\000i\000c\000s\000\040\000i\000n\000\040\000C\000o\000g\000n\000i\000t\000i\000v\000e\000\040\000a\000n\000d\000\040\000C\000u\000l\000t\000u\000r\000a\000l\000\040\000D\000o\000m\000a\000i\000n\000s}{subsection.3.0.1}% 13
\BOOKMARK [2][-]{subsection.3.0.5}{\376\377\000C\000o\000n\000s\000t\000r\000a\000i\000n\000t\000\040\000H\000i\000e\000r\000a\000r\000c\000h\000i\000e\000s\000\040\000i\000n\000\040\000R\000S\000V\000P}{subsection.3.0.1}% 14
\BOOKMARK [2][-]{subsection.3.0.6}{\376\377\000M\000a\000t\000h\000e\000m\000a\000t\000i\000c\000a\000l\000\040\000S\000u\000m\000m\000a\000r\000y}{subsection.3.0.1}% 15
\BOOKMARK [0][-]{chapter.4}{\376\377\000O\000r\000d\000e\000r\000s\000\040\000o\000f\000\040\000N\000a\000t\000u\000r\000e\000\040\000a\000n\000d\000\040\000J\000o\000i\000n\000t\000-\000P\000o\000i\000n\000t\000s}{part.1}% 16
\BOOKMARK [1][-]{subsection.4.0.1}{\376\377\000P\000r\000e\000r\000e\000q\000u\000i\000s\000i\000t\000e\000s\000:\000\040\000T\000e\000l\000e\000o\000n\000o\000m\000y\000\040\000a\000n\000d\000\040\000H\000i\000e\000r\000a\000r\000c\000h\000i\000c\000a\000l\000\040\000S\000y\000s\000t\000e\000m\000s}{chapter.4}% 17
\BOOKMARK [2][-]{subsection.4.0.2}{\376\377\000T\000h\000e\000\040\000F\000i\000v\000e\000\040\000O\000r\000d\000e\000r\000s\000\040\000o\000f\000\040\000N\000a\000t\000u\000r\000e}{subsection.4.0.1}% 18
\BOOKMARK [2][-]{subsection.4.0.3}{\376\377\000C\000h\000a\000r\000a\000c\000t\000e\000r\000i\000s\000t\000i\000c\000\040\000T\000i\000m\000e\000s\000c\000a\000l\000e\000s\000\040\000a\000n\000d\000\040\000C\000a\000u\000s\000a\000l\000\040\000E\000m\000e\000r\000g\000e\000n\000c\000e}{subsection.4.0.1}% 19
\BOOKMARK [2][-]{subsection.4.0.4}{\376\377\000J\000o\000i\000n\000t\000-\000P\000o\000i\000n\000t\000s\000\040\000i\000n\000\040\000S\000c\000i\000e\000n\000t\000i\000f\000i\000c\000\040\000E\000n\000c\000o\000d\000i\000n\000g}{subsection.4.0.1}% 20
\BOOKMARK [2][-]{subsection.4.0.5}{\376\377\000O\000r\000d\000e\000r\000s\000\040\000a\000s\000\040\000E\000n\000t\000r\000o\000p\000y\000\040\000R\000e\000g\000u\000l\000a\000t\000i\000o\000n\000\040\000T\000h\000r\000e\000s\000h\000o\000l\000d\000s}{subsection.4.0.1}% 21
\BOOKMARK [2][-]{subsection.4.0.6}{\376\377\000O\000r\000d\000e\000r\000s\000\040\000a\000s\000\040\000R\000e\000c\000u\000r\000s\000i\000v\000e\000\040\000L\000a\000y\000e\000r\000s}{subsection.4.0.1}% 22
\BOOKMARK [2][-]{subsection.4.0.7}{\376\377\000M\000a\000t\000h\000e\000m\000a\000t\000i\000c\000a\000l\000\040\000S\000u\000m\000m\000a\000r\000y}{subsection.4.0.1}% 23
\BOOKMARK [0][-]{chapter.5}{\376\377\000C\000a\000u\000s\000a\000l\000i\000t\000y\000,\000\040\000T\000e\000l\000e\000o\000n\000o\000m\000y\000,\000\040\000a\000n\000d\000\040\000P\000u\000r\000p\000o\000s\000e}{part.1}% 24
\BOOKMARK [1][-]{subsection.5.0.1}{\376\377\000A\000r\000i\000s\000t\000o\000t\000l\000e\040\031\000s\000\040\000F\000o\000u\000r\000\040\000C\000a\000u\000s\000e\000s\000\040\000i\000n\000\040\000M\000o\000d\000e\000r\000n\000\040\000T\000e\000r\000m\000s}{chapter.5}% 25
\BOOKMARK [2][-]{subsection.5.0.2}{\376\377\000T\000e\000l\000e\000o\000n\000o\000m\000y\000\040\000a\000n\000d\000\040\000H\000o\000m\000e\000o\000s\000t\000a\000t\000i\000c\000\040\000P\000u\000r\000p\000o\000s\000e}{subsection.5.0.1}% 26
\BOOKMARK [2][-]{subsection.5.0.3}{\376\377\000D\000o\000w\000n\000w\000a\000r\000d\000\040\000C\000a\000u\000s\000a\000t\000i\000o\000n\000\040\000i\000n\000\040\000R\000S\000V\000P}{subsection.5.0.1}% 27
\BOOKMARK [2][-]{subsection.5.0.4}{\376\377\000P\000u\000r\000p\000o\000s\000e\000\040\000a\000s\000\040\000A\000t\000t\000r\000a\000c\000t\000o\000r\000\040\000D\000y\000n\000a\000m\000i\000c\000s}{subsection.5.0.1}% 28
\BOOKMARK [2][-]{subsection.5.0.5}{\376\377\000T\000e\000l\000e\000o\000n\000o\000m\000y\000\040\000v\000s\000\040\000T\000e\000l\000e\000o\000l\000o\000g\000y}{subsection.5.0.1}% 29
\BOOKMARK [2][-]{subsection.5.0.6}{\376\377\000C\000o\000s\000m\000o\000l\000o\000g\000i\000c\000a\000l\000\040\000T\000e\000l\000e\000o\000n\000o\000m\000y}{subsection.5.0.1}% 30
\BOOKMARK [2][-]{subsection.5.0.7}{\376\377\000M\000a\000t\000h\000e\000m\000a\000t\000i\000c\000a\000l\000\040\000M\000o\000d\000e\000l\000s\000\040\000o\000f\000\040\000T\000e\000l\000e\000o\000n\000o\000m\000y}{subsection.5.0.1}% 31
\BOOKMARK [2][-]{subsection.5.0.8}{\376\377\000C\000o\000m\000p\000l\000e\000x\000i\000t\000y\000,\000\040\000C\000a\000u\000s\000a\000l\000i\000t\000y\000,\000\040\000a\000n\000d\000\040\000F\000i\000n\000a\000l\000i\000t\000y}{subsection.5.0.1}% 32
\BOOKMARK [2][-]{subsection.5.0.9}{\376\377\000R\000S\000V\000P\000\040\000S\000u\000m\000m\000a\000r\000y\000\040\000o\000f\000\040\000C\000a\000u\000s\000a\000l\000i\000t\000y}{subsection.5.0.1}% 33
\BOOKMARK [0][-]{chapter.6}{\376\377\000C\000o\000s\000m\000o\000l\000o\000g\000y\040\031\000s\000\040\000E\000n\000c\000o\000d\000i\000n\000g\000\040\000R\000a\000t\000c\000h\000e\000t}{part.1}% 34
\BOOKMARK [1][-]{subsection.6.0.1}{\376\377\003\233\000C\000D\000M\000\040\000a\000s\000\040\000a\000\040\000C\000h\000o\000s\000e\000n\000\040\000E\000n\000c\000o\000d\000i\000n\000g}{chapter.6}% 35
\BOOKMARK [2][-]{subsection.6.0.2}{\376\377\000B\000a\000c\000k\000r\000e\000a\000c\000t\000i\000o\000n\000\040\000a\000n\000d\000\040\000E\000f\000f\000e\000c\000t\000i\000v\000e\000\040\000F\000l\000u\000i\000d\000\040\000R\000e\000f\000o\000r\000m\000u\000l\000a\000t\000i\000o\000n}{subsection.6.0.1}% 36
\BOOKMARK [2][-]{subsection.6.0.3}{\376\377\000R\000S\000V\000P\000\040\000T\000r\000a\000n\000s\000l\000a\000t\000i\000o\000n}{subsection.6.0.1}% 37
\BOOKMARK [2][-]{subsection.6.0.4}{\376\377\000E\000n\000t\000r\000o\000p\000i\000c\000\040\000R\000e\000i\000n\000t\000e\000r\000p\000r\000e\000t\000a\000t\000i\000o\000n\000\040\000o\000f\000\040\000D\000a\000r\000k\000\040\000E\000n\000e\000r\000g\000y}{subsection.6.0.1}% 38
\BOOKMARK [2][-]{subsection.6.0.5}{\376\377\000R\000a\000t\000c\000h\000e\000t\000\040\000D\000y\000n\000a\000m\000i\000c\000s\000\040\000i\000n\000\040\000C\000o\000s\000m\000o\000l\000o\000g\000y}{subsection.6.0.1}% 39
\BOOKMARK [2][-]{subsection.6.0.6}{\376\377\000M\000a\000t\000h\000e\000m\000a\000t\000i\000c\000a\000l\000\040\000O\000u\000t\000l\000o\000o\000k}{subsection.6.0.1}% 40
\BOOKMARK [0][-]{chapter.7}{\376\377\000N\000a\000t\000u\000r\000a\000l\000\040\000R\000e\000l\000i\000g\000i\000o\000n\000\040\000a\000n\000d\000\040\000t\000h\000e\000\040\000Q\000u\000e\000s\000t\000i\000o\000n\000\040\000o\000f\000\040\000G\000r\000o\000u\000n\000d}{part.1}% 41
\BOOKMARK [1][-]{subsection.7.0.1}{\376\377\000C\000o\000n\000t\000i\000n\000g\000e\000n\000c\000y\000\040\000a\000n\000d\000\040\000N\000e\000c\000e\000s\000s\000i\000t\000y}{chapter.7}% 42
\BOOKMARK [2][-]{subsection.7.0.2}{\376\377\000F\000i\000n\000e\000-\000T\000u\000n\000i\000n\000g\000\040\000a\000n\000d\000\040\000E\000m\000e\000r\000g\000e\000n\000c\000e}{subsection.7.0.1}% 43
\BOOKMARK [2][-]{subsection.7.0.3}{\376\377\000H\000a\000z\000a\000r\000d\000,\000\040\000D\000i\000s\000o\000r\000d\000e\000r\000,\000\040\000a\000n\000d\000\040\000C\000o\000n\000t\000i\000n\000g\000e\000n\000c\000y}{subsection.7.0.1}% 44
\BOOKMARK [2][-]{subsection.7.0.4}{\376\377\000E\000m\000e\000r\000g\000e\000n\000c\000e\000\040\000o\000f\000\040\000G\000r\000o\000u\000n\000d\000\040\000a\000s\000\040\000M\000e\000t\000a\000-\000O\000r\000d\000e\000r}{subsection.7.0.1}% 45
\BOOKMARK [2][-]{subsection.7.0.5}{\376\377\000N\000a\000t\000u\000r\000a\000l\000\040\000R\000e\000l\000i\000g\000i\000o\000n\000\040\000W\000i\000t\000h\000o\000u\000t\000\040\000S\000u\000p\000e\000r\000n\000a\000t\000u\000r\000a\000l\000i\000s\000m}{subsection.7.0.1}% 46
\BOOKMARK [2][-]{subsection.7.0.6}{\376\377\000M\000a\000t\000h\000e\000m\000a\000t\000i\000c\000a\000l\000\040\000A\000p\000p\000e\000n\000d\000i\000x\000:\000\040\000G\000r\000o\000u\000n\000d\000\040\000F\000o\000r\000m\000a\000l\000i\000z\000a\000t\000i\000o\000n}{subsection.7.0.1}% 47
\BOOKMARK [0][-]{chapter.8}{\376\377\000C\000o\000m\000p\000l\000e\000x\000i\000t\000y\000\040\000a\000n\000d\000\040\000O\000r\000d\000e\000r\000s\000\040\000o\000f\000\040\000N\000a\000t\000u\000r\000e}{part.1}% 48
\BOOKMARK [1][-]{subsection.8.0.1}{\376\377\000T\000h\000e\000\040\000F\000i\000v\000e\000\040\000O\000r\000d\000e\000r\000s\000\040\000i\000n\000\040\000R\000S\000V\000P\000\040\000T\000e\000r\000m\000s}{chapter.8}% 49
\BOOKMARK [2][-]{subsection.8.0.2}{\376\377\000C\000o\000m\000p\000l\000e\000x\000i\000t\000y\000\040\000a\000s\000\040\000S\000c\000a\000l\000e\000-\000R\000e\000l\000a\000t\000i\000v\000e}{subsection.8.0.1}% 50
\BOOKMARK [2][-]{subsection.8.0.3}{\376\377\000C\000h\000a\000r\000a\000c\000t\000e\000r\000i\000s\000t\000i\000c\000\040\000S\000c\000a\000l\000e\000s}{subsection.8.0.1}% 51
\BOOKMARK [2][-]{subsection.8.0.4}{\376\377\000C\000o\000m\000p\000l\000e\000x\000i\000t\000y\000\040\000a\000s\000\040\000M\000u\000l\000t\000i\000-\000S\000c\000a\000l\000e\000\040\000E\000n\000t\000r\000o\000p\000y\000\040\000G\000r\000a\000d\000i\000e\000n\000t}{subsection.8.0.1}% 52
\BOOKMARK [2][-]{subsection.8.0.5}{\376\377\000D\000o\000w\000n\000w\000a\000r\000d\000\040\000C\000a\000u\000s\000a\000t\000i\000o\000n\000\040\000a\000s\000\040\000C\000r\000o\000s\000s\000-\000S\000c\000a\000l\000e\000\040\000C\000o\000n\000s\000t\000r\000a\000i\000n\000t}{subsection.8.0.1}% 53
\BOOKMARK [2][-]{subsection.8.0.6}{\376\377\000C\000o\000m\000p\000l\000e\000x\000i\000t\000y\000\040\000M\000e\000a\000s\000u\000r\000e\000s\000\040\000i\000n\000\040\000R\000S\000V\000P}{subsection.8.0.1}% 54
\BOOKMARK [2][-]{subsection.8.0.7}{\376\377\000C\000r\000o\000s\000s\000-\000S\000c\000a\000l\000e\000\040\000E\000n\000t\000r\000o\000p\000i\000c\000\040\000R\000e\000s\000o\000n\000a\000n\000c\000e}{subsection.8.0.1}% 55
\BOOKMARK [2][-]{subsection.8.0.8}{\376\377\000T\000i\000m\000e\000\040\000a\000s\000\040\000a\000n\000\040\000E\000m\000e\000r\000g\000e\000n\000t\000\040\000O\000r\000d\000e\000r\000\040\000P\000a\000r\000a\000m\000e\000t\000e\000r}{subsection.8.0.1}% 56
\BOOKMARK [0][-]{chapter.9}{\376\377\000O\000r\000d\000e\000r\000s\000\040\000o\000f\000\040\000N\000a\000t\000u\000r\000e\000\040\000a\000n\000d\000\040\000C\000o\000m\000p\000l\000e\000x\000i\000t\000y\000\040\000T\000h\000r\000e\000s\000h\000o\000l\000d\000s}{part.1}% 57
\BOOKMARK [1][-]{subsection.9.0.1}{\376\377\000T\000h\000e\000\040\000F\000i\000v\000e\000\040\000O\000r\000d\000e\000r\000s\000\040\000i\000n\000\040\000R\000S\000V\000P\000\040\000T\000e\000r\000m\000s}{chapter.9}% 58
\BOOKMARK [2][-]{subsection.9.0.2}{\376\377\000C\000o\000m\000p\000l\000e\000x\000i\000t\000y\000\040\000a\000s\000\040\000S\000c\000a\000l\000e\000-\000R\000e\000l\000a\000t\000i\000v\000e}{subsection.9.0.1}% 59
\BOOKMARK [2][-]{subsection.9.0.3}{\376\377\000C\000h\000a\000r\000a\000c\000t\000e\000r\000i\000s\000t\000i\000c\000\040\000S\000c\000a\000l\000e\000s}{subsection.9.0.1}% 60
\BOOKMARK [2][-]{subsection.9.0.4}{\376\377\000C\000o\000m\000p\000l\000e\000x\000i\000t\000y\000\040\000a\000s\000\040\000M\000u\000l\000t\000i\000-\000S\000c\000a\000l\000e\000\040\000E\000n\000t\000r\000o\000p\000y\000\040\000G\000r\000a\000d\000i\000e\000n\000t}{subsection.9.0.1}% 61
\BOOKMARK [2][-]{subsection.9.0.5}{\376\377\000D\000o\000w\000n\000w\000a\000r\000d\000\040\000C\000a\000u\000s\000a\000t\000i\000o\000n\000\040\000a\000s\000\040\000C\000r\000o\000s\000s\000-\000S\000c\000a\000l\000e\000\040\000C\000o\000n\000s\000t\000r\000a\000i\000n\000t}{subsection.9.0.1}% 62
\BOOKMARK [2][-]{subsection.9.0.6}{\376\377\000C\000o\000m\000p\000l\000e\000x\000i\000t\000y\000\040\000M\000e\000a\000s\000u\000r\000e\000s\000\040\000i\000n\000\040\000R\000S\000V\000P}{subsection.9.0.1}% 63
\BOOKMARK [2][-]{subsection.9.0.7}{\376\377\000C\000r\000o\000s\000s\000-\000S\000c\000a\000l\000e\000\040\000E\000n\000t\000r\000o\000p\000i\000c\000\040\000R\000e\000s\000o\000n\000a\000n\000c\000e}{subsection.9.0.1}% 64
\BOOKMARK [2][-]{subsection.9.0.8}{\376\377\000T\000i\000m\000e\000\040\000a\000s\000\040\000a\000n\000\040\000E\000m\000e\000r\000g\000e\000n\000t\000\040\000O\000r\000d\000e\000r\000\040\000P\000a\000r\000a\000m\000e\000t\000e\000r}{subsection.9.0.1}% 65
\BOOKMARK [0][-]{chapter.10}{\376\377\000K\000n\000o\000w\000l\000e\000d\000g\000e\000,\000\040\000F\000a\000l\000l\000i\000b\000i\000l\000i\000s\000m\000,\000\040\000a\000n\000d\000\040\000N\000a\000t\000u\000r\000a\000l\000\040\000E\000p\000i\000s\000t\000e\000m\000i\000c\000s}{part.1}% 66
\BOOKMARK [1][-]{subsection.10.0.1}{\376\377\000P\000e\000i\000r\000c\000e\000a\000n\000\040\000F\000a\000l\000l\000i\000b\000i\000l\000i\000s\000m}{chapter.10}% 67
\BOOKMARK [2][-]{subsection.10.0.2}{\376\377\000O\000b\000j\000e\000c\000t\000i\000v\000e\000\040\000R\000e\000l\000a\000t\000i\000v\000i\000s\000m\000\040\000a\000n\000d\000\040\000C\000o\000n\000t\000e\000x\000t\000u\000a\000l\000\040\000O\000n\000t\000o\000l\000o\000g\000y}{subsection.10.0.1}% 68
\BOOKMARK [2][-]{subsection.10.0.3}{\376\377\000N\000a\000t\000u\000r\000a\000l\000\040\000C\000o\000m\000p\000l\000e\000x\000e\000s}{subsection.10.0.1}% 69
\BOOKMARK [2][-]{subsection.10.0.4}{\376\377\000E\000p\000i\000s\000t\000e\000m\000i\000c\000s\000\040\000a\000s\000\040\000E\000n\000t\000r\000o\000p\000y\000\040\000R\000e\000d\000u\000c\000t\000i\000o\000n}{subsection.10.0.1}% 70
\BOOKMARK [2][-]{subsection.10.0.5}{\376\377\000L\000o\000c\000a\000l\000\040\000M\000e\000t\000a\000p\000h\000y\000s\000i\000c\000s}{subsection.10.0.1}% 71
\BOOKMARK [0][-]{chapter.11}{\376\377\000T\000e\000l\000e\000o\000n\000o\000m\000y\000,\000\040\000P\000u\000r\000p\000o\000s\000e\000,\000\040\000a\000n\000d\000\040\000D\000o\000w\000n\000w\000a\000r\000d\000\040\000C\000a\000u\000s\000a\000t\000i\000o\000n}{part.1}% 72
\BOOKMARK [1][-]{subsection.11.0.1}{\376\377\000A\000r\000i\000s\000t\000o\000t\000l\000e\040\031\000s\000\040\000F\000o\000u\000r\000\040\000C\000a\000u\000s\000e\000s\000\040\000i\000n\000\040\000M\000o\000d\000e\000r\000n\000\040\000T\000e\000r\000m\000s}{chapter.11}% 73
\BOOKMARK [2][-]{subsection.11.0.2}{\376\377\000T\000e\000l\000e\000o\000n\000o\000m\000y\000:\000\040\000G\000o\000a\000l\000-\000D\000i\000r\000e\000c\000t\000e\000d\000\040\000S\000y\000s\000t\000e\000m\000s\000\040\000W\000i\000t\000h\000o\000u\000t\000\040\000M\000i\000n\000d}{subsection.11.0.1}% 74
\BOOKMARK [2][-]{subsection.11.0.3}{\376\377\000D\000o\000w\000n\000w\000a\000r\000d\000\040\000C\000a\000u\000s\000a\000t\000i\000o\000n}{subsection.11.0.1}% 75
\BOOKMARK [2][-]{subsection.11.0.4}{\376\377\000P\000u\000r\000p\000o\000s\000e\000\040\000a\000s\000\040\000E\000m\000e\000r\000g\000e\000n\000t\000\040\000C\000o\000n\000s\000t\000r\000a\000i\000n\000t}{subsection.11.0.1}% 76
\BOOKMARK [2][-]{subsection.11.0.5}{\376\377\000T\000e\000l\000e\000o\000n\000o\000m\000y\000\040\000v\000s\000\040\000T\000e\000l\000e\000o\000l\000o\000g\000y}{subsection.11.0.1}% 77
\BOOKMARK [2][-]{subsection.11.0.6}{\376\377\000C\000o\000s\000m\000o\000l\000o\000g\000i\000c\000a\000l\000\040\000T\000e\000l\000e\000o\000n\000o\000m\000y}{subsection.11.0.1}% 78
\BOOKMARK [2][-]{subsection.11.0.7}{\376\377\000M\000a\000t\000h\000e\000m\000a\000t\000i\000c\000a\000l\000\040\000M\000o\000d\000e\000l\000s\000\040\000o\000f\000\040\000T\000e\000l\000e\000o\000n\000o\000m\000y}{subsection.11.0.1}% 79
\BOOKMARK [2][-]{subsection.11.0.8}{\376\377\000C\000o\000m\000p\000l\000e\000x\000i\000t\000y\000,\000\040\000C\000a\000u\000s\000a\000l\000i\000t\000y\000,\000\040\000a\000n\000d\000\040\000F\000i\000n\000a\000l\000i\000t\000y}{subsection.11.0.1}% 80
\BOOKMARK [2][-]{subsection.11.0.9}{\376\377\000R\000S\000V\000P\000\040\000S\000u\000m\000m\000a\000r\000y\000\040\000o\000f\000\040\000C\000a\000u\000s\000a\000l\000i\000t\000y}{subsection.11.0.1}% 81
\BOOKMARK [0][-]{chapter.12}{\376\377\000I\000n\000t\000e\000g\000r\000a\000t\000i\000o\000n\000\040\000w\000i\000t\000h\000\040\000C\000o\000s\000m\000o\000l\000o\000g\000i\000c\000a\000l\000\040\000B\000a\000c\000k\000r\000e\000a\000c\000t\000i\000o\000n}{part.1}% 82
\BOOKMARK [1][-]{subsection.12.0.1}{\376\377\000B\000a\000c\000k\000r\000e\000a\000c\000t\000i\000o\000n\000\040\000i\000n\000\040\000S\000t\000a\000n\000d\000a\000r\000d\000\040\000C\000o\000s\000m\000o\000l\000o\000g\000y}{chapter.12}% 83
\BOOKMARK [2][-]{subsection.12.0.2}{\376\377\000G\000i\000a\000n\000i\040\023\000v\000o\000n\000\040\000M\000a\000r\000t\000t\000e\000n\000s\000\040\000E\000f\000f\000e\000c\000t\000i\000v\000e\000\040\000F\000l\000u\000i\000d\000s}{subsection.12.0.1}% 84
\BOOKMARK [2][-]{subsection.12.0.3}{\376\377\000R\000S\000V\000P\000\040\000I\000n\000t\000e\000g\000r\000a\000t\000i\000o\000n\000:\000\040\000E\000n\000t\000r\000o\000p\000y\040\023\000V\000e\000c\000t\000o\000r\040\023\000S\000c\000a\000l\000a\000r\000\040\000F\000i\000e\000l\000d\000s}{subsection.12.0.1}% 85
\BOOKMARK [2][-]{subsection.12.0.4}{\376\377\000E\000n\000t\000r\000o\000p\000i\000c\000\040\000R\000e\000d\000s\000h\000i\000f\000t\000\040\000a\000s\000\040\000A\000p\000p\000a\000r\000e\000n\000t\000\040\000E\000x\000p\000a\000n\000s\000i\000o\000n}{subsection.12.0.1}% 86
\BOOKMARK [2][-]{subsection.12.0.5}{\376\377\000R\000e\000s\000o\000l\000u\000t\000i\000o\000n\000\040\000o\000f\000\040\000H\000u\000b\000b\000l\000e\000\040\000a\000n\000d\000\040\003\303\0008\000\040\000T\000e\000n\000s\000i\000o\000n\000s}{subsection.12.0.1}% 87
\BOOKMARK [2][-]{subsection.12.0.6}{\376\377\000P\000h\000i\000l\000o\000s\000o\000p\000h\000i\000c\000a\000l\000\040\000I\000n\000t\000e\000g\000r\000a\000t\000i\000o\000n}{subsection.12.0.1}% 88
\BOOKMARK [0][-]{chapter.13}{\376\377\000C\000o\000m\000p\000a\000r\000a\000t\000i\000v\000e\000\040\000F\000r\000a\000m\000e\000w\000o\000r\000k\000s\000\040\000o\000f\000\040\000E\000m\000e\000r\000g\000e\000n\000c\000e\000:\000\040\000W\000i\000m\000s\000a\000t\000t\000,\000\040\000M\000o\000r\000o\000w\000i\000t\000z\000,\000\040\000H\000o\000e\000l\000\040\000v\000s\000\040\000R\000S\000V\000P}{part.1}% 89
\BOOKMARK [1][-]{subsection.13.0.1}{\376\377\000W\000i\000m\000s\000a\000t\000t\000:\000\040\000E\000m\000e\000r\000g\000e\000n\000c\000e\000\040\000a\000s\000\040\000N\000o\000n\000-\000A\000g\000g\000r\000e\000g\000a\000t\000i\000v\000i\000t\000y}{chapter.13}% 90
\BOOKMARK [2][-]{subsection.13.0.2}{\376\377\000M\000o\000r\000o\000w\000i\000t\000z\000:\000\040\000T\000h\000e\000\040\000E\000m\000e\000r\000g\000e\000n\000c\000e\000\040\000o\000f\000\040\000E\000v\000e\000r\000y\000t\000h\000i\000n\000g}{subsection.13.0.1}% 91
\BOOKMARK [2][-]{subsection.13.0.3}{\376\377\000H\000o\000e\000l\000:\000\040\000C\000a\000u\000s\000a\000l\000\040\000E\000m\000e\000r\000g\000e\000n\000c\000e}{subsection.13.0.1}% 92
\BOOKMARK [2][-]{subsection.13.0.4}{\376\377\000R\000S\000V\000P\000:\000\040\000E\000m\000e\000r\000g\000e\000n\000c\000e\000\040\000a\000s\000\040\000E\000n\000t\000r\000o\000p\000y\000-\000V\000e\000c\000t\000o\000r\000\040\000C\000o\000u\000p\000l\000i\000n\000g}{subsection.13.0.1}% 93
\BOOKMARK [2][-]{subsection.13.0.5}{\376\377\000C\000o\000m\000p\000a\000r\000a\000t\000i\000v\000e\000\040\000S\000u\000m\000m\000a\000r\000y}{subsection.13.0.1}% 94
\BOOKMARK [0][-]{chapter.14}{\376\377\000H\000e\000u\000r\000i\000s\000t\000i\000c\000s\000,\000\040\000L\000a\000w\000s\000,\000\040\000a\000n\000d\000\040\000P\000r\000o\000b\000a\000b\000i\000l\000i\000s\000t\000i\000c\000\040\000R\000u\000l\000e\000s\000:\000\040\000P\000e\000i\000r\000c\000e\040\023\000C\000a\000h\000o\000o\000n\000e\000\040\000v\000s\000\040\000R\000S\000V\000P}{part.1}% 95
\BOOKMARK [1][-]{subsection.14.0.1}{\376\377\000F\000r\000o\000m\000\040\000L\000a\000w\000s\000\040\000t\000o\000\040\000H\000e\000u\000r\000i\000s\000t\000i\000c\000s\000:\000\040\000A\000\040\000C\000o\000n\000t\000i\000n\000u\000u\000m}{chapter.14}% 96
\BOOKMARK [2][-]{subsection.14.0.2}{\376\377\000P\000r\000o\000b\000a\000b\000i\000l\000i\000s\000t\000i\000c\000\040\000C\000o\000n\000s\000t\000r\000a\000i\000n\000t\000\040\000F\000o\000r\000m\000a\000l\000i\000s\000m}{subsection.14.0.1}% 97
\BOOKMARK [2][-]{subsection.14.0.3}{\376\377\000P\000e\000i\000r\000c\000e\000a\000n\000\040\000F\000a\000l\000l\000i\000b\000i\000l\000i\000s\000m\000\040\000a\000n\000d\000\040\000M\000e\000a\000s\000u\000r\000e\000m\000e\000n\000t\000\040\000E\000r\000r\000o\000r}{subsection.14.0.1}% 98
\BOOKMARK [2][-]{subsection.14.0.4}{\376\377\000W\000i\000m\000s\000a\000t\000t\040\031\000s\000\040\000H\000e\000u\000r\000i\000s\000t\000i\000c\000s\000\040\000a\000n\000d\000\040\000A\000g\000g\000r\000e\000g\000a\000t\000i\000v\000i\000t\000y}{subsection.14.0.1}% 99
\BOOKMARK [2][-]{subsection.14.0.5}{\376\377\000L\000a\000w\000s\000\040\000a\000s\000\040\000E\000n\000t\000r\000o\000p\000i\000c\000\040\000A\000t\000t\000r\000a\000c\000t\000o\000r\000s}{subsection.14.0.1}% 100
\BOOKMARK [2][-]{subsection.14.0.6}{\376\377\000E\000x\000a\000m\000p\000l\000e\000:\000\040\000T\000h\000e\000\040\000L\000a\000w\000\040\000o\000f\000\040\000G\000r\000a\000v\000i\000t\000a\000t\000i\000o\000n\000\040\000v\000s\000\040\000H\000e\000u\000r\000i\000s\000t\000i\000c\000\040\000A\000p\000p\000r\000o\000x\000i\000m\000a\000t\000i\000o\000n\000s}{subsection.14.0.1}% 101
\BOOKMARK [2][-]{subsection.14.0.7}{\376\377\000C\000u\000l\000t\000u\000r\000a\000l\000\040\000H\000e\000u\000r\000i\000s\000t\000i\000c\000s\000\040\000a\000n\000d\000\040\000C\000o\000l\000l\000e\000c\000t\000i\000v\000e\000\040\000K\000n\000o\000w\000l\000e\000d\000g\000e}{subsection.14.0.1}% 102
\BOOKMARK [2][-]{subsection.14.0.8}{\376\377\000M\000a\000t\000h\000e\000m\000a\000t\000i\000c\000a\000l\000\040\000S\000u\000m\000m\000a\000r\000y}{subsection.14.0.1}% 103
\BOOKMARK [0][-]{chapter.15}{\376\377\000C\000o\000m\000p\000l\000e\000x\000i\000t\000y\000,\000\040\000S\000c\000a\000l\000e\000,\000\040\000a\000n\000d\000\040\000T\000i\000m\000e}{part.1}% 104
\BOOKMARK [1][-]{subsection.15.0.1}{\376\377\000C\000o\000m\000p\000l\000e\000x\000i\000t\000y\000\040\000a\000s\000\040\000S\000c\000a\000l\000e\000-\000R\000e\000l\000a\000t\000i\000v\000e}{chapter.15}% 105
\BOOKMARK [2][-]{subsection.15.0.2}{\376\377\000C\000h\000a\000r\000a\000c\000t\000e\000r\000i\000s\000t\000i\000c\000\040\000S\000c\000a\000l\000e\000s}{subsection.15.0.1}% 106
\BOOKMARK [2][-]{subsection.15.0.3}{\376\377\000C\000o\000m\000p\000l\000e\000x\000i\000t\000y\000\040\000a\000s\000\040\000M\000u\000l\000t\000i\000-\000S\000c\000a\000l\000e\000\040\000E\000n\000t\000r\000o\000p\000y\000\040\000G\000r\000a\000d\000i\000e\000n\000t}{subsection.15.0.1}% 107
\BOOKMARK [2][-]{subsection.15.0.4}{\376\377\000D\000o\000w\000n\000w\000a\000r\000d\000\040\000C\000a\000u\000s\000a\000t\000i\000o\000n\000\040\000a\000s\000\040\000C\000r\000o\000s\000s\000-\000S\000c\000a\000l\000e\000\040\000C\000o\000n\000s\000t\000r\000a\000i\000n\000t}{subsection.15.0.1}% 108
\BOOKMARK [2][-]{subsection.15.0.5}{\376\377\000C\000o\000m\000p\000l\000e\000x\000i\000t\000y\000\040\000M\000e\000a\000s\000u\000r\000e\000s\000\040\000i\000n\000\040\000R\000S\000V\000P}{subsection.15.0.1}% 109
\BOOKMARK [2][-]{subsection.15.0.6}{\376\377\000C\000r\000o\000s\000s\000-\000S\000c\000a\000l\000e\000\040\000E\000n\000t\000r\000o\000p\000i\000c\000\040\000R\000e\000s\000o\000n\000a\000n\000c\000e}{subsection.15.0.1}% 110
\BOOKMARK [2][-]{subsection.15.0.7}{\376\377\000T\000i\000m\000e\000\040\000a\000s\000\040\000a\000n\000\040\000E\000m\000e\000r\000g\000e\000n\000t\000\040\000O\000r\000d\000e\000r\000\040\000P\000a\000r\000a\000m\000e\000t\000e\000r}{subsection.15.0.1}% 111
\BOOKMARK [0][-]{chapter.16}{\376\377\000O\000r\000d\000e\000r\000s\000\040\000a\000s\000\040\000E\000n\000t\000r\000o\000p\000y\000\040\000R\000e\000g\000u\000l\000a\000t\000i\000o\000n\000\040\000T\000h\000r\000e\000s\000h\000o\000l\000d\000s}{part.1}% 112
\BOOKMARK [1][-]{subsection.16.0.1}{\376\377\000O\000r\000d\000e\000r\000s\000\040\000a\000s\000\040\000E\000n\000t\000r\000o\000p\000i\000c\000\040\000P\000h\000a\000s\000e\000\040\000T\000r\000a\000n\000s\000i\000t\000i\000o\000n\000s}{chapter.16}% 113
\BOOKMARK [2][-]{subsection.16.0.2}{\376\377\000T\000h\000e\000\040\000P\000h\000y\000s\000i\000c\000a\000l\000\040\000O\000r\000d\000e\000r}{subsection.16.0.1}% 114
\BOOKMARK [2][-]{subsection.16.0.3}{\376\377\000T\000h\000e\000\040\000M\000a\000t\000e\000r\000i\000a\000l\000\040\000O\000r\000d\000e\000r}{subsection.16.0.1}% 115
\BOOKMARK [2][-]{subsection.16.0.4}{\376\377\000T\000h\000e\000\040\000B\000i\000o\000l\000o\000g\000i\000c\000a\000l\000\040\000O\000r\000d\000e\000r}{subsection.16.0.1}% 116
\BOOKMARK [2][-]{subsection.16.0.5}{\376\377\000T\000h\000e\000\040\000M\000e\000n\000t\000a\000l\000\040\000O\000r\000d\000e\000r}{subsection.16.0.1}% 117
\BOOKMARK [2][-]{subsection.16.0.6}{\376\377\000T\000h\000e\000\040\000C\000u\000l\000t\000u\000r\000a\000l\000\040\000O\000r\000d\000e\000r}{subsection.16.0.1}% 118
\BOOKMARK [2][-]{subsection.16.0.7}{\376\377\000O\000r\000d\000e\000r\000s\000\040\000a\000s\000\040\000R\000e\000c\000u\000r\000s\000i\000v\000e\000\040\000L\000a\000y\000e\000r\000s}{subsection.16.0.1}% 119
\BOOKMARK [2][-]{subsection.16.0.8}{\376\377\000M\000a\000t\000h\000e\000m\000a\000t\000i\000c\000a\000l\000\040\000S\000u\000m\000m\000a\000r\000y}{subsection.16.0.1}% 120
\BOOKMARK [0][-]{chapter.17}{\376\377\000C\000o\000m\000p\000l\000e\000x\000i\000t\000y\000\040\000M\000e\000t\000r\000i\000c\000s\000\040\000a\000n\000d\000\040\000C\000r\000o\000s\000s\000-\000S\000c\000a\000l\000e\000\040\000M\000u\000t\000u\000a\000l\000\040\000I\000n\000f\000o\000r\000m\000a\000t\000i\000o\000n}{part.1}% 121
\BOOKMARK [1][-]{subsection.17.0.1}{\376\377\000S\000h\000a\000n\000n\000o\000n\000\040\000E\000n\000t\000r\000o\000p\000y\000\040\000a\000n\000d\000\040\000E\000n\000t\000r\000o\000p\000y\000\040\000F\000l\000u\000x}{chapter.17}% 122
\BOOKMARK [2][-]{subsection.17.0.2}{\376\377\000M\000u\000t\000u\000a\000l\000\040\000I\000n\000f\000o\000r\000m\000a\000t\000i\000o\000n\000\040\000a\000s\000\040\000C\000r\000o\000s\000s\000-\000S\000c\000a\000l\000e\000\040\000C\000o\000n\000s\000t\000r\000a\000i\000n\000t}{subsection.17.0.1}% 123
\BOOKMARK [2][-]{subsection.17.0.3}{\376\377\000E\000f\000f\000e\000c\000t\000i\000v\000e\000\040\000C\000o\000m\000p\000l\000e\000x\000i\000t\000y\000:\000\040\000O\000r\000d\000e\000r\000\040\000+\000\040\000E\000n\000t\000r\000o\000p\000y}{subsection.17.0.1}% 124
\BOOKMARK [2][-]{subsection.17.0.4}{\376\377\000M\000u\000l\000t\000i\000s\000c\000a\000l\000e\000\040\000E\000n\000t\000r\000o\000p\000y\000\040\000a\000n\000d\000\040\000R\000S\000V\000P}{subsection.17.0.1}% 125
\BOOKMARK [2][-]{subsection.17.0.5}{\376\377\000R\000S\000V\000P\000\040\000C\000o\000m\000p\000l\000e\000x\000i\000t\000y\000\040\000I\000n\000d\000e\000x}{subsection.17.0.1}% 126
\BOOKMARK [2][-]{subsection.17.0.6}{\376\377\000C\000r\000o\000s\000s\000-\000S\000c\000a\000l\000e\000\040\000E\000n\000t\000r\000o\000p\000i\000c\000\040\000R\000e\000s\000o\000n\000a\000n\000c\000e}{subsection.17.0.1}% 127
\BOOKMARK [0][-]{chapter.18}{\376\377\000C\000o\000n\000c\000l\000u\000d\000i\000n\000g\000\040\000S\000y\000n\000t\000h\000e\000s\000i\000s\000:\000\040\000O\000r\000d\000e\000r\000s\000\040\000o\000f\000\040\000N\000a\000t\000u\000r\000e\000\040\000a\000n\000d\000\040\000R\000S\000V\000P\000\040\000a\000s\000\040\000U\000n\000i\000f\000i\000e\000d\000\040\000N\000a\000t\000u\000r\000a\000l\000\040\000P\000h\000i\000l\000o\000s\000o\000p\000h\000y}{part.1}% 128
\BOOKMARK [1][-]{subsection.18.0.1}{\376\377\000O\000r\000d\000e\000r\000s\000\040\000o\000f\000\040\000N\000a\000t\000u\000r\000e\000\040\000a\000s\000\040\000E\000n\000t\000r\000o\000p\000y\000-\000S\000t\000r\000u\000c\000t\000u\000r\000e\000d\000\040\000L\000a\000y\000e\000r\000s}{chapter.18}% 129
\BOOKMARK [2][-]{subsection.18.0.2}{\376\377\000R\000S\000V\000P\000\040\000a\000s\000\040\000M\000e\000t\000a\000-\000N\000a\000t\000u\000r\000a\000l\000i\000s\000m}{subsection.18.0.1}% 130
\BOOKMARK [2][-]{subsection.18.0.3}{\376\377\000P\000h\000i\000l\000o\000s\000o\000p\000h\000i\000c\000a\000l\000\040\000I\000m\000p\000l\000i\000c\000a\000t\000i\000o\000n\000s}{subsection.18.0.1}% 131
\BOOKMARK [2][-]{subsection.18.0.4}{\376\377\000T\000o\000w\000a\000r\000d\000\040\000a\000\040\000U\000n\000i\000f\000i\000e\000d\000\040\000N\000a\000t\000u\000r\000a\000l\000\040\000P\000h\000i\000l\000o\000s\000o\000p\000h\000y}{subsection.18.0.1}% 132
\BOOKMARK [2][-]{subsection.18.0.5}{\376\377\000C\000l\000o\000s\000i\000n\000g\000\040\000S\000t\000a\000t\000e\000m\000e\000n\000t}{subsection.18.0.1}% 133
\BOOKMARK [-1][-]{part.2}{\376\377\000I\000I\000\040\000A\000p\000p\000e\000n\000d\000i\000c\000e\000s}{}% 134
\BOOKMARK [0][-]{appendix.A}{\376\377\000M\000a\000t\000h\000e\000m\000a\000t\000i\000c\000a\000l\000\040\000F\000o\000r\000m\000a\000l\000i\000s\000m}{part.2}% 135
\BOOKMARK [1][-]{section.A.1}{\376\377\000L\000o\000c\000a\000l\000\040\000F\000i\000e\000l\000d\000\040\000E\000q\000u\000a\000t\000i\000o\000n\000s}{appendix.A}% 136
\BOOKMARK [1][-]{section.A.2}{\376\377\000R\000e\000l\000a\000t\000i\000v\000i\000s\000t\000i\000c\000\040\000F\000o\000r\000m\000u\000l\000a\000t\000i\000o\000n}{appendix.A}% 137
\BOOKMARK [1][-]{section.A.3}{\376\377\000C\000o\000a\000r\000s\000e\000-\000G\000r\000a\000i\000n\000e\000d\000\040\000D\000y\000n\000a\000m\000i\000c\000s}{appendix.A}% 138
\BOOKMARK [0][-]{appendix.B}{\376\377\000N\000o\000t\000e\000s\000\040\000o\000n\000\040\000N\000a\000t\000u\000r\000a\000l\000i\000s\000m}{part.2}% 139
\BOOKMARK [0][-]{appendix.C}{\376\377\000C\000o\000m\000p\000u\000t\000a\000t\000i\000o\000n\000a\000l\000\040\000A\000l\000t\000e\000r\000n\000a\000t\000i\000v\000e\000s}{part.2}% 140
