This is XeTeX, Version 3.141592653-2.6-0.999997 (TeX Live 2025) (preloaded format=xelatex 2025.9.22)  22 SEP 2025 22:05
entering extended mode
 restricted \write18 enabled.
 %&-line parsing enabled.
**essay.tex
(./essay.tex
LaTeX2e <2025-06-01> patch level 1
L3 programming layer <2025-09-02>
(/usr/local/texlive/2025/texmf-dist/tex/latex/base/article.cls
Document Class: article 2025/01/22 v1.4n Standard LaTeX document class
(/usr/local/texlive/2025/texmf-dist/tex/latex/base/size12.clo
File: size12.clo 2025/01/22 v1.4n Standard LaTeX file (size option)
)
\c@part=\count271
\c@section=\count272
\c@subsection=\count273
\c@subsubsection=\count274
\c@paragraph=\count275
\c@subparagraph=\count276
\c@figure=\count277
\c@table=\count278
\abovecaptionskip=\skip49
\belowcaptionskip=\skip50
\bibindent=\dimen148
)
(/usr/local/texlive/2025/texmf-dist/tex/latex/base/inputenc.sty
Package: inputenc 2024/02/08 v1.3d Input encoding file
\inpenc@prehook=\toks17
\inpenc@posthook=\toks18


Package inputenc Warning: inputenc package ignored with utf8 based engines.

) (/usr/local/texlive/2025/texmf-dist/tex/latex/amsmath/amsmath.sty
Package: amsmath 2025/06/16 v2.17y AMS math features
\@mathmargin=\skip51

For additional information on amsmath, use the `?' option.
(/usr/local/texlive/2025/texmf-dist/tex/latex/amsmath/amstext.sty
Package: amstext 2024/11/17 v2.01 AMS text

(/usr/local/texlive/2025/texmf-dist/tex/latex/amsmath/amsgen.sty
File: amsgen.sty 1999/11/30 v2.0 generic functions
\@emptytoks=\toks19
\ex@=\dimen149
))
(/usr/local/texlive/2025/texmf-dist/tex/latex/amsmath/amsbsy.sty
Package: amsbsy 1999/11/29 v1.2d Bold Symbols
\pmbraise@=\dimen150
)
(/usr/local/texlive/2025/texmf-dist/tex/latex/amsmath/amsopn.sty
Package: amsopn 2022/04/08 v2.04 operator names
)
\inf@bad=\count279
LaTeX Info: Redefining \frac on input line 233.
\uproot@=\count280
\leftroot@=\count281
LaTeX Info: Redefining \overline on input line 398.
LaTeX Info: Redefining \colon on input line 409.
\classnum@=\count282
\DOTSCASE@=\count283
LaTeX Info: Redefining \ldots on input line 495.
LaTeX Info: Redefining \dots on input line 498.
LaTeX Info: Redefining \cdots on input line 619.
\Mathstrutbox@=\box53
\strutbox@=\box54
LaTeX Info: Redefining \big on input line 721.
LaTeX Info: Redefining \Big on input line 722.
LaTeX Info: Redefining \bigg on input line 723.
LaTeX Info: Redefining \Bigg on input line 724.
\big@size=\dimen151
LaTeX Font Info:    Redeclaring font encoding OML on input line 742.
LaTeX Font Info:    Redeclaring font encoding OMS on input line 743.
\macc@depth=\count284
LaTeX Info: Redefining \bmod on input line 904.
LaTeX Info: Redefining \pmod on input line 909.
LaTeX Info: Redefining \smash on input line 939.
LaTeX Info: Redefining \relbar on input line 969.
LaTeX Info: Redefining \Relbar on input line 970.
\c@MaxMatrixCols=\count285
\dotsspace@=\muskip17
\c@parentequation=\count286
\dspbrk@lvl=\count287
\tag@help=\toks20
\row@=\count288
\column@=\count289
\maxfields@=\count290
\andhelp@=\toks21
\eqnshift@=\dimen152
\alignsep@=\dimen153
\tagshift@=\dimen154
\tagwidth@=\dimen155
\totwidth@=\dimen156
\lineht@=\dimen157
\@envbody=\toks22
\multlinegap=\skip52
\multlinetaggap=\skip53
\mathdisplay@stack=\toks23
LaTeX Info: Redefining \[ on input line 2949.
LaTeX Info: Redefining \] on input line 2950.
)
(/usr/local/texlive/2025/texmf-dist/tex/latex/amsfonts/amssymb.sty
Package: amssymb 2013/01/14 v3.01 AMS font symbols

(/usr/local/texlive/2025/texmf-dist/tex/latex/amsfonts/amsfonts.sty
Package: amsfonts 2013/01/14 v3.01 Basic AMSFonts support
\symAMSa=\mathgroup4
\symAMSb=\mathgroup5
LaTeX Font Info:    Redeclaring math symbol \hbar on input line 98.
LaTeX Font Info:    Overwriting math alphabet `\mathfrak' in version `bold'
(Font)                  U/euf/m/n --> U/euf/b/n on input line 106.
))
(/usr/local/texlive/2025/texmf-dist/tex/generic/babel/hebrew.sty

! Package babel Error: You are loading directly a language style.
(babel)                This syntax is deprecated and you must use
(babel)                \usepackage[language]{babel}.

See the babel package documentation for explanation.
Type  H <return>  for immediate help.
 ...                                              
                                                  
l.34     \bblstyerror
                     
? 
(/usr/local/texlive/2025/texmf-dist/tex/generic/babel-hebrew/rlbabel.def
File: rlbabel.def 2023/08/22 v2.4a Right-to-Left support from the babel system 
Hebrew language support from the babel system
\heb@n@everypar=\toks24
LaTeX Info: Redefining \underline on input line 624.
)
(/usr/local/texlive/2025/texmf-dist/tex/generic/babel-hebrew/hebrew.ldf
File: hebrew.ldf 2023/08/22 v2.4a Hebrew language definition from the babel sys
tem Hebrew language support from the babel system

(/usr/local/texlive/2025/texmf-dist/tex/generic/babel/babel.def
File: babel.def 2025/08/03 v25.12 Babel common definitions

! Undefined control sequence.
l.410 \bbl@trace
                {Basic macros}
? 

! LaTeX Error: Missing \begin{document}.

See the LaTeX manual or LaTeX Companion for explanation.
Type  H <return>  for immediate help.
 ...                                              
                                                  
l.410 \bbl@trace{B
                  asic macros}
? 
! Undefined control sequence.
l.1052 \bbl@trace
                 {Defining babelensure}
? 
! Undefined control sequence.
l.1116 \bbl@trace
                 {Short tags}
? 
! Undefined control sequence.
l.1131 \bbl@trace
                 {Compatibility with language.def}
? 
! Undefined control sequence.
l.1169 \bbl@trace
                 {Hooks}
? 
! Undefined control sequence.
l.1204 \bbl@trace
                 {Macros for setting language files up}
? 
! Undefined control sequence.
l.1295 \bbl@trace
                 {Shorhands}
? 
! Undefined control sequence.
\initiate@active@char #1->\bbl@ifshorthand 
                                           {#1}{\bbl@s@initiate@active@char ...
l.1626 \initiate@active@char{~}
                               
? 
! Undefined control sequence.
\bbl@activate #1->\bbl@ifshorthand 
                                   {#1}{\bbl@s@activate {#1}}{}
l.1628 \bbl@activate{~}
                       
? 
! Undefined control sequence.
l.1634 \bbl@trace
                 {Language attributes}
? 
! Undefined control sequence.
l.1698 \bbl@trace
                 {Macros for saving definitions}
? 
\babel@savecnt=\count291
! Undefined control sequence.
l.1772 \bbl@trace
                 {Hyphens}
? 
! Undefined control sequence.
l.1853 \bbl@trace
                 {Multiencoding strings}
? 
! Undefined control sequence.
l.2101 \bbl@trace
                 {Macros related to glyphs}
? 
LaTeX Encoding Info:    Redeclaring text command \ij (encoding OT1) on input li
ne 2173.
LaTeX Encoding Info:    Redeclaring text command \IJ (encoding OT1) on input li
ne 2175.
LaTeX Encoding Info:    Redeclaring text command \ij (encoding T1) on input lin
e 2177.
LaTeX Encoding Info:    Redeclaring text command \IJ (encoding T1) on input lin
e 2178.
LaTeX Encoding Info:    Ignoring declaration for text command \ij (encoding ?) 
on input line 2179.
LaTeX Encoding Info:    Ignoring declaration for text command \IJ (encoding ?) 
on input line 2181.
LaTeX Encoding Info:    Ignoring declaration for text command \SS (encoding ?) 
on input line 2206.
\U@D=\dimen158
\l@unhyphenated=\language90
! Undefined control sequence.
l.2278 \bbl@trace
                 {Bidi layout}
? 
! Undefined control sequence.
l.2280 \bbl@trace
                 {Input engine specific macros}
? 
(/usr/local/texlive/2025/texmf-dist/tex/generic/babel/xebabel.def
! Undefined control sequence.
l.97 \bbl@trace
               {Font handling with fontspec}
? 
! Undefined control sequence.
l.386 \bbl@trace
                {Redefinitions for bidi layout}
? 
! Undefined control sequence.
<argument> \edef \bbl@opt@layout {\bbl@opt@layout 
                                                  .pars.}
l.390 ...ef\bbl@opt@layout{\bbl@opt@layout.pars.}}
                                                  %
? 
! Undefined control sequence.
l.393 \ifnum\bbl@bidimode
                         >\z@
? 
! Missing number, treated as zero.
<to be read again> 
                   >
l.393 \ifnum\bbl@bidimode>
                          \z@
? 
))
! Undefined control sequence.
<argument> ...ebrew}\bbl@id@assign \bbl@load@info 
                                                  {hebrew}}
l.37 \LdfInit{hebrew}{captionshebrew}
                                     
? 

Overfull \hbox (27.33212pt too wide) in paragraph at lines 410--68
[]\TU/lmr/m/n/12 encoding strings                   Macros related to glyphs   
                                                   Bidi[]
 []

(/usr/local/texlive/2025/texmf-dist/tex/latex/hebrew-fonts/nhe8enc.def
File: nhe8enc.def 2023/08/21 v1.3 8-bit Hebrew font encoding (test version: sti
ll liable to change)
)
! Undefined control sequence.
\ldf@finish #1->\loadlocalcfg 
                              {#1}\bbl@afterldf \expandafter \main@language ...
l.295 \ldf@finish{hebrew}
                         
? 

! LaTeX Error: Missing \begin{document}.

See the LaTeX manual or LaTeX Companion for explanation.
Type  H <return>  for immediate help.
 ...                                              
                                                  
l.295 \ldf@finish{hebrew}
                         
? 
! Undefined control sequence.
\bbl@afterldf ->\bbl@afterlang 
                               \let \bbl@afterlang \relax \let \BabelModifie...
l.295 \ldf@finish{hebrew}
                         
? 
))
! Undefined control sequence.
<argument> \bbl@language@opts 
                              
l.5 \usepackage
               {arabtex}
? 
(/usr/local/texlive/2025/texmf-dist/tex/latex/arabtex/arabtex.sty
(/usr/local/texlive/2025/texmf-dist/tex/latex/arabtex/aconfig.sty
LaTeX2e detected 
BABEL detected
\a@moduledate=\count292
\a@maindate=\count293
)
Package: arabtex 2003/08/22  3.11 ArabTeX main module

(/usr/local/texlive/2025/texmf-dist/tex/latex/arabtex/arabaux.sty
Package: arabaux 2003/05/21  3.11 auxiliary macros for ArabTeX
)
(/usr/local/texlive/2025/texmf-dist/tex/latex/arabtex/acmd.sty
Package: acmd 2003/08/20  3.11 Arabic command processing 
)
(/usr/local/texlive/2025/texmf-dist/tex/latex/arabtex/afonts.sty
Package: afonts 1995/11/16  3.04 define Naskh font 

(/usr/local/texlive/2025/texmf-dist/tex/latex/arabtex/afonts2.sty
Package: afonts2 1998/10/19  3.10 define Naskh fonts for LaTeX2e
))
(/usr/local/texlive/2025/texmf-dist/tex/latex/arabtex/ascan.sty
Package: ascan 2003/08/22  3.11 standard ZDMG input encoding 

(ArabTeX) scanner for code `arabtex' installed.
(ArabTeX) input encoding set to ArabTeX standard conventions.)
(/usr/local/texlive/2025/texmf-dist/tex/latex/arabtex/aparse.sty
Package: aparse 2003/05/26  3.11 get syllables 
)
(/usr/local/texlive/2025/texmf-dist/tex/latex/arabtex/awrite.sty
Package: awrite 2003/06/05  3.11 build output word 

(/usr/local/texlive/2025/texmf-dist/tex/latex/arabtex/xarbsymb.sty
Package: xarbsymb 1998/07/15  3.07 symbolic output encoding 
)
(/usr/local/texlive/2025/texmf-dist/tex/latex/arabtex/arabskel.sty
Package: arabskel 2000/06/04  3.10 character skeleton definitions 
)
(/usr/local/texlive/2025/texmf-dist/tex/latex/arabtex/xarbskel.sty
Package: xarbskel 1999/07/17  3.09 character skeleton definitions 
)
(/usr/local/texlive/2025/texmf-dist/tex/latex/arabtex/aboxes.sty
Package: aboxes 2003/05/28  3.11 build output boxes
)
(/usr/local/texlive/2025/texmf-dist/tex/latex/arabtex/arabtoks.sty
Package: arabtoks 1999/07/17  3.09 ArabTeX CS token definitions 
)
(/usr/local/texlive/2025/texmf-dist/tex/latex/arabtex/arabchrs.sty
Package: arabchrs 1998/07/11  3.07 letter token definitions 
))
(/usr/local/texlive/2025/texmf-dist/tex/latex/arabtex/aligs.sty
Package: aligs 2003/05/26  3.11 compute ligatures
)
(/usr/local/texlive/2025/texmf-dist/tex/latex/arabtex/aoutput.sty
Package: aoutput 2000/06/04  3.10 build output lines
)
(/usr/local/texlive/2025/texmf-dist/tex/latex/arabtex/abidir.sty
Package: abidir 2003/08/22  3.11 bidirectional linebreaking
)
(/usr/local/texlive/2025/texmf-dist/tex/latex/arabtex/atrans.sty
Package: atrans 2003/06/14  3.11 generate the transliteration 

(ArabTeX) ZDMG transliteration.)
(/usr/local/texlive/2025/texmf-dist/tex/latex/arabtex/alatex.sty
Package: alatex 2003/05/04  3.11 ArabTeX extensions for LaTeX 

(/usr/local/texlive/2025/texmf-dist/tex/latex/arabtex/afoot.sty
Package: afoot 2003/05/12  3.11 ArabTeX footnotes
))
(/usr/local/texlive/2025/texmf-dist/tex/latex/arabtex/abjad.sty
Package: abjad 2003/04/26  3.11 abjad numerals 
)
(/usr/local/texlive/2025/texmf-dist/tex/latex/arabtex/apatch.sty
(/usr/local/texlive/2025/texmf-dist/tex/latex/arabtex/alists.sty
Package: alists 2003/04/26  3.11 inverted list macros
)
(/usr/local/texlive/2025/texmf-dist/tex/latex/arabtex/asect.sty
Package: asect 2003/04/26  3.11 section macros for Arabic
)
(/usr/local/texlive/2025/texmf-dist/tex/latex/arabtex/atabg.sty
Package: atabg 1997/01/21  3.05 LaTeX tabbing macros for Arabic
)
Invalid UTF-8 byte or sequence at line 1299 replaced by U+FFFD.
Invalid UTF-8 byte or sequence at line 1299 replaced by U+FFFD.
Invalid UTF-8 byte or sequence at line 1300 replaced by U+FFFD.

(/usr/local/texlive/2025/texmf-dist/tex/latex/arabtex/alocal.sty
(ArabTeX) 3.11 local stub, 26.02.2006)
Package: apatch 2006/07/02  3.11s last minute patches 
)
Arabic processor `ArabTeX' [20060702 patch level 3.11s (02.07.2006)]
(ArabTeX) ... now be patient ... )
(/usr/local/texlive/2025/texmf-dist/tex/latex/geometry/geometry.sty
Package: geometry 2020/01/02 v5.9 Page Geometry

(/usr/local/texlive/2025/texmf-dist/tex/latex/graphics/keyval.sty
Package: keyval 2022/05/29 v1.15 key=value parser (DPC)
\KV@toks@=\toks45
)
(/usr/local/texlive/2025/texmf-dist/tex/generic/iftex/ifvtex.sty
Package: ifvtex 2019/10/25 v1.7 ifvtex legacy package. Use iftex instead.

(/usr/local/texlive/2025/texmf-dist/tex/generic/iftex/iftex.sty
Package: iftex 2024/12/12 v1.0g TeX engine tests
))
\Gm@cnth=\count323
\Gm@cntv=\count324
\c@Gm@tempcnt=\count325
\Gm@bindingoffset=\dimen181
\Gm@wd@mp=\dimen182
\Gm@odd@mp=\dimen183
\Gm@even@mp=\dimen184
\Gm@layoutwidth=\dimen185
\Gm@layoutheight=\dimen186
\Gm@layouthoffset=\dimen187
\Gm@layoutvoffset=\dimen188
\Gm@dimlist=\toks46
)
(/usr/local/texlive/2025/texmf-dist/tex/latex/booktabs/booktabs.sty
Package: booktabs 2020/01/12 v1.61803398 Publication quality tables
\heavyrulewidth=\dimen189
\lightrulewidth=\dimen190
\cmidrulewidth=\dimen191
\belowrulesep=\dimen192
\belowbottomsep=\dimen193
\aboverulesep=\dimen194
\abovetopsep=\dimen195
\cmidrulesep=\dimen196
\cmidrulekern=\dimen197
\defaultaddspace=\dimen198
\@cmidla=\count326
\@cmidlb=\count327
\@aboverulesep=\dimen199
\@belowrulesep=\dimen256
\@thisruleclass=\count328
\@lastruleclass=\count329
\@thisrulewidth=\dimen257
)
(/usr/local/texlive/2025/texmf-dist/tex/latex/natbib/natbib.sty
Package: natbib 2010/09/13 8.31b (PWD, AO)
\bibhang=\skip56
\bibsep=\skip57
LaTeX Info: Redefining \cite on input line 694.
\c@NAT@ctr=\count330
)
(/usr/local/texlive/2025/texmf-dist/tex/latex/hyperref/hyperref.sty
Package: hyperref 2025-07-12 v7.01o Hypertext links for LaTeX

(/usr/local/texlive/2025/texmf-dist/tex/latex/kvsetkeys/kvsetkeys.sty
Package: kvsetkeys 2022-10-05 v1.19 Key value parser (HO)
)
(/usr/local/texlive/2025/texmf-dist/tex/generic/kvdefinekeys/kvdefinekeys.sty
Package: kvdefinekeys 2019-12-19 v1.6 Define keys (HO)
)
(/usr/local/texlive/2025/texmf-dist/tex/generic/pdfescape/pdfescape.sty
Package: pdfescape 2019/12/09 v1.15 Implements pdfTeX's escape features (HO)

(/usr/local/texlive/2025/texmf-dist/tex/generic/ltxcmds/ltxcmds.sty
Package: ltxcmds 2023-12-04 v1.26 LaTeX kernel commands for general use (HO)
)
(/usr/local/texlive/2025/texmf-dist/tex/generic/pdftexcmds/pdftexcmds.sty
Package: pdftexcmds 2020-06-27 v0.33 Utility functions of pdfTeX for LuaTeX (HO
)

(/usr/local/texlive/2025/texmf-dist/tex/generic/infwarerr/infwarerr.sty
Package: infwarerr 2019/12/03 v1.5 Providing info/warning/error messages (HO)
)
Package pdftexcmds Info: \pdf@primitive is available.
Package pdftexcmds Info: \pdf@ifprimitive is available.
Package pdftexcmds Info: \pdfdraftmode not found.
))
(/usr/local/texlive/2025/texmf-dist/tex/latex/hycolor/hycolor.sty
Package: hycolor 2020-01-27 v1.10 Color options for hyperref/bookmark (HO)
)
(/usr/local/texlive/2025/texmf-dist/tex/latex/hyperref/nameref.sty
Package: nameref 2025-06-21 v2.57 Cross-referencing by name of section

(/usr/local/texlive/2025/texmf-dist/tex/latex/refcount/refcount.sty
Package: refcount 2019/12/15 v3.6 Data extraction from label references (HO)
)
(/usr/local/texlive/2025/texmf-dist/tex/generic/gettitlestring/gettitlestring.s
ty
Package: gettitlestring 2019/12/15 v1.6 Cleanup title references (HO)
 (/usr/local/texlive/2025/texmf-dist/tex/latex/kvoptions/kvoptions.sty
Package: kvoptions 2022-06-15 v3.15 Key value format for package options (HO)
))

Package nameref Warning: The definition of \label has changed! 
(nameref)                Check your packages! 
(nameref)                Replacing it with the kernel definition on input line 
149.

\c@section@level=\count331
) (/usr/local/texlive/2025/texmf-dist/tex/latex/etoolbox/etoolbox.sty
Package: etoolbox 2025/02/11 v2.5l e-TeX tools for LaTeX (JAW)
\etb@tempcnta=\count332
)
(/usr/local/texlive/2025/texmf-dist/tex/generic/stringenc/stringenc.sty
Package: stringenc 2019/11/29 v1.12 Convert strings between diff. encodings (HO
)
)
\@linkdim=\dimen258
\Hy@linkcounter=\count333
\Hy@pagecounter=\count334

(/usr/local/texlive/2025/texmf-dist/tex/latex/hyperref/pd1enc.def
File: pd1enc.def 2025-07-12 v7.01o Hyperref: PDFDocEncoding definition (HO)
)
(/usr/local/texlive/2025/texmf-dist/tex/generic/intcalc/intcalc.sty
Package: intcalc 2019/12/15 v1.3 Expandable calculations with integers (HO)
)
\Hy@SavedSpaceFactor=\count335

(/usr/local/texlive/2025/texmf-dist/tex/latex/hyperref/puenc.def
File: puenc.def 2025-07-12 v7.01o Hyperref: PDF Unicode definition (HO)
)
Package hyperref Info: Hyper figures OFF on input line 4195.
Package hyperref Info: Link nesting OFF on input line 4200.
Package hyperref Info: Hyper index ON on input line 4203.
Package hyperref Info: Plain pages OFF on input line 4210.
Package hyperref Info: Backreferencing OFF on input line 4215.
Package hyperref Info: Implicit mode ON; LaTeX internals redefined.
Package hyperref Info: Bookmarks ON on input line 4462.
\c@Hy@tempcnt=\count336

(/usr/local/texlive/2025/texmf-dist/tex/latex/url/url.sty
\Urlmuskip=\muskip18
Package: url 2013/09/16  ver 3.4  Verb mode for urls, etc.
)
LaTeX Info: Redefining \url on input line 4801.
\XeTeXLinkMargin=\dimen259

(/usr/local/texlive/2025/texmf-dist/tex/generic/bitset/bitset.sty
Package: bitset 2019/12/09 v1.3 Handle bit-vector datatype (HO)

(/usr/local/texlive/2025/texmf-dist/tex/generic/bigintcalc/bigintcalc.sty
Package: bigintcalc 2019/12/15 v1.5 Expandable calculations on big integers (HO
)
))
\Fld@menulength=\count337
\Field@Width=\dimen260
\Fld@charsize=\dimen261
Package hyperref Info: Hyper figures OFF on input line 6078.
Package hyperref Info: Link nesting OFF on input line 6083.
Package hyperref Info: Hyper index ON on input line 6086.
Package hyperref Info: backreferencing OFF on input line 6093.
Package hyperref Info: Link coloring OFF on input line 6098.
Package hyperref Info: Link coloring with OCG OFF on input line 6103.
Package hyperref Info: PDF/A mode OFF on input line 6108.
\Hy@abspage=\count338
\c@Item=\count339
\c@Hfootnote=\count340
)
Package hyperref Info: Driver (autodetected): hxetex.

(/usr/local/texlive/2025/texmf-dist/tex/latex/hyperref/hxetex.def
File: hxetex.def 2025-07-12 v7.01o Hyperref driver for XeTeX
\pdfm@box=\box70
\c@Hy@AnnotLevel=\count341
\HyField@AnnotCount=\count342
\Fld@listcount=\count343
\c@bookmark@seq@number=\count344

(/usr/local/texlive/2025/texmf-dist/tex/latex/rerunfilecheck/rerunfilecheck.sty
Package: rerunfilecheck 2025-06-21 v1.11 Rerun checks for auxiliary files (HO)

(/usr/local/texlive/2025/texmf-dist/tex/generic/uniquecounter/uniquecounter.sty
Package: uniquecounter 2019/12/15 v1.4 Provide unlimited unique counter (HO)
)
Package uniquecounter Info: New unique counter `rerunfilecheck' on input line 2
84.
)
\Hy@SectionHShift=\skip58
) (/usr/local/texlive/2025/texmf-dist/tex/latex/tikz-cd/tikz-cd.sty
Package: tikz-cd 2021/05/04 v1.0 Commutative diagrams with TikZ

(/usr/local/texlive/2025/texmf-dist/tex/latex/pgf/frontendlayer/tikz.sty
(/usr/local/texlive/2025/texmf-dist/tex/latex/pgf/basiclayer/pgf.sty
(/usr/local/texlive/2025/texmf-dist/tex/latex/pgf/utilities/pgfrcs.sty
(/usr/local/texlive/2025/texmf-dist/tex/generic/pgf/utilities/pgfutil-common.te
x
\pgfutil@everybye=\toks47
\pgfutil@tempdima=\dimen262
\pgfutil@tempdimb=\dimen263
)
(/usr/local/texlive/2025/texmf-dist/tex/generic/pgf/utilities/pgfutil-latex.def
\pgfutil@abb=\box71
) (/usr/local/texlive/2025/texmf-dist/tex/generic/pgf/utilities/pgfrcs.code.tex
(/usr/local/texlive/2025/texmf-dist/tex/generic/pgf/pgf.revision.tex)
Package: pgfrcs 2025-08-29 v3.1.11a (3.1.11a)
))
Package: pgf 2025-08-29 v3.1.11a (3.1.11a)

(/usr/local/texlive/2025/texmf-dist/tex/latex/pgf/basiclayer/pgfcore.sty
(/usr/local/texlive/2025/texmf-dist/tex/latex/graphics/graphicx.sty
Package: graphicx 2024/12/31 v1.2e Enhanced LaTeX Graphics (DPC,SPQR)

(/usr/local/texlive/2025/texmf-dist/tex/latex/graphics/graphics.sty
Package: graphics 2024/08/06 v1.4g Standard LaTeX Graphics (DPC,SPQR)

(/usr/local/texlive/2025/texmf-dist/tex/latex/graphics/trig.sty
Package: trig 2023/12/02 v1.11 sin cos tan (DPC)
)
(/usr/local/texlive/2025/texmf-dist/tex/latex/graphics-cfg/graphics.cfg
File: graphics.cfg 2016/06/04 v1.11 sample graphics configuration
)
Package graphics Info: Driver file: xetex.def on input line 106.

(/usr/local/texlive/2025/texmf-dist/tex/latex/graphics-def/xetex.def
File: xetex.def 2022/09/22 v5.0n Graphics/color driver for xetex
))
\Gin@req@height=\dimen264
\Gin@req@width=\dimen265
)
(/usr/local/texlive/2025/texmf-dist/tex/latex/pgf/systemlayer/pgfsys.sty
(/usr/local/texlive/2025/texmf-dist/tex/generic/pgf/systemlayer/pgfsys.code.tex
Package: pgfsys 2025-08-29 v3.1.11a (3.1.11a)
(/usr/local/texlive/2025/texmf-dist/tex/generic/pgf/utilities/pgfkeys.code.tex
\pgfkeys@pathtoks=\toks48
\pgfkeys@temptoks=\toks49

(/usr/local/texlive/2025/texmf-dist/tex/generic/pgf/utilities/pgfkeyslibraryfil
tered.code.tex
\pgfkeys@tmptoks=\toks50
))
\pgf@x=\dimen266
\pgf@y=\dimen267
\pgf@xa=\dimen268
\pgf@ya=\dimen269
\pgf@xb=\dimen270
\pgf@yb=\dimen271
\pgf@xc=\dimen272
\pgf@yc=\dimen273
\pgf@xd=\dimen274
\pgf@yd=\dimen275
\w@pgf@writea=\write5
\r@pgf@reada=\read2
\c@pgf@counta=\count345
\c@pgf@countb=\count346
\c@pgf@countc=\count347
\c@pgf@countd=\count348
\t@pgf@toka=\toks51
\t@pgf@tokb=\toks52
\t@pgf@tokc=\toks53
\pgf@sys@id@count=\count349

(/usr/local/texlive/2025/texmf-dist/tex/generic/pgf/systemlayer/pgf.cfg
File: pgf.cfg 2025-08-29 v3.1.11a (3.1.11a)
)
Driver file for pgf: pgfsys-xetex.def

(/usr/local/texlive/2025/texmf-dist/tex/generic/pgf/systemlayer/pgfsys-xetex.de
f
File: pgfsys-xetex.def 2025-08-29 v3.1.11a (3.1.11a)

(/usr/local/texlive/2025/texmf-dist/tex/generic/pgf/systemlayer/pgfsys-dvipdfmx
.def
File: pgfsys-dvipdfmx.def 2025-08-29 v3.1.11a (3.1.11a)

(/usr/local/texlive/2025/texmf-dist/tex/generic/pgf/systemlayer/pgfsys-common-p
df.def
File: pgfsys-common-pdf.def 2025-08-29 v3.1.11a (3.1.11a)
)
\pgfsys@objnum=\count350
)))
(/usr/local/texlive/2025/texmf-dist/tex/generic/pgf/systemlayer/pgfsyssoftpath.
code.tex
File: pgfsyssoftpath.code.tex 2025-08-29 v3.1.11a (3.1.11a)
\pgfsyssoftpath@smallbuffer@items=\count351
\pgfsyssoftpath@bigbuffer@items=\count352
)
(/usr/local/texlive/2025/texmf-dist/tex/generic/pgf/systemlayer/pgfsysprotocol.
code.tex
File: pgfsysprotocol.code.tex 2025-08-29 v3.1.11a (3.1.11a)
)) (/usr/local/texlive/2025/texmf-dist/tex/latex/xcolor/xcolor.sty
Package: xcolor 2024/09/29 v3.02 LaTeX color extensions (UK)

(/usr/local/texlive/2025/texmf-dist/tex/latex/graphics-cfg/color.cfg
File: color.cfg 2016/01/02 v1.6 sample color configuration
)
Package xcolor Info: Driver file: xetex.def on input line 274.

(/usr/local/texlive/2025/texmf-dist/tex/latex/graphics/mathcolor.ltx)
Package xcolor Info: Model `cmy' substituted by `cmy0' on input line 1349.
Package xcolor Info: Model `RGB' extended on input line 1365.
Package xcolor Info: Model `HTML' substituted by `rgb' on input line 1367.
Package xcolor Info: Model `Hsb' substituted by `hsb' on input line 1368.
Package xcolor Info: Model `tHsb' substituted by `hsb' on input line 1369.
Package xcolor Info: Model `HSB' substituted by `hsb' on input line 1370.
Package xcolor Info: Model `Gray' substituted by `gray' on input line 1371.
Package xcolor Info: Model `wave' substituted by `hsb' on input line 1372.
)
(/usr/local/texlive/2025/texmf-dist/tex/generic/pgf/basiclayer/pgfcore.code.tex
Package: pgfcore 2025-08-29 v3.1.11a (3.1.11a)
(/usr/local/texlive/2025/texmf-dist/tex/generic/pgf/math/pgfmath.code.tex
(/usr/local/texlive/2025/texmf-dist/tex/generic/pgf/math/pgfmathutil.code.tex)
(/usr/local/texlive/2025/texmf-dist/tex/generic/pgf/math/pgfmathparser.code.tex
\pgfmath@dimen=\dimen276
\pgfmath@count=\count353
\pgfmath@box=\box72
\pgfmath@toks=\toks54
\pgfmath@stack@operand=\toks55
\pgfmath@stack@operation=\toks56
)
(/usr/local/texlive/2025/texmf-dist/tex/generic/pgf/math/pgfmathfunctions.code.
tex)
(/usr/local/texlive/2025/texmf-dist/tex/generic/pgf/math/pgfmathfunctions.basic
.code.tex)
(/usr/local/texlive/2025/texmf-dist/tex/generic/pgf/math/pgfmathfunctions.trigo
nometric.code.tex)
(/usr/local/texlive/2025/texmf-dist/tex/generic/pgf/math/pgfmathfunctions.rando
m.code.tex)
(/usr/local/texlive/2025/texmf-dist/tex/generic/pgf/math/pgfmathfunctions.compa
rison.code.tex)
(/usr/local/texlive/2025/texmf-dist/tex/generic/pgf/math/pgfmathfunctions.base.
code.tex)
(/usr/local/texlive/2025/texmf-dist/tex/generic/pgf/math/pgfmathfunctions.round
.code.tex)
(/usr/local/texlive/2025/texmf-dist/tex/generic/pgf/math/pgfmathfunctions.misc.
code.tex)
(/usr/local/texlive/2025/texmf-dist/tex/generic/pgf/math/pgfmathfunctions.integ
erarithmetics.code.tex)
(/usr/local/texlive/2025/texmf-dist/tex/generic/pgf/math/pgfmathcalc.code.tex)
(/usr/local/texlive/2025/texmf-dist/tex/generic/pgf/math/pgfmathfloat.code.tex
\c@pgfmathroundto@lastzeros=\count354
)) (/usr/local/texlive/2025/texmf-dist/tex/generic/pgf/math/pgfint.code.tex)
(/usr/local/texlive/2025/texmf-dist/tex/generic/pgf/basiclayer/pgfcorepoints.co
de.tex
File: pgfcorepoints.code.tex 2025-08-29 v3.1.11a (3.1.11a)
\pgf@picminx=\dimen277
\pgf@picmaxx=\dimen278
\pgf@picminy=\dimen279
\pgf@picmaxy=\dimen280
\pgf@pathminx=\dimen281
\pgf@pathmaxx=\dimen282
\pgf@pathminy=\dimen283
\pgf@pathmaxy=\dimen284
\pgf@xx=\dimen285
\pgf@xy=\dimen286
\pgf@yx=\dimen287
\pgf@yy=\dimen288
\pgf@zx=\dimen289
\pgf@zy=\dimen290
)
(/usr/local/texlive/2025/texmf-dist/tex/generic/pgf/basiclayer/pgfcorepathconst
ruct.code.tex
File: pgfcorepathconstruct.code.tex 2025-08-29 v3.1.11a (3.1.11a)
\pgf@path@lastx=\dimen291
\pgf@path@lasty=\dimen292
)
(/usr/local/texlive/2025/texmf-dist/tex/generic/pgf/basiclayer/pgfcorepathusage
.code.tex
File: pgfcorepathusage.code.tex 2025-08-29 v3.1.11a (3.1.11a)
\pgf@shorten@end@additional=\dimen293
\pgf@shorten@start@additional=\dimen294
)
(/usr/local/texlive/2025/texmf-dist/tex/generic/pgf/basiclayer/pgfcorescopes.co
de.tex
File: pgfcorescopes.code.tex 2025-08-29 v3.1.11a (3.1.11a)
\pgfpic=\box73
\pgf@hbox=\box74
\pgf@layerbox@main=\box75
\pgf@picture@serial@count=\count355
)
(/usr/local/texlive/2025/texmf-dist/tex/generic/pgf/basiclayer/pgfcoregraphicst
ate.code.tex
File: pgfcoregraphicstate.code.tex 2025-08-29 v3.1.11a (3.1.11a)
\pgflinewidth=\dimen295
)
(/usr/local/texlive/2025/texmf-dist/tex/generic/pgf/basiclayer/pgfcoretransform
ations.code.tex
File: pgfcoretransformations.code.tex 2025-08-29 v3.1.11a (3.1.11a)
\pgf@pt@x=\dimen296
\pgf@pt@y=\dimen297
\pgf@pt@temp=\dimen298
)
(/usr/local/texlive/2025/texmf-dist/tex/generic/pgf/basiclayer/pgfcorequick.cod
e.tex
File: pgfcorequick.code.tex 2025-08-29 v3.1.11a (3.1.11a)
)
(/usr/local/texlive/2025/texmf-dist/tex/generic/pgf/basiclayer/pgfcoreobjects.c
ode.tex
File: pgfcoreobjects.code.tex 2025-08-29 v3.1.11a (3.1.11a)
)
(/usr/local/texlive/2025/texmf-dist/tex/generic/pgf/basiclayer/pgfcorepathproce
ssing.code.tex
File: pgfcorepathprocessing.code.tex 2025-08-29 v3.1.11a (3.1.11a)
)
(/usr/local/texlive/2025/texmf-dist/tex/generic/pgf/basiclayer/pgfcorearrows.co
de.tex
File: pgfcorearrows.code.tex 2025-08-29 v3.1.11a (3.1.11a)
\pgfarrowsep=\dimen299
)
(/usr/local/texlive/2025/texmf-dist/tex/generic/pgf/basiclayer/pgfcoreshade.cod
e.tex
File: pgfcoreshade.code.tex 2025-08-29 v3.1.11a (3.1.11a)
\pgf@max=\dimen300
\pgf@sys@shading@range@num=\count356
\pgf@shadingcount=\count357
)
(/usr/local/texlive/2025/texmf-dist/tex/generic/pgf/basiclayer/pgfcoreimage.cod
e.tex
File: pgfcoreimage.code.tex 2025-08-29 v3.1.11a (3.1.11a)
)
(/usr/local/texlive/2025/texmf-dist/tex/generic/pgf/basiclayer/pgfcoreexternal.
code.tex
File: pgfcoreexternal.code.tex 2025-08-29 v3.1.11a (3.1.11a)
\pgfexternal@startupbox=\box76
)
(/usr/local/texlive/2025/texmf-dist/tex/generic/pgf/basiclayer/pgfcorelayers.co
de.tex
File: pgfcorelayers.code.tex 2025-08-29 v3.1.11a (3.1.11a)
)
(/usr/local/texlive/2025/texmf-dist/tex/generic/pgf/basiclayer/pgfcoretranspare
ncy.code.tex
File: pgfcoretransparency.code.tex 2025-08-29 v3.1.11a (3.1.11a)
)
(/usr/local/texlive/2025/texmf-dist/tex/generic/pgf/basiclayer/pgfcorepatterns.
code.tex
File: pgfcorepatterns.code.tex 2025-08-29 v3.1.11a (3.1.11a)
)
(/usr/local/texlive/2025/texmf-dist/tex/generic/pgf/basiclayer/pgfcorerdf.code.
tex
File: pgfcorerdf.code.tex 2025-08-29 v3.1.11a (3.1.11a)
)))
(/usr/local/texlive/2025/texmf-dist/tex/generic/pgf/modules/pgfmoduleshapes.cod
e.tex
File: pgfmoduleshapes.code.tex 2025-08-29 v3.1.11a (3.1.11a)
\pgfnodeparttextbox=\box77
)
(/usr/local/texlive/2025/texmf-dist/tex/generic/pgf/modules/pgfmoduleplot.code.
tex
File: pgfmoduleplot.code.tex 2025-08-29 v3.1.11a (3.1.11a)
)
(/usr/local/texlive/2025/texmf-dist/tex/latex/pgf/compatibility/pgfcomp-version
-0-65.sty
Package: pgfcomp-version-0-65 2025-08-29 v3.1.11a (3.1.11a)
\pgf@nodesepstart=\dimen301
\pgf@nodesepend=\dimen302
)
(/usr/local/texlive/2025/texmf-dist/tex/latex/pgf/compatibility/pgfcomp-version
-1-18.sty
Package: pgfcomp-version-1-18 2025-08-29 v3.1.11a (3.1.11a)
))
(/usr/local/texlive/2025/texmf-dist/tex/latex/pgf/utilities/pgffor.sty
(/usr/local/texlive/2025/texmf-dist/tex/latex/pgf/utilities/pgfkeys.sty
(/usr/local/texlive/2025/texmf-dist/tex/generic/pgf/utilities/pgfkeys.code.tex)
) (/usr/local/texlive/2025/texmf-dist/tex/latex/pgf/math/pgfmath.sty
(/usr/local/texlive/2025/texmf-dist/tex/generic/pgf/math/pgfmath.code.tex))
(/usr/local/texlive/2025/texmf-dist/tex/generic/pgf/utilities/pgffor.code.tex
Package: pgffor 2025-08-29 v3.1.11a (3.1.11a)
\pgffor@iter=\dimen303
\pgffor@skip=\dimen304
\pgffor@stack=\toks57
\pgffor@toks=\toks58
))
(/usr/local/texlive/2025/texmf-dist/tex/generic/pgf/frontendlayer/tikz/tikz.cod
e.tex
Package: tikz 2025-08-29 v3.1.11a (3.1.11a)

(/usr/local/texlive/2025/texmf-dist/tex/generic/pgf/libraries/pgflibraryplothan
dlers.code.tex
File: pgflibraryplothandlers.code.tex 2025-08-29 v3.1.11a (3.1.11a)
\pgf@plot@mark@count=\count358
\pgfplotmarksize=\dimen305
)
\tikz@lastx=\dimen306
\tikz@lasty=\dimen307
\tikz@lastxsaved=\dimen308
\tikz@lastysaved=\dimen309
\tikz@lastmovetox=\dimen310
\tikz@lastmovetoy=\dimen311
\tikzleveldistance=\dimen312
\tikzsiblingdistance=\dimen313
\tikz@figbox=\box78
\tikz@figbox@bg=\box79
\tikz@tempbox=\box80
\tikz@tempbox@bg=\box81
\tikztreelevel=\count359
\tikznumberofchildren=\count360
\tikznumberofcurrentchild=\count361
\tikz@fig@count=\count362

(/usr/local/texlive/2025/texmf-dist/tex/generic/pgf/modules/pgfmodulematrix.cod
e.tex
File: pgfmodulematrix.code.tex 2025-08-29 v3.1.11a (3.1.11a)
\pgfmatrixcurrentrow=\count363
\pgfmatrixcurrentcolumn=\count364
\pgf@matrix@numberofcolumns=\count365
)
\tikz@expandcount=\count366

(/usr/local/texlive/2025/texmf-dist/tex/generic/pgf/frontendlayer/tikz/librarie
s/tikzlibrarytopaths.code.tex
File: tikzlibrarytopaths.code.tex 2025-08-29 v3.1.11a (3.1.11a)
)))
(/usr/local/texlive/2025/texmf-dist/tex/generic/tikz-cd/tikzlibrarycd.code.tex
(/usr/local/texlive/2025/texmf-dist/tex/generic/pgf/frontendlayer/tikz/librarie
s/tikzlibrarymatrix.code.tex
File: tikzlibrarymatrix.code.tex 2025-08-29 v3.1.11a (3.1.11a)
)
(/usr/local/texlive/2025/texmf-dist/tex/generic/pgf/frontendlayer/tikz/librarie
s/tikzlibraryquotes.code.tex
File: tikzlibraryquotes.code.tex 2025-08-29 v3.1.11a (3.1.11a)
)
(/usr/local/texlive/2025/texmf-dist/tex/generic/pgf/libraries/pgflibraryarrows.
meta.code.tex
File: pgflibraryarrows.meta.code.tex 2025-08-29 v3.1.11a (3.1.11a)
\pgfarrowinset=\dimen314
\pgfarrowlength=\dimen315
\pgfarrowwidth=\dimen316
\pgfarrowlinewidth=\dimen317
)))
(/usr/local/texlive/2025/texmf-dist/tex/latex/l3backend/l3backend-xetex.def
File: l3backend-xetex.def 2025-06-09 L3 backend support: XeTeX
\g__graphics_track_int=\count367
\g__pdfannot_backend_int=\count368
\g__pdfannot_backend_link_int=\count369
)
(./essay.aux
! Undefined control sequence.
\select@language ...elax }\fi \bbl@provide@locale 
                                                  \bbl@iflanguage \languagen...
l.7 \babel@aux{}{}
                  
? 
! Undefined control sequence.
\@nolanerr ...arg \chardef {l@#1}\z@ \bbl@warning 
                                                  {Undefined language '#1' i...
l.7 \babel@aux{}{}
                  
? 

! LaTeX Error: Missing \begin{document}.

See the LaTeX manual or LaTeX Companion for explanation.
Type  H <return>  for immediate help.
 ...                                              
                                                  
l.7 \babel@aux{}{}
                  
? 
)
\openout1 = `essay.aux'.

LaTeX Font Info:    Checking defaults for OML/cmm/m/it on input line 17.
LaTeX Font Info:    ... okay on input line 17.
LaTeX Font Info:    Checking defaults for OMS/cmsy/m/n on input line 17.
LaTeX Font Info:    ... okay on input line 17.
LaTeX Font Info:    Checking defaults for OT1/cmr/m/n on input line 17.
LaTeX Font Info:    ... okay on input line 17.
LaTeX Font Info:    Checking defaults for T1/cmr/m/n on input line 17.
LaTeX Font Info:    ... okay on input line 17.
LaTeX Font Info:    Checking defaults for TS1/cmr/m/n on input line 17.
LaTeX Font Info:    ... okay on input line 17.
LaTeX Font Info:    Checking defaults for TU/lmr/m/n on input line 17.
LaTeX Font Info:    ... okay on input line 17.
LaTeX Font Info:    Checking defaults for OMX/cmex/m/n on input line 17.
LaTeX Font Info:    ... okay on input line 17.
LaTeX Font Info:    Checking defaults for U/cmr/m/n on input line 17.
LaTeX Font Info:    ... okay on input line 17.
LaTeX Font Info:    Checking defaults for NHE8/cmr/m/n on input line 17.
LaTeX Font Info:    Trying to load font information for NHE8+cmr on input line 
17.
 (/usr/local/texlive/2025/texmf-dist/tex/latex/culmus/nhe8cmr.fd
File: nhe8cmr.fd 2023/08/17 v1 Hebrew roman font (test version: still liable to
 change)
)
LaTeX Font Info:    ... okay on input line 17.
LaTeX Font Info:    Checking defaults for PD1/pdf/m/n on input line 17.
LaTeX Font Info:    ... okay on input line 17.
LaTeX Font Info:    Checking defaults for PU/pdf/m/n on input line 17.
LaTeX Font Info:    ... okay on input line 17.

! Undefined control sequence.
\select@language ...elax }\fi \bbl@provide@locale 
                                                  \bbl@iflanguage \languagen...
l.17 \begin{document}
                     
? 
LaTeX Font Info:    Trying to load font information for NHE8+lmr on input line 
17.
LaTeX Font Info:    No file NHE8lmr.fd. on input line 17.

LaTeX Font Warning: Font shape `NHE8/lmr/m/n' undefined
(Font)              using `NHE8/cmr/m/n' instead on input line 17.

! Undefined control sequence.
<argument> \string \babel@aux {\bbl@auxname 
                                            }{}
l.17 \begin{document}
                     
? 
! Undefined control sequence.
\__hook begindocument ...@language }\ifbbl@single 
                                                  \renewcommand \selectlangu...
l.17 \begin{document}
                     
? 
! Extra \fi.
\__hook begindocument ...abel@aux \@gobbletwo \fi 
                                                  \bbl@clear@ttribs \Declare...
l.17 \begin{document}
                     
? 
*geometry* driver: auto-detecting
*geometry* detected driver: xetex
*geometry* verbose mode - [ preamble ] result:
* driver: xetex
* paper: a4paper
* layout: <same size as paper>
* layoutoffset:(h,v)=(0.0pt,0.0pt)
* modes: 
* h-part:(L,W,R)=(72.26999pt, 452.9679pt, 72.26999pt)
* v-part:(T,H,B)=(72.26999pt, 700.50687pt, 72.26999pt)
* \paperwidth=597.50787pt
* \paperheight=845.04684pt
* \textwidth=452.9679pt
* \textheight=700.50687pt
* \oddsidemargin=0.0pt
* \evensidemargin=0.0pt
* \topmargin=-37.0pt
* \headheight=12.0pt
* \headsep=25.0pt
* \topskip=12.0pt
* \footskip=30.0pt
* \marginparwidth=44.0pt
* \marginparsep=10.0pt
* \columnsep=10.0pt
* \skip\footins=10.8pt plus 4.0pt minus 2.0pt
* \hoffset=0.0pt
* \voffset=0.0pt
* \mag=1000
* \@twocolumnfalse
* \@twosidefalse
* \@mparswitchfalse
* \@reversemarginfalse
* (1in=72.27pt=25.4mm, 1cm=28.453pt)

Package hyperref Info: Link coloring OFF on input line 17.
(./essay.out) (./essay.out)
\@outlinefile=\write6
\openout6 = `essay.out'.


(/usr/local/texlive/2025/texmf-dist/tex/latex/arabtex/apatch.sty
Invalid UTF-8 byte or sequence at line 1299 replaced by U+FFFD.
Invalid UTF-8 byte or sequence at line 1299 replaced by U+FFFD.
Invalid UTF-8 byte or sequence at line 1300 replaced by U+FFFD.
\a@lines=\count370
\a@Lwidth=\dimen318
\a@displaywidth=\dimen319

(/usr/local/texlive/2025/texmf-dist/tex/latex/arabtex/alocal.sty
(ArabTeX) 3.11 local stub, 26.02.2006)
(ArabTeX) version 3.11s (02.07.2006): second phase of patching)

[1

]
LaTeX Font Info:    Trying to load font information for U+msa on input line 20.

 (/usr/local/texlive/2025/texmf-dist/tex/latex/amsfonts/umsa.fd
File: umsa.fd 2013/01/14 v3.01 AMS symbols A
)
LaTeX Font Info:    Trying to load font information for U+msb on input line 20.


(/usr/local/texlive/2025/texmf-dist/tex/latex/amsfonts/umsb.fd
File: umsb.fd 2013/01/14 v3.01 AMS symbols B
)

LaTeX Font Warning: Font shape `NHE8/lmr/bx/n' undefined
(Font)              using `NHE8/lmr/m/n' instead on input line 20.

Missing character: There is no ’ ("2019) in font david-new!
Missing character: There is no — ("2014) in font david-new!
Missing character: There is no — ("2014) in font david-new!
Missing character: There is no ’ ("2019) in font david-new!
Missing character: There is no ’ ("2019) in font david-new!
Missing character: There is no ’ ("2019) in font david-new!
Missing character: There is no “ ("201C) in font david-new!
Missing character: There is no ” ("201D) in font david-new!


[2]
Missing character: There is no ’ ("2019) in font david-new!
Missing character: There is no ḥ ("1E25) in font david-new!
Missing character: There is no ḍ ("1E0D) in font david-new!
Missing character: There is no ū ("16B) in font david-new!
Missing character: There is no – ("2013) in font david-new!
Missing character: There is no ’ ("2019) in font david-new!
Missing character: There is no ’ ("2019) in font david-new!
Missing character: There is no — ("2014) in font david-new!
Missing character: There is no — ("2014) in font david-new!
Missing character: There is no ’ ("2019) in font david-new!


[3]
Missing character: There is no — ("2014) in font david-new!
Missing character: There is no — ("2014) in font david-new!
Missing character: There is no — ("2014) in font david-new!
Missing character: There is no — ("2014) in font david-new!
Missing character: There is no ’ ("2019) in font david-new!
Missing character: There is no — ("2014) in font david-new!


[4]

LaTeX Font Warning: Font shape `NHE8/lmr/m/it' undefined
(Font)              using `NHE8/lmr/m/n' instead on input line 78.


! LaTeX Error: Environment lemma undefined.

See the LaTeX manual or LaTeX Companion for explanation.
Type  H <return>  for immediate help.
 ...                                              
                                                  
l.88 \begin{lemma}
                  
? 

! LaTeX Error: \begin{document} on input line 17 ended by \end{lemma}.

See the LaTeX manual or LaTeX Companion for explanation.
Type  H <return>  for immediate help.
 ...                                              
                                                  
l.90 \end{lemma}
                
? 

! LaTeX Error: Environment proof undefined.

See the LaTeX manual or LaTeX Companion for explanation.
Type  H <return>  for immediate help.
 ...                                              
                                                  
l.92 \begin{proof}
                  
? 

! LaTeX Error: \begin{document} on input line 17 ended by \end{proof}.

See the LaTeX manual or LaTeX Companion for explanation.
Type  H <return>  for immediate help.
 ...                                              
                                                  
l.94 \end{proof}
                
? 

! LaTeX Error: Environment proposition undefined.

See the LaTeX manual or LaTeX Companion for explanation.
Type  H <return>  for immediate help.
 ...                                              
                                                  
l.96 \begin{proposition}
                        
? 

! LaTeX Error: \begin{document} on input line 17 ended by \end{proposition}.

See the LaTeX manual or LaTeX Companion for explanation.
Type  H <return>  for immediate help.
 ...                                              
                                                  
l.98 \end{proposition}
                      
? 

! LaTeX Error: Environment proof undefined.

See the LaTeX manual or LaTeX Companion for explanation.
Type  H <return>  for immediate help.
 ...                                              
                                                  
l.100 \begin{proof}
                   
? 

! LaTeX Error: \begin{document} on input line 17 ended by \end{proof}.

See the LaTeX manual or LaTeX Companion for explanation.
Type  H <return>  for immediate help.
 ...                                              
                                                  
l.102 \end{proof}
                 
? 

! LaTeX Error: Environment theorem undefined.

See the LaTeX manual or LaTeX Companion for explanation.
Type  H <return>  for immediate help.
 ...                                              
                                                  
l.104 \begin{theorem}
                     [Chokepoint Mispricing]
? 

! LaTeX Error: \begin{document} on input line 17 ended by \end{theorem}.

See the LaTeX manual or LaTeX Companion for explanation.
Type  H <return>  for immediate help.
 ...                                              
                                                  
l.106 \end{theorem}
                   
? 

! LaTeX Error: Environment proof undefined.

See the LaTeX manual or LaTeX Companion for explanation.
Type  H <return>  for immediate help.
 ...                                              
                                                  
l.108 \begin{proof}
                   
? 

! LaTeX Error: \begin{document} on input line 17 ended by \end{proof}.

See the LaTeX manual or LaTeX Companion for explanation.
Type  H <return>  for immediate help.
 ...                                              
                                                  
l.110 \end{proof}
                 
? 

! LaTeX Error: Environment theorem undefined.

See the LaTeX manual or LaTeX Companion for explanation.
Type  H <return>  for immediate help.
 ...                                              
                                                  
l.116 \begin{theorem}
                     [Colimit Advantage]
? 

! LaTeX Error: \begin{document} on input line 17 ended by \end{theorem}.

See the LaTeX manual or LaTeX Companion for explanation.
Type  H <return>  for immediate help.
 ...                                              
                                                  
l.118 \end{theorem}
                   
? 

! LaTeX Error: Environment proof undefined.

See the LaTeX manual or LaTeX Companion for explanation.
Type  H <return>  for immediate help.
 ...                                              
                                                  
l.120 \begin{proof}
                   
? 

! LaTeX Error: \begin{document} on input line 17 ended by \end{proof}.

See the LaTeX manual or LaTeX Companion for explanation.
Type  H <return>  for immediate help.
 ...                                              
                                                  
l.122 \end{proof}
                 
? 


[5]

! LaTeX Error: Environment theorem undefined.

See the LaTeX manual or LaTeX Companion for explanation.
Type  H <return>  for immediate help.
 ...                                              
                                                  
l.147 \begin{theorem}
                     [Lazy Dominance]
? 

! LaTeX Error: \begin{document} on input line 17 ended by \end{theorem}.

See the LaTeX manual or LaTeX Companion for explanation.
Type  H <return>  for immediate help.
 ...                                              
                                                  
l.149 \end{theorem}
                   
? 

! LaTeX Error: Environment proof undefined.

See the LaTeX manual or LaTeX Companion for explanation.
Type  H <return>  for immediate help.
 ...                                              
                                                  
l.151 \begin{proof}
                   
? 

! LaTeX Error: \begin{document} on input line 17 ended by \end{proof}.

See the LaTeX manual or LaTeX Companion for explanation.
Type  H <return>  for immediate help.
 ...                                              
                                                  
l.153 \end{proof}
                 
? 

! LaTeX Error: Environment corollary undefined.

See the LaTeX manual or LaTeX Companion for explanation.
Type  H <return>  for immediate help.
 ...                                              
                                                  
l.155 \begin{corollary}
                       [Default-App Chokepoint]
? 

! LaTeX Error: \begin{document} on input line 17 ended by \end{corollary}.

See the LaTeX manual or LaTeX Companion for explanation.
Type  H <return>  for immediate help.
 ...                                              
                                                  
l.157 \end{corollary}
                     
? 

! LaTeX Error: Environment proof undefined.

See the LaTeX manual or LaTeX Companion for explanation.
Type  H <return>  for immediate help.
 ...                                              
                                                  
l.159 \begin{proof}
                   
? 

! LaTeX Error: \begin{document} on input line 17 ended by \end{proof}.

See the LaTeX manual or LaTeX Companion for explanation.
Type  H <return>  for immediate help.
 ...                                              
                                                  
l.161 \end{proof}
                 
? 

! LaTeX Error: Environment corollary undefined.

See the LaTeX manual or LaTeX Companion for explanation.
Type  H <return>  for immediate help.
 ...                                              
                                                  
l.163 \begin{corollary}
                       [Alphabetic Chokepoint]
? 

! LaTeX Error: \begin{document} on input line 17 ended by \end{corollary}.

See the LaTeX manual or LaTeX Companion for explanation.
Type  H <return>  for immediate help.
 ...                                              
                                                  
l.165 \end{corollary}
                     
? 
! Undefined control sequence.
l.169 ...orms. Monad $T$ with vowels $V = \{\fatha
                                                  , \kasra, \damma\}$, measu...

? 
! Undefined control sequence.
l.169 ...nad $T$ with vowels $V = \{\fatha, \kasra
                                                  , \damma\}$, measures $M_k...

? 
! Undefined control sequence.
l.169 ...with vowels $V = \{\fatha, \kasra, \damma
                                                  \}$, measures $M_k$. Lex(R...

? 

! LaTeX Error: Environment corollary undefined.

See the LaTeX manual or LaTeX Companion for explanation.
Type  H <return>  for immediate help.
 ...                                              
                                                  
l.171 \begin{corollary}
                       
? 

! LaTeX Error: \begin{document} on input line 17 ended by \end{corollary}.

See the LaTeX manual or LaTeX Companion for explanation.
Type  H <return>  for immediate help.
 ...                                              
                                                  
l.173 \end{corollary}
                     
? 

! LaTeX Error: Environment proof undefined.

See the LaTeX manual or LaTeX Companion for explanation.
Type  H <return>  for immediate help.
 ...                                              
                                                  
l.175 \begin{proof}
                   
? 

! LaTeX Error: \begin{document} on input line 17 ended by \end{proof}.

See the LaTeX manual or LaTeX Companion for explanation.
Type  H <return>  for immediate help.
 ...                                              
                                                  
l.177 \end{proof}
                 
? 

! LaTeX Error: Environment corollary undefined.

See the LaTeX manual or LaTeX Companion for explanation.
Type  H <return>  for immediate help.
 ...                                              
                                                  
l.183 \begin{corollary}
                       
? 

! LaTeX Error: \begin{document} on input line 17 ended by \end{corollary}.

See the LaTeX manual or LaTeX Companion for explanation.
Type  H <return>  for immediate help.
 ...                                              
                                                  
l.185 \end{corollary}
                     
? 

! LaTeX Error: Environment proof undefined.

See the LaTeX manual or LaTeX Companion for explanation.
Type  H <return>  for immediate help.
 ...                                              
                                                  
l.187 \begin{proof}
                   
? 

! LaTeX Error: \begin{document} on input line 17 ended by \end{proof}.

See the LaTeX manual or LaTeX Companion for explanation.
Type  H <return>  for immediate help.
 ...                                              
                                                  
l.189 \end{proof}
                 
? 

Underfull \hbox (badness 4341) in paragraph at lines 200--200
[][]\NHE8/lmr/bx/n/12 22 consonants[]
 []


Underfull \hbox (badness 10000) in paragraph at lines 200--200
[]\NHE8/lmr/bx/n/12 as symbolic[]
 []


Underfull \hbox (badness 10000) in paragraph at lines 200--200
[]\NHE8/lmr/bx/n/12 skeletons;[]
 []


Underfull \hbox (badness 10000) in paragraph at lines 200--200
[]\NHE8/lmr/bx/n/12 high entropy[]
 []


Underfull \hbox (badness 10000) in paragraph at lines 200--200
[][]\NHE8/lmr/bx/n/12 Consonantal[]
 []


Underfull \hbox (badness 10000) in paragraph at lines 200--200
[]\NHE8/lmr/bx/n/12 skeletons;[]
 []


Underfull \hbox (badness 10000) in paragraph at lines 200--200
[]$\OT1/cmr/m/n/12 ^^H$ \NHE8/lmr/bx/n/12 remains[]
 []


Underfull \hbox (badness 10000) in paragraph at lines 200--200
[][]\NHE8/lmr/bx/n/12 Consonantal[]
 []


Underfull \hbox (badness 10000) in paragraph at lines 200--200
[]\NHE8/lmr/bx/n/12 skeletons +[]
 []


Underfull \hbox (badness 6268) in paragraph at lines 200--200
[]\NHE8/lmr/bx/n/12 explicit vowel[]
 []


Underfull \hbox (badness 10000) in paragraph at lines 200--200
[][]\NHE8/lmr/bx/n/12 Repurposed[]
 []


Underfull \hbox (badness 5667) in paragraph at lines 200--200
[]\NHE8/lmr/bx/n/12 consonants as[]
 []


Underfull \hbox (badness 2005) in paragraph at lines 200--200
[]\NHE8/lmr/bx/n/12 vowels; lower[]
 []


Underfull \hbox (badness 10000) in paragraph at lines 200--201
[][]\NHE8/lmr/bx/n/12 Latinized[]
 []


Underfull \hbox (badness 10000) in paragraph at lines 200--201
[]\NHE8/lmr/bx/n/12 Etruscan[]
 []


Underfull \hbox (badness 10000) in paragraph at lines 200--201
[]\NHE8/lmr/bx/n/12 script; fixed[]
 []


Overfull \hbox (6.59207pt too wide) in paragraph at lines 200--201
[]\NHE8/lmr/bx/n/12 consonant+vowel[]
 []


Underfull \hbox (badness 10000) in paragraph at lines 201--201
[][]\NHE8/lmr/bx/n/12 Morphisms[]
 []


Underfull \hbox (badness 10000) in paragraph at lines 201--201
[]\NHE8/lmr/bx/n/12 = adoption[]
 []


Underfull \hbox (badness 10000) in paragraph at lines 201--201
[]\NHE8/lmr/bx/n/12 by different[]
 []


Underfull \hbox (badness 1092) in paragraph at lines 201--201
[]\NHE8/lmr/bx/n/12 cultures; open[]
 []


Underfull \hbox (badness 10000) in paragraph at lines 201--201
[][]\NHE8/lmr/bx/n/12 Niqqud/maters[]
 []


Underfull \hbox (badness 10000) in paragraph at lines 201--201
[]\NHE8/lmr/bx/n/12 added[]
 []


Underfull \hbox (badness 10000) in paragraph at lines 201--201
[]\NHE8/lmr/bx/n/12 selectively;[]
 []


Underfull \hbox (badness 10000) in paragraph at lines 201--201
[]\NHE8/lmr/bx/n/12 + templatic[]
 []


Underfull \hbox (badness 10000) in paragraph at lines 201--201
[][]\NHE8/lmr/bx/n/12 Vowel[]
 []


Underfull \hbox (badness 10000) in paragraph at lines 201--201
[]\NHE8/lmr/bx/n/12 assignment[]
 []


Underfull \hbox (badness 10000) in paragraph at lines 201--201
[]\NHE8/lmr/bx/n/12 forces[]
 []


Underfull \hbox (badness 10000) in paragraph at lines 201--201
[]\NHE8/lmr/bx/n/12 evaluation[]
 []


Underfull \hbox (badness 10000) in paragraph at lines 201--202
[][]\NHE8/lmr/bx/n/12 Administrative[]
 []


Underfull \hbox (badness 10000) in paragraph at lines 201--202
[]\NHE8/lmr/bx/n/12 flows[]
 []


Underfull \hbox (badness 10000) in paragraph at lines 201--202
[]\NHE8/lmr/bx/n/12 standardized[]
 []


Underfull \hbox (badness 10000) in paragraph at lines 202--202
[][]\NHE8/lmr/bx/n/12 Maximal[]
 []


Underfull \hbox (badness 10000) in paragraph at lines 202--202
[]\NHE8/lmr/bx/n/12 inequivalent[]
 []


Underfull \hbox (badness 10000) in paragraph at lines 202--202
[]\NHE8/lmr/bx/n/12 mappings[]
 []


Underfull \hbox (badness 10000) in paragraph at lines 202--202
[][]\NHE8/lmr/bx/n/12 High entropy[]
 []


Underfull \hbox (badness 10000) in paragraph at lines 202--202
[]\NHE8/lmr/bx/n/12 preserved:[]
 []


Underfull \hbox (badness 3930) in paragraph at lines 202--202
[]\NHE8/lmr/bx/n/12 roots deferred[]
 []


Underfull \hbox (badness 10000) in paragraph at lines 202--202
[][]\NHE8/lmr/bx/n/12 Structured[]
 []


Underfull \hbox (badness 1314) in paragraph at lines 202--202
[]\NHE8/lmr/bx/n/12 entropy: root[]
 []


Underfull \hbox (badness 10000) in paragraph at lines 202--202
[][]\NHE8/lmr/bx/n/12 Entropy[]
 []


Underfull \hbox (badness 10000) in paragraph at lines 202--202
[]\NHE8/lmr/bx/n/12 reduced:[]
 []


Underfull \hbox (badness 10000) in paragraph at lines 202--202
[]\NHE8/lmr/bx/n/12 ambiguity[]
 []


Underfull \hbox (badness 10000) in paragraph at lines 202--202
[]\NHE8/lmr/bx/n/12 suppressed in[]
 []


Underfull \hbox (badness 10000) in paragraph at lines 202--203
[][]\NHE8/lmr/bx/n/12 Entropy[]
 []


Underfull \hbox (badness 10000) in paragraph at lines 202--203
[]\NHE8/lmr/bx/n/12 minimized:[]
 []


Underfull \hbox (badness 10000) in paragraph at lines 202--203
[]\NHE8/lmr/bx/n/12 enforced[]
 []


Underfull \hbox (badness 1400) in paragraph at lines 202--203
[]\NHE8/lmr/bx/n/12 defaults create[]
 []


Underfull \hbox (badness 10000) in paragraph at lines 203--203
[][]\NHE8/lmr/bx/n/12 Fully lazy:[]
 []


Underfull \hbox (badness 5667) in paragraph at lines 203--203
[]\NHE8/lmr/bx/n/12 consonants as[]
 []


Underfull \hbox (badness 10000) in paragraph at lines 203--203
[]\NHE8/lmr/bx/n/12 thunks, no[]
 []


Underfull \hbox (badness 10000) in paragraph at lines 203--203
[][]\NHE8/lmr/bx/n/12 Systemic[]
 []


Underfull \hbox (badness 10000) in paragraph at lines 203--203
[]\NHE8/lmr/bx/n/12 laziness:[]
 []


Underfull \hbox (badness 10000) in paragraph at lines 203--203
[]\NHE8/lmr/bx/n/12 vowels[]
 []


Underfull \hbox (badness 10000) in paragraph at lines 203--203
[]\NHE8/lmr/bx/n/12 deferred,[]
 []


Underfull \hbox (badness 10000) in paragraph at lines 203--203
[]\NHE8/lmr/bx/n/12 binyanim[]
 []


Underfull \hbox (badness 10000) in paragraph at lines 203--203
[][]\NHE8/lmr/bx/n/12 Semi-lazy:[]
 []


Underfull \hbox (badness 1242) in paragraph at lines 203--203
[]\NHE8/lmr/bx/n/12 roots deferred,[]
 []


Underfull \hbox (badness 10000) in paragraph at lines 203--203
[]\NHE8/lmr/bx/n/12 measures as[]
 []


Underfull \hbox (badness 10000) in paragraph at lines 203--203
[]\NHE8/lmr/bx/n/12 controlled[]
 []


Underfull \hbox (badness 10000) in paragraph at lines 203--203
[]\NHE8/lmr/bx/n/12 forced as[]
 []


Underfull \hbox (badness 10000) in paragraph at lines 203--203
[]\NHE8/lmr/bx/n/12 defaults,[]
 []


Underfull \hbox (badness 10000) in paragraph at lines 203--203
[]\NHE8/lmr/bx/n/12 lowering[]
 []


Underfull \hbox (badness 10000) in paragraph at lines 203--204
[][]\NHE8/lmr/bx/n/12 Fully eager:[]
 []


Underfull \hbox (badness 10000) in paragraph at lines 203--204
[]\NHE8/lmr/bx/n/12 defaults[]
 []


Underfull \hbox (badness 10000) in paragraph at lines 203--204
[]\NHE8/lmr/bx/n/12 enforced at[]
 []


Overfull \hbox (6.96404pt too wide) in paragraph at lines 203--204
[]\NHE8/lmr/bx/n/12 systemic/imperial[]
 []


Underfull \hbox (badness 10000) in paragraph at lines 204--204
[]\NHE8/lmr/bx/n/12 lifts symbols,[]
 []


Underfull \hbox (badness 10000) in paragraph at lines 204--204
[][]\NHE8/lmr/bx/n/12 Niqqud/maters[]
 []


Underfull \hbox (badness 10000) in paragraph at lines 204--204
[]\NHE8/lmr/bx/n/12 = optional[]
 []


Underfull \hbox (badness 4846) in paragraph at lines 204--204
[]$\OML/cmm/m/it/12 ^^R[]$ \NHE8/lmr/bx/n/12 evaluators;[]
 []


Underfull \hbox (badness 10000) in paragraph at lines 204--204
[]\NHE8/lmr/bx/n/12 binyanim =[]
 []


Underfull \hbox (badness 10000) in paragraph at lines 204--204
[]\NHE8/lmr/bx/n/12 higher-order[]
 []


Underfull \hbox (badness 10000) in paragraph at lines 204--204
[][]\NHE8/lmr/bx/n/12 Diacritics =[]
 []


Underfull \hbox (badness 3219) in paragraph at lines 204--204
[]$\OML/cmm/m/it/12 ^^R[]$ \NHE8/lmr/bx/n/12 arguments;[]
 []


Underfull \hbox (badness 10000) in paragraph at lines 204--204
[]\NHE8/lmr/bx/n/12 measures =[]
 []


Underfull \hbox (badness 10000) in paragraph at lines 204--204
[][]\NHE8/lmr/bx/n/12 Vowel[]
 []


Underfull \hbox (badness 10000) in paragraph at lines 204--204
[]\NHE8/lmr/bx/n/12 assignment[]
 []


Underfull \hbox (badness 10000) in paragraph at lines 204--204
[]\NHE8/lmr/bx/n/12 = global[]
 []


Underfull \hbox (badness 10000) in paragraph at lines 204--205
[][]\NHE8/lmr/bx/n/12 Default[]
 []


Underfull \hbox (badness 10000) in paragraph at lines 204--205
[]\NHE8/lmr/bx/n/12 Latinization[]
 []


Underfull \hbox (badness 10000) in paragraph at lines 204--205
[]\NHE8/lmr/bx/n/12 = right-[]
 []


Underfull \hbox (badness 10000) in paragraph at lines 204--205
[]\NHE8/lmr/bx/n/12 adjoint filter[]
 []


Underfull \hbox (badness 7116) in paragraph at lines 204--205
[]$\OML/cmm/m/it/12 a$\NHE8/lmr/bx/n/12 , destroying[]
 []


Underfull \hbox (badness 10000) in paragraph at lines 205--205
[]\NHE8/lmr/bx/n/12 diversity of[]
 []


Underfull \hbox (badness 10000) in paragraph at lines 205--205
[]\NHE8/lmr/bx/n/12 alphabets[]
 []


Underfull \hbox (badness 10000) in paragraph at lines 205--205
[][]\NHE8/lmr/bx/n/12 Mild[]
 []


Underfull \hbox (badness 10000) in paragraph at lines 205--205
[]\NHE8/lmr/bx/n/12 chokepoints[]
 []


Underfull \hbox (badness 10000) in paragraph at lines 205--205
[]\NHE8/lmr/bx/n/12 only when[]
 []


Underfull \hbox (badness 10000) in paragraph at lines 205--205
[][]\NHE8/lmr/bx/n/12 Regional[]
 []


Underfull \hbox (badness 10000) in paragraph at lines 205--205
[]\NHE8/lmr/bx/n/12 chokepoints[]
 []


Underfull \hbox (badness 8151) in paragraph at lines 205--205
[]\NHE8/lmr/bx/n/12 under Islamic[]
 []


Underfull \hbox (badness 10000) in paragraph at lines 205--205
[]\NHE8/lmr/bx/n/12 expansion;[]
 []


Underfull \hbox (badness 10000) in paragraph at lines 205--205
[]\NHE8/lmr/bx/n/12 script[]
 []


Underfull \hbox (badness 5388) in paragraph at lines 205--205
[][]\NHE8/lmr/bx/n/12 Greek literacy[]
 []


Underfull \hbox (badness 10000) in paragraph at lines 205--205
[]\NHE8/lmr/bx/n/12 stabilized by[]
 []


Underfull \hbox (badness 3514) in paragraph at lines 205--205
[]\NHE8/lmr/bx/n/12 vowel forcing;[]
 []

Missing character: There is no ` ("60) in font david-new!
Missing character: There is no ` ("60) in font david-new!

Underfull \hbox (badness 3989) in paragraph at lines 205--206
[][]\NHE8/lmr/bx/n/12 Latin imposed[]
 []


Underfull \hbox (badness 10000) in paragraph at lines 205--206
[]\NHE8/lmr/bx/n/12 as always[]
 []


Underfull \hbox (badness 10000) in paragraph at lines 205--206
[]\NHE8/lmr/bx/n/12 this app''[]
 []


Underfull \hbox (badness 2582) in paragraph at lines 205--206
[]\NHE8/lmr/bx/n/12 across empire;[]
 []


Underfull \hbox (badness 10000) in paragraph at lines 205--206
[]\NHE8/lmr/bx/n/12 alternatives[]
 []


Overfull \hbox (91.4874pt too wide) in paragraph at lines 196--208
 [][][][] 
 []


LaTeX Warning: `!h' float specifier changed to `!ht'.

Missing character: There is no – ("2013) in font david-new!
Missing character: There is no ف ("641) in font david-new!
Missing character: There is no َ ("64E) in font david-new!
Missing character: There is no ع ("639) in font david-new!
Missing character: There is no َ ("64E) in font david-new!
Missing character: There is no ل ("644) in font david-new!
Missing character: There is no َ ("64E) in font david-new!
Missing character: There is no ʿ ("2BF) in font david-new!
Missing character: There is no ʿ ("2BF) in font david-new!
Missing character: There is no ʿ ("2BF) in font david-new!
Missing character: There is no ف ("641) in font david-new!
Missing character: There is no َ ("64E) in font david-new!
Missing character: There is no ع ("639) in font david-new!
Missing character: There is no ّ ("651) in font david-new!
Missing character: There is no َ ("64E) in font david-new!
Missing character: There is no ل ("644) in font david-new!
Missing character: There is no َ ("64E) in font david-new!
Missing character: There is no ʿ ("2BF) in font david-new!
Missing character: There is no ʿ ("2BF) in font david-new!
Missing character: There is no ʿ ("2BF) in font david-new!
Missing character: There is no ʿ ("2BF) in font david-new!
Missing character: There is no ʿ ("2BF) in font david-new!
Missing character: There is no ʿ ("2BF) in font david-new!
Missing character: There is no ف ("641) in font david-new!
Missing character: There is no َ ("64E) in font david-new!
Missing character: There is no ا ("627) in font david-new!
Missing character: There is no ع ("639) in font david-new!
Missing character: There is no َ ("64E) in font david-new!
Missing character: There is no ل ("644) in font david-new!
Missing character: There is no َ ("64E) in font david-new!
Missing character: There is no ā ("101) in font david-new!
Missing character: There is no ʿ ("2BF) in font david-new!
Missing character: There is no ā ("101) in font david-new!
Missing character: There is no ʿ ("2BF) in font david-new!
Missing character: There is no ū ("16B) in font david-new!
Missing character: There is no ʿ ("2BF) in font david-new!
Missing character: There is no أ ("623) in font david-new!
Missing character: There is no َ ("64E) in font david-new!
Missing character: There is no ف ("641) in font david-new!
Missing character: There is no ْ ("652) in font david-new!
Missing character: There is no ع ("639) in font david-new!
Missing character: There is no َ ("64E) in font david-new!
Missing character: There is no ل ("644) in font david-new!
Missing character: There is no َ ("64E) in font david-new!
Missing character: There is no ʾ ("2BE) in font david-new!
Missing character: There is no ʿ ("2BF) in font david-new!
Missing character: There is no ʿ ("2BF) in font david-new!
Missing character: There is no ʾ ("2BE) in font david-new!
Missing character: There is no ʿ ("2BF) in font david-new!
Missing character: There is no ت ("62A) in font david-new!
Missing character: There is no َ ("64E) in font david-new!
Missing character: There is no ف ("641) in font david-new!
Missing character: There is no َ ("64E) in font david-new!
Missing character: There is no ع ("639) in font david-new!
Missing character: There is no ّ ("651) in font david-new!
Missing character: There is no َ ("64E) in font david-new!
Missing character: There is no ل ("644) in font david-new!
Missing character: There is no َ ("64E) in font david-new!
Missing character: There is no ʿ ("2BF) in font david-new!
Missing character: There is no ʿ ("2BF) in font david-new!
Missing character: There is no ʿ ("2BF) in font david-new!
Missing character: There is no ʿ ("2BF) in font david-new!
Missing character: There is no ʿ ("2BF) in font david-new!
Missing character: There is no ʿ ("2BF) in font david-new!
Missing character: There is no ت ("62A) in font david-new!
Missing character: There is no َ ("64E) in font david-new!
Missing character: There is no ف ("641) in font david-new!
Missing character: There is no َ ("64E) in font david-new!
Missing character: There is no ا ("627) in font david-new!
Missing character: There is no ع ("639) in font david-new!
Missing character: There is no َ ("64E) in font david-new!
Missing character: There is no ل ("644) in font david-new!
Missing character: There is no َ ("64E) in font david-new!
Missing character: There is no ā ("101) in font david-new!
Missing character: There is no ʿ ("2BF) in font david-new!
Missing character: There is no ā ("101) in font david-new!
Missing character: There is no ʿ ("2BF) in font david-new!
Missing character: There is no ū ("16B) in font david-new!
Missing character: There is no ʿ ("2BF) in font david-new!
Missing character: There is no ا ("627) in font david-new!
Missing character: There is no ِ ("650) in font david-new!
Missing character: There is no ن ("646) in font david-new!
Missing character: There is no ْ ("652) in font david-new!
Missing character: There is no ف ("641) in font david-new!
Missing character: There is no َ ("64E) in font david-new!
Missing character: There is no ع ("639) in font david-new!
Missing character: There is no َ ("64E) in font david-new!
Missing character: There is no ل ("644) in font david-new!
Missing character: There is no َ ("64E) in font david-new!
Missing character: There is no ʿ ("2BF) in font david-new!
Missing character: There is no ʿ ("2BF) in font david-new!
Missing character: There is no ʿ ("2BF) in font david-new!
Missing character: There is no ا ("627) in font david-new!
Missing character: There is no ِ ("650) in font david-new!
Missing character: There is no ف ("641) in font david-new!
Missing character: There is no ْ ("652) in font david-new!
Missing character: There is no ت ("62A) in font david-new!
Missing character: There is no َ ("64E) in font david-new!
Missing character: There is no ع ("639) in font david-new!
Missing character: There is no َ ("64E) in font david-new!
Missing character: There is no ل ("644) in font david-new!
Missing character: There is no َ ("64E) in font david-new!
Missing character: There is no ʿ ("2BF) in font david-new!
Missing character: There is no ʿ ("2BF) in font david-new!
Missing character: There is no ʿ ("2BF) in font david-new!
Missing character: There is no ا ("627) in font david-new!
Missing character: There is no ِ ("650) in font david-new!
Missing character: There is no ف ("641) in font david-new!
Missing character: There is no ْ ("652) in font david-new!
Missing character: There is no ع ("639) in font david-new!
Missing character: There is no َ ("64E) in font david-new!
Missing character: There is no ل ("644) in font david-new!
Missing character: There is no ّ ("651) in font david-new!
Missing character: There is no َ ("64E) in font david-new!
Missing character: There is no ʿ ("2BF) in font david-new!
Missing character: There is no ʿ ("2BF) in font david-new!
Missing character: There is no ʿ ("2BF) in font david-new!
Missing character: There is no ا ("627) in font david-new!
Missing character: There is no ِ ("650) in font david-new!
Missing character: There is no س ("633) in font david-new!
Missing character: There is no ْ ("652) in font david-new!
Missing character: There is no ت ("62A) in font david-new!
Missing character: There is no َ ("64E) in font david-new!
Missing character: There is no ف ("641) in font david-new!
Missing character: There is no ْ ("652) in font david-new!
Missing character: There is no ع ("639) in font david-new!
Missing character: There is no َ ("64E) in font david-new!
Missing character: There is no ل ("644) in font david-new!
Missing character: There is no َ ("64E) in font david-new!
Missing character: There is no ʿ ("2BF) in font david-new!
Missing character: There is no ʿ ("2BF) in font david-new!
Missing character: There is no ʿ ("2BF) in font david-new!
Missing character: There is no – ("2013) in font david-new!

LaTeX Warning: `!h' float specifier changed to `!ht'.

Missing character: There is no ف ("641) in font david-new!
Missing character: There is no – ("2013) in font david-new!
Missing character: There is no ع ("639) in font david-new!
Missing character: There is no – ("2013) in font david-new!
Missing character: There is no ل ("644) in font david-new!
Missing character: There is no ṣ ("1E63) in font david-new!
Missing character: There is no ف ("641) in font david-new!
Missing character: There is no َ ("64E) in font david-new!
Missing character: There is no ع ("639) in font david-new!
Missing character: There is no ْ ("652) in font david-new!
Missing character: There is no ل ("644) in font david-new!
Missing character: There is no ف ("641) in font david-new!
Missing character: There is no ِ ("650) in font david-new!
Missing character: There is no ع ("639) in font david-new!
Missing character: There is no َ ("64E) in font david-new!
Missing character: There is no ا ("627) in font david-new!
Missing character: There is no ل ("644) in font david-new!
Missing character: There is no ف ("641) in font david-new!
Missing character: There is no ُ ("64F) in font david-new!
Missing character: There is no ع ("639) in font david-new!
Missing character: There is no ُ ("64F) in font david-new!
Missing character: There is no و ("648) in font david-new!
Missing character: There is no ل ("644) in font david-new!
Missing character: There is no ʿ ("2BF) in font david-new!
Missing character: There is no ʿ ("2BF) in font david-new!
Missing character: There is no ā ("101) in font david-new!
Missing character: There is no ʿ ("2BF) in font david-new!
Missing character: There is no ū ("16B) in font david-new!
Missing character: There is no “ ("201C) in font david-new!
Missing character: There is no ” ("201D) in font david-new!

Underfull \hbox (badness 5133) in paragraph at lines 244--245
[]\NHE8/lmr/bx/n/12 action). Multiple canonical[]
 []

Missing character: There is no ف ("641) in font david-new!
Missing character: There is no َ ("64E) in font david-new!
Missing character: There is no ا ("627) in font david-new!
Missing character: There is no ع ("639) in font david-new!
Missing character: There is no ِ ("650) in font david-new!
Missing character: There is no ل ("644) in font david-new!
Missing character: There is no ā ("101) in font david-new!
Missing character: There is no ʿ ("2BF) in font david-new!
Missing character: There is no “ ("201C) in font david-new!
Missing character: There is no ” ("201D) in font david-new!
! Undefined control sequence.
<recently read> \Verb 
                      
l.246 ...l & “Doer” (agent noun); maps verb $\Verb
                                                  $ to function $\iota \to o...

? 
Missing character: There is no م ("645) in font david-new!
Missing character: There is no َ ("64E) in font david-new!
Missing character: There is no ف ("641) in font david-new!
Missing character: There is no ْ ("652) in font david-new!
Missing character: There is no ع ("639) in font david-new!
Missing character: There is no ُ ("64F) in font david-new!
Missing character: There is no و ("648) in font david-new!
Missing character: There is no ل ("644) in font david-new!
Missing character: There is no ʿ ("2BF) in font david-new!
Missing character: There is no ū ("16B) in font david-new!
Missing character: There is no “ ("201C) in font david-new!
Missing character: There is no ” ("201D) in font david-new!
! Undefined control sequence.
<recently read> \Verb 
                      
l.248 ...“Object” (patient noun); maps verb $\Verb
                                                  $ to result/state. \\
? 
Missing character: There is no م ("645) in font david-new!
Missing character: There is no ِ ("650) in font david-new!
Missing character: There is no ف ("641) in font david-new!
Missing character: There is no ْ ("652) in font david-new!
Missing character: There is no ع ("639) in font david-new!
Missing character: There is no َ ("64E) in font david-new!
Missing character: There is no ا ("627) in font david-new!
Missing character: There is no ل ("644) in font david-new!
Missing character: There is no م ("645) in font david-new!
Missing character: There is no ِ ("650) in font david-new!
Missing character: There is no ف ("641) in font david-new!
Missing character: There is no ْ ("652) in font david-new!
Missing character: There is no ع ("639) in font david-new!
Missing character: There is no َ ("64E) in font david-new!
Missing character: There is no ل ("644) in font david-new!
Missing character: There is no َ ("64E) in font david-new!
Missing character: There is no ة ("629) in font david-new!
Missing character: There is no ʿ ("2BF) in font david-new!
Missing character: There is no ā ("101) in font david-new!
Missing character: There is no ʿ ("2BF) in font david-new!
Missing character: There is no “ ("201C) in font david-new!
Missing character: There is no ” ("201D) in font david-new!
Missing character: There is no م ("645) in font david-new!
Missing character: There is no َ ("64E) in font david-new!
Missing character: There is no ف ("641) in font david-new!
Missing character: There is no ْ ("652) in font david-new!
Missing character: There is no ع ("639) in font david-new!
Missing character: There is no ِ ("650) in font david-new!
Missing character: There is no ل ("644) in font david-new!
Missing character: There is no م ("645) in font david-new!
Missing character: There is no َ ("64E) in font david-new!
Missing character: There is no ف ("641) in font david-new!
Missing character: There is no ْ ("652) in font david-new!
Missing character: There is no ع ("639) in font david-new!
Missing character: There is no َ ("64E) in font david-new!
Missing character: There is no ل ("644) in font david-new!
Missing character: There is no ʿ ("2BF) in font david-new!
Missing character: There is no ʿ ("2BF) in font david-new!
Missing character: There is no “ ("201C) in font david-new!
Missing character: There is no ” ("201D) in font david-new!

Underfull \hbox (badness 6412) in paragraph at lines 252--253
[][]\NHE8/lmr/bx/n/12 Noun of locus or occasion[]
 []

Missing character: There is no ف ("641) in font david-new!
Missing character: There is no ُ ("64F) in font david-new!
Missing character: There is no ع ("639) in font david-new!
Missing character: There is no ُ ("64F) in font david-new!
Missing character: There is no و ("648) in font david-new!
Missing character: There is no ل ("644) in font david-new!
Missing character: There is no َ ("64E) in font david-new!
Missing character: There is no ة ("629) in font david-new!
Missing character: There is no ف ("641) in font david-new!
Missing character: There is no َ ("64E) in font david-new!
Missing character: There is no ع ("639) in font david-new!
Missing character: There is no َ ("64E) in font david-new!
Missing character: There is no ا ("627) in font david-new!
Missing character: There is no ل ("644) in font david-new!
Missing character: There is no َ ("64E) in font david-new!
Missing character: There is no ة ("629) in font david-new!
Missing character: There is no ʿ ("2BF) in font david-new!
Missing character: There is no ū ("16B) in font david-new!
Missing character: There is no ʿ ("2BF) in font david-new!
Missing character: There is no ā ("101) in font david-new!
Missing character: There is no “ ("201C) in font david-new!
Missing character: There is no ” ("201D) in font david-new!

Underfull \hbox (badness 10000) in paragraph at lines 254--255
[][]\NHE8/lmr/bx/n/12 Nominalization of qualities[]
 []

! Undefined control sequence.
<argument> ...mplatic combinator producing $\Noun 
                                                  $ or $\Partic $ types in t...
l.257 ... types in the Arabic Assembler calculus.}
                                                  
? 
! Undefined control sequence.
<argument> ...ator producing $\Noun $ or $\Partic 
                                                  $ types in the Arabic Asse...
l.257 ... types in the Arabic Assembler calculus.}
                                                  
? 
Missing character: There is no ف ("641) in font david-new!
Missing character: There is no – ("2013) in font david-new!
Missing character: There is no ع ("639) in font david-new!
Missing character: There is no – ("2013) in font david-new!
Missing character: There is no ل ("644) in font david-new!
! Undefined control sequence.
<recently read> \Noun 
                      
l.257 ... types in the Arabic Assembler calculus.}
                                                  
? 
! Undefined control sequence.
<recently read> \Partic 
                        
l.257 ... types in the Arabic Assembler calculus.}
                                                  
? 

LaTeX Warning: `!h' float specifier changed to `!ht'.

! Undefined control sequence.
<recently read> \Verb 
                      
l.264  & \Verb
               \arrow[dl, swap, "P_{\text{masdar}} \; (\Phi\mapsto S)"]
? 
! Undefined control sequence.
<recently read> \Noun 
                      
l.269 \Noun
           _{\text{event}} \; (S)
? 
! Undefined control sequence.
<recently read> \Partic 
                        
l.270 & \Partic
               _{\text{act}} \; (v) \arrow[d, dashed, "agent \mapsto \Noun \...

? 
! Undefined control sequence.
<recently read> \Partic 
                        
l.271 & \Partic
               _{\text{pass}} \; (v^{-1}) \arrow[d, dashed, "patient \mapsto...

? 
! Undefined control sequence.
<recently read> \Noun 
                      
l.272 & \Noun
             _{\text{instr}} \; (\Phi)
? 
! Undefined control sequence.
<recently read> \Noun 
                      
l.273 & \Noun
             _{\text{locus}} \; (\Phi\otimes S) \\[0.5em]
? 
! Undefined control sequence.
<recently read> \Noun 
                      
l.274  & \Noun
              _{\text{agent}} \; (\Phi\otimes v)
? 
! Undefined control sequence.
<recently read> \Noun 
                      
l.275  & \Noun
              _{\text{patient}} \; (S\otimes v^{-1})
? 
! Undefined control sequence.
\pgf@let@token ...ery label,]{agent \mapsto \Noun 
                                                  \; (\Phi \otimes v)}
l.277 \end{tikzcd}
                  
? 
! Undefined control sequence.
\pgf@let@token ...y label,]{patient \mapsto \Noun 
                                                  \; (S\otimes v^{-1})}
l.277 \end{tikzcd}
                  
? 

Overfull \hbox (145.0765pt too wide) in paragraph at lines 277--278
 [][][] 
 []



[6]

[7]
Overfull \vbox (155.36073pt too high) has occurred while \output is active []



[8]
Missing character: There is no ṣ ("1E63) in font david-new!
! Undefined control sequence.
\pgf@let@token ...ms/.cd,every label,]{\llbracket 
                                                  -\rrbracket }
l.310 \end{tikzcd}
                  
? 
! Undefined control sequence.
\pgf@let@token ... label,]{\llbracket -\rrbracket 
                                                  }
l.310 \end{tikzcd}
                  
? 

! Package pgf Error: No shape named `tikz@f@2-0-2' is known.

See the pgf package documentation for explanation.
Type  H <return>  for immediate help
...
l.307 I think the culprit is a tikzcd arrow in cell 2-2.
\errmessage ...currentrow -\tikzcd@currentcolumn }
                                                  
l.310 \end{tikzcd}
                  
? 

! Package pgf Error: No shape named `tikz@f@2-0-2' is known.

See the pgf package documentation for explanation.
Type  H <return>  for immediate help
...
l.307 I think the culprit is a tikzcd arrow in cell 2-2.
\errmessage ...currentrow -\tikzcd@currentcolumn }
                                                  
l.310 \end{tikzcd}
                  
? 

! Package pgf Error: No shape named `tikz@f@2-0-3' is known.

See the pgf package documentation for explanation.
Type  H <return>  for immediate help
...
l.308 I think the culprit is a tikzcd arrow in cell 2-3.
\errmessage ...currentrow -\tikzcd@currentcolumn }
                                                  
l.310 \end{tikzcd}
                  
? 

! Package pgf Error: No shape named `tikz@f@2-0-3' is known.

See the pgf package documentation for explanation.
Type  H <return>  for immediate help
...
l.308 I think the culprit is a tikzcd arrow in cell 2-3.
\errmessage ...currentrow -\tikzcd@currentcolumn }
                                                  
l.310 \end{tikzcd}
                  
? 

! LaTeX Error: Environment theorem* undefined.

See the LaTeX manual or LaTeX Companion for explanation.
Type  H <return>  for immediate help.
 ...                                              
                                                  
l.312 \begin{theorem*}
                      [Arabic as Sheafed RSVP]
? 

! LaTeX Error: \begin{document} on input line 17 ended by \end{theorem*}.

See the LaTeX manual or LaTeX Companion for explanation.
Type  H <return>  for immediate help.
 ...                                              
                                                  
l.314 \end{theorem*}
                    
? 

! LaTeX Error: Environment theorem* undefined.

See the LaTeX manual or LaTeX Companion for explanation.
Type  H <return>  for immediate help.
 ...                                              
                                                  
l.333 \begin{theorem*}
                      [Universality]
? 


[9]

! LaTeX Error: \begin{document} on input line 17 ended by \end{theorem*}.

See the LaTeX manual or LaTeX Companion for explanation.
Type  H <return>  for immediate help.
 ...                                              
                                                  
l.335 \end{theorem*}
                    
? 

Underfull \hbox (badness 10000) in paragraph at lines 333--336
[][]
 []


Overfull \hbox (28.80513pt too wide) in paragraph at lines 355--367
 [][][][] 
 []



[10] (./essay.bbl
LaTeX Font Info:    Trying to load font information for NHE8+lmtt on input line
 12.
LaTeX Font Info:    No file NHE8lmtt.fd. on input line 12.


LaTeX Font Warning: Font shape `NHE8/lmtt/m/n' undefined
(Font)              using `NHE8/cmr/m/n' instead on input line 12.

)

[11] (./essay.aux)
 ***********
LaTeX2e <2025-06-01> patch level 1
L3 programming layer <2025-09-02>
 ***********


 *File List*
 article.cls    2025/01/22 v1.4n Standard LaTeX document class
  size12.clo    2025/01/22 v1.4n Standard LaTeX file (size option)
inputenc.sty    2024/02/08 v1.3d Input encoding file
 amsmath.sty    2025/06/16 v2.17y AMS math features
 amstext.sty    2024/11/17 v2.01 AMS text
  amsgen.sty    1999/11/30 v2.0 generic functions
  amsbsy.sty    1999/11/29 v1.2d Bold Symbols
  amsopn.sty    2022/04/08 v2.04 operator names
 amssymb.sty    2013/01/14 v3.01 AMS font symbols
amsfonts.sty    2013/01/14 v3.01 Basic AMSFonts support
  hebrew.sty    
 nhe8enc.def    2023/08/21 v1.3 8-bit Hebrew font encoding (test version: still
 liable to change)
 arabtex.sty    2003/08/22  3.11 ArabTeX main module
 arabaux.sty    2003/05/21  3.11 auxiliary macros for ArabTeX
    acmd.sty    2003/08/20  3.11 Arabic command processing 
  afonts.sty    1995/11/16  3.04 define Naskh font 
 afonts2.sty    1998/10/19  3.10 define Naskh fonts for LaTeX2e
   ascan.sty    2003/08/22  3.11 standard ZDMG input encoding 
  aparse.sty    2003/05/26  3.11 get syllables 
  awrite.sty    2003/06/05  3.11 build output word 
xarbsymb.sty    1998/07/15  3.07 symbolic output encoding 
arabskel.sty    2000/06/04  3.10 character skeleton definitions 
xarbskel.sty    1999/07/17  3.09 character skeleton definitions 
  aboxes.sty    2003/05/28  3.11 build output boxes
arabtoks.sty    1999/07/17  3.09 ArabTeX CS token definitions 
arabchrs.sty    1998/07/11  3.07 letter token definitions 
   aligs.sty    2003/05/26  3.11 compute ligatures
 aoutput.sty    2000/06/04  3.10 build output lines
  abidir.sty    2003/08/22  3.11 bidirectional linebreaking
  atrans.sty    2003/06/14  3.11 generate the transliteration 
  alatex.sty    2003/05/04  3.11 ArabTeX extensions for LaTeX 
   afoot.sty    2003/05/12  3.11 ArabTeX footnotes
   abjad.sty    2003/04/26  3.11 abjad numerals 
  apatch.sty    2006/07/02  3.11s last minute patches 
  alists.sty    2003/04/26  3.11 inverted list macros
   asect.sty    2003/04/26  3.11 section macros for Arabic
   atabg.sty    1997/01/21  3.05 LaTeX tabbing macros for Arabic
geometry.sty    2020/01/02 v5.9 Page Geometry
  keyval.sty    2022/05/29 v1.15 key=value parser (DPC)
  ifvtex.sty    2019/10/25 v1.7 ifvtex legacy package. Use iftex instead.
   iftex.sty    2024/12/12 v1.0g TeX engine tests
booktabs.sty    2020/01/12 v1.61803398 Publication quality tables
  natbib.sty    2010/09/13 8.31b (PWD, AO)
hyperref.sty    2025-07-12 v7.01o Hypertext links for LaTeX
kvsetkeys.sty    2022-10-05 v1.19 Key value parser (HO)
kvdefinekeys.sty    2019-12-19 v1.6 Define keys (HO)
pdfescape.sty    2019/12/09 v1.15 Implements pdfTeX's escape features (HO)
 ltxcmds.sty    2023-12-04 v1.26 LaTeX kernel commands for general use (HO)
pdftexcmds.sty    2020-06-27 v0.33 Utility functions of pdfTeX for LuaTeX (HO)
infwarerr.sty    2019/12/03 v1.5 Providing info/warning/error messages (HO)
 hycolor.sty    2020-01-27 v1.10 Color options for hyperref/bookmark (HO)
 nameref.sty    2025-06-21 v2.57 Cross-referencing by name of section
refcount.sty    2019/12/15 v3.6 Data extraction from label references (HO)
gettitlestring.sty    2019/12/15 v1.6 Cleanup title references (HO)
kvoptions.sty    2022-06-15 v3.15 Key value format for package options (HO)
etoolbox.sty    2025/02/11 v2.5l e-TeX tools for LaTeX (JAW)
stringenc.sty    2019/11/29 v1.12 Convert strings between diff. encodings (HO)
  pd1enc.def    2025-07-12 v7.01o Hyperref: PDFDocEncoding definition (HO)
 intcalc.sty    2019/12/15 v1.3 Expandable calculations with integers (HO)
   puenc.def    2025-07-12 v7.01o Hyperref: PDF Unicode definition (HO)
     url.sty    2013/09/16  ver 3.4  Verb mode for urls, etc.
  bitset.sty    2019/12/09 v1.3 Handle bit-vector datatype (HO)
bigintcalc.sty    2019/12/15 v1.5 Expandable calculations on big integers (HO)
  hxetex.def    2025-07-12 v7.01o Hyperref driver for XeTeX
rerunfilecheck.sty    2025-06-21 v1.11 Rerun checks for auxiliary files (HO)
uniquecounter.sty    2019/12/15 v1.4 Provide unlimited unique counter (HO)
 tikz-cd.sty    2021/05/04 v1.0 Commutative diagrams with TikZ
    tikz.sty    2025-08-29 v3.1.11a (3.1.11a)
     pgf.sty    2025-08-29 v3.1.11a (3.1.11a)
  pgfrcs.sty    2025-08-29 v3.1.11a (3.1.11a)
pgfrcs.code.tex
 pgfcore.sty    2025-08-29 v3.1.11a (3.1.11a)
graphicx.sty    2024/12/31 v1.2e Enhanced LaTeX Graphics (DPC,SPQR)
graphics.sty    2024/08/06 v1.4g Standard LaTeX Graphics (DPC,SPQR)
    trig.sty    2023/12/02 v1.11 sin cos tan (DPC)
graphics.cfg    2016/06/04 v1.11 sample graphics configuration
   xetex.def    2022/09/22 v5.0n Graphics/color driver for xetex
  pgfsys.sty    2025-08-29 v3.1.11a (3.1.11a)
pgfsys.code.tex
pgfsyssoftpath.code.tex    2025-08-29 v3.1.11a (3.1.11a)
pgfsysprotocol.code.tex    2025-08-29 v3.1.11a (3.1.11a)
  xcolor.sty    2024/09/29 v3.02 LaTeX color extensions (UK)
   color.cfg    2016/01/02 v1.6 sample color configuration
mathcolor.ltx
pgfcore.code.tex
pgfcomp-version-0-65.sty    2025-08-29 v3.1.11a (3.1.11a)
pgfcomp-version-1-18.sty    2025-08-29 v3.1.11a (3.1.11a)
  pgffor.sty    2025-08-29 v3.1.11a (3.1.11a)
 pgfkeys.sty    
pgfkeys.code.tex
 pgfmath.sty    
pgfmath.code.tex
pgffor.code.tex
tikz.code.tex
l3backend-xetex.def    2025-06-09 L3 backend support: XeTeX
 nhe8cmr.fd    2023/08/17 v1 Hebrew roman font (test version: still liable to c
hange)
   essay.out
   essay.out
  apatch.sty    2006/07/02  3.11s last minute patches 
    umsa.fd    2013/01/14 v3.01 AMS symbols A
    umsb.fd    2013/01/14 v3.01 AMS symbols B
   essay.bbl
 ***********


LaTeX Font Warning: Some font shapes were not available, defaults substituted.

Package rerunfilecheck Info: File `essay.out' has not changed.
(rerunfilecheck)             Checksum: E00D2A5A21E97EC3002C99111AE7528A;7937.
 )
(\end occurred inside a group at level 1)

### semi simple group (level 1) entered at line 17 (\begingroup)
### bottom level 
Here is how much of TeX's memory you used:
 25457 strings out of 468438
 462916 string characters out of 5445464
 889613 words of memory out of 5000000
 53461 multiletter control sequences out of 15000+600000
 640872 words of font info for 89 fonts, out of 8000000 for 9000
 1348 hyphenation exceptions out of 8191
 116i,17n,121p,969b,2005s stack positions out of 10000i,1000n,20000p,200000b,200000s

Output written on essay.pdf (11 pages).
