\BOOKMARK [1][-]{section.1}{\376\377\000I\000n\000t\000r\000o\000d\000u\000c\000t\000i\000o\000n}{}% \@@number {1}
\BOOKMARK [1][-]{section.2}{\376\377\000C\000h\000o\000k\000e\000p\000o\000i\000n\000t\000\040\000C\000a\000p\000i\000t\000a\000l\000i\000s\000m\000\040\000a\000s\000\040\000K\000n\000o\000w\000l\000e\000d\000g\000e\000\040\000R\000e\000s\000t\000r\000i\000c\000t\000i\000o\000n}{}% \@@number {2}
\BOOKMARK [2][-]{subsection.2.1}{\376\377\000D\000i\000g\000i\000t\000a\000l\000\040\000P\000l\000a\000t\000f\000o\000r\000m\000s}{section.2}% \@@number {3}
\BOOKMARK [2][-]{subsection.2.2}{\376\377\000P\000h\000y\000s\000i\000c\000a\000l\000\040\000A\000n\000a\000l\000o\000g\000u\000e\000s}{section.2}% \@@number {4}
\BOOKMARK [2][-]{subsection.2.3}{\376\377\000S\000t\000a\000t\000e\000-\000L\000e\000v\000e\000l\000\040\000C\000h\000o\000k\000e\000p\000o\000i\000n\000t\000s}{section.2}% \@@number {5}
\BOOKMARK [2][-]{subsection.2.4}{\376\377\000A\000I\000\040\000R\000e\000s\000e\000a\000r\000c\000h\000\040\000P\000l\000a\000t\000f\000o\000r\000m\000s}{section.2}% \@@number {6}
\BOOKMARK [1][-]{section.3}{\376\377\000A\000l\000p\000h\000a\000b\000e\000t\000i\000c\000\040\000E\000v\000o\000l\000u\000t\000i\000o\000n\000\040\000a\000s\000\040\000H\000i\000s\000t\000o\000r\000i\000c\000a\000l\000\040\000C\000h\000o\000k\000e\000p\000o\000i\000n\000t\000s}{}% \@@number {7}
\BOOKMARK [1][-]{section.4}{\376\377\000A\000r\000a\000b\000i\000c\000\040\000S\000c\000r\000i\000p\000t\000\040\000a\000s\000\040\000C\000o\000m\000p\000u\000t\000a\000t\000i\000o\000n\000a\000l\000\040\000A\000s\000s\000e\000m\000b\000l\000e\000r}{}% \@@number {8}
\BOOKMARK [1][-]{section.5}{\376\377\000C\000o\000u\000n\000t\000e\000r\000-\000S\000t\000r\000a\000t\000e\000g\000y\000:\000\040\000D\000e\000f\000e\000r\000r\000e\000d\000\040\000E\000v\000a\000l\000u\000a\000t\000i\000o\000n\000\040\000a\000s\000\040\000F\000u\000t\000a\000r\000c\000h\000y}{}% \@@number {9}
\BOOKMARK [1][-]{section.6}{\376\377\000C\000h\000o\000k\000e\000p\000o\000i\000n\000t\000\040\000F\000i\000e\000l\000d\000\040\000T\000h\000e\000o\000r\000y\000\040\000f\000o\000r\000\040\000V\000o\000c\000a\000b\000u\000l\000a\000r\000y\000\040\000C\000h\000o\000i\000c\000e}{}% \@@number {10}
\BOOKMARK [1][-]{section.7}{\376\377\000C\000o\000n\000c\000l\000u\000s\000i\000o\000n}{}% \@@number {11}
\BOOKMARK [1][-]{section*.1}{\376\377\000E\000p\000i\000l\000o\000g\000u\000e\000:\000\040\000L\000i\000v\000i\000n\000g\000\040\000W\000i\000t\000h\000\040\000C\000h\000o\000k\000e\000p\000o\000i\000n\000t\000s}{}% \@@number {12}
\BOOKMARK [1][-]{appendix.Alph1}{\376\377\000C\000h\000o\000k\000e\000p\000o\000i\000n\000t\000\040\000M\000i\000s\000p\000r\000i\000c\000i\000n\000g\000\040\000T\000h\000e\000o\000r\000e\000m}{}% \@@number {13}
\BOOKMARK [1][-]{appendix.Alph2}{\376\377\000E\000n\000t\000r\000o\000p\000i\000c\000\040\000F\000u\000t\000a\000r\000c\000h\000y\000\040\000i\000n\000\040\000K\000n\000o\000w\000l\000e\000d\000g\000e\000\040\000P\000i\000p\000e\000l\000i\000n\000e\000s}{}% \@@number {14}
\BOOKMARK [1][-]{appendix.Alph3}{\376\377\000D\000e\000f\000e\000r\000r\000e\000d\000\040\000A\000u\000t\000o\000m\000a\000t\000i\000o\000n\000\040\000a\000s\000\040\000a\000\040\000M\000o\000n\000a\000d}{}% \@@number {15}
\BOOKMARK [1][-]{appendix.Alph4}{\376\377\000A\000r\000a\000b\000i\000c\000\040\000M\000o\000r\000p\000h\000o\000l\000o\000g\000y\000\040\000a\000s\000\040\000a\000\040\000D\000e\000f\000e\000r\000r\000e\000d\000-\000E\000v\000a\000l\000u\000a\000t\000i\000o\000n\000\040\000M\000o\000n\000a\000d}{}% \@@number {16}
\BOOKMARK [1][-]{appendix.Alph5}{\376\377\000H\000e\000b\000r\000e\000w\000\040\000A\000b\000j\000a\000d\000\040\000a\000s\000\040\000a\000\040\000L\000a\000z\000y\000-\000E\000v\000a\000l\000u\000a\000t\000i\000o\000n\000\040\000R\000e\000g\000i\000m\000e}{}% \@@number {17}
\BOOKMARK [1][-]{appendix.Alph6}{\376\377\000C\000o\000m\000p\000a\000r\000a\000t\000i\000v\000e\000\040\000T\000a\000b\000l\000e\000\040\000o\000f\000\040\000A\000l\000p\000h\000a\000b\000e\000t\000i\000c\000\040\000E\000v\000a\000l\000u\000a\000t\000i\000o\000n\000\040\000R\000e\000g\000i\000m\000e\000s}{}% \@@number {18}
\BOOKMARK [1][-]{appendix.Alph7}{\376\377\000A\000r\000a\000b\000i\000c\000\040\000V\000e\000r\000b\000\040\000F\000o\000r\000m\000s\000\040\000\050\000I\040\023\000X\000\051\000\040\000w\000i\000t\000h\000\040\000V\000o\000i\000c\000e\000\040\000a\000n\000d\000\040\000A\000s\000p\000e\000c\000t}{}% \@@number {19}
\BOOKMARK [1][-]{appendix.Alph8}{\376\377\000A\000r\000a\000b\000i\000c\000\040\000N\000o\000m\000i\000n\000a\000l\000\040\000D\000e\000r\000i\000v\000a\000t\000i\000o\000n\000s}{}% \@@number {20}
\BOOKMARK [1][-]{appendix.Alph9}{\376\377\000T\000y\000p\000i\000n\000g\000\040\000H\000i\000e\000r\000a\000r\000c\000h\000y\000\040\000f\000o\000r\000\040\000A\000r\000a\000b\000i\000c\000\040\000A\000s\000s\000e\000m\000b\000l\000e\000r}{}% \@@number {21}
\BOOKMARK [1][-]{appendix.Alph10}{\376\377\000A\000r\000a\000b\000i\000c\000\040\000D\000e\000r\000i\000v\000a\000t\000i\000o\000n\000\040\000a\000s\000\040\000R\000S\000V\000P\000\040\000S\000h\000e\000a\000f\000\040\000T\000h\000e\000o\000r\000y}{}% \@@number {22}
\BOOKMARK [1][-]{appendix.Alph11}{\376\377\000C\000h\000o\000k\000e\000p\000o\000i\000n\000t\000\040\000F\000i\000e\000l\000d\000\040\000T\000h\000e\000o\000r\000y\000\040\000f\000o\000r\000\040\000A\000r\000a\000b\000i\000c\000\040\000V\000o\000c\000a\000b\000u\000l\000a\000r\000y\000\040\000C\000h\000o\000i\000c\000e}{}% \@@number {23}
\BOOKMARK [2][-]{subsection.Alph11.1}{\376\377\000M\000e\000t\000h\000o\000d\000s\000\040\000f\000o\000r\000\040\000E\000s\000t\000i\000m\000a\000t\000i\000o\000n}{appendix.Alph11}% \@@number {24}
\BOOKMARK [2][-]{subsection.Alph11.2}{\376\377\000H\000i\000e\000r\000a\000r\000c\000h\000i\000c\000a\000l\000\040\000F\000i\000l\000t\000e\000r\000i\000n\000g}{appendix.Alph11}% \@@number {25}
\BOOKMARK [2][-]{subsection.Alph11.3}{\376\377\000M\000e\000t\000a\000-\000L\000a\000n\000g\000u\000a\000g\000e\000\040\000M\000a\000n\000i\000f\000o\000l\000d}{appendix.Alph11}% \@@number {26}
\BOOKMARK [2][-]{subsection.Alph11.4}{\376\377\000W\000o\000r\000k\000e\000d\000\040\000E\000x\000a\000m\000p\000l\000e\000:\000\040\000F\000u\000n\000c\000t\000o\000r\000i\000a\000l\000\040\000M\000a\000p\000p\000i\000n\000g}{appendix.Alph11}% \@@number {27}
\BOOKMARK [1][-]{appendix.Alph12}{\376\377\000C\000h\000o\000k\000e\000p\000o\000i\000n\000t\000\040\000F\000i\000e\000l\000d\000\040\000T\000h\000e\000o\000r\000y\000\040\000B\000e\000y\000o\000n\000d\000\040\000S\000p\000o\000k\000e\000n\000\040\000L\000a\000n\000g\000u\000a\000g\000e}{}% \@@number {28}
\BOOKMARK [2][-]{subsection.Alph12.1}{\376\377\000N\000e\000i\000g\000h\000b\000o\000r\000\040\000S\000p\000o\000t\000t\000i\000n\000g\000\040\000a\000s\000\040\000G\000r\000e\000e\000t\000i\000n\000g}{appendix.Alph12}% \@@number {29}
\BOOKMARK [2][-]{subsection.Alph12.2}{\376\377\000G\000e\000n\000e\000r\000a\000t\000i\000v\000e\000\040\000G\000e\000s\000t\000u\000r\000a\000l\000\040\000L\000a\000n\000g\000u\000a\000g\000e\000s\000\040\000i\000n\000\040\000A\000n\000i\000m\000a\000l\000s}{appendix.Alph12}% \@@number {30}
\BOOKMARK [2][-]{subsection.Alph12.3}{\376\377\000S\000t\000i\000g\000m\000e\000r\000g\000i\000c\000\040\000P\000a\000t\000h\000\040\000C\000l\000e\000a\000r\000i\000n\000g}{appendix.Alph12}% \@@number {31}
\BOOKMARK [2][-]{subsection.Alph12.4}{\376\377\000C\000o\000m\000p\000a\000r\000a\000t\000i\000v\000e\000\040\000T\000a\000b\000l\000e}{appendix.Alph12}% \@@number {32}
\BOOKMARK [2][-]{subsection.Alph12.5}{\376\377\000T\000h\000e\000o\000r\000e\000m\000:\000\040\000U\000n\000i\000v\000e\000r\000s\000a\000l\000i\000t\000y\000\040\000o\000f\000\040\000C\000h\000o\000k\000e\000p\000o\000i\000n\000t\000s}{appendix.Alph12}% \@@number {33}
