\BOOKMARK [1][-]{section.1}{\376\377\000I\000n\000t\000r\000o\000d\000u\000c\000t\000i\000o\000n}{}% 1
\BOOKMARK [2][-]{subsection.1.1}{\376\377\000C\000o\000n\000t\000r\000i\000b\000u\000t\000i\000o\000n\000s}{section.1}% 2
\BOOKMARK [1][-]{section.2}{\376\377\000F\000i\000e\000l\000d\000\040\000D\000e\000f\000i\000n\000i\000t\000i\000o\000n\000s\000\040\000a\000n\000d\000\040\000D\000y\000n\000a\000m\000i\000c\000s}{}% 3
\BOOKMARK [2][-]{subsection.2.1}{\376\377\000T\000h\000e\000\040\000S\000c\000a\000l\000a\000r\000-\000V\000e\000c\000t\000o\000r\000-\000E\000n\000t\000r\000o\000p\000y\000\040\000\050\000S\000V\000E\000\051\000\040\000T\000r\000i\000a\000d}{section.2}% 4
\BOOKMARK [2][-]{subsection.2.2}{\376\377\000C\000o\000u\000p\000l\000i\000n\000g\000\040\000C\000o\000n\000s\000t\000a\000n\000t\000s}{section.2}% 5
\BOOKMARK [2][-]{subsection.2.3}{\376\377\000R\000o\000l\000e\000\040\000o\000f\000\040\000E\000n\000t\000r\000o\000p\000y}{section.2}% 6
\BOOKMARK [1][-]{section.3}{\376\377\000P\000h\000y\000s\000i\000c\000a\000l\000\040\000F\000o\000u\000n\000d\000a\000t\000i\000o\000n\000\040\000o\000f\000\040\000E\000n\000t\000r\000o\000p\000i\000c\000\040\000R\000e\000d\000s\000h\000i\000f\000t}{}% 7
\BOOKMARK [1][-]{section.4}{\376\377\000F\000i\000e\000l\000d\000\040\000E\000q\000u\000a\000t\000i\000o\000n\000s}{}% 8
\BOOKMARK [1][-]{section.5}{\376\377\000C\000a\000r\000t\000a\000n\000\040\000T\000o\000r\000s\000i\000o\000n}{}% 9
\BOOKMARK [1][-]{section.6}{\376\377\000E\000n\000e\000r\000g\000e\000t\000i\000c\000s\000\040\000a\000n\000d\000\040\000O\000u\000t\000w\000a\000r\000d\000\040\000F\000a\000l\000l\000i\000n\000g}{}% 10
\BOOKMARK [1][-]{section.7}{\376\377\000R\000e\000c\000u\000r\000s\000i\000v\000e\000\040\000C\000a\000u\000s\000a\000l\000i\000t\000y\000\040\000a\000n\000d\000\040\000V\000o\000p\000s\000o\000n\040\031\000s\000\040\000E\000n\000t\000r\000o\000p\000i\000c\000\040\000G\000r\000a\000v\000i\000t\000y}{}% 11
\BOOKMARK [1][-]{section.8}{\376\377\000T\000A\000R\000T\000A\000N\000\040\000F\000r\000a\000m\000e\000w\000o\000r\000k\000\040\000a\000n\000d\000\040\000U\000n\000i\000s\000t\000o\000c\000h\000a\000s\000t\000i\000c\000\040\000Q\000u\000a\000n\000t\000u\000m\000\040\000T\000h\000e\000o\000r\000y}{}% 12
\BOOKMARK [1][-]{section.9}{\376\377\000L\000a\000t\000t\000i\000c\000e\000\040\000I\000m\000p\000l\000e\000m\000e\000n\000t\000a\000t\000i\000o\000n}{}% 13
\BOOKMARK [1][-]{section.10}{\376\377\000E\000n\000g\000a\000g\000e\000m\000e\000n\000t\000\040\000w\000i\000t\000h\000\040\000O\000b\000s\000e\000r\000v\000a\000t\000i\000o\000n\000a\000l\000\040\000E\000v\000i\000d\000e\000n\000c\000e}{}% 14
\BOOKMARK [2][-]{subsection.10.1}{\376\377\000T\000y\000p\000e\000\040\000I\000a\000\040\000S\000u\000p\000e\000r\000n\000o\000v\000a\000e}{section.10}% 15
\BOOKMARK [2][-]{subsection.10.2}{\376\377\000C\000M\000B\000\040\000A\000n\000g\000u\000l\000a\000r\000\040\000P\000o\000w\000e\000r\000\040\000S\000p\000e\000c\000t\000r\000u\000m}{section.10}% 16
\BOOKMARK [2][-]{subsection.10.3}{\376\377\000B\000A\000O\000\040\000a\000n\000d\000\040\000G\000a\000l\000a\000x\000y\000\040\000S\000u\000r\000v\000e\000y\000s}{section.10}% 17
\BOOKMARK [1][-]{section.11}{\376\377\000P\000r\000e\000d\000i\000c\000t\000i\000o\000n\000s\000\040\000a\000n\000d\000\040\000T\000e\000s\000t\000s}{}% 18
\BOOKMARK [1][-]{section.12}{\376\377\000F\000a\000l\000s\000i\000f\000i\000a\000b\000i\000l\000i\000t\000y\000\040\000a\000n\000d\000\040\000R\000i\000s\000k\000\040\000A\000s\000s\000e\000s\000s\000m\000e\000n\000t}{}% 19
\BOOKMARK [1][-]{section.13}{\376\377\000D\000i\000s\000c\000u\000s\000s\000i\000o\000n\000\040\000a\000n\000d\000\040\000O\000u\000t\000l\000o\000o\000k}{}% 20
