ckage natbib Warning: Citation `DalyFarley2011' on page 1 undefined on input
line 27.


Package natbib Warning: Citation `Markov2014' on page 1 undefined on input line
 29.


Package natbib Warning: Citation `DeVries2021' on page 1 undefined on input lin
e 29.


Package natbib Warning: Citation `Landauer1961' on page 1 undefined on input li
ne 29.

[1{/var/lib/texmf/fonts/map/pdftex/updmap/pdftex.map}]

Package natbib Warning: Citation `ChengBroadbentChappell2025' on page 2 undefin
ed on input line 39.


Package natbib Warning: Citation `Shulman2012' on page 2 undefined on input lin
e 39.


Package natbib Warning: Citation `AbramskyCoecke2004' on page 2 undefined on in
put line 39.


Package natbib Warning: Citation `BaezStay2010' on page 2 undefined on input li
ne 46.


Package natbib Warning: Citation `MacLane1998' on page 2 undefined on input lin
e 46.

[2]

Package natbib Warning: Citation `Lurie2009' on page 3 undefined on input line
65.


Package natbib Warning: Citation `Riehl2016' on page 3 undefined on input line
65.


Package natbib Warning: Citation `AbramskyCoecke2004' on page 3 undefined on in
put line 73.


Package natbib Warning: Citation `ChengBroadbentChappell2025' on page 3 undefin
ed on input line 80.

[3]

Package natbib Warning: Citation `ChengBroadbentChappell2025' on page 4 undefin
ed on input line 94.


Package natbib Warning: Citation `Bennett1982' on page 4 undefined on input lin
e 103.


Package natbib Warning: Citation `SagawaUeda2009' on page 4 undefined on input
line 103.


Package natbib Warning: Citation `Wolfram2002' on page 4 undefined on input lin
e 108.


Package natbib Warning: Citation `CapraLuisi2014' on page 4 undefined on input
line 110.


Package natbib Warning: Citation `MargulisSagan1995' on page 4 undefined on inp
ut line 110.

[4]

Package natbib Warning: Citation `ODwyerMalone2014' on page 5 undefined on inpu
t line 116.


Package natbib Warning: Citation `Mora2018' on page 5 undefined on input line 1
16.


Package natbib Warning: Citation `DeVries2021' on page 5 undefined on input lin
e 116.


Package natbib Warning: Citation `Carrier1991' on page 5 undefined on input lin
e 124.


Package natbib Warning: Citation `Spudis2016' on page 5 undefined on input line
 124.


Package natbib Warning: Citation `NASAArtemis2023' on page 5 undefined on input
 line 124.


Package natbib Warning: Citation `DalyFarley2011' on page 5 undefined on input
line 136.

[5]

Package natbib Warning: Citation `Shulman2012' on page 6 undefined on input lin
e 166.

[6]
Overfull \hbox (49.30278pt too wide) in paragraph at lines 205--205
[]\OT1/cmr/bx/n/17.28 Semantic In-fras-truc-ture in a Fibered Sym-met-ric Monoi
dal

Package natbib Warning: Citation `ChengBroadbentChappell2025' on page 7 undefin
ed on input line 249.

[7]
Overfull \hbox (12.4434pt too wide) in paragraph at lines 259--260
[]\OT1/cmr/bx/n/12 Expansion\OT1/cmr/m/n/12 : CLIO's uncertainty-driven adap-ta
-tion en-ables con-ver-gence to entropy-minimal
[8] (/usr/share/texlive/texmf-dist/tex/latex/amsfonts/ueuf.fd) [9]
(./thermal-infrastructure.bbl

Package natbib Warning: Empty `thebibliography' environment on input line 3.

)

Package natbib Warning: There were undefined citations.

[10] (./thermal-infrastructure.aux) )
(see the transcript file for additional information)</usr/share/texlive/texmf-d
ist/fonts/type1/public/amsfonts/cm/cmbx10.pfb></usr/share/texlive/texmf-dist/fo
nts/type1/public/amsfonts/cm/cmbx12.pfb></usr/share/texlive/texmf-dist/fonts/ty
pe1/public/amsfonts/cm/cmbx8.pfb></usr/share/texlive/texmf-dist/fonts/type1/pub
lic/amsfonts/cm/cmex10.pfb></usr/share/texlive/texmf-dist/fonts/type1/public/am
sfonts/cm/cmmi12.pfb></usr/share/texlive/texmf-dist/fonts/type1/public/amsfonts
/cm/cmmi6.pfb></usr/share/texlive/texmf-dist/fonts/type1/public/amsfonts/cm/cmm
i8.pfb></usr/share/texlive/texmf-dist/fonts/type1/public/amsfonts/cm/cmr10.pfb>
</usr/share/texlive/texmf-dist/fonts/type1/public/amsfonts/cm/cmr12.pfb></usr/s
hare/texlive/texmf-dist/fonts/type1/public/amsfonts/cm/cmr17.pfb></usr/share/te
xlive/texmf-dist/fonts/type1/public/amsfonts/cm/cmr6.pfb></usr/share/texlive/te
xmf-dist/fonts/type1/public/amsfonts/cm/cmr8.pfb></usr/share/texlive/texmf-dist
/fonts/type1/public/amsfonts/cm/cmss12.pfb></usr/share/texlive/texmf-dist/fonts
/type1/public/amsfonts/cm/cmsy10.pfb></usr/share/texlive/texmf-dist/fonts/type1
/public/amsfonts/cm/cmsy8.pfb></usr/share/texlive/texmf-dist/fonts/type1/public
/amsfonts/cm/cmtt12.pfb></usr/share/texlive/texmf-dist/fonts/type1/public/amsfo
nts/euler/eufm10.pfb>
Output written on thermal-infrastructure.pdf (10 pages, 228244 bytes).
