\BOOKMARK [-1][-]{part.1}{\376\377\000I\000\040\000H\000i\000s\000t\000o\000r\000i\000c\000a\000l\000\040\000a\000n\000d\000\040\000P\000h\000i\000l\000o\000s\000o\000p\000h\000i\000c\000a\000l\000\040\000P\000r\000e\000c\000u\000r\000s\000o\000r\000s}{}% 1
\BOOKMARK [0][-]{chapter.1}{\376\377\000F\000r\000o\000m\000\040\000P\000l\000e\000n\000u\000m\000\040\000t\000o\000\040\000V\000a\000c\000u\000u\000m}{part.1}% 2
\BOOKMARK [1][-]{section.1.1}{\376\377\000C\000l\000a\000s\000s\000i\000c\000a\000l\000\040\000N\000o\000t\000i\000o\000n\000s\000\040\000o\000f\000\040\000P\000l\000e\000n\000u\000m}{chapter.1}% 3
\BOOKMARK [1][-]{section.1.2}{\376\377\000T\000r\000a\000n\000s\000i\000t\000i\000o\000n\000\040\000t\000o\000\040\000M\000o\000d\000e\000r\000n\000\040\000P\000h\000y\000s\000i\000c\000s}{chapter.1}% 4
\BOOKMARK [0][-]{chapter.2}{\376\377\000M\000a\000t\000h\000e\000m\000a\000t\000i\000c\000a\000l\000\040\000R\000i\000g\000o\000r\000\040\000a\000s\000\040\000P\000r\000e\000c\000e\000d\000e\000n\000t}{part.1}% 5
\BOOKMARK [1][-]{section.2.1}{\376\377\000C\000a\000u\000c\000h\000y\040\031\000s\000\040\000F\000o\000u\000n\000d\000a\000t\000i\000o\000n\000a\000l\000\040\000C\000o\000n\000t\000r\000i\000b\000u\000t\000i\000o\000n\000s}{chapter.2}% 6
\BOOKMARK [1][-]{section.2.2}{\376\377\000W\000e\000i\000e\000r\000s\000t\000r\000a\000s\000s\000,\000\040\000R\000i\000e\000m\000a\000n\000n\000,\000\040\000H\000i\000l\000b\000e\000r\000t}{chapter.2}% 7
\BOOKMARK [0][-]{chapter.3}{\376\377\000T\000h\000e\000r\000m\000o\000d\000y\000n\000a\000m\000i\000c\000s\000\040\000a\000n\000d\000\040\000D\000i\000s\000s\000i\000p\000a\000t\000i\000o\000n}{part.1}% 8
\BOOKMARK [1][-]{section.3.1}{\376\377\000C\000l\000a\000u\000s\000i\000u\000s\000,\000\040\000B\000o\000l\000t\000z\000m\000a\000n\000n\000,\000\040\000P\000r\000i\000g\000o\000g\000i\000n\000e}{chapter.3}% 9
\BOOKMARK [0][-]{chapter.4}{\376\377\000C\000o\000n\000t\000e\000m\000p\000o\000r\000a\000r\000y\000\040\000I\000n\000s\000p\000i\000r\000a\000t\000i\000o\000n\000s}{part.1}% 10
\BOOKMARK [1][-]{section.4.1}{\376\377\000E\000n\000t\000r\000o\000p\000i\000c\000\040\000G\000r\000a\000v\000i\000t\000y\000\040\000C\000r\000i\000t\000i\000q\000u\000e\000s}{chapter.4}% 11
\BOOKMARK [1][-]{section.4.2}{\376\377\000W\000h\000i\000t\000t\000l\000e\040\031\000s\000\040\000P\000e\000d\000a\000g\000o\000g\000i\000c\000a\000l\000\040\000C\000o\000s\000m\000o\000l\000o\000g\000y}{chapter.4}% 12
\BOOKMARK [1][-]{section.4.3}{\376\377\000P\000h\000i\000l\000o\000s\000o\000p\000h\000i\000c\000a\000l\000\040\000I\000n\000f\000l\000u\000e\000n\000c\000e\000s}{chapter.4}% 13
\BOOKMARK [-1][-]{part.2}{\376\377\000I\000I\000\040\000E\000x\000p\000o\000s\000i\000t\000i\000o\000n\000\040\000o\000f\000\040\000R\000S\000V\000P\000\040\000T\000h\000e\000o\000r\000y}{}% 14
\BOOKMARK [0][-]{chapter.5}{\376\377\000C\000o\000r\000e\000\040\000M\000o\000d\000e\000l\000\040\000o\000f\000\040\000t\000h\000e\000\040\000P\000l\000e\000n\000u\000m}{part.2}% 15
\BOOKMARK [1][-]{section.5.1}{\376\377\000S\000c\000a\000l\000a\000r\000,\000\040\000V\000e\000c\000t\000o\000r\000,\000\040\000a\000n\000d\000\040\000E\000n\000t\000r\000o\000p\000y\000\040\000F\000i\000e\000l\000d\000s}{chapter.5}% 16
\BOOKMARK [1][-]{section.5.2}{\376\377\000N\000o\000n\000-\000E\000x\000p\000a\000n\000d\000i\000n\000g\000\040\000U\000n\000i\000v\000e\000r\000s\000e}{chapter.5}% 17
\BOOKMARK [0][-]{chapter.6}{\376\377\000E\000n\000t\000r\000o\000p\000i\000c\000\040\000S\000m\000o\000o\000t\000h\000i\000n\000g\000\040\000H\000y\000p\000o\000t\000h\000e\000s\000i\000s}{part.2}% 18
\BOOKMARK [0][-]{chapter.7}{\376\377\000N\000e\000u\000t\000r\000i\000n\000o\000\040\000F\000o\000s\000s\000i\000l\000\040\000R\000e\000g\000i\000s\000t\000r\000y}{part.2}% 19
\BOOKMARK [0][-]{chapter.8}{\376\377\000G\000r\000a\000v\000i\000t\000y\000\040\000a\000s\000\040\000E\000n\000t\000r\000o\000p\000y\000\040\000D\000e\000s\000c\000e\000n\000t}{part.2}% 20
\BOOKMARK [0][-]{chapter.9}{\376\377\000Q\000u\000a\000n\000t\000u\000m\000\040\000E\000m\000e\000r\000g\000e\000n\000c\000e\000\040\000i\000n\000\040\000R\000S\000V\000P}{part.2}% 21
\BOOKMARK [0][-]{chapter.10}{\376\377\000A\000u\000t\000o\000r\000e\000g\000r\000e\000s\000s\000i\000v\000e\000\040\000C\000o\000s\000m\000o\000l\000o\000g\000y}{part.2}% 22
\BOOKMARK [0][-]{chapter.11}{\376\377\000S\000p\000e\000c\000t\000r\000a\000l\000\040\000C\000o\000s\000m\000o\000l\000o\000g\000y}{part.2}% 23
\BOOKMARK [-1][-]{part.3}{\376\377\000I\000I\000I\000\040\000M\000a\000t\000h\000e\000m\000a\000t\000i\000c\000a\000l\000\040\000a\000n\000d\000\040\000F\000o\000r\000m\000a\000l\000\040\000S\000t\000r\000u\000c\000t\000u\000r\000e\000s}{}% 24
\BOOKMARK [0][-]{chapter.12}{\376\377\000C\000r\000y\000s\000t\000a\000l\000\040\000P\000l\000e\000n\000u\000m\000\040\000T\000h\000e\000o\000r\000y\000\040\000\050\000C\000P\000T\000\051}{part.3}% 25
\BOOKMARK [0][-]{chapter.13}{\376\377\000R\000S\000V\000P\000\040\000P\000D\000E\000\040\000F\000o\000r\000m\000a\000l\000i\000s\000m}{part.3}% 26
\BOOKMARK [0][-]{chapter.14}{\376\377\000V\000a\000r\000i\000a\000t\000i\000o\000n\000a\000l\000\040\000P\000r\000i\000n\000c\000i\000p\000l\000e\000s}{part.3}% 27
\BOOKMARK [0][-]{chapter.15}{\376\377\000B\000V\000/\000B\000R\000S\000T\000\040\000Q\000u\000a\000n\000t\000i\000z\000a\000t\000i\000o\000n\000\040\000\046\000\040\000D\000e\000r\000i\000v\000e\000d\000\040\000G\000e\000o\000m\000e\000t\000r\000y}{part.3}% 28
\BOOKMARK [0][-]{chapter.16}{\376\377\000S\000e\000m\000a\000n\000t\000i\000c\000\040\000M\000e\000r\000g\000e\000\040\000O\000p\000e\000r\000a\000t\000o\000r\000s\000\040\000\046\000\040\000D\000e\000r\000i\000v\000e\000d\000\040\000L\000-\000S\000y\000s\000t\000e\000m\000s}{part.3}% 29
\BOOKMARK [0][-]{chapter.17}{\376\377\000F\000o\000u\000r\000i\000e\000r\040\023\000S\000p\000e\000c\000t\000r\000a\000l\000\040\000R\000S\000V\000P}{part.3}% 30
\BOOKMARK [-1][-]{part.4}{\376\377\000I\000V\000\040\000C\000o\000m\000p\000u\000t\000a\000t\000i\000o\000n\000a\000l\000\040\000a\000n\000d\000\040\000S\000i\000m\000u\000l\000a\000t\000i\000o\000n\000\040\000F\000r\000a\000m\000e\000w\000o\000r\000k\000s}{}% 31
\BOOKMARK [0][-]{chapter.18}{\376\377\000R\000S\000V\000P\000\040\000F\000i\000e\000l\000d\000\040\000S\000i\000m\000u\000l\000a\000t\000o\000r}{part.4}% 32
\BOOKMARK [0][-]{chapter.19}{\376\377\000T\000A\000R\000T\000A\000N}{part.4}% 33
\BOOKMARK [0][-]{chapter.20}{\376\377\000Y\000a\000r\000n\000c\000r\000a\000w\000l\000e\000r\000\040\000F\000r\000a\000m\000e\000w\000o\000r\000k}{part.4}% 34
\BOOKMARK [0][-]{chapter.21}{\376\377\000C\000h\000a\000i\000n\000\040\000o\000f\000\040\000M\000e\000m\000o\000r\000y\000\040\000\050\000C\000o\000M\000\051}{part.4}% 35
\BOOKMARK [-1][-]{part.5}{\376\377\000V\000\040\000C\000o\000g\000n\000i\000t\000i\000v\000e\000\040\000a\000n\000d\000\040\000A\000I\000\040\000A\000p\000p\000l\000i\000c\000a\000t\000i\000o\000n\000s}{}% 36
\BOOKMARK [0][-]{chapter.22}{\376\377\000R\000S\000V\000P\000-\000A\000I\000\040\000P\000r\000o\000t\000o\000t\000y\000p\000e}{part.5}% 37
\BOOKMARK [0][-]{chapter.23}{\376\377\000S\000i\000m\000u\000l\000a\000t\000e\000d\000\040\000A\000g\000e\000n\000c\000y}{part.5}% 38
\BOOKMARK [0][-]{chapter.24}{\376\377\000H\000Y\000D\000R\000A}{part.5}% 39
\BOOKMARK [0][-]{chapter.25}{\376\377\000V\000i\000v\000i\000c\000e\000p\000t\000i\000o\000n}{part.5}% 40
\BOOKMARK [0][-]{chapter.26}{\376\377\000P\000e\000r\000c\000e\000p\000t\000u\000a\000l\000\040\000C\000o\000n\000t\000r\000o\000l\000\040\000S\000y\000n\000t\000h\000e\000s\000i\000s}{part.5}% 41
\BOOKMARK [-1][-]{part.6}{\376\377\000V\000I\000\040\000A\000p\000p\000l\000i\000e\000d\000\040\000a\000n\000d\000\040\000A\000r\000c\000h\000i\000t\000e\000c\000t\000u\000r\000a\000l\000\040\000E\000x\000t\000e\000n\000s\000i\000o\000n\000s}{}% 42
\BOOKMARK [0][-]{chapter.27}{\376\377\000V\000a\000c\000u\000u\000m\000\040\000P\000o\000l\000a\000r\000i\000z\000a\000t\000i\000o\000n\000\040\000f\000o\000r\000\040\000P\000r\000o\000p\000u\000l\000s\000i\000o\000n}{part.6}% 43
\BOOKMARK [0][-]{chapter.28}{\376\377\000S\000p\000a\000c\000e\000t\000i\000m\000e\000\040\000M\000e\000t\000r\000i\000c\000\040\000E\000n\000g\000i\000n\000e\000e\000r\000i\000n\000g}{part.6}% 44
\BOOKMARK [0][-]{chapter.29}{\376\377\000P\000l\000e\000n\000u\000m\000\040\000I\000n\000t\000e\000l\000l\000i\000g\000e\000n\000c\000e}{part.6}% 45
\BOOKMARK [0][-]{chapter.30}{\376\377\000S\000e\000m\000a\000n\000t\000i\000c\000\040\000I\000n\000f\000r\000a\000s\000t\000r\000u\000c\000t\000u\000r\000e}{part.6}% 46
\BOOKMARK [0][-]{chapter.31}{\376\377\000X\000y\000l\000o\000a\000r\000c\000h\000y\000\040\000/\000\040\000X\000y\000l\000o\000m\000o\000r\000p\000h\000i\000c\000\040\000A\000r\000c\000h\000i\000t\000e\000c\000t\000u\000r\000e}{part.6}% 47
\BOOKMARK [0][-]{chapter.32}{\376\377\000U\000r\000b\000a\000n\000\040\000a\000n\000d\000\040\000M\000a\000t\000e\000r\000i\000a\000l\000\040\000R\000S\000V\000P\000\040\000S\000y\000s\000t\000e\000m\000s}{part.6}% 48
\BOOKMARK [-1][-]{part.7}{\376\377\000V\000I\000I\000\040\000D\000e\000t\000a\000i\000l\000e\000d\000\040\000S\000t\000u\000d\000y\000\040\000G\000u\000i\000d\000e}{}% 49
\BOOKMARK [0][-]{chapter.33}{\376\377\000C\000o\000r\000e\000\040\000C\000o\000n\000c\000e\000p\000t\000s\000\040\000o\000f\000\040\000R\000S\000V\000P}{part.7}% 50
\BOOKMARK [1][-]{section.33.1}{\376\377\000D\000e\000f\000i\000n\000i\000t\000i\000o\000n\000\040\000a\000n\000d\000\040\000P\000u\000r\000p\000o\000s\000e}{chapter.33}% 51
\BOOKMARK [1][-]{section.33.2}{\376\377\000T\000h\000r\000e\000e\000\040\000C\000o\000u\000p\000l\000e\000d\000\040\000F\000i\000e\000l\000d\000s}{chapter.33}% 52
\BOOKMARK [1][-]{section.33.3}{\376\377\000C\000o\000u\000p\000l\000e\000d\000\040\000P\000a\000r\000t\000i\000a\000l\000\040\000D\000i\000f\000f\000e\000r\000e\000n\000t\000i\000a\000l\000\040\000E\000q\000u\000a\000t\000i\000o\000n\000s\000\040\000\050\000P\000D\000E\000s\000\051}{chapter.33}% 53
\BOOKMARK [1][-]{section.33.4}{\376\377\000C\000o\000h\000e\000r\000e\000n\000c\000e\000\040\000a\000s\000\040\000a\000\040\000U\000n\000i\000v\000e\000r\000s\000a\000l\000\040\000P\000r\000o\000p\000e\000r\000t\000y}{chapter.33}% 54
\BOOKMARK [0][-]{chapter.34}{\376\377\000R\000S\000V\000P\000\040\000a\000s\000\040\000a\000\040\000M\000e\000t\000a\000-\000F\000r\000a\000m\000e\000w\000o\000r\000k\000:\000\040\000U\000n\000i\000f\000y\000i\000n\000g\000\040\000S\000u\000b\000t\000h\000e\000o\000r\000i\000e\000s}{part.7}% 55
\BOOKMARK [1][-]{section.34.1}{\376\377\000D\000e\000r\000i\000v\000a\000t\000i\000o\000n\000\040\000o\000f\000\040\000U\000F\000T\000C\000-\000S\000F}{chapter.34}% 56
\BOOKMARK [1][-]{section.34.2}{\376\377\000D\000e\000r\000i\000v\000a\000t\000i\000o\000n\000\040\000o\000f\000\040\000S\000I\000T}{chapter.34}% 57
\BOOKMARK [1][-]{section.34.3}{\376\377\000E\000m\000b\000e\000d\000d\000i\000n\000g\000\040\000o\000f\000\040\000O\000t\000h\000e\000r\000\040\000T\000h\000e\000o\000r\000i\000e\000s}{chapter.34}% 58
\BOOKMARK [0][-]{chapter.35}{\376\377\000T\000h\000e\000\040\000E\000q\000u\000i\000v\000a\000l\000e\000n\000c\000e\000\040\000M\000a\000p\000p\000i\000n\000g\000\040\000S\000c\000h\000e\000m\000a\000\040\000\050\000E\000M\000S\000\051\000\040\000a\000n\000d\000\040\000Y\000a\000r\000n\000c\000r\000a\000w\000l\000e\000r}{part.7}% 59
\BOOKMARK [1][-]{section.35.1}{\376\377\000P\000u\000r\000p\000o\000s\000e\000\040\000o\000f\000\040\000E\000M\000S}{chapter.35}% 60
\BOOKMARK [1][-]{section.35.2}{\376\377\000Y\000a\000r\000n\000c\000r\000a\000w\000l\000e\000r\000\040\000F\000u\000n\000c\000t\000o\000r}{chapter.35}% 61
\BOOKMARK [1][-]{section.35.3}{\376\377\000C\000a\000t\000e\000g\000o\000r\000i\000e\000s\000\040\000a\000n\000d\000\040\000S\000u\000b\000c\000a\000t\000e\000g\000o\000r\000i\000e\000s}{chapter.35}% 62
\BOOKMARK [0][-]{chapter.36}{\376\377\000H\000Y\000D\000R\000A\000\040\000A\000r\000c\000h\000i\000t\000e\000c\000t\000u\000r\000e\000\040\000a\000n\000d\000\040\000A\000p\000p\000l\000i\000c\000a\000t\000i\000o\000n\000s}{part.7}% 63
\BOOKMARK [1][-]{section.36.1}{\376\377\000H\000Y\000D\000R\000A\040\031\000s\000\040\000R\000o\000l\000e}{chapter.36}% 64
\BOOKMARK [1][-]{section.36.2}{\376\377\000H\000Y\000D\000R\000A\000\040\000M\000o\000d\000u\000l\000e\000s}{chapter.36}% 65
\BOOKMARK [1][-]{section.36.3}{\376\377\000P\000e\000r\000s\000o\000n\000a\000\040\000V\000e\000c\000t\000o\000r\000s}{chapter.36}% 66
\BOOKMARK [1][-]{section.36.4}{\376\377\000A\000p\000p\000l\000i\000c\000a\000t\000i\000o\000n\000s\000\040\000o\000f\000\040\000R\000S\000V\000P}{chapter.36}% 67
\BOOKMARK [0][-]{chapter.37}{\376\377\000P\000h\000i\000l\000o\000s\000o\000p\000h\000i\000c\000a\000l\000\040\000a\000n\000d\000\040\000F\000o\000r\000m\000a\000l\000\040\000E\000x\000t\000e\000n\000s\000i\000o\000n\000s}{part.7}% 68
\BOOKMARK [1][-]{section.37.1}{\376\377\000O\000r\000t\000e\000g\000a\000\040\000y\000\040\000G\000a\000s\000s\000e\000t\040\031\000s\000\040\000M\000a\000x\000i\000m}{chapter.37}% 69
\BOOKMARK [1][-]{section.37.2}{\376\377\000S\000o\000c\000i\000o\000e\000c\000o\000n\000o\000m\000i\000c\000\040\000F\000u\000n\000c\000t\000o\000r\000s}{chapter.37}% 70
\BOOKMARK [1][-]{section.37.3}{\376\377\000S\000I\000T\000H\000\040\000a\000n\000d\000\040\000S\000t\000i\000g\000m\000e\000r\000g\000i\000c\000\040\000O\000r\000g\000a\000n\000s}{chapter.37}% 71
\BOOKMARK [1][-]{section.37.4}{\376\377\000C\000a\000t\000e\000g\000o\000r\000y\000-\000T\000h\000e\000o\000r\000e\000t\000i\000c\000\040\000F\000o\000r\000m\000a\000l\000i\000z\000a\000t\000i\000o\000n}{chapter.37}% 72
\BOOKMARK [1][-]{section.37.5}{\376\377\000S\000h\000e\000a\000f\000-\000T\000h\000e\000o\000r\000e\000t\000i\000c\000\040\000M\000o\000d\000e\000l\000i\000n\000g}{chapter.37}% 73
\BOOKMARK [0][-]{chapter.38}{\376\377\000E\000x\000p\000e\000r\000i\000m\000e\000n\000t\000a\000l\000\040\000V\000a\000l\000i\000d\000a\000t\000i\000o\000n\000\040\000a\000n\000d\000\040\000L\000i\000m\000i\000t\000a\000t\000i\000o\000n\000s}{part.7}% 74
\BOOKMARK [1][-]{section.38.1}{\376\377\000P\000r\000o\000p\000o\000s\000e\000d\000\040\000E\000m\000p\000i\000r\000i\000c\000a\000l\000\040\000P\000r\000e\000d\000i\000c\000t\000i\000o\000n\000s}{chapter.38}% 75
\BOOKMARK [1][-]{section.38.2}{\376\377\000L\000i\000m\000i\000t\000a\000t\000i\000o\000n\000s}{chapter.38}% 76
\BOOKMARK [-1][-]{part.8}{\376\377\000V\000I\000I\000I\000\040\000S\000u\000p\000p\000l\000e\000m\000e\000n\000t\000a\000r\000y\000\040\000M\000a\000t\000e\000r\000i\000a\000l\000s}{}% 77
\BOOKMARK [0][-]{chapter.39}{\376\377\000Q\000u\000i\000z}{part.8}% 78
\BOOKMARK [0][-]{chapter.40}{\376\377\000Q\000u\000i\000z\000\040\000A\000n\000s\000w\000e\000r\000\040\000K\000e\000y}{part.8}% 79
\BOOKMARK [0][-]{chapter.41}{\376\377\000E\000s\000s\000a\000y\000\040\000F\000o\000r\000m\000a\000t\000\040\000Q\000u\000e\000s\000t\000i\000o\000n\000s}{part.8}% 80
\BOOKMARK [0][-]{chapter.42}{\376\377\000G\000l\000o\000s\000s\000a\000r\000y\000\040\000o\000f\000\040\000K\000e\000y\000\040\000T\000e\000r\000m\000s}{part.8}% 81
\BOOKMARK [0][-]{chapter.43}{\376\377\000T\000i\000m\000e\000l\000i\000n\000e\000\040\000a\000n\000d\000\040\000C\000a\000s\000t\000\040\000o\000f\000\040\000C\000h\000a\000r\000a\000c\000t\000e\000r\000s}{part.8}% 82
\BOOKMARK [1][-]{section.43.1}{\376\377\000T\000i\000m\000e\000l\000i\000n\000e}{chapter.43}% 83
\BOOKMARK [1][-]{section.43.2}{\376\377\000C\000a\000s\000t\000\040\000o\000f\000\040\000C\000h\000a\000r\000a\000c\000t\000e\000r\000s}{chapter.43}% 84
\BOOKMARK [0][-]{chapter.44}{\376\377\000P\000r\000o\000j\000e\000c\000t\000\040\000F\000l\000y\000x\000i\000o\000n\000:\000\040\000R\000S\000V\000P\000\040\000F\000r\000a\000m\000e\000w\000o\000r\000k\000\040\000B\000r\000i\000e\000f\000i\000n\000g}{part.8}% 85
\BOOKMARK [1][-]{section.44.1}{\376\377\000E\000x\000e\000c\000u\000t\000i\000v\000e\000\040\000S\000u\000m\000m\000a\000r\000y}{chapter.44}% 86
\BOOKMARK [1][-]{section.44.2}{\376\377\000C\000o\000r\000e\000\040\000R\000S\000V\000P\000\040\000F\000o\000r\000m\000a\000l\000i\000s\000m}{chapter.44}% 87
\BOOKMARK [1][-]{section.44.3}{\376\377\000U\000n\000i\000f\000i\000e\000d\000\040\000T\000h\000e\000o\000r\000i\000e\000s\000\040\000a\000n\000d\000\040\000S\000u\000b\000t\000h\000e\000o\000r\000y\000\040\000D\000e\000r\000i\000v\000a\000t\000i\000o\000n\000s}{chapter.44}% 88
\BOOKMARK [1][-]{section.44.4}{\376\377\000H\000Y\000D\000R\000A\000\040\000A\000r\000c\000h\000i\000t\000e\000c\000t\000u\000r\000e\000\040\000a\000n\000d\000\040\000A\000I\000\040\000A\000l\000i\000g\000n\000m\000e\000n\000t}{chapter.44}% 89
\BOOKMARK [1][-]{section.44.5}{\376\377\000E\000M\000S\000\040\000a\000s\000\040\000Y\000a\000r\000n\000c\000r\000a\000w\000l\000e\000r\000\040\000F\000u\000n\000c\000t\000o\000r}{chapter.44}% 90
\BOOKMARK [1][-]{section.44.6}{\376\377\000P\000h\000i\000l\000o\000s\000o\000p\000h\000i\000c\000a\000l\000\040\000a\000n\000d\000\040\000C\000o\000n\000c\000e\000p\000t\000u\000a\000l\000\040\000U\000n\000d\000e\000r\000p\000i\000n\000n\000i\000n\000g\000s}{chapter.44}% 91
\BOOKMARK [1][-]{section.44.7}{\376\377\000M\000a\000t\000h\000e\000m\000a\000t\000i\000c\000a\000l\000\040\000R\000i\000g\000o\000r}{chapter.44}% 92
\BOOKMARK [-1][-]{part.9}{\376\377\000I\000X\000\040\000A\000p\000p\000e\000n\000d\000i\000c\000e\000s}{}% 93
\BOOKMARK [0][-]{appendix.A}{\376\377\000M\000a\000t\000h\000e\000m\000a\000t\000i\000c\000a\000l\000\040\000F\000o\000r\000m\000a\000l\000i\000s\000m}{part.9}% 94
\BOOKMARK [1][-]{section.A.1}{\376\377\000R\000S\000V\000P\000\040\000P\000D\000E\000s}{appendix.A}% 95
\BOOKMARK [1][-]{section.A.2}{\376\377\000E\000n\000t\000r\000o\000p\000y\000\040\000C\000o\000n\000s\000t\000r\000a\000i\000n\000t\000s}{appendix.A}% 96
\BOOKMARK [0][-]{appendix.B}{\376\377\000N\000o\000t\000e\000s\000\040\000o\000n\000\040\000N\000a\000t\000u\000r\000a\000l\000i\000s\000m}{part.9}% 97
\BOOKMARK [0][-]{appendix.C}{\376\377\000C\000o\000m\000p\000u\000t\000a\000t\000i\000o\000n\000a\000l\000\040\000A\000l\000t\000e\000r\000n\000a\000t\000i\000v\000e\000s}{part.9}% 98
\BOOKMARK [0][-]{appendix.D}{\376\377\000D\000i\000f\000f\000e\000r\000e\000n\000t\000i\000a\000l\000\040\000G\000e\000o\000m\000e\000t\000r\000y}{part.9}% 99
\BOOKMARK [1][-]{section.D.1}{\376\377\000L\000o\000g\000a\000r\000i\000t\000h\000m\000i\000c\000\040\000T\000i\000m\000e\000\040\000S\000c\000a\000l\000i\000n\000g}{appendix.D}% 100
\BOOKMARK [1][-]{section.D.2}{\376\377\000G\000e\000o\000m\000e\000t\000r\000i\000c\000\040\000S\000t\000r\000u\000c\000t\000u\000r\000e}{appendix.D}% 101
\BOOKMARK [0][-]{appendix.E}{\376\377\000E\000n\000t\000r\000o\000p\000i\000c\000\040\000R\000e\000d\000s\000h\000i\000f\000t\000\040\000L\000a\000w\000s}{part.9}% 102
\BOOKMARK [1][-]{section.E.1}{\376\377\000R\000e\000d\000s\000h\000i\000f\000t\000\040\000F\000o\000r\000m\000u\000l\000a\000t\000i\000o\000n}{appendix.E}% 103
\BOOKMARK [1][-]{section.E.2}{\376\377\000C\000M\000B\000\040\000C\000o\000n\000s\000t\000r\000a\000i\000n\000t\000s}{appendix.E}% 104
\BOOKMARK [0][-]{appendix.F}{\376\377\000F\000o\000u\000r\000i\000e\000r\000\040\000\046\000\040\000S\000p\000e\000c\000t\000r\000a\000l\000\040\000M\000e\000t\000h\000o\000d\000s}{part.9}% 105
\BOOKMARK [1][-]{section.F.1}{\376\377\000S\000p\000e\000c\000t\000r\000a\000l\000\040\000D\000e\000c\000o\000m\000p\000o\000s\000i\000t\000i\000o\000n}{appendix.F}% 106
\BOOKMARK [1][-]{section.F.2}{\376\377\000O\000p\000e\000r\000a\000t\000o\000r\000\040\000Q\000u\000a\000n\000t\000i\000z\000a\000t\000i\000o\000n}{appendix.F}% 107
\BOOKMARK [0][-]{appendix.G}{\376\377\000G\000a\000u\000g\000e\000\040\000F\000r\000e\000e\000d\000o\000m}{part.9}% 108
\BOOKMARK [1][-]{section.G.1}{\376\377\000C\000o\000n\000s\000t\000r\000a\000i\000n\000t\000\040\000R\000e\000l\000a\000x\000a\000t\000i\000o\000n}{appendix.G}% 109
\BOOKMARK [1][-]{section.G.2}{\376\377\000E\000n\000t\000r\000o\000p\000y\000\040\000G\000a\000u\000g\000e}{appendix.G}% 110
\BOOKMARK [0][-]{appendix.H}{\376\377\000H\000i\000s\000t\000o\000r\000i\000c\000a\000l\000\040\000C\000o\000m\000p\000a\000r\000i\000s\000o\000n\000s\000\040\000w\000i\000t\000h\000\040\000C\000D\000M}{part.9}% 111
\BOOKMARK [1][-]{section.H.1}{\376\377\000R\000S\000V\000P\000\040\000v\000s\000.\000\040\000C\000D\000M}{appendix.H}% 112
\BOOKMARK [1][-]{section.H.2}{\376\377\000O\000b\000s\000e\000r\000v\000a\000t\000i\000o\000n\000a\000l\000\040\000S\000i\000g\000n\000a\000t\000u\000r\000e\000s}{appendix.H}% 113
\BOOKMARK [0][-]{appendix.I}{\376\377\000I\000n\000f\000o\000r\000m\000a\000t\000i\000o\000n\000-\000T\000h\000e\000o\000r\000e\000t\000i\000c\000\040\000F\000o\000u\000n\000d\000a\000t\000i\000o\000n\000s}{part.9}% 114
\BOOKMARK [1][-]{section.I.1}{\376\377\000E\000n\000t\000r\000o\000p\000y\000\040\000a\000n\000d\000\040\000C\000o\000m\000p\000l\000e\000x\000i\000t\000y}{appendix.I}% 115
\BOOKMARK [1][-]{section.I.2}{\376\377\000I\000n\000f\000o\000r\000m\000a\000t\000i\000o\000n\000\040\000F\000l\000o\000w}{appendix.I}% 116
\BOOKMARK [0][-]{appendix.J}{\376\377\000J\000a\000c\000o\000b\000s\000o\000n\000,\000\040\000V\000e\000r\000l\000i\000n\000d\000e\000,\000\040\000a\000n\000d\000\040\000E\000n\000t\000r\000o\000p\000i\000c\000\040\000G\000r\000a\000v\000i\000t\000y}{part.9}% 117
\BOOKMARK [1][-]{section.J.1}{\376\377\000C\000r\000i\000t\000i\000q\000u\000e\000\040\000o\000f\000\040\000E\000m\000e\000r\000g\000e\000n\000t\000\040\000G\000r\000a\000v\000i\000t\000y}{appendix.J}% 118
\BOOKMARK [1][-]{section.J.2}{\376\377\000R\000S\000V\000P\000\040\000A\000d\000v\000a\000n\000t\000a\000g\000e\000s}{appendix.J}% 119
\BOOKMARK [0][-]{appendix.K}{\376\377\000K\000o\000l\000m\000o\000g\000o\000r\000o\000v\000\040\000C\000o\000m\000p\000l\000e\000x\000i\000t\000y\000\040\000a\000n\000d\000\040\000C\000o\000n\000s\000c\000i\000o\000u\000s\000n\000e\000s\000s\000\040\000M\000e\000t\000r\000i\000c\000s}{part.9}% 120
\BOOKMARK [1][-]{section.K.1}{\376\377\000C\000o\000n\000s\000c\000i\000o\000u\000s\000n\000e\000s\000s\000\040\000M\000e\000t\000r\000i\000c\000s}{appendix.K}% 121
\BOOKMARK [1][-]{section.K.2}{\376\377\000K\000o\000l\000m\000o\000g\000o\000r\000o\000v\000\040\000C\000o\000m\000p\000l\000e\000x\000i\000t\000y}{appendix.K}% 122
\BOOKMARK [0][-]{appendix.L}{\376\377\000L\000a\000m\000p\000h\000r\000o\000n\040\023\000L\000a\000m\000p\000h\000r\000o\000d\000y\000n\000e\000\040\000D\000y\000n\000a\000m\000i\000c\000s}{part.9}% 123
\BOOKMARK [1][-]{section.L.1}{\376\377\000C\000r\000y\000s\000t\000a\000l\000l\000i\000n\000e\000\040\000P\000l\000e\000n\000u\000m}{appendix.L}% 124
\BOOKMARK [1][-]{section.L.2}{\376\377\000D\000y\000n\000a\000m\000i\000c\000s}{appendix.L}% 125
\BOOKMARK [0][-]{appendix.M}{\376\377\000M\000e\000t\000r\000i\000c\000s\000\040\000o\000f\000\040\000C\000o\000n\000s\000c\000i\000o\000u\000s\000n\000e\000s\000s}{part.9}% 126
\BOOKMARK [1][-]{section.M.1}{\376\377\000F\000o\000r\000m\000a\000l\000\040\000D\000e\000f\000i\000n\000i\000t\000i\000o\000n}{appendix.M}% 127
\BOOKMARK [1][-]{section.M.2}{\376\377\000C\000o\000g\000n\000i\000t\000i\000v\000e\000\040\000A\000p\000p\000l\000i\000c\000a\000t\000i\000o\000n\000s}{appendix.M}% 128
\BOOKMARK [0][-]{appendix.N}{\376\377\000N\000u\000l\000l\000\040\000C\000o\000n\000v\000e\000n\000t\000i\000o\000n\000\040\000L\000o\000g\000i\000c\000\040\000a\000n\000d\000\040\000R\000S\000V\000P}{part.9}% 129
\BOOKMARK [1][-]{section.N.1}{\376\377\000C\000o\000n\000t\000r\000o\000l\000\040\000T\000h\000e\000o\000r\000y\000\040\000I\000n\000t\000e\000g\000r\000a\000t\000i\000o\000n}{appendix.N}% 130
\BOOKMARK [1][-]{section.N.2}{\376\377\000N\000u\000l\000l\000\040\000C\000o\000n\000v\000e\000n\000t\000i\000o\000n\000\040\000L\000o\000g\000i\000c}{appendix.N}% 131
\BOOKMARK [0][-]{appendix.O}{\376\377\000O\000n\000t\000o\000l\000o\000g\000y\000\040\000a\000n\000d\000\040\000O\000b\000s\000e\000r\000v\000e\000r}{part.9}% 132
\BOOKMARK [1][-]{section.O.1}{\376\377\000R\000e\000c\000u\000r\000s\000i\000v\000e\000\040\000C\000a\000u\000s\000a\000l\000i\000t\000y}{appendix.O}% 133
\BOOKMARK [1][-]{section.O.2}{\376\377\000O\000b\000s\000e\000r\000v\000e\000r\000\040\000E\000f\000f\000e\000c\000t\000s}{appendix.O}% 134
\BOOKMARK [0][-]{appendix.P}{\376\377\000P\000r\000o\000b\000a\000b\000i\000l\000i\000t\000y\000\040\000D\000i\000s\000t\000r\000i\000b\000u\000t\000i\000o\000n\000s\000\040\000i\000n\000\040\000R\000S\000V\000P}{part.9}% 135
\BOOKMARK [1][-]{section.P.1}{\376\377\000H\000e\000a\000v\000y\000-\000T\000a\000i\000l\000e\000d\000\040\000D\000i\000s\000t\000r\000i\000b\000u\000t\000i\000o\000n\000s}{appendix.P}% 136
\BOOKMARK [1][-]{section.P.2}{\376\377\000I\000m\000p\000l\000i\000c\000a\000t\000i\000o\000n\000s}{appendix.P}% 137
\BOOKMARK [0][-]{appendix.Q}{\376\377\000Q\000u\000a\000n\000t\000u\000m\000\040\000E\000x\000t\000e\000n\000s\000i\000o\000n\000s}{part.9}% 138
\BOOKMARK [1][-]{section.Q.1}{\376\377\000U\000n\000i\000s\000t\000o\000c\000h\000a\000s\000t\000i\000c\000\040\000M\000a\000p\000p\000i\000n\000g\000s}{appendix.Q}% 139
\BOOKMARK [1][-]{section.Q.2}{\376\377\000B\000V\000/\000B\000R\000S\000T\000\040\000Q\000u\000a\000n\000t\000i\000z\000a\000t\000i\000o\000n}{appendix.Q}% 140
\BOOKMARK [0][-]{appendix.R}{\376\377\000R\000e\000c\000u\000r\000s\000i\000v\000e\000\040\000T\000i\000l\000i\000n\000g\000\040\000a\000n\000d\000\040\000T\000A\000R\000T\000A\000N}{part.9}% 141
\BOOKMARK [1][-]{section.R.1}{\376\377\000T\000A\000R\000T\000A\000N\000\040\000F\000r\000a\000m\000e\000w\000o\000r\000k}{appendix.R}% 142
\BOOKMARK [1][-]{section.R.2}{\376\377\000S\000i\000m\000u\000l\000a\000t\000i\000o\000n\000\040\000S\000t\000r\000a\000t\000e\000g\000y}{appendix.R}% 143
\BOOKMARK [0][-]{appendix.S}{\376\377\000S\000e\000m\000a\000n\000t\000i\000c\000\040\000I\000n\000f\000r\000a\000s\000t\000r\000u\000c\000t\000u\000r\000e\000\040\000a\000n\000d\000\040\000C\000a\000t\000e\000g\000o\000r\000y\000\040\000T\000h\000e\000o\000r\000y}{part.9}% 144
\BOOKMARK [1][-]{section.S.1}{\376\377\000S\000e\000m\000a\000n\000t\000i\000c\000\040\000M\000e\000r\000g\000e\000\040\000O\000p\000e\000r\000a\000t\000o\000r\000s}{appendix.S}% 145
\BOOKMARK [1][-]{section.S.2}{\376\377\000D\000e\000r\000i\000v\000e\000d\000\040\000L\000-\000S\000y\000s\000t\000e\000m\000s}{appendix.S}% 146
\BOOKMARK [0][-]{appendix.T}{\376\377\000T\000h\000e\000r\000m\000o\000d\000y\000n\000a\000m\000i\000c\000\040\000C\000y\000c\000l\000e\000s\000\040\000a\000n\000d\000\040\000E\000n\000t\000r\000o\000p\000y\000\040\000B\000a\000l\000a\000n\000c\000e}{part.9}% 147
\BOOKMARK [1][-]{section.T.1}{\376\377\000T\000h\000e\000r\000m\000o\000d\000y\000n\000a\000m\000i\000c\000\040\000F\000r\000a\000m\000e\000w\000o\000r\000k}{appendix.T}% 148
\BOOKMARK [1][-]{section.T.2}{\376\377\000A\000p\000p\000l\000i\000c\000a\000t\000i\000o\000n\000s}{appendix.T}% 149
\BOOKMARK [0][-]{appendix.U}{\376\377\000U\000n\000i\000f\000i\000c\000a\000t\000i\000o\000n\000\040\000A\000t\000t\000e\000m\000p\000t\000s}{part.9}% 150
\BOOKMARK [1][-]{section.U.1}{\376\377\000I\000n\000t\000e\000g\000r\000a\000t\000i\000o\000n\000\040\000w\000i\000t\000h\000\040\000O\000t\000h\000e\000r\000\040\000T\000h\000e\000o\000r\000i\000e\000s}{appendix.U}% 151
\BOOKMARK [1][-]{section.U.2}{\376\377\000U\000n\000i\000f\000i\000e\000d\000\040\000E\000n\000t\000r\000o\000p\000i\000c\000\040\000F\000r\000a\000m\000e\000w\000o\000r\000k}{appendix.U}% 152
\BOOKMARK [0][-]{appendix.V}{\376\377\000V\000a\000r\000i\000a\000t\000i\000o\000n\000a\000l\000\040\000P\000r\000i\000n\000c\000i\000p\000l\000e\000s}{part.9}% 153
\BOOKMARK [1][-]{section.V.1}{\376\377\000R\000S\000V\000P\000\040\000A\000c\000t\000i\000o\000n\000\040\000F\000u\000n\000c\000t\000i\000o\000n\000a\000l}{appendix.V}% 154
\BOOKMARK [0][-]{appendix.W}{\376\377\000W\000a\000v\000e\000\040\000P\000h\000e\000n\000o\000m\000e\000n\000a\000\040\000i\000n\000\040\000R\000S\000V\000P}{part.9}% 155
\BOOKMARK [1][-]{section.W.1}{\376\377\000O\000s\000c\000i\000l\000l\000a\000t\000o\000r\000y\000\040\000M\000o\000d\000e\000s}{appendix.W}% 156
\BOOKMARK [1][-]{section.W.2}{\376\377\000A\000p\000p\000l\000i\000c\000a\000t\000i\000o\000n\000s}{appendix.W}% 157
\BOOKMARK [0][-]{appendix.X}{\376\377\000C\000a\000u\000c\000h\000y\000\040\000F\000o\000u\000n\000d\000a\000t\000i\000o\000n\000s\000\040\000i\000n\000\040\000R\000S\000V\000P\000\040\000T\000h\000e\000o\000r\000y}{part.9}% 158
\BOOKMARK [1][-]{section.X.1}{\376\377\000P\000D\000E\000\040\000F\000o\000u\000n\000d\000a\000t\000i\000o\000n\000s}{appendix.X}% 159
\BOOKMARK [1][-]{section.X.2}{\376\377\000S\000t\000r\000e\000s\000s\000\040\000T\000e\000n\000s\000o\000r}{appendix.X}% 160
\BOOKMARK [0][-]{appendix.Y}{\376\377\000F\000r\000o\000m\000\040\000C\000a\000u\000c\000h\000y\000\040\000t\000o\000\040\000R\000S\000V\000P\000\040\040\024\000\040\000A\000\040\000L\000i\000n\000e\000a\000g\000e\000\040\000o\000f\000\040\000R\000i\000g\000o\000r}{part.9}% 161
\BOOKMARK [1][-]{section.Y.1}{\376\377\000I\000n\000t\000e\000l\000l\000e\000c\000t\000u\000a\000l\000\040\000G\000e\000n\000e\000a\000l\000o\000g\000y}{appendix.Y}% 162
\BOOKMARK [0][-]{appendix.Z}{\376\377\000W\000h\000i\000t\000t\000l\000e\040\031\000s\000\040\000C\000o\000s\000m\000o\000l\000o\000g\000i\000c\000a\000l\000\040\000I\000l\000l\000u\000s\000t\000r\000a\000t\000i\000o\000n\000s\000\040\000i\000n\000\040\000R\000S\000V\000P}{part.9}% 163
\BOOKMARK [1][-]{section.Z.1}{\376\377\000P\000e\000d\000a\000g\000o\000g\000i\000c\000a\000l\000\040\000R\000e\000i\000n\000t\000e\000r\000p\000r\000e\000t\000a\000t\000i\000o\000n}{appendix.Z}% 164
\BOOKMARK [1][-]{section.Z.2}{\376\377\000A\000p\000p\000l\000i\000c\000a\000t\000i\000o\000n\000s}{appendix.Z}% 165
