This is pdfTeX, Version 3.141592653-2.6-1.40.22 (TeX Live 2022/dev/Debian) (preloaded format=pdflatex 2025.8.11)  15 AUG 2025 21:08
entering extended mode
 restricted \write18 enabled.
 %&-line parsing enabled.
**thermal-infrastructure.tex
(./thermal-infrastructure.tex
LaTeX2e <2021-11-15> patch level 1
L3 programming layer <2022-01-21>
(/usr/share/texlive/texmf-dist/tex/latex/base/article.cls
Document Class: article 2021/10/04 v1.4n Standard LaTeX document class
(/usr/share/texlive/texmf-dist/tex/latex/base/size12.clo
File: size12.clo 2021/10/04 v1.4n Standard LaTeX file (size option)
)
\c@part=\count185
\c@section=\count186
\c@subsection=\count187
\c@subsubsection=\count188
\c@paragraph=\count189
\c@subparagraph=\count190
\c@figure=\count191
\c@table=\count192
\abovecaptionskip=\skip47
\belowcaptionskip=\skip48
\bibindent=\dimen138
)
(/usr/share/texlive/texmf-dist/tex/latex/geometry/geometry.sty
Package: geometry 2020/01/02 v5.9 Page Geometry

(/usr/share/texlive/texmf-dist/tex/latex/graphics/keyval.sty
Package: keyval 2014/10/28 v1.15 key=value parser (DPC)
\KV@toks@=\toks16
)
(/usr/share/texlive/texmf-dist/tex/generic/iftex/ifvtex.sty
Package: ifvtex 2019/10/25 v1.7 ifvtex legacy package. Use iftex instead.

(/usr/share/texlive/texmf-dist/tex/generic/iftex/iftex.sty
Package: iftex 2020/03/06 v1.0d TeX engine tests
))
\Gm@cnth=\count193
\Gm@cntv=\count194
\c@Gm@tempcnt=\count195
\Gm@bindingoffset=\dimen139
\Gm@wd@mp=\dimen140
\Gm@odd@mp=\dimen141
\Gm@even@mp=\dimen142
\Gm@layoutwidth=\dimen143
\Gm@layoutheight=\dimen144
\Gm@layouthoffset=\dimen145
\Gm@layoutvoffset=\dimen146
\Gm@dimlist=\toks17
)
(/usr/share/texlive/texmf-dist/tex/latex/amsmath/amsmath.sty
Package: amsmath 2021/10/15 v2.17l AMS math features
\@mathmargin=\skip49

For additional information on amsmath, use the `?' option.
(/usr/share/texlive/texmf-dist/tex/latex/amsmath/amstext.sty
Package: amstext 2021/08/26 v2.01 AMS text

(/usr/share/texlive/texmf-dist/tex/latex/amsmath/amsgen.sty
File: amsgen.sty 1999/11/30 v2.0 generic functions
\@emptytoks=\toks18
\ex@=\dimen147
))
(/usr/share/texlive/texmf-dist/tex/latex/amsmath/amsbsy.sty
Package: amsbsy 1999/11/29 v1.2d Bold Symbols
\pmbraise@=\dimen148
)
(/usr/share/texlive/texmf-dist/tex/latex/amsmath/amsopn.sty
Package: amsopn 2021/08/26 v2.02 operator names
)
\inf@bad=\count196
LaTeX Info: Redefining \frac on input line 234.
\uproot@=\count197
\leftroot@=\count198
LaTeX Info: Redefining \overline on input line 399.
\classnum@=\count199
\DOTSCASE@=\count266
LaTeX Info: Redefining \ldots on input line 496.
LaTeX Info: Redefining \dots on input line 499.
LaTeX Info: Redefining \cdots on input line 620.
\Mathstrutbox@=\box50
\strutbox@=\box51
\big@size=\dimen149
LaTeX Font Info:    Redeclaring font encoding OML on input line 743.
LaTeX Font Info:    Redeclaring font encoding OMS on input line 744.
\macc@depth=\count267
\c@MaxMatrixCols=\count268
\dotsspace@=\muskip16
\c@parentequation=\count269
\dspbrk@lvl=\count270
\tag@help=\toks19
\row@=\count271
\column@=\count272
\maxfields@=\count273
\andhelp@=\toks20
\eqnshift@=\dimen150
\alignsep@=\dimen151
\tagshift@=\dimen152
\tagwidth@=\dimen153
\totwidth@=\dimen154
\lineht@=\dimen155
\@envbody=\toks21
\multlinegap=\skip50
\multlinetaggap=\skip51
\mathdisplay@stack=\toks22
LaTeX Info: Redefining \[ on input line 2938.
LaTeX Info: Redefining \] on input line 2939.
)
(/usr/share/texlive/texmf-dist/tex/latex/amsfonts/amssymb.sty
Package: amssymb 2013/01/14 v3.01 AMS font symbols

(/usr/share/texlive/texmf-dist/tex/latex/amsfonts/amsfonts.sty
Package: amsfonts 2013/01/14 v3.01 Basic AMSFonts support
\symAMSa=\mathgroup4
\symAMSb=\mathgroup5
LaTeX Font Info:    Redeclaring math symbol \hbar on input line 98.
LaTeX Font Info:    Overwriting math alphabet `\mathfrak' in version `bold'
(Font)                  U/euf/m/n --> U/euf/b/n on input line 106.
))
(/usr/share/texlive/texmf-dist/tex/latex/amscls/amsthm.sty
Package: amsthm 2020/05/29 v2.20.6
\thm@style=\toks23
\thm@bodyfont=\toks24
\thm@headfont=\toks25
\thm@notefont=\toks26
\thm@headpunct=\toks27
\thm@preskip=\skip52
\thm@postskip=\skip53
\thm@headsep=\skip54
\dth@everypar=\toks28
)
(/usr/share/texlive/texmf-dist/tex/latex/graphics/graphicx.sty
Package: graphicx 2021/09/16 v1.2d Enhanced LaTeX Graphics (DPC,SPQR)

(/usr/share/texlive/texmf-dist/tex/latex/graphics/graphics.sty
Package: graphics 2021/03/04 v1.4d Standard LaTeX Graphics (DPC,SPQR)

(/usr/share/texlive/texmf-dist/tex/latex/graphics/trig.sty
Package: trig 2021/08/11 v1.11 sin cos tan (DPC)
)
(/usr/share/texlive/texmf-dist/tex/latex/graphics-cfg/graphics.cfg
File: graphics.cfg 2016/06/04 v1.11 sample graphics configuration
)
Package graphics Info: Driver file: pdftex.def on input line 107.

(/usr/share/texlive/texmf-dist/tex/latex/graphics-def/pdftex.def
File: pdftex.def 2020/10/05 v1.2a Graphics/color driver for pdftex
))
\Gin@req@height=\dimen156
\Gin@req@width=\dimen157
)
(/usr/share/texlive/texmf-dist/tex/latex/hyperref/hyperref.sty
Package: hyperref 2021-06-07 v7.00m Hypertext links for LaTeX

(/usr/share/texlive/texmf-dist/tex/generic/ltxcmds/ltxcmds.sty
Package: ltxcmds 2020-05-10 v1.25 LaTeX kernel commands for general use (HO)
)
(/usr/share/texlive/texmf-dist/tex/generic/pdftexcmds/pdftexcmds.sty
Package: pdftexcmds 2020-06-27 v0.33 Utility functions of pdfTeX for LuaTeX (HO
)

(/usr/share/texlive/texmf-dist/tex/generic/infwarerr/infwarerr.sty
Package: infwarerr 2019/12/03 v1.5 Providing info/warning/error messages (HO)
)
Package pdftexcmds Info: \pdf@primitive is available.
Package pdftexcmds Info: \pdf@ifprimitive is available.
Package pdftexcmds Info: \pdfdraftmode found.
)
(/usr/share/texlive/texmf-dist/tex/generic/kvsetkeys/kvsetkeys.sty
Package: kvsetkeys 2019/12/15 v1.18 Key value parser (HO)
)
(/usr/share/texlive/texmf-dist/tex/generic/kvdefinekeys/kvdefinekeys.sty
Package: kvdefinekeys 2019-12-19 v1.6 Define keys (HO)
)
(/usr/share/texlive/texmf-dist/tex/generic/pdfescape/pdfescape.sty
Package: pdfescape 2019/12/09 v1.15 Implements pdfTeX's escape features (HO)
)
(/usr/share/texlive/texmf-dist/tex/latex/hycolor/hycolor.sty
Package: hycolor 2020-01-27 v1.10 Color options for hyperref/bookmark (HO)
)
(/usr/share/texlive/texmf-dist/tex/latex/letltxmacro/letltxmacro.sty
Package: letltxmacro 2019/12/03 v1.6 Let assignment for LaTeX macros (HO)
)
(/usr/share/texlive/texmf-dist/tex/latex/auxhook/auxhook.sty
Package: auxhook 2019-12-17 v1.6 Hooks for auxiliary files (HO)
)
(/usr/share/texlive/texmf-dist/tex/latex/kvoptions/kvoptions.sty
Package: kvoptions 2020-10-07 v3.14 Key value format for package options (HO)
)
\@linkdim=\dimen158
\Hy@linkcounter=\count274
\Hy@pagecounter=\count275

(/usr/share/texlive/texmf-dist/tex/latex/hyperref/pd1enc.def
File: pd1enc.def 2021-06-07 v7.00m Hyperref: PDFDocEncoding definition (HO)
Now handling font encoding PD1 ...
... no UTF-8 mapping file for font encoding PD1
)
(/usr/share/texlive/texmf-dist/tex/latex/hyperref/hyperref-langpatches.def
File: hyperref-langpatches.def 2021-06-07 v7.00m Hyperref: patches for babel la
nguages
)
(/usr/share/texlive/texmf-dist/tex/generic/intcalc/intcalc.sty
Package: intcalc 2019/12/15 v1.3 Expandable calculations with integers (HO)
)
(/usr/share/texlive/texmf-dist/tex/generic/etexcmds/etexcmds.sty
Package: etexcmds 2019/12/15 v1.7 Avoid name clashes with e-TeX commands (HO)
)
\Hy@SavedSpaceFactor=\count276

(/usr/share/texlive/texmf-dist/tex/latex/hyperref/puenc.def
File: puenc.def 2021-06-07 v7.00m Hyperref: PDF Unicode definition (HO)
Now handling font encoding PU ...
... no UTF-8 mapping file for font encoding PU
)
Package hyperref Info: Hyper figures OFF on input line 4192.
Package hyperref Info: Link nesting OFF on input line 4197.
Package hyperref Info: Hyper index ON on input line 4200.
Package hyperref Info: Plain pages OFF on input line 4207.
Package hyperref Info: Backreferencing OFF on input line 4212.
Package hyperref Info: Implicit mode ON; LaTeX internals redefined.
Package hyperref Info: Bookmarks ON on input line 4445.
\c@Hy@tempcnt=\count277

(/usr/share/texlive/texmf-dist/tex/latex/url/url.sty
\Urlmuskip=\muskip17
Package: url 2013/09/16  ver 3.4  Verb mode for urls, etc.
)
LaTeX Info: Redefining \url on input line 4804.
\XeTeXLinkMargin=\dimen159

(/usr/share/texlive/texmf-dist/tex/generic/bitset/bitset.sty
Package: bitset 2019/12/09 v1.3 Handle bit-vector datatype (HO)

(/usr/share/texlive/texmf-dist/tex/generic/bigintcalc/bigintcalc.sty
Package: bigintcalc 2019/12/15 v1.5 Expandable calculations on big integers (HO
)
))
\Fld@menulength=\count278
\Field@Width=\dimen160
\Fld@charsize=\dimen161
Package hyperref Info: Hyper figures OFF on input line 6076.
Package hyperref Info: Link nesting OFF on input line 6081.
Package hyperref Info: Hyper index ON on input line 6084.
Package hyperref Info: backreferencing OFF on input line 6091.
Package hyperref Info: Link coloring OFF on input line 6096.
Package hyperref Info: Link coloring with OCG OFF on input line 6101.
Package hyperref Info: PDF/A mode OFF on input line 6106.
LaTeX Info: Redefining \ref on input line 6146.
LaTeX Info: Redefining \pageref on input line 6150.

(/usr/share/texlive/texmf-dist/tex/latex/base/atbegshi-ltx.sty
Package: atbegshi-ltx 2021/01/10 v1.0c Emulation of the original atbegshi
package with kernel methods
)
\Hy@abspage=\count279
\c@Item=\count280
\c@Hfootnote=\count281
)
Package hyperref Info: Driver (autodetected): hpdftex.

(/usr/share/texlive/texmf-dist/tex/latex/hyperref/hpdftex.def
File: hpdftex.def 2021-06-07 v7.00m Hyperref driver for pdfTeX

(/usr/share/texlive/texmf-dist/tex/latex/base/atveryend-ltx.sty
Package: atveryend-ltx 2020/08/19 v1.0a Emulation of the original atveryend pac
kage
with kernel methods
)
\Fld@listcount=\count282
\c@bookmark@seq@number=\count283

(/usr/share/texlive/texmf-dist/tex/latex/rerunfilecheck/rerunfilecheck.sty
Package: rerunfilecheck 2019/12/05 v1.9 Rerun checks for auxiliary files (HO)

(/usr/share/texlive/texmf-dist/tex/generic/uniquecounter/uniquecounter.sty
Package: uniquecounter 2019/12/15 v1.4 Provide unlimited unique counter (HO)
)
Package uniquecounter Info: New unique counter `rerunfilecheck' on input line 2
86.
)
\Hy@SectionHShift=\skip55
)
(/usr/share/texlive/texmf-dist/tex/latex/natbib/natbib.sty
Package: natbib 2010/09/13 8.31b (PWD, AO)
\bibhang=\skip56
\bibsep=\skip57
LaTeX Info: Redefining \cite on input line 694.
\c@NAT@ctr=\count284
)
(/usr/share/texlive/texmf-dist/tex/latex/pgf/frontendlayer/tikz.sty
(/usr/share/texlive/texmf-dist/tex/latex/pgf/basiclayer/pgf.sty
(/usr/share/texlive/texmf-dist/tex/latex/pgf/utilities/pgfrcs.sty
(/usr/share/texlive/texmf-dist/tex/generic/pgf/utilities/pgfutil-common.tex
\pgfutil@everybye=\toks29
\pgfutil@tempdima=\dimen162
\pgfutil@tempdimb=\dimen163

(/usr/share/texlive/texmf-dist/tex/generic/pgf/utilities/pgfutil-common-lists.t
ex)) (/usr/share/texlive/texmf-dist/tex/generic/pgf/utilities/pgfutil-latex.def
\pgfutil@abb=\box52
) (/usr/share/texlive/texmf-dist/tex/generic/pgf/utilities/pgfrcs.code.tex
(/usr/share/texlive/texmf-dist/tex/generic/pgf/pgf.revision.tex)
Package: pgfrcs 2021/05/15 v3.1.9a (3.1.9a)
))
Package: pgf 2021/05/15 v3.1.9a (3.1.9a)

(/usr/share/texlive/texmf-dist/tex/latex/pgf/basiclayer/pgfcore.sty
(/usr/share/texlive/texmf-dist/tex/latex/pgf/systemlayer/pgfsys.sty
(/usr/share/texlive/texmf-dist/tex/generic/pgf/systemlayer/pgfsys.code.tex
Package: pgfsys 2021/05/15 v3.1.9a (3.1.9a)

(/usr/share/texlive/texmf-dist/tex/generic/pgf/utilities/pgfkeys.code.tex
\pgfkeys@pathtoks=\toks30
\pgfkeys@temptoks=\toks31

(/usr/share/texlive/texmf-dist/tex/generic/pgf/utilities/pgfkeysfiltered.code.t
ex
\pgfkeys@tmptoks=\toks32
))
\pgf@x=\dimen164
\pgf@y=\dimen165
\pgf@xa=\dimen166
\pgf@ya=\dimen167
\pgf@xb=\dimen168
\pgf@yb=\dimen169
\pgf@xc=\dimen170
\pgf@yc=\dimen171
\pgf@xd=\dimen172
\pgf@yd=\dimen173
\w@pgf@writea=\write3
\r@pgf@reada=\read2
\c@pgf@counta=\count285
\c@pgf@countb=\count286
\c@pgf@countc=\count287
\c@pgf@countd=\count288
\t@pgf@toka=\toks33
\t@pgf@tokb=\toks34
\t@pgf@tokc=\toks35
\pgf@sys@id@count=\count289
 (/usr/share/texlive/texmf-dist/tex/generic/pgf/systemlayer/pgf.cfg
File: pgf.cfg 2021/05/15 v3.1.9a (3.1.9a)
)
Driver file for pgf: pgfsys-pdftex.def

(/usr/share/texlive/texmf-dist/tex/generic/pgf/systemlayer/pgfsys-pdftex.def
File: pgfsys-pdftex.def 2021/05/15 v3.1.9a (3.1.9a)

(/usr/share/texlive/texmf-dist/tex/generic/pgf/systemlayer/pgfsys-common-pdf.de
f
File: pgfsys-common-pdf.def 2021/05/15 v3.1.9a (3.1.9a)
)))
(/usr/share/texlive/texmf-dist/tex/generic/pgf/systemlayer/pgfsyssoftpath.code.
tex
File: pgfsyssoftpath.code.tex 2021/05/15 v3.1.9a (3.1.9a)
\pgfsyssoftpath@smallbuffer@items=\count290
\pgfsyssoftpath@bigbuffer@items=\count291
)
(/usr/share/texlive/texmf-dist/tex/generic/pgf/systemlayer/pgfsysprotocol.code.
tex
File: pgfsysprotocol.code.tex 2021/05/15 v3.1.9a (3.1.9a)
)) (/usr/share/texlive/texmf-dist/tex/latex/xcolor/xcolor.sty
Package: xcolor 2021/10/31 v2.13 LaTeX color extensions (UK)

(/usr/share/texlive/texmf-dist/tex/latex/graphics-cfg/color.cfg
File: color.cfg 2016/01/02 v1.6 sample color configuration
)
Package xcolor Info: Driver file: pdftex.def on input line 227.
Package xcolor Info: Model `cmy' substituted by `cmy0' on input line 1352.
Package xcolor Info: Model `hsb' substituted by `rgb' on input line 1356.
Package xcolor Info: Model `RGB' extended on input line 1368.
Package xcolor Info: Model `HTML' substituted by `rgb' on input line 1370.
Package xcolor Info: Model `Hsb' substituted by `hsb' on input line 1371.
Package xcolor Info: Model `tHsb' substituted by `hsb' on input line 1372.
Package xcolor Info: Model `HSB' substituted by `hsb' on input line 1373.
Package xcolor Info: Model `Gray' substituted by `gray' on input line 1374.
Package xcolor Info: Model `wave' substituted by `hsb' on input line 1375.
)
(/usr/share/texlive/texmf-dist/tex/generic/pgf/basiclayer/pgfcore.code.tex
Package: pgfcore 2021/05/15 v3.1.9a (3.1.9a)

(/usr/share/texlive/texmf-dist/tex/generic/pgf/math/pgfmath.code.tex
(/usr/share/texlive/texmf-dist/tex/generic/pgf/math/pgfmathcalc.code.tex
(/usr/share/texlive/texmf-dist/tex/generic/pgf/math/pgfmathutil.code.tex)
(/usr/share/texlive/texmf-dist/tex/generic/pgf/math/pgfmathparser.code.tex
\pgfmath@dimen=\dimen174
\pgfmath@count=\count292
\pgfmath@box=\box53
\pgfmath@toks=\toks36
\pgfmath@stack@operand=\toks37
\pgfmath@stack@operation=\toks38
)
(/usr/share/texlive/texmf-dist/tex/generic/pgf/math/pgfmathfunctions.code.tex
(/usr/share/texlive/texmf-dist/tex/generic/pgf/math/pgfmathfunctions.basic.code
.tex)
(/usr/share/texlive/texmf-dist/tex/generic/pgf/math/pgfmathfunctions.trigonomet
ric.code.tex)
(/usr/share/texlive/texmf-dist/tex/generic/pgf/math/pgfmathfunctions.random.cod
e.tex)
(/usr/share/texlive/texmf-dist/tex/generic/pgf/math/pgfmathfunctions.comparison
.code.tex)
(/usr/share/texlive/texmf-dist/tex/generic/pgf/math/pgfmathfunctions.base.code.
tex)
(/usr/share/texlive/texmf-dist/tex/generic/pgf/math/pgfmathfunctions.round.code
.tex)
(/usr/share/texlive/texmf-dist/tex/generic/pgf/math/pgfmathfunctions.misc.code.
tex)
(/usr/share/texlive/texmf-dist/tex/generic/pgf/math/pgfmathfunctions.integerari
thmetics.code.tex)))
(/usr/share/texlive/texmf-dist/tex/generic/pgf/math/pgfmathfloat.code.tex
\c@pgfmathroundto@lastzeros=\count293
))
(/usr/share/texlive/texmf-dist/tex/generic/pgf/math/pgfint.code.tex)
(/usr/share/texlive/texmf-dist/tex/generic/pgf/basiclayer/pgfcorepoints.code.te
x
File: pgfcorepoints.code.tex 2021/05/15 v3.1.9a (3.1.9a)
\pgf@picminx=\dimen175
\pgf@picmaxx=\dimen176
\pgf@picminy=\dimen177
\pgf@picmaxy=\dimen178
\pgf@pathminx=\dimen179
\pgf@pathmaxx=\dimen180
\pgf@pathminy=\dimen181
\pgf@pathmaxy=\dimen182
\pgf@xx=\dimen183
\pgf@xy=\dimen184
\pgf@yx=\dimen185
\pgf@yy=\dimen186
\pgf@zx=\dimen187
\pgf@zy=\dimen188
)
(/usr/share/texlive/texmf-dist/tex/generic/pgf/basiclayer/pgfcorepathconstruct.
code.tex
File: pgfcorepathconstruct.code.tex 2021/05/15 v3.1.9a (3.1.9a)
\pgf@path@lastx=\dimen189
\pgf@path@lasty=\dimen190
)
(/usr/share/texlive/texmf-dist/tex/generic/pgf/basiclayer/pgfcorepathusage.code
.tex
File: pgfcorepathusage.code.tex 2021/05/15 v3.1.9a (3.1.9a)
\pgf@shorten@end@additional=\dimen191
\pgf@shorten@start@additional=\dimen192
)
(/usr/share/texlive/texmf-dist/tex/generic/pgf/basiclayer/pgfcorescopes.code.te
x
File: pgfcorescopes.code.tex 2021/05/15 v3.1.9a (3.1.9a)
\pgfpic=\box54
\pgf@hbox=\box55
\pgf@layerbox@main=\box56
\pgf@picture@serial@count=\count294
)
(/usr/share/texlive/texmf-dist/tex/generic/pgf/basiclayer/pgfcoregraphicstate.c
ode.tex
File: pgfcoregraphicstate.code.tex 2021/05/15 v3.1.9a (3.1.9a)
\pgflinewidth=\dimen193
)
(/usr/share/texlive/texmf-dist/tex/generic/pgf/basiclayer/pgfcoretransformation
s.code.tex
File: pgfcoretransformations.code.tex 2021/05/15 v3.1.9a (3.1.9a)
\pgf@pt@x=\dimen194
\pgf@pt@y=\dimen195
\pgf@pt@temp=\dimen196
)
(/usr/share/texlive/texmf-dist/tex/generic/pgf/basiclayer/pgfcorequick.code.tex
File: pgfcorequick.code.tex 2021/05/15 v3.1.9a (3.1.9a)
)
(/usr/share/texlive/texmf-dist/tex/generic/pgf/basiclayer/pgfcoreobjects.code.t
ex
File: pgfcoreobjects.code.tex 2021/05/15 v3.1.9a (3.1.9a)
)
(/usr/share/texlive/texmf-dist/tex/generic/pgf/basiclayer/pgfcorepathprocessing
.code.tex
File: pgfcorepathprocessing.code.tex 2021/05/15 v3.1.9a (3.1.9a)
)
(/usr/share/texlive/texmf-dist/tex/generic/pgf/basiclayer/pgfcorearrows.code.te
x
File: pgfcorearrows.code.tex 2021/05/15 v3.1.9a (3.1.9a)
\pgfarrowsep=\dimen197
)
(/usr/share/texlive/texmf-dist/tex/generic/pgf/basiclayer/pgfcoreshade.code.tex
File: pgfcoreshade.code.tex 2021/05/15 v3.1.9a (3.1.9a)
\pgf@max=\dimen198
\pgf@sys@shading@range@num=\count295
\pgf@shadingcount=\count296
)
(/usr/share/texlive/texmf-dist/tex/generic/pgf/basiclayer/pgfcoreimage.code.tex
File: pgfcoreimage.code.tex 2021/05/15 v3.1.9a (3.1.9a)

(/usr/share/texlive/texmf-dist/tex/generic/pgf/basiclayer/pgfcoreexternal.code.
tex
File: pgfcoreexternal.code.tex 2021/05/15 v3.1.9a (3.1.9a)
\pgfexternal@startupbox=\box57
))
(/usr/share/texlive/texmf-dist/tex/generic/pgf/basiclayer/pgfcorelayers.code.te
x
File: pgfcorelayers.code.tex 2021/05/15 v3.1.9a (3.1.9a)
)
(/usr/share/texlive/texmf-dist/tex/generic/pgf/basiclayer/pgfcoretransparency.c
ode.tex
File: pgfcoretransparency.code.tex 2021/05/15 v3.1.9a (3.1.9a)
)
(/usr/share/texlive/texmf-dist/tex/generic/pgf/basiclayer/pgfcorepatterns.code.
tex
File: pgfcorepatterns.code.tex 2021/05/15 v3.1.9a (3.1.9a)
)
(/usr/share/texlive/texmf-dist/tex/generic/pgf/basiclayer/pgfcorerdf.code.tex
File: pgfcorerdf.code.tex 2021/05/15 v3.1.9a (3.1.9a)
)))
(/usr/share/texlive/texmf-dist/tex/generic/pgf/modules/pgfmoduleshapes.code.tex
File: pgfmoduleshapes.code.tex 2021/05/15 v3.1.9a (3.1.9a)
\pgfnodeparttextbox=\box58
) (/usr/share/texlive/texmf-dist/tex/generic/pgf/modules/pgfmoduleplot.code.tex
File: pgfmoduleplot.code.tex 2021/05/15 v3.1.9a (3.1.9a)
)
(/usr/share/texlive/texmf-dist/tex/latex/pgf/compatibility/pgfcomp-version-0-65
.sty
Package: pgfcomp-version-0-65 2021/05/15 v3.1.9a (3.1.9a)
\pgf@nodesepstart=\dimen199
\pgf@nodesepend=\dimen256
)
(/usr/share/texlive/texmf-dist/tex/latex/pgf/compatibility/pgfcomp-version-1-18
.sty
Package: pgfcomp-version-1-18 2021/05/15 v3.1.9a (3.1.9a)
)) (/usr/share/texlive/texmf-dist/tex/latex/pgf/utilities/pgffor.sty
(/usr/share/texlive/texmf-dist/tex/latex/pgf/utilities/pgfkeys.sty
(/usr/share/texlive/texmf-dist/tex/generic/pgf/utilities/pgfkeys.code.tex))
(/usr/share/texlive/texmf-dist/tex/latex/pgf/math/pgfmath.sty
(/usr/share/texlive/texmf-dist/tex/generic/pgf/math/pgfmath.code.tex))
(/usr/share/texlive/texmf-dist/tex/generic/pgf/utilities/pgffor.code.tex
Package: pgffor 2021/05/15 v3.1.9a (3.1.9a)

(/usr/share/texlive/texmf-dist/tex/generic/pgf/math/pgfmath.code.tex)
\pgffor@iter=\dimen257
\pgffor@skip=\dimen258
\pgffor@stack=\toks39
\pgffor@toks=\toks40
))
(/usr/share/texlive/texmf-dist/tex/generic/pgf/frontendlayer/tikz/tikz.code.tex
Package: tikz 2021/05/15 v3.1.9a (3.1.9a)

(/usr/share/texlive/texmf-dist/tex/generic/pgf/libraries/pgflibraryplothandlers
.code.tex
File: pgflibraryplothandlers.code.tex 2021/05/15 v3.1.9a (3.1.9a)
\pgf@plot@mark@count=\count297
\pgfplotmarksize=\dimen259
)
\tikz@lastx=\dimen260
\tikz@lasty=\dimen261
\tikz@lastxsaved=\dimen262
\tikz@lastysaved=\dimen263
\tikz@lastmovetox=\dimen264
\tikz@lastmovetoy=\dimen265
\tikzleveldistance=\dimen266
\tikzsiblingdistance=\dimen267
\tikz@figbox=\box59
\tikz@figbox@bg=\box60
\tikz@tempbox=\box61
\tikz@tempbox@bg=\box62
\tikztreelevel=\count298
\tikznumberofchildren=\count299
\tikznumberofcurrentchild=\count300
\tikz@fig@count=\count301

(/usr/share/texlive/texmf-dist/tex/generic/pgf/modules/pgfmodulematrix.code.tex
File: pgfmodulematrix.code.tex 2021/05/15 v3.1.9a (3.1.9a)
\pgfmatrixcurrentrow=\count302
\pgfmatrixcurrentcolumn=\count303
\pgf@matrix@numberofcolumns=\count304
)
\tikz@expandcount=\count305

(/usr/share/texlive/texmf-dist/tex/generic/pgf/frontendlayer/tikz/libraries/tik
zlibrarytopaths.code.tex
File: tikzlibrarytopaths.code.tex 2021/05/15 v3.1.9a (3.1.9a)
)))
(/usr/share/texlive/texmf-dist/tex/generic/pgf/frontendlayer/tikz/libraries/tik
zlibraryarrows.code.tex
File: tikzlibraryarrows.code.tex 2021/05/15 v3.1.9a (3.1.9a)

(/usr/share/texlive/texmf-dist/tex/generic/pgf/libraries/pgflibraryarrows.code.
tex
File: pgflibraryarrows.code.tex 2021/05/15 v3.1.9a (3.1.9a)
\arrowsize=\dimen268
))
(/usr/share/texlive/texmf-dist/tex/generic/pgf/frontendlayer/tikz/libraries/tik
zlibrarypositioning.code.tex
File: tikzlibrarypositioning.code.tex 2021/05/15 v3.1.9a (3.1.9a)
)
(/usr/share/texlive/texmf-dist/tex/generic/pgf/frontendlayer/tikz/libraries/tik
zlibraryshapes.code.tex
File: tikzlibraryshapes.code.tex 2021/05/15 v3.1.9a (3.1.9a)

(/usr/share/texlive/texmf-dist/tex/generic/pgf/frontendlayer/tikz/libraries/tik
zlibraryshapes.geometric.code.tex
File: tikzlibraryshapes.geometric.code.tex 2021/05/15 v3.1.9a (3.1.9a)

(/usr/share/texlive/texmf-dist/tex/generic/pgf/libraries/shapes/pgflibraryshape
s.geometric.code.tex
File: pgflibraryshapes.geometric.code.tex 2021/05/15 v3.1.9a (3.1.9a)
))
(/usr/share/texlive/texmf-dist/tex/generic/pgf/frontendlayer/tikz/libraries/tik
zlibraryshapes.misc.code.tex
File: tikzlibraryshapes.misc.code.tex 2021/05/15 v3.1.9a (3.1.9a)

(/usr/share/texlive/texmf-dist/tex/generic/pgf/libraries/shapes/pgflibraryshape
s.misc.code.tex
File: pgflibraryshapes.misc.code.tex 2021/05/15 v3.1.9a (3.1.9a)
))
(/usr/share/texlive/texmf-dist/tex/generic/pgf/frontendlayer/tikz/libraries/tik
zlibraryshapes.symbols.code.tex
File: tikzlibraryshapes.symbols.code.tex 2021/05/15 v3.1.9a (3.1.9a)

(/usr/share/texlive/texmf-dist/tex/generic/pgf/libraries/shapes/pgflibraryshape
s.symbols.code.tex
File: pgflibraryshapes.symbols.code.tex 2021/05/15 v3.1.9a (3.1.9a)
))
(/usr/share/texlive/texmf-dist/tex/generic/pgf/frontendlayer/tikz/libraries/tik
zlibraryshapes.arrows.code.tex
File: tikzlibraryshapes.arrows.code.tex 2021/05/15 v3.1.9a (3.1.9a)

(/usr/share/texlive/texmf-dist/tex/generic/pgf/libraries/shapes/pgflibraryshape
s.arrows.code.tex
File: pgflibraryshapes.arrows.code.tex 2021/05/15 v3.1.9a (3.1.9a)
))
(/usr/share/texlive/texmf-dist/tex/generic/pgf/frontendlayer/tikz/libraries/tik
zlibraryshapes.callouts.code.tex
(/usr/share/texlive/texmf-dist/tex/generic/pgf/libraries/shapes/pgflibraryshape
s.callouts.code.tex))
(/usr/share/texlive/texmf-dist/tex/generic/pgf/frontendlayer/tikz/libraries/tik
zlibraryshapes.multipart.code.tex
File: tikzlibraryshapes.multipart.code.tex 2021/05/15 v3.1.9a (3.1.9a)

(/usr/share/texlive/texmf-dist/tex/generic/pgf/libraries/shapes/pgflibraryshape
s.multipart.code.tex
File: pgflibraryshapes.multipart.code.tex 2021/05/15 v3.1.9a (3.1.9a)
\pgfnodepartlowerbox=\box63
\pgfnodeparttwobox=\box64
\pgfnodepartthreebox=\box65
\pgfnodepartfourbox=\box66
\pgfnodeparttwentybox=\box67
\pgfnodepartnineteenbox=\box68
\pgfnodeparteighteenbox=\box69
\pgfnodepartseventeenbox=\box70
\pgfnodepartsixteenbox=\box71
\pgfnodepartfifteenbox=\box72
\pgfnodepartfourteenbox=\box73
\pgfnodepartthirteenbox=\box74
\pgfnodeparttwelvebox=\box75
\pgfnodepartelevenbox=\box76
\pgfnodeparttenbox=\box77
\pgfnodepartninebox=\box78
\pgfnodeparteightbox=\box79
\pgfnodepartsevenbox=\box80
\pgfnodepartsixbox=\box81
\pgfnodepartfivebox=\box82
)))
(/usr/share/texlive/texmf-dist/tex/latex/l3backend/l3backend-pdftex.def
File: l3backend-pdftex.def 2022-01-12 L3 backend support: PDF output (pdfTeX)
\l__color_backend_stack_int=\count306
\l__pdf_internal_box=\box83
)
(./thermal-infrastructure.aux)
\openout1 = `thermal-infrastructure.aux'.

LaTeX Font Info:    Checking defaults for OML/cmm/m/it on input line 16.
LaTeX Font Info:    ... okay on input line 16.
LaTeX Font Info:    Checking defaults for OMS/cmsy/m/n on input line 16.
LaTeX Font Info:    ... okay on input line 16.
LaTeX Font Info:    Checking defaults for OT1/cmr/m/n on input line 16.
LaTeX Font Info:    ... okay on input line 16.
LaTeX Font Info:    Checking defaults for T1/cmr/m/n on input line 16.
LaTeX Font Info:    ... okay on input line 16.
LaTeX Font Info:    Checking defaults for TS1/cmr/m/n on input line 16.
LaTeX Font Info:    ... okay on input line 16.
LaTeX Font Info:    Checking defaults for OMX/cmex/m/n on input line 16.
LaTeX Font Info:    ... okay on input line 16.
LaTeX Font Info:    Checking defaults for U/cmr/m/n on input line 16.
LaTeX Font Info:    ... okay on input line 16.
LaTeX Font Info:    Checking defaults for PD1/pdf/m/n on input line 16.
LaTeX Font Info:    ... okay on input line 16.
LaTeX Font Info:    Checking defaults for PU/pdf/m/n on input line 16.
LaTeX Font Info:    ... okay on input line 16.

*geometry* driver: auto-detecting
*geometry* detected driver: pdftex
*geometry* verbose mode - [ preamble ] result:
* driver: pdftex
* paper: <default>
* layout: <same size as paper>
* layoutoffset:(h,v)=(0.0pt,0.0pt)
* modes: 
* h-part:(L,W,R)=(72.26999pt, 469.75502pt, 72.26999pt)
* v-part:(T,H,B)=(72.26999pt, 650.43001pt, 72.26999pt)
* \paperwidth=614.295pt
* \paperheight=794.96999pt
* \textwidth=469.75502pt
* \textheight=650.43001pt
* \oddsidemargin=0.0pt
* \evensidemargin=0.0pt
* \topmargin=-37.0pt
* \headheight=12.0pt
* \headsep=25.0pt
* \topskip=12.0pt
* \footskip=30.0pt
* \marginparwidth=44.0pt
* \marginparsep=10.0pt
* \columnsep=10.0pt
* \skip\footins=10.8pt plus 4.0pt minus 2.0pt
* \hoffset=0.0pt
* \voffset=0.0pt
* \mag=1000
* \@twocolumnfalse
* \@twosidefalse
* \@mparswitchfalse
* \@reversemarginfalse
* (1in=72.27pt=25.4mm, 1cm=28.453pt)

(/usr/share/texlive/texmf-dist/tex/context/base/mkii/supp-pdf.mkii
[Loading MPS to PDF converter (version 2006.09.02).]
\scratchcounter=\count307
\scratchdimen=\dimen269
\scratchbox=\box84
\nofMPsegments=\count308
\nofMParguments=\count309
\everyMPshowfont=\toks41
\MPscratchCnt=\count310
\MPscratchDim=\dimen270
\MPnumerator=\count311
\makeMPintoPDFobject=\count312
\everyMPtoPDFconversion=\toks42
) (/usr/share/texlive/texmf-dist/tex/latex/epstopdf-pkg/epstopdf-base.sty
Package: epstopdf-base 2020-01-24 v2.11 Base part for package epstopdf
Package epstopdf-base Info: Redefining graphics rule for `.eps' on input line 4
85.

(/usr/share/texlive/texmf-dist/tex/latex/latexconfig/epstopdf-sys.cfg
File: epstopdf-sys.cfg 2010/07/13 v1.3 Configuration of (r)epstopdf for TeX Liv
e
))
Package hyperref Info: Link coloring OFF on input line 16.

(/usr/share/texlive/texmf-dist/tex/latex/hyperref/nameref.sty
Package: nameref 2021-04-02 v2.47 Cross-referencing by name of section

(/usr/share/texlive/texmf-dist/tex/latex/refcount/refcount.sty
Package: refcount 2019/12/15 v3.6 Data extraction from label references (HO)
)
(/usr/share/texlive/texmf-dist/tex/generic/gettitlestring/gettitlestring.sty
Package: gettitlestring 2019/12/15 v1.6 Cleanup title references (HO)
)
\c@section@level=\count313
)
LaTeX Info: Redefining \ref on input line 16.
LaTeX Info: Redefining \pageref on input line 16.
LaTeX Info: Redefining \nameref on input line 16.

(./thermal-infrastructure.out) (./thermal-infrastructure.out)
\@outlinefile=\write4
\openout4 = `thermal-infrastructure.out'.

LaTeX Font Info:    Trying to load font information for U+msa on input line 19.


(/usr/share/texlive/texmf-dist/tex/latex/amsfonts/umsa.fd
File: umsa.fd 2013/01/14 v3.01 AMS symbols A
)
LaTeX Font Info:    Trying to load font information for U+msb on input line 19.


(/usr/share/texlive/texmf-dist/tex/latex/amsfonts/umsb.fd
File: umsb.fd 2013/01/14 v3.01 AMS symbols B
)

Package natbib Warning: Citation `DalyFarley2011' on page 1 undefined on input 
line 27.


Package natbib Warning: Citation `Markov2014' on page 1 undefined on input line
 29.


Package natbib Warning: Citation `DeVries2021' on page 1 undefined on input lin
e 29.


Package natbib Warning: Citation `Landauer1961' on page 1 undefined on input li
ne 29.

[1

{/var/lib/texmf/fonts/map/pdftex/updmap/pdftex.map}]

Package natbib Warning: Citation `ChengBroadbentChappell2025' on page 2 undefin
ed on input line 39.


Package natbib Warning: Citation `Shulman2012' on page 2 undefined on input lin
e 39.


Package natbib Warning: Citation `AbramskyCoecke2004' on page 2 undefined on in
put line 39.


Package natbib Warning: Citation `BaezStay2010' on page 2 undefined on input li
ne 46.


Package natbib Warning: Citation `MacLane1998' on page 2 undefined on input lin
e 46.

[2]

Package natbib Warning: Citation `Lurie2009' on page 3 undefined on input line 
65.


Package natbib Warning: Citation `Riehl2016' on page 3 undefined on input line 
65.


Package natbib Warning: Citation `AbramskyCoecke2004' on page 3 undefined on in
put line 73.


Package natbib Warning: Citation `ChengBroadbentChappell2025' on page 3 undefin
ed on input line 80.

[3]

Package natbib Warning: Citation `ChengBroadbentChappell2025' on page 4 undefin
ed on input line 94.


Package natbib Warning: Citation `Bennett1982' on page 4 undefined on input lin
e 103.


Package natbib Warning: Citation `SagawaUeda2009' on page 4 undefined on input 
line 103.


Package natbib Warning: Citation `Wolfram2002' on page 4 undefined on input lin
e 108.


Package natbib Warning: Citation `CapraLuisi2014' on page 4 undefined on input 
line 110.


Package natbib Warning: Citation `MargulisSagan1995' on page 4 undefined on inp
ut line 110.

[4]

Package natbib Warning: Citation `ODwyerMalone2014' on page 5 undefined on inpu
t line 116.


Package natbib Warning: Citation `Mora2018' on page 5 undefined on input line 1
16.


Package natbib Warning: Citation `DeVries2021' on page 5 undefined on input lin
e 116.


Package natbib Warning: Citation `Carrier1991' on page 5 undefined on input lin
e 124.


Package natbib Warning: Citation `Spudis2016' on page 5 undefined on input line
 124.


Package natbib Warning: Citation `NASAArtemis2023' on page 5 undefined on input
 line 124.


Package natbib Warning: Citation `DalyFarley2011' on page 5 undefined on input 
line 136.

! Misplaced alignment tab character &.
l.157         &
               & semanticConsistent sigma
? 
! Misplaced alignment tab character &.
l.157         &&
                 semanticConsistent sigma
? 
! Misplaced alignment tab character &.
l.158         &
               & matchesRegisteredNeed tau ledger
? 
! Misplaced alignment tab character &.
l.158         &&
                 matchesRegisteredNeed tau ledger
? 
! Missing $ inserted.
<inserted text> 
                $
l.164 ...c infrastructure to field triples ( (\Phi
                                                  , \vec{v}, S) ), quantifyi...

? 

! LaTeX Error: Command \bfseries invalid in math mode.

See the LaTeX manual or LaTeX Companion for explanation.
Type  H <return>  for immediate help.
 ...                                              
                                                  
l.164 ...tifying entropy flows \citep{Shulman2012}
                                                  . The coupling equation is:
? 

Package natbib Warning: Citation `Shulman2012' on page 5 undefined on input lin
e 164.


LaTeX Warning: Command \textquoteright invalid in math mode on input line 168.

! Missing $ inserted.
<inserted text> 
                $
l.169 \section
              {Case Studies and Simulations}
? 

Overfull \hbox (157.2016pt too wide) in paragraph at lines 164--169
\OT1/cmr/m/n/12 RSVP the-ory maps se-man-tic in-fras-truc-ture to field triples
 ( ($^^H\OML/cmm/m/it/12 ; []; S\OT1/cmr/m/n/12 ))\OML/cmm/m/it/12 ; quantifyin
gentropyflows\OT1/cmr/m/n/12 [[]]\OML/cmm/m/it/12 :Thecouplingequationis \OT1/c
mr/m/n/12 :
 []


Overfull \hbox (312.53998pt too wide) in paragraph at lines 164--169
\OT1/cmr/m/n/12 [[] + \OMS/cmsy/m/n/12 r ^^A \OT1/cmr/m/n/12 ([]\OML/cmm/m/it/1
2 S\OT1/cmr/m/n/12 ) = \OML/cmm/m/it/12 ^^[[] \OMS/cmsy/m/n/12 ^^@ \OML/cmm/m/i
t/12 ^^[[]; \OT1/cmr/m/n/12 ]\OML/cmm/m/it/12 where\OT1/cmr/m/n/12 (\OML/cmm/m/
it/12 ^^[[]\OT1/cmr/m/n/12 )\OML/cmm/m/it/12 isentropyinjectionfromcomputation;
 and\OT1/cmr/m/n/12 (\OML/cmm/m/it/12 ^^[[]\OT1/cmr/m/n/12 )\OML/cmm/m/it/12 mo
delsdissipation:Theoptimizationproblemmaximizesutility \OT1/cmr/m/n/12 :
 []


Overfull \hbox (5.22935pt too wide) in paragraph at lines 164--169
\OT1/cmr/m/n/12 [[][]  \OMS/cmsy/m/n/12 U\OT1/cmr/m/n/12 (\OML/cmm/m/it/12 M\OT
1/cmr/m/n/12 ) [] \OML/cmm/m/it/12 Q[] \OMS/cmsy/m/n/12 ^^U E\OML/cmm/m/it/12 :
\OT1/cmr/m/n/12 ]\OML/cmm/m/it/12 Thisframeworkviewscomputationasanenvironment 
\OMS/cmsy/m/n/12 ^^@
 []


Overfull \hbox (456.13321pt too wide) in paragraph at lines 164--169
\OML/cmm/m/it/12 shapingagent; unifyingthermodynamicandsemanticflows:Expansionh
ighlightsRSVP[]sabilitytoquantifysemanticentropy; enablingpreciseresourcealloca
tionindynamicsystems:$ 
 []

[5]
! You can't use `macro parameter character #' in horizontal mode.
l.173 #
       ##{Lunar Base Scenario}
? 
! You can't use `macro parameter character #' in horizontal mode.
l.173 ##
        #{Lunar Base Scenario}
? 
! You can't use `macro parameter character #' in horizontal mode.
l.173 ###
         {Lunar Base Scenario}
? 
! Missing $ inserted.
<inserted text> 
                $
l.176 Habitat area: ( A = 500 , \text{m}^
                                         2 ).
? 
! Missing $ inserted.
<inserted text> 
                $
l.180 
      
? 

Overfull \hbox (35.00592pt too wide) in paragraph at lines 176--180
[]\OT1/cmr/m/n/12 Habitat area: ( A = 500 , []$[])\OML/cmm/m/it/12 :Heatlosscoe
fficient \OT1/cmr/m/n/12 : (\OML/cmm/m/it/12 U \OT1/cmr/m/n/12 = 0\OML/cmm/m/it
/12 :\OT1/cmr/m/n/12 1\OML/cmm/m/it/12 ; []=\OT1/cmr/m/n/12 ([][] \OMS/cmsy/m/n
/12 ^^A []\OT1/cmr/m/n/12 ))\OML/cmm/m/it/12 :Targettemperature \OT1/cmr/m/n/12
 :
 []

! Missing $ inserted.
<inserted text> 
                $
l.181 Thermal equilibrium: ( Q_
                               {\text{GPU}}(t) = \eta_{\text{heat}} \cdot P_...

? 
! You can't use `macro parameter character #' in math mode.
l.182 #
       ##{Polycomputational Node Network}
? 
! You can't use `macro parameter character #' in math mode.
l.182 ##
        #{Polycomputational Node Network}
? 
! You can't use `macro parameter character #' in math mode.
l.182 ###
         {Polycomputational Node Network}
? 
! Missing $ inserted.
<inserted text> 
                $
l.184 \section
              {Conclusion}
? 

Overfull \hbox (460.19249pt too wide) in paragraph at lines 181--184
[]\OT1/cmr/m/n/12 Thermal equi-lib-rium: ( Q$[](\OML/cmm/m/it/12 t\OT1/cmr/m/n/
12 ) = \OML/cmm/m/it/12 ^^Q[] \OMS/cmsy/m/n/12 ^^A \OML/cmm/m/it/12 P[] \OMS/cm
sy/m/n/12 ^^A \OML/cmm/m/it/12 n[]\OT1/cmr/m/n/12 (\OML/cmm/m/it/12 t\OT1/cmr/m
/n/12 ) \OMS/cmsy/m/n/12 ^^Y \OML/cmm/m/it/12 Q[]\OT1/cmr/m/n/12 (\OML/cmm/m/it
/12 t\OT1/cmr/m/n/12 ))\OML/cmm/m/it/12 :[]Simulationsdemonstratesemanticmergee
fficiency; reducingentropyfluxby\OT1/cmr/m/n/12 40$ 
 []


Overfull \hbox (49.30278pt too wide) in paragraph at lines 188--188
[]\OT1/cmr/bx/n/17.28 Semantic In-fras-truc-ture in a Fibered Sym-met-ric Monoi
dal
 []


! LaTeX Error: \mathbf allowed only in math mode.

See the LaTeX manual or LaTeX Companion for explanation.
Type  H <return>  for immediate help.
 ...                                              
                                                  
l.190 We define ( \mathbf
                         {Sem} ) as a fibered symmetric monoidal category ov...

? 

! LaTeX Error: \mathbf allowed only in math mode.

See the LaTeX manual or LaTeX Companion for explanation.
Type  H <return>  for immediate help.
 ...                                              
                                                  
l.190 ...ymmetric monoidal category over ( \mathbf
                                                  {Dom} ).
? 
! Missing $ inserted.
<inserted text> 
                $
l.192 An object ( M = (F, \Sigma
                                , D, \varphi) ):
? 
! Missing $ inserted.
<inserted text> 
                $
l.193 
      
? 
! Missing $ inserted.
<inserted text> 
                $
l.195 ( \Sigma
               ): Semantic type annotations.
? 
! Missing $ inserted.
<inserted text> 
                $
l.198 
      
? 

Overfull \hbox (119.54213pt too wide) in paragraph at lines 194--198
[]\OT1/cmr/m/n/12 ( F ): Fi-nite set of func-tion hashes. ( $^^F) : \OML/cmm/m/
it/12 Semantictypeannotations:\OT1/cmr/m/n/12 (\OML/cmm/m/it/12 D\OT1/cmr/m/n/1
2 ) : \OML/cmm/m/it/12 Directedacyclicdependencygraph:\OT1/cmr/m/n/12 (\OML/cmm
/m/it/12 '\OT1/cmr/m/n/12 ) :
 []

! Missing $ inserted.
<inserted text> 
                $
l.199 Morphism ( f: M \to
                          M' ):
? 
! Missing $ inserted.
<inserted text> 
                $
l.201 \subsection
                 {Fiber Structure}
? 
! Missing $ inserted.
<inserted text> 
                $
l.202 Projection: ( \pi
                       : \mathbf{Sem} \to \mathbf{Dom} ).
? 
! Missing $ inserted.
<inserted text> 
                $
l.204 \subsection
                 {Symmetric Monoidal Structure}
? 
! Missing $ inserted.
<inserted text> 
                $
l.206 [ M_
          1 \otimes M_2 = (F_1 \uplus F_2, \Sigma_1 \cup \Sigma_2, D_1 \sqcu...

? 
! Missing $ inserted.
<inserted text> 
                $
l.207 \section
              {Semantic Merge Operators via Homotopy Colimits}
? 
[6]
! Missing $ inserted.
<inserted text> 
                $
l.209 For a diagram ( D: I \to
                               \mathbf{Sem} ):
? 
! Missing $ inserted.
<inserted text> 
                $
l.213 \section
              {CLIO as a Recursive Inference Functor}
? 

Overfull \hbox (38.24536pt too wide) in paragraph at lines 209--213
\OT1/cmr/m/n/12 For a di-a-gram ( D: I $\OMS/cmsy/m/n/12 ! []\OT1/cmr/m/n/12 ) 
: [[]([]) = [][]\OML/cmm/m/it/12 M[]; \OT1/cmr/m/n/12 ][\OML/cmm/m/it/12 S\OT1/
cmr/m/n/12 ([]([])) \OMS/cmsy/m/n/12 ^^T [][] \OML/cmm/m/it/12 S\OT1/cmr/m/n/12
 (\OML/cmm/m/it/12 M[]\OT1/cmr/m/n/12 )\OML/cmm/m/it/12 :\OT1/cmr/m/n/12 ][] :
 []


Overfull \hbox (464.942pt too wide) in paragraph at lines 209--213
\OML/cmm/m/it/12 Thehomotopycolimitconstructsaconeover\OT1/cmr/m/n/12 ([])\OML/
cmm/m/it/12 ; withhomotopiesensuringcoherence:Theentropyboundfollowsfromtheuniv
ersalproperty; aspathsminimizedivergenceacrossbranches:$ 
 []


Package natbib Warning: Citation `ChengBroadbentChappell2025' on page 7 undefin
ed on input line 215.


! LaTeX Error: \mathsf allowed only in math mode.

See the LaTeX manual or LaTeX Companion for explanation.
Type  H <return>  for immediate help.
 ...                                              
                                                  
l.216 [ \mathsf
               {CLIO}: \mathbf{Sem} \to \mathbf{Sem}, ]
? 

! LaTeX Error: \mathbf allowed only in math mode.

See the LaTeX manual or LaTeX Companion for explanation.
Type  H <return>  for immediate help.
 ...                                              
                                                  
l.216 [ \mathsf{CLIO}: \mathbf
                              {Sem} \to \mathbf{Sem}, ]
? 
! Missing $ inserted.
<inserted text> 
                $
l.216 [ \mathsf{CLIO}: \mathbf{Sem} \to
                                        \mathbf{Sem}, ]
? 

LaTeX Warning: Command \textquoteright invalid in math mode on input line 220.

! Missing $ inserted.
<inserted text> 
                $
l.221 \section
              {Thermodynamic Model of Compute-for-Heat}
? 

Overfull \hbox (17.70383pt too wide) in paragraph at lines 215--221
\OT1/cmr/m/n/12 CLIO, per \OT1/cmr/bx/n/12 ? []\OT1/cmr/m/n/12 , is: [ CLIO: Se
m $\OMS/cmsy/m/n/12 ! []\OML/cmm/m/it/12 ; \OT1/cmr/m/n/12 ][\OMS/cmsy/m/n/12 C
\OT1/cmr/m/n/12 (\OML/cmm/m/it/12 M\OT1/cmr/m/n/12 ) = [][] \OML/cmm/m/it/12 ^^
T\OT1/cmr/m/n/12 (^^H[](\OML/cmm/m/it/12 x\OT1/cmr/m/n/12 )\OML/cmm/m/it/12 ; [
]\OT1/cmr/m/n/12 (\OML/cmm/m/it/12 x\OT1/cmr/m/n/12 )\OML/cmm/m/it/12 ; S[]\OT1
/cmr/m/n/12 (\OML/cmm/m/it/12 x\OT1/cmr/m/n/12 ))\OML/cmm/m/it/12 ; d^^V\OT1/cm
r/m/n/12 (\OML/cmm/m/it/12 x\OT1/cmr/m/n/12 )\OML/cmm/m/it/12 :\OT1/cmr/m/n/12 
]\OML/cmm/m/it/12 Iteration \OT1/cmr/m/n/12 :
 []


Overfull \hbox (156.29996pt too wide) in paragraph at lines 215--221
\OT1/cmr/m/n/12 [\OML/cmm/m/it/12 M[] \OT1/cmr/m/n/12 = []([][])\OML/cmm/m/it/1
2 :\OT1/cmr/m/n/12 ][] : \OML/cmm/m/it/12 CLIO[]suncertainty \OMS/cmsy/m/n/12 ^
^@ \OML/cmm/m/it/12 drivenadaptationenablesconvergencetoentropy \OMS/cmsy/m/n/1
2 ^^@
 []

! Missing $ inserted.
<inserted text> 
                $
l.223 Heat generated over time ( \tau
                                      ):
? 
! Missing $ inserted.
<inserted text> 
                $
l.229 \section
              {RSVP Field Coupling}
? 

Overfull \hbox (147.18301pt too wide) in paragraph at lines 223--229
[]\OML/cmm/m/it/12 ;  \OMS/cmsy/m/n/12 U ^^U U[]\OML/cmm/m/it/12 :\OT1/cmr/m/n/
12 ][] : ([](\OML/cmm/m/it/12 T[]\OT1/cmr/m/n/12 ))\OML/cmm/m/it/12 quantifiese
pistemiccontributions; ensuringheatcorrelateswithutility:$ 
 []

! Missing $ inserted.
<inserted text> 
                $
l.232 [ \frac{\partial S}{\partial t}
                                      + \nabla \cdot (\vec{v} S) = \sigma_{\...

? 
! Missing $ inserted.
<inserted text> 
                $
l.232 [ \frac{\partial S}{\partial t}
                                      + \nabla \cdot (\vec{v} S) = \sigma_{\...

? 
! Missing $ inserted.
<inserted text> 
                $
l.232 [ \frac{\partial S}{\partial t}
                                      + \nabla \cdot (\vec{v} S) = \sigma_{\...

? 
! Extra }, or forgotten $.
\frac  #1#2->{\begingroup #1\endgroup \@@over #2}
                                                 
l.232 [ \frac{\partial S}{\partial t}
                                      + \nabla \cdot (\vec{v} S) = \sigma_{\...

? 
! Missing $ inserted.
<inserted text> 
                $
l.236 \section
              {Monoidal Functor Structure of PoUWH}
? 

Overfull \hbox (291.7158pt too wide) in paragraph at lines 231--236
\OT1/cmr/m/n/12 Coupling equa-tion: [ $\OML/cmm/m/it/12 @S$$[]$ 
 []


! LaTeX Error: \mathcal allowed only in math mode.

See the LaTeX manual or LaTeX Companion for explanation.
Type  H <return>  for immediate help.
 ...                                              
                                                  
l.240 ( \mathcal
                {P} ): Physical devices, monoidal product ( \otimes_{\mathca...

? 
! Missing $ inserted.
<inserted text> 
                $
l.240 ...sical devices, monoidal product ( \otimes
                                                  _{\mathcal{P}} ).
? 
! Missing $ inserted.
<inserted text> 
                $
l.242 
      
? 

Overfull \hbox (88.21198pt too wide) in paragraph at lines 240--242
[]\OT1/cmr/m/n/12 ( P ): Phys-i-cal de-vices, monoidal prod-uct ( $\OMS/cmsy/m/
n/12 
[]\OT1/cmr/m/n/12 )\OML/cmm/m/it/12 :\OT1/cmr/m/n/12 (\OMS/cmsy/m/n/12 I\OT1/cm
r/m/n/12 ) : \OML/cmm/m/it/12 Infrastructurestates\OT1/cmr/m/n/12 ((^^B\OML/cmm
/m/it/12 ; \OT1/cmr/m/n/12 ^^F))\OML/cmm/m/it/12 ; monoidalproduct\OT1/cmr/m/n/
12 (\OMS/cmsy/m/n/12 
[]\OT1/cmr/m/n/12 )\OML/cmm/m/it/12 :$ 
 []

! Missing $ inserted.
<inserted text> 
                $
l.244 [ F_
          {\mathrm{PoUWH}}: \mathcal{P} \to \mathcal{I}, ]
? 
! Missing $ inserted.
<inserted text> 
                $
l.249 \section
              {Fibered PoUWH over Temporal Base Category}
? 

Overfull \hbox (75.34874pt too wide) in paragraph at lines 243--249
[]\OT1/cmr/m/n/12 Functor: [ F$[] : \OMS/cmsy/m/n/12 P ! I\OML/cmm/m/it/12 ; \O
T1/cmr/m/n/12 ][\OML/cmm/m/it/12 F[]\OT1/cmr/m/n/12 (\OML/cmm/m/it/12 d\OT1/cmr
/m/n/12 ) = (^^B[]\OML/cmm/m/it/12 ; \OT1/cmr/m/n/12 ^^F[])\OML/cmm/m/it/12 ;  
F[]\OT1/cmr/m/n/12 (\OML/cmm/m/it/12 m\OT1/cmr/m/n/12 ) = (\OML/cmm/m/it/12 ^^\
[]; ^^[[]\OT1/cmr/m/n/12 )\OML/cmm/m/it/12 :\OT1/cmr/m/n/12 ][] :
 []


Overfull \hbox (231.13744pt too wide) in paragraph at lines 243--249
\OT1/cmr/m/n/12 [\OML/cmm/m/it/12 F[]\OT1/cmr/m/n/12 (\OML/cmm/m/it/12 d[] \OMS
/cmsy/m/n/12 
[] \OML/cmm/m/it/12 d[]\OT1/cmr/m/n/12 ) = (^^B[] \OMS/cmsy/m/n/12 ^^H \OT1/cmr
/m/n/12 ^^B[]\OML/cmm/m/it/12 ; \OT1/cmr/m/n/12 ^^F[] \OMS/cmsy/m/n/12 t \OT1/c
mr/m/n/12 ^^F[])\OML/cmm/m/it/12 :\OT1/cmr/m/n/12 ][] : (\OML/cmm/m/it/12 F[]\O
T1/cmr/m/n/12 )\OML/cmm/m/it/12 factorsthroughadmissiblestatesif\OT1/cmr/m/n/12
 (\OML/cmm/m/it/12 ^^Q\OT1/cmr/m/n/12 (\OML/cmm/m/it/12 m\OT1/cmr/m/n/12 ) \OMS
/cmsy/m/n/12 ^^U
 []


! LaTeX Error: \mathcal allowed only in math mode.

See the LaTeX manual or LaTeX Companion for explanation.
Type  H <return>  for immediate help.
 ...                                              
                                                  
l.251 Base category: ( \mathcal
                               {T} = (\text{TimeIntervals}, \leq) ).
? 
! Missing $ inserted.
<inserted text> 
                $
l.251 ...\mathcal{T} = (\text{TimeIntervals}, \leq
                                                  ) ).
? 
LaTeX Font Info:    Trying to load font information for U+euf on input line 253
.
(/usr/share/texlive/texmf-dist/tex/latex/amsfonts/ueuf.fd
File: ueuf.fd 2013/01/14 v3.01 Euler Fraktur
)
! Missing $ inserted.
<inserted text> 
                $
l.257 \section
              {String Diagrams for Fibered Monoidal Functors}
? 

Overfull \hbox (8.11673pt too wide) in paragraph at lines 251--257
\OT1/cmr/m/n/12 Base cat-e-gory: ( T = ([], $\OMS/cmsy/m/n/12 ^^T\OT1/cmr/m/n/1
2 ))\OML/cmm/m/it/12 :Fiber \OT1/cmr/m/n/12 : (\OMS/cmsy/m/n/12 I[]\OT1/cmr/m/n
/12 )\OML/cmm/m/it/12 :Fibration \OT1/cmr/m/n/12 : (\OML/cmm/m/it/12 p \OT1/cmr
/m/n/12 : \U/euf/m/n/12 I \OMS/cmsy/m/n/12 ! T\OT1/cmr/m/n/12 )\OML/cmm/m/it/12
 :Liftedfunctor \OT1/cmr/m/n/12 :
 []

[7] (./thermal-infrastructure.bbl

Package natbib Warning: Empty `thebibliography' environment on input line 3.

)

Package natbib Warning: There were undefined citations.

[8] (./thermal-infrastructure.aux)
Package rerunfilecheck Info: File `thermal-infrastructure.out' has not changed.

(rerunfilecheck)             Checksum: 81C12DB7B6B873DCBAF9BCE227D124A0;5390.
 )
(\end occurred inside a group at level 1)

### simple group (level 1) entered at line 232 ({)
### bottom level 
Here is how much of TeX's memory you used:
 23270 strings out of 478287
 455108 string characters out of 5849289
 747574 words of memory out of 5000000
 41035 multiletter control sequences out of 15000+600000
 480866 words of font info for 72 fonts, out of 8000000 for 9000
 1141 hyphenation exceptions out of 8191
 84i,7n,89p,1516b,640s stack positions out of 5000i,500n,10000p,200000b,80000s
</usr/share/texlive/texmf-dist/fonts/type1/public/amsfonts/cm/c
mbx10.pfb></usr/share/texlive/texmf-dist/fonts/type1/public/amsfonts/cm/cmbx12.
pfb></usr/share/texlive/texmf-dist/fonts/type1/public/amsfonts/cm/cmbx6.pfb></u
sr/share/texlive/texmf-dist/fonts/type1/public/amsfonts/cm/cmbx8.pfb></usr/shar
e/texlive/texmf-dist/fonts/type1/public/amsfonts/cm/cmex10.pfb></usr/share/texl
ive/texmf-dist/fonts/type1/public/amsfonts/cmextra/cmex8.pfb></usr/share/texliv
e/texmf-dist/fonts/type1/public/amsfonts/cm/cmmi12.pfb></usr/share/texlive/texm
f-dist/fonts/type1/public/amsfonts/cm/cmmi6.pfb></usr/share/texlive/texmf-dist/
fonts/type1/public/amsfonts/cm/cmmi8.pfb></usr/share/texlive/texmf-dist/fonts/t
ype1/public/amsfonts/cm/cmr10.pfb></usr/share/texlive/texmf-dist/fonts/type1/pu
blic/amsfonts/cm/cmr12.pfb></usr/share/texlive/texmf-dist/fonts/type1/public/am
sfonts/cm/cmr17.pfb></usr/share/texlive/texmf-dist/fonts/type1/public/amsfonts/
cm/cmr6.pfb></usr/share/texlive/texmf-dist/fonts/type1/public/amsfonts/cm/cmr8.
pfb></usr/share/texlive/texmf-dist/fonts/type1/public/amsfonts/cm/cmss12.pfb></
usr/share/texlive/texmf-dist/fonts/type1/public/amsfonts/cm/cmsy10.pfb></usr/sh
are/texlive/texmf-dist/fonts/type1/public/amsfonts/cm/cmsy6.pfb></usr/share/tex
live/texmf-dist/fonts/type1/public/amsfonts/cm/cmsy8.pfb></usr/share/texlive/te
xmf-dist/fonts/type1/public/amsfonts/euler/eufm10.pfb>
Output written on thermal-infrastructure.pdf (8 pages, 258395 bytes).
PDF statistics:
 258 PDF objects out of 1000 (max. 8388607)
 207 compressed objects within 3 object streams
 35 named destinations out of 1000 (max. 500000)
 213 words of extra memory for PDF output out of 10000 (max. 10000000)

