\BOOKMARK [1][-]{section.1}{\376\377\000I\000n\000t\000r\000o\000d\000u\000c\000t\000i\000o\000n}{}% 1
\BOOKMARK [1][-]{section.2}{\376\377\000C\000a\000t\000e\000g\000o\000r\000i\000c\000a\000l\000\040\000F\000o\000u\000n\000d\000a\000t\000i\000o\000n\000s\000\040\000f\000o\000r\000\040\000S\000e\000m\000a\000n\000t\000i\000c\000\040\000I\000n\000f\000r\000a\000s\000t\000r\000u\000c\000t\000u\000r\000e}{}% 2
\BOOKMARK [1][-]{section.3}{\376\377\000C\000L\000I\000O\000\040\000M\000o\000d\000u\000l\000e\000\040\000a\000n\000d\000\040\000P\000o\000l\000y\000c\000o\000m\000p\000u\000t\000a\000t\000i\000o\000n\000a\000l\000\040\000A\000g\000e\000n\000c\000y}{}% 3
\BOOKMARK [1][-]{section.4}{\376\377\000B\000i\000o\000e\000c\000o\000n\000o\000m\000i\000c\000\040\000T\000h\000e\000r\000m\000o\000r\000e\000g\000u\000l\000a\000t\000i\000o\000n}{}% 4
\BOOKMARK [2][-]{subsection.4.1}{\376\377\000T\000e\000r\000r\000e\000s\000t\000r\000i\000a\000l\000\040\000C\000o\000n\000t\000e\000x\000t\000s}{section.4}% 5
\BOOKMARK [2][-]{subsection.4.2}{\376\377\000P\000o\000s\000t\000-\000T\000e\000r\000r\000e\000s\000t\000r\000i\000a\000l\000\040\000C\000o\000n\000t\000e\000x\000t\000s\000:\000\040\000L\000u\000n\000a\000r\000\040\000a\000n\000d\000\040\000B\000e\000y\000o\000n\000d}{section.4}% 6
\BOOKMARK [1][-]{section.5}{\376\377\000N\000o\000r\000m\000a\000t\000i\000v\000e\000\040\000A\000r\000c\000h\000i\000t\000e\000c\000t\000u\000r\000e\000\040\000o\000f\000\040\000U\000s\000e\000f\000u\000l\000\040\000C\000o\000m\000p\000u\000t\000a\000t\000i\000o\000n}{}% 7
\BOOKMARK [1][-]{section.6}{\376\377\000I\000n\000t\000e\000g\000r\000a\000t\000i\000o\000n\000\040\000w\000i\000t\000h\000\040\000R\000S\000V\000P\000\040\000T\000h\000e\000o\000r\000y}{}% 8
\BOOKMARK [1][-]{section.7}{\376\377\000C\000a\000s\000e\000\040\000S\000t\000u\000d\000i\000e\000s\000\040\000a\000n\000d\000\040\000S\000i\000m\000u\000l\000a\000t\000i\000o\000n\000s}{}% 9
\BOOKMARK [2][-]{subsection.7.1}{\376\377\000S\000m\000a\000l\000l\000-\000S\000c\000a\000l\000e\000\040\000P\000r\000o\000o\000f\000-\000o\000f\000-\000C\000o\000n\000c\000e\000p\000t}{section.7}% 10
\BOOKMARK [1][-]{section.8}{\376\377\000C\000o\000n\000c\000l\000u\000s\000i\000o\000n}{}% 11
\BOOKMARK [1][-]{appendix.A}{\376\377\000S\000e\000m\000a\000n\000t\000i\000c\000\040\000I\000n\000f\000r\000a\000s\000t\000r\000u\000c\000t\000u\000r\000e\000\040\000i\000n\000\040\000a\000\040\000F\000i\000b\000e\000r\000e\000d\000\040\000S\000y\000m\000m\000e\000t\000r\000i\000c\000\040\000M\000o\000n\000o\000i\000d\000a\000l\000\040\000C\000a\000t\000e\000g\000o\000r\000y}{}% 12
\BOOKMARK [2][-]{subsection.A.1}{\376\377\000O\000b\000j\000e\000c\000t\000s\000\040\000a\000n\000d\000\040\000M\000o\000r\000p\000h\000i\000s\000m\000s}{appendix.A}% 13
\BOOKMARK [2][-]{subsection.A.2}{\376\377\000F\000i\000b\000e\000r\000\040\000S\000t\000r\000u\000c\000t\000u\000r\000e}{appendix.A}% 14
\BOOKMARK [2][-]{subsection.A.3}{\376\377\000S\000y\000m\000m\000e\000t\000r\000i\000c\000\040\000M\000o\000n\000o\000i\000d\000a\000l\000\040\000S\000t\000r\000u\000c\000t\000u\000r\000e}{appendix.A}% 15
\BOOKMARK [1][-]{appendix.B}{\376\377\000S\000e\000m\000a\000n\000t\000i\000c\000\040\000M\000e\000r\000g\000e\000\040\000O\000p\000e\000r\000a\000t\000o\000r\000s\000\040\000v\000i\000a\000\040\000H\000o\000m\000o\000t\000o\000p\000y\000\040\000C\000o\000l\000i\000m\000i\000t\000s}{}% 16
\BOOKMARK [1][-]{appendix.C}{\376\377\000C\000L\000I\000O\000\040\000a\000s\000\040\000a\000\040\000R\000e\000c\000u\000r\000s\000i\000v\000e\000\040\000I\000n\000f\000e\000r\000e\000n\000c\000e\000\040\000F\000u\000n\000c\000t\000o\000r}{}% 17
\BOOKMARK [1][-]{appendix.D}{\376\377\000T\000h\000e\000r\000m\000o\000d\000y\000n\000a\000m\000i\000c\000\040\000M\000o\000d\000e\000l\000\040\000o\000f\000\040\000C\000o\000m\000p\000u\000t\000e\000-\000f\000o\000r\000-\000H\000e\000a\000t}{}% 18
\BOOKMARK [1][-]{appendix.E}{\376\377\000R\000S\000V\000P\000\040\000F\000i\000e\000l\000d\000\040\000C\000o\000u\000p\000l\000i\000n\000g}{}% 19
\BOOKMARK [1][-]{appendix.F}{\376\377\000M\000o\000n\000o\000i\000d\000a\000l\000\040\000F\000u\000n\000c\000t\000o\000r\000\040\000S\000t\000r\000u\000c\000t\000u\000r\000e\000\040\000o\000f\000\040\000P\000o\000U\000W\000H}{}% 20
\BOOKMARK [1][-]{appendix.G}{\376\377\000F\000i\000b\000e\000r\000e\000d\000\040\000P\000o\000U\000W\000H\000\040\000o\000v\000e\000r\000\040\000T\000e\000m\000p\000o\000r\000a\000l\000\040\000B\000a\000s\000e\000\040\000C\000a\000t\000e\000g\000o\000r\000y}{}% 21
\BOOKMARK [1][-]{appendix.H}{\376\377\000S\000t\000r\000i\000n\000g\000\040\000D\000i\000a\000g\000r\000a\000m\000s\000\040\000f\000o\000r\000\040\000F\000i\000b\000e\000r\000e\000d\000\040\000M\000o\000n\000o\000i\000d\000a\000l\000\040\000F\000u\000n\000c\000t\000o\000r\000s}{}% 22
\BOOKMARK [2][-]{subsection.H.1}{\376\377\000S\000e\000m\000a\000n\000t\000i\000c\000\040\000M\000o\000d\000u\000l\000e\000\040\000M\000e\000r\000g\000i\000n\000g}{appendix.H}% 23
\BOOKMARK [2][-]{subsection.H.2}{\376\377\000C\000L\000I\000O\040\031\000s\000\040\000R\000e\000c\000u\000r\000s\000i\000v\000e\000\040\000I\000n\000f\000e\000r\000e\000n\000c\000e\000\040\000L\000o\000o\000p}{appendix.H}% 24
\BOOKMARK [2][-]{subsection.H.3}{\376\377\000E\000n\000t\000r\000o\000p\000y\000\040\000F\000l\000o\000w}{appendix.H}% 25
