Script started at Sat Nov  1 18:54:21 ADT 2025
Summaries will be saved to societal-collapse-detailed.txt
Processing Goliaths_curse_-_Luke_kemp.txt
Temporary directory created: /mnt/c/Users/nateg/OneDrive/Documentos/GitHub/kitbash/rhetoric/tmp_Goliaths_curse_-_Luke_kemp.txt_7NdMvZ
File split into chunks: /mnt/c/Users/nateg/OneDrive/Documentos/GitHub/kitbash/rhetoric/tmp_Goliaths_curse_-_Luke_kemp.txt_7NdMvZ/chunk_aa
/mnt/c/Users/nateg/OneDrive/Documentos/GitHub/kitbash/rhetoric/tmp_Goliaths_curse_-_Luke_kemp.txt_7NdMvZ/chunk_ab
/mnt/c/Users/nateg/OneDrive/Documentos/GitHub/kitbash/rhetoric/tmp_Goliaths_curse_-_Luke_kemp.txt_7NdMvZ/chunk_ac
/mnt/c/Users/nateg/OneDrive/Documentos/GitHub/kitbash/rhetoric/tmp_Goliaths_curse_-_Luke_kemp.txt_7NdMvZ/chunk_ad
/mnt/c/Users/nateg/OneDrive/Documentos/GitHub/kitbash/rhetoric/tmp_Goliaths_curse_-_Luke_kemp.txt_7NdMvZ/chunk_ae
/mnt/c/Users/nateg/OneDrive/Documentos/GitHub/kitbash/rhetoric/tmp_Goliaths_curse_-_Luke_kemp.txt_7NdMvZ/chunk_af
/mnt/c/Users/nateg/OneDrive/Documentos/GitHub/kitbash/rhetoric/tmp_Goliaths_curse_-_Luke_kemp.txt_7NdMvZ/chunk_ag
/mnt/c/Users/nateg/OneDrive/Documentos/GitHub/kitbash/rhetoric/tmp_Goliaths_curse_-_Luke_kemp.txt_7NdMvZ/chunk_ah
/mnt/c/Users/nateg/OneDrive/Documentos/GitHub/kitbash/rhetoric/tmp_Goliaths_curse_-_Luke_kemp.txt_7NdMvZ/chunk_ai
/mnt/c/Users/nateg/OneDrive/Documentos/GitHub/kitbash/rhetoric/tmp_Goliaths_curse_-_Luke_kemp.txt_7NdMvZ/chunk_aj
/mnt/c/Users/nateg/OneDrive/Documentos/GitHub/kitbash/rhetoric/tmp_Goliaths_curse_-_Luke_kemp.txt_7NdMvZ/chunk_ak
/mnt/c/Users/nateg/OneDrive/Documentos/GitHub/kitbash/rhetoric/tmp_Goliaths_curse_-_Luke_kemp.txt_7NdMvZ/chunk_al
/mnt/c/Users/nateg/OneDrive/Documentos/GitHub/kitbash/rhetoric/tmp_Goliaths_curse_-_Luke_kemp.txt_7NdMvZ/chunk_am
/mnt/c/Users/nateg/OneDrive/Documentos/GitHub/kitbash/rhetoric/tmp_Goliaths_curse_-_Luke_kemp.txt_7NdMvZ/chunk_an
/mnt/c/Users/nateg/OneDrive/Documentos/GitHub/kitbash/rhetoric/tmp_Goliaths_curse_-_Luke_kemp.txt_7NdMvZ/chunk_ao
/mnt/c/Users/nateg/OneDrive/Documentos/GitHub/kitbash/rhetoric/tmp_Goliaths_curse_-_Luke_kemp.txt_7NdMvZ/chunk_ap
/mnt/c/Users/nateg/OneDrive/Documentos/GitHub/kitbash/rhetoric/tmp_Goliaths_curse_-_Luke_kemp.txt_7NdMvZ/chunk_aq
/mnt/c/Users/nateg/OneDrive/Documentos/GitHub/kitbash/rhetoric/tmp_Goliaths_curse_-_Luke_kemp.txt_7NdMvZ/chunk_ar
/mnt/c/Users/nateg/OneDrive/Documentos/GitHub/kitbash/rhetoric/tmp_Goliaths_curse_-_Luke_kemp.txt_7NdMvZ/chunk_as
/mnt/c/Users/nateg/OneDrive/Documentos/GitHub/kitbash/rhetoric/tmp_Goliaths_curse_-_Luke_kemp.txt_7NdMvZ/chunk_at
/mnt/c/Users/nateg/OneDrive/Documentos/GitHub/kitbash/rhetoric/tmp_Goliaths_curse_-_Luke_kemp.txt_7NdMvZ/chunk_au
/mnt/c/Users/nateg/OneDrive/Documentos/GitHub/kitbash/rhetoric/tmp_Goliaths_curse_-_Luke_kemp.txt_7NdMvZ/chunk_av
/mnt/c/Users/nateg/OneDrive/Documentos/GitHub/kitbash/rhetoric/tmp_Goliaths_curse_-_Luke_kemp.txt_7NdMvZ/chunk_aw
/mnt/c/Users/nateg/OneDrive/Documentos/GitHub/kitbash/rhetoric/tmp_Goliaths_curse_-_Luke_kemp.txt_7NdMvZ/chunk_ax
/mnt/c/Users/nateg/OneDrive/Documentos/GitHub/kitbash/rhetoric/tmp_Goliaths_curse_-_Luke_kemp.txt_7NdMvZ/chunk_ay
/mnt/c/Users/nateg/OneDrive/Documentos/GitHub/kitbash/rhetoric/tmp_Goliaths_curse_-_Luke_kemp.txt_7NdMvZ/chunk_az
/mnt/c/Users/nateg/OneDrive/Documentos/GitHub/kitbash/rhetoric/tmp_Goliaths_curse_-_Luke_kemp.txt_7NdMvZ/chunk_ba
/mnt/c/Users/nateg/OneDrive/Documentos/GitHub/kitbash/rhetoric/tmp_Goliaths_curse_-_Luke_kemp.txt_7NdMvZ/chunk_bb
/mnt/c/Users/nateg/OneDrive/Documentos/GitHub/kitbash/rhetoric/tmp_Goliaths_curse_-_Luke_kemp.txt_7NdMvZ/chunk_bc
/mnt/c/Users/nateg/OneDrive/Documentos/GitHub/kitbash/rhetoric/tmp_Goliaths_curse_-_Luke_kemp.txt_7NdMvZ/chunk_bd
/mnt/c/Users/nateg/OneDrive/Documentos/GitHub/kitbash/rhetoric/tmp_Goliaths_curse_-_Luke_kemp.txt_7NdMvZ/chunk_be
/mnt/c/Users/nateg/OneDrive/Documentos/GitHub/kitbash/rhetoric/tmp_Goliaths_curse_-_Luke_kemp.txt_7NdMvZ/chunk_bf
/mnt/c/Users/nateg/OneDrive/Documentos/GitHub/kitbash/rhetoric/tmp_Goliaths_curse_-_Luke_kemp.txt_7NdMvZ/chunk_bg
/mnt/c/Users/nateg/OneDrive/Documentos/GitHub/kitbash/rhetoric/tmp_Goliaths_curse_-_Luke_kemp.txt_7NdMvZ/chunk_bh
/mnt/c/Users/nateg/OneDrive/Documentos/GitHub/kitbash/rhetoric/tmp_Goliaths_curse_-_Luke_kemp.txt_7NdMvZ/chunk_bi
/mnt/c/Users/nateg/OneDrive/Documentos/GitHub/kitbash/rhetoric/tmp_Goliaths_curse_-_Luke_kemp.txt_7NdMvZ/chunk_bj
/mnt/c/Users/nateg/OneDrive/Documentos/GitHub/kitbash/rhetoric/tmp_Goliaths_curse_-_Luke_kemp.txt_7NdMvZ/chunk_bk
/mnt/c/Users/nateg/OneDrive/Documentos/GitHub/kitbash/rhetoric/tmp_Goliaths_curse_-_Luke_kemp.txt_7NdMvZ/chunk_bl
/mnt/c/Users/nateg/OneDrive/Documentos/GitHub/kitbash/rhetoric/tmp_Goliaths_curse_-_Luke_kemp.txt_7NdMvZ/chunk_bm
/mnt/c/Users/nateg/OneDrive/Documentos/GitHub/kitbash/rhetoric/tmp_Goliaths_curse_-_Luke_kemp.txt_7NdMvZ/chunk_bn
/mnt/c/Users/nateg/OneDrive/Documentos/GitHub/kitbash/rhetoric/tmp_Goliaths_curse_-_Luke_kemp.txt_7NdMvZ/chunk_bo
/mnt/c/Users/nateg/OneDrive/Documentos/GitHub/kitbash/rhetoric/tmp_Goliaths_curse_-_Luke_kemp.txt_7NdMvZ/chunk_bp
/mnt/c/Users/nateg/OneDrive/Documentos/GitHub/kitbash/rhetoric/tmp_Goliaths_curse_-_Luke_kemp.txt_7NdMvZ/chunk_bq
/mnt/c/Users/nateg/OneDrive/Documentos/GitHub/kitbash/rhetoric/tmp_Goliaths_curse_-_Luke_kemp.txt_7NdMvZ/chunk_br
/mnt/c/Users/nateg/OneDrive/Documentos/GitHub/kitbash/rhetoric/tmp_Goliaths_curse_-_Luke_kemp.txt_7NdMvZ/chunk_bs
/mnt/c/Users/nateg/OneDrive/Documentos/GitHub/kitbash/rhetoric/tmp_Goliaths_curse_-_Luke_kemp.txt_7NdMvZ/chunk_bt
/mnt/c/Users/nateg/OneDrive/Documentos/GitHub/kitbash/rhetoric/tmp_Goliaths_curse_-_Luke_kemp.txt_7NdMvZ/chunk_bu
/mnt/c/Users/nateg/OneDrive/Documentos/GitHub/kitbash/rhetoric/tmp_Goliaths_curse_-_Luke_kemp.txt_7NdMvZ/chunk_bv
/mnt/c/Users/nateg/OneDrive/Documentos/GitHub/kitbash/rhetoric/tmp_Goliaths_curse_-_Luke_kemp.txt_7NdMvZ/chunk_bw
/mnt/c/Users/nateg/OneDrive/Documentos/GitHub/kitbash/rhetoric/tmp_Goliaths_curse_-_Luke_kemp.txt_7NdMvZ/chunk_bx
/mnt/c/Users/nateg/OneDrive/Documentos/GitHub/kitbash/rhetoric/tmp_Goliaths_curse_-_Luke_kemp.txt_7NdMvZ/chunk_by
/mnt/c/Users/nateg/OneDrive/Documentos/GitHub/kitbash/rhetoric/tmp_Goliaths_curse_-_Luke_kemp.txt_7NdMvZ/chunk_bz
/mnt/c/Users/nateg/OneDrive/Documentos/GitHub/kitbash/rhetoric/tmp_Goliaths_curse_-_Luke_kemp.txt_7NdMvZ/chunk_ca
/mnt/c/Users/nateg/OneDrive/Documentos/GitHub/kitbash/rhetoric/tmp_Goliaths_curse_-_Luke_kemp.txt_7NdMvZ/chunk_cb
/mnt/c/Users/nateg/OneDrive/Documentos/GitHub/kitbash/rhetoric/tmp_Goliaths_curse_-_Luke_kemp.txt_7NdMvZ/chunk_cc
/mnt/c/Users/nateg/OneDrive/Documentos/GitHub/kitbash/rhetoric/tmp_Goliaths_curse_-_Luke_kemp.txt_7NdMvZ/chunk_cd
/mnt/c/Users/nateg/OneDrive/Documentos/GitHub/kitbash/rhetoric/tmp_Goliaths_curse_-_Luke_kemp.txt_7NdMvZ/chunk_ce
/mnt/c/Users/nateg/OneDrive/Documentos/GitHub/kitbash/rhetoric/tmp_Goliaths_curse_-_Luke_kemp.txt_7NdMvZ/chunk_cf
/mnt/c/Users/nateg/OneDrive/Documentos/GitHub/kitbash/rhetoric/tmp_Goliaths_curse_-_Luke_kemp.txt_7NdMvZ/chunk_cg
/mnt/c/Users/nateg/OneDrive/Documentos/GitHub/kitbash/rhetoric/tmp_Goliaths_curse_-_Luke_kemp.txt_7NdMvZ/chunk_ch
/mnt/c/Users/nateg/OneDrive/Documentos/GitHub/kitbash/rhetoric/tmp_Goliaths_curse_-_Luke_kemp.txt_7NdMvZ/chunk_ci
/mnt/c/Users/nateg/OneDrive/Documentos/GitHub/kitbash/rhetoric/tmp_Goliaths_curse_-_Luke_kemp.txt_7NdMvZ/chunk_cj
/mnt/c/Users/nateg/OneDrive/Documentos/GitHub/kitbash/rhetoric/tmp_Goliaths_curse_-_Luke_kemp.txt_7NdMvZ/chunk_ck
/mnt/c/Users/nateg/OneDrive/Documentos/GitHub/kitbash/rhetoric/tmp_Goliaths_curse_-_Luke_kemp.txt_7NdMvZ/chunk_cl
/mnt/c/Users/nateg/OneDrive/Documentos/GitHub/kitbash/rhetoric/tmp_Goliaths_curse_-_Luke_kemp.txt_7NdMvZ/chunk_cm
/mnt/c/Users/nateg/OneDrive/Documentos/GitHub/kitbash/rhetoric/tmp_Goliaths_curse_-_Luke_kemp.txt_7NdMvZ/chunk_cn
/mnt/c/Users/nateg/OneDrive/Documentos/GitHub/kitbash/rhetoric/tmp_Goliaths_curse_-_Luke_kemp.txt_7NdMvZ/chunk_co
/mnt/c/Users/nateg/OneDrive/Documentos/GitHub/kitbash/rhetoric/tmp_Goliaths_curse_-_Luke_kemp.txt_7NdMvZ/chunk_cp
/mnt/c/Users/nateg/OneDrive/Documentos/GitHub/kitbash/rhetoric/tmp_Goliaths_curse_-_Luke_kemp.txt_7NdMvZ/chunk_cq
/mnt/c/Users/nateg/OneDrive/Documentos/GitHub/kitbash/rhetoric/tmp_Goliaths_curse_-_Luke_kemp.txt_7NdMvZ/chunk_cr
/mnt/c/Users/nateg/OneDrive/Documentos/GitHub/kitbash/rhetoric/tmp_Goliaths_curse_-_Luke_kemp.txt_7NdMvZ/chunk_cs
/mnt/c/Users/nateg/OneDrive/Documentos/GitHub/kitbash/rhetoric/tmp_Goliaths_curse_-_Luke_kemp.txt_7NdMvZ/chunk_ct
/mnt/c/Users/nateg/OneDrive/Documentos/GitHub/kitbash/rhetoric/tmp_Goliaths_curse_-_Luke_kemp.txt_7NdMvZ/chunk_cu
/mnt/c/Users/nateg/OneDrive/Documentos/GitHub/kitbash/rhetoric/tmp_Goliaths_curse_-_Luke_kemp.txt_7NdMvZ/chunk_cv
/mnt/c/Users/nateg/OneDrive/Documentos/GitHub/kitbash/rhetoric/tmp_Goliaths_curse_-_Luke_kemp.txt_7NdMvZ/chunk_cw
/mnt/c/Users/nateg/OneDrive/Documentos/GitHub/kitbash/rhetoric/tmp_Goliaths_curse_-_Luke_kemp.txt_7NdMvZ/chunk_cx
/mnt/c/Users/nateg/OneDrive/Documentos/GitHub/kitbash/rhetoric/tmp_Goliaths_curse_-_Luke_kemp.txt_7NdMvZ/chunk_cy
/mnt/c/Users/nateg/OneDrive/Documentos/GitHub/kitbash/rhetoric/tmp_Goliaths_curse_-_Luke_kemp.txt_7NdMvZ/chunk_cz
/mnt/c/Users/nateg/OneDrive/Documentos/GitHub/kitbash/rhetoric/tmp_Goliaths_curse_-_Luke_kemp.txt_7NdMvZ/chunk_da
/mnt/c/Users/nateg/OneDrive/Documentos/GitHub/kitbash/rhetoric/tmp_Goliaths_curse_-_Luke_kemp.txt_7NdMvZ/chunk_db
/mnt/c/Users/nateg/OneDrive/Documentos/GitHub/kitbash/rhetoric/tmp_Goliaths_curse_-_Luke_kemp.txt_7NdMvZ/chunk_dc
/mnt/c/Users/nateg/OneDrive/Documentos/GitHub/kitbash/rhetoric/tmp_Goliaths_curse_-_Luke_kemp.txt_7NdMvZ/chunk_dd
/mnt/c/Users/nateg/OneDrive/Documentos/GitHub/kitbash/rhetoric/tmp_Goliaths_curse_-_Luke_kemp.txt_7NdMvZ/chunk_de
/mnt/c/Users/nateg/OneDrive/Documentos/GitHub/kitbash/rhetoric/tmp_Goliaths_curse_-_Luke_kemp.txt_7NdMvZ/chunk_df
/mnt/c/Users/nateg/OneDrive/Documentos/GitHub/kitbash/rhetoric/tmp_Goliaths_curse_-_Luke_kemp.txt_7NdMvZ/chunk_dg
/mnt/c/Users/nateg/OneDrive/Documentos/GitHub/kitbash/rhetoric/tmp_Goliaths_curse_-_Luke_kemp.txt_7NdMvZ/chunk_dh
/mnt/c/Users/nateg/OneDrive/Documentos/GitHub/kitbash/rhetoric/tmp_Goliaths_curse_-_Luke_kemp.txt_7NdMvZ/chunk_di
/mnt/c/Users/nateg/OneDrive/Documentos/GitHub/kitbash/rhetoric/tmp_Goliaths_curse_-_Luke_kemp.txt_7NdMvZ/chunk_dj
/mnt/c/Users/nateg/OneDrive/Documentos/GitHub/kitbash/rhetoric/tmp_Goliaths_curse_-_Luke_kemp.txt_7NdMvZ/chunk_dk
/mnt/c/Users/nateg/OneDrive/Documentos/GitHub/kitbash/rhetoric/tmp_Goliaths_curse_-_Luke_kemp.txt_7NdMvZ/chunk_dl
/mnt/c/Users/nateg/OneDrive/Documentos/GitHub/kitbash/rhetoric/tmp_Goliaths_curse_-_Luke_kemp.txt_7NdMvZ/chunk_dm
/mnt/c/Users/nateg/OneDrive/Documentos/GitHub/kitbash/rhetoric/tmp_Goliaths_curse_-_Luke_kemp.txt_7NdMvZ/chunk_dn
/mnt/c/Users/nateg/OneDrive/Documentos/GitHub/kitbash/rhetoric/tmp_Goliaths_curse_-_Luke_kemp.txt_7NdMvZ/chunk_do
/mnt/c/Users/nateg/OneDrive/Documentos/GitHub/kitbash/rhetoric/tmp_Goliaths_curse_-_Luke_kemp.txt_7NdMvZ/chunk_dp
/mnt/c/Users/nateg/OneDrive/Documentos/GitHub/kitbash/rhetoric/tmp_Goliaths_curse_-_Luke_kemp.txt_7NdMvZ/chunk_dq
/mnt/c/Users/nateg/OneDrive/Documentos/GitHub/kitbash/rhetoric/tmp_Goliaths_curse_-_Luke_kemp.txt_7NdMvZ/chunk_dr
/mnt/c/Users/nateg/OneDrive/Documentos/GitHub/kitbash/rhetoric/tmp_Goliaths_curse_-_Luke_kemp.txt_7NdMvZ/chunk_ds
/mnt/c/Users/nateg/OneDrive/Documentos/GitHub/kitbash/rhetoric/tmp_Goliaths_curse_-_Luke_kemp.txt_7NdMvZ/chunk_dt
/mnt/c/Users/nateg/OneDrive/Documentos/GitHub/kitbash/rhetoric/tmp_Goliaths_curse_-_Luke_kemp.txt_7NdMvZ/chunk_du
/mnt/c/Users/nateg/OneDrive/Documentos/GitHub/kitbash/rhetoric/tmp_Goliaths_curse_-_Luke_kemp.txt_7NdMvZ/chunk_dv
/mnt/c/Users/nateg/OneDrive/Documentos/GitHub/kitbash/rhetoric/tmp_Goliaths_curse_-_Luke_kemp.txt_7NdMvZ/chunk_dw
/mnt/c/Users/nateg/OneDrive/Documentos/GitHub/kitbash/rhetoric/tmp_Goliaths_curse_-_Luke_kemp.txt_7NdMvZ/chunk_dx
/mnt/c/Users/nateg/OneDrive/Documentos/GitHub/kitbash/rhetoric/tmp_Goliaths_curse_-_Luke_kemp.txt_7NdMvZ/chunk_dy
/mnt/c/Users/nateg/OneDrive/Documentos/GitHub/kitbash/rhetoric/tmp_Goliaths_curse_-_Luke_kemp.txt_7NdMvZ/chunk_dz
/mnt/c/Users/nateg/OneDrive/Documentos/GitHub/kitbash/rhetoric/tmp_Goliaths_curse_-_Luke_kemp.txt_7NdMvZ/chunk_ea
/mnt/c/Users/nateg/OneDrive/Documentos/GitHub/kitbash/rhetoric/tmp_Goliaths_curse_-_Luke_kemp.txt_7NdMvZ/chunk_eb
/mnt/c/Users/nateg/OneDrive/Documentos/GitHub/kitbash/rhetoric/tmp_Goliaths_curse_-_Luke_kemp.txt_7NdMvZ/chunk_ec
/mnt/c/Users/nateg/OneDrive/Documentos/GitHub/kitbash/rhetoric/tmp_Goliaths_curse_-_Luke_kemp.txt_7NdMvZ/chunk_ed
/mnt/c/Users/nateg/OneDrive/Documentos/GitHub/kitbash/rhetoric/tmp_Goliaths_curse_-_Luke_kemp.txt_7NdMvZ/chunk_ee
/mnt/c/Users/nateg/OneDrive/Documentos/GitHub/kitbash/rhetoric/tmp_Goliaths_curse_-_Luke_kemp.txt_7NdMvZ/chunk_ef
/mnt/c/Users/nateg/OneDrive/Documentos/GitHub/kitbash/rhetoric/tmp_Goliaths_curse_-_Luke_kemp.txt_7NdMvZ/chunk_eg
/mnt/c/Users/nateg/OneDrive/Documentos/GitHub/kitbash/rhetoric/tmp_Goliaths_curse_-_Luke_kemp.txt_7NdMvZ/chunk_eh
/mnt/c/Users/nateg/OneDrive/Documentos/GitHub/kitbash/rhetoric/tmp_Goliaths_curse_-_Luke_kemp.txt_7NdMvZ/chunk_ei
/mnt/c/Users/nateg/OneDrive/Documentos/GitHub/kitbash/rhetoric/tmp_Goliaths_curse_-_Luke_kemp.txt_7NdMvZ/chunk_ej
/mnt/c/Users/nateg/OneDrive/Documentos/GitHub/kitbash/rhetoric/tmp_Goliaths_curse_-_Luke_kemp.txt_7NdMvZ/chunk_ek
/mnt/c/Users/nateg/OneDrive/Documentos/GitHub/kitbash/rhetoric/tmp_Goliaths_curse_-_Luke_kemp.txt_7NdMvZ/chunk_el
/mnt/c/Users/nateg/OneDrive/Documentos/GitHub/kitbash/rhetoric/tmp_Goliaths_curse_-_Luke_kemp.txt_7NdMvZ/chunk_em
/mnt/c/Users/nateg/OneDrive/Documentos/GitHub/kitbash/rhetoric/tmp_Goliaths_curse_-_Luke_kemp.txt_7NdMvZ/chunk_en
/mnt/c/Users/nateg/OneDrive/Documentos/GitHub/kitbash/rhetoric/tmp_Goliaths_curse_-_Luke_kemp.txt_7NdMvZ/chunk_eo
/mnt/c/Users/nateg/OneDrive/Documentos/GitHub/kitbash/rhetoric/tmp_Goliaths_curse_-_Luke_kemp.txt_7NdMvZ/chunk_ep
/mnt/c/Users/nateg/OneDrive/Documentos/GitHub/kitbash/rhetoric/tmp_Goliaths_curse_-_Luke_kemp.txt_7NdMvZ/chunk_eq
/mnt/c/Users/nateg/OneDrive/Documentos/GitHub/kitbash/rhetoric/tmp_Goliaths_curse_-_Luke_kemp.txt_7NdMvZ/chunk_er
/mnt/c/Users/nateg/OneDrive/Documentos/GitHub/kitbash/rhetoric/tmp_Goliaths_curse_-_Luke_kemp.txt_7NdMvZ/chunk_es
/mnt/c/Users/nateg/OneDrive/Documentos/GitHub/kitbash/rhetoric/tmp_Goliaths_curse_-_Luke_kemp.txt_7NdMvZ/chunk_et
/mnt/c/Users/nateg/OneDrive/Documentos/GitHub/kitbash/rhetoric/tmp_Goliaths_curse_-_Luke_kemp.txt_7NdMvZ/chunk_eu
/mnt/c/Users/nateg/OneDrive/Documentos/GitHub/kitbash/rhetoric/tmp_Goliaths_curse_-_Luke_kemp.txt_7NdMvZ/chunk_ev
/mnt/c/Users/nateg/OneDrive/Documentos/GitHub/kitbash/rhetoric/tmp_Goliaths_curse_-_Luke_kemp.txt_7NdMvZ/chunk_ew
/mnt/c/Users/nateg/OneDrive/Documentos/GitHub/kitbash/rhetoric/tmp_Goliaths_curse_-_Luke_kemp.txt_7NdMvZ/chunk_ex
/mnt/c/Users/nateg/OneDrive/Documentos/GitHub/kitbash/rhetoric/tmp_Goliaths_curse_-_Luke_kemp.txt_7NdMvZ/chunk_ey
/mnt/c/Users/nateg/OneDrive/Documentos/GitHub/kitbash/rhetoric/tmp_Goliaths_curse_-_Luke_kemp.txt_7NdMvZ/chunk_ez
/mnt/c/Users/nateg/OneDrive/Documentos/GitHub/kitbash/rhetoric/tmp_Goliaths_curse_-_Luke_kemp.txt_7NdMvZ/chunk_fa
/mnt/c/Users/nateg/OneDrive/Documentos/GitHub/kitbash/rhetoric/tmp_Goliaths_curse_-_Luke_kemp.txt_7NdMvZ/chunk_fb
/mnt/c/Users/nateg/OneDrive/Documentos/GitHub/kitbash/rhetoric/tmp_Goliaths_curse_-_Luke_kemp.txt_7NdMvZ/chunk_fc
/mnt/c/Users/nateg/OneDrive/Documentos/GitHub/kitbash/rhetoric/tmp_Goliaths_curse_-_Luke_kemp.txt_7NdMvZ/chunk_fd
/mnt/c/Users/nateg/OneDrive/Documentos/GitHub/kitbash/rhetoric/tmp_Goliaths_curse_-_Luke_kemp.txt_7NdMvZ/chunk_fe
/mnt/c/Users/nateg/OneDrive/Documentos/GitHub/kitbash/rhetoric/tmp_Goliaths_curse_-_Luke_kemp.txt_7NdMvZ/chunk_ff
/mnt/c/Users/nateg/OneDrive/Documentos/GitHub/kitbash/rhetoric/tmp_Goliaths_curse_-_Luke_kemp.txt_7NdMvZ/chunk_fg
/mnt/c/Users/nateg/OneDrive/Documentos/GitHub/kitbash/rhetoric/tmp_Goliaths_curse_-_Luke_kemp.txt_7NdMvZ/chunk_fh
/mnt/c/Users/nateg/OneDrive/Documentos/GitHub/kitbash/rhetoric/tmp_Goliaths_curse_-_Luke_kemp.txt_7NdMvZ/chunk_fi
/mnt/c/Users/nateg/OneDrive/Documentos/GitHub/kitbash/rhetoric/tmp_Goliaths_curse_-_Luke_kemp.txt_7NdMvZ/chunk_fj
/mnt/c/Users/nateg/OneDrive/Documentos/GitHub/kitbash/rhetoric/tmp_Goliaths_curse_-_Luke_kemp.txt_7NdMvZ/chunk_fk
/mnt/c/Users/nateg/OneDrive/Documentos/GitHub/kitbash/rhetoric/tmp_Goliaths_curse_-_Luke_kemp.txt_7NdMvZ/chunk_fl
/mnt/c/Users/nateg/OneDrive/Documentos/GitHub/kitbash/rhetoric/tmp_Goliaths_curse_-_Luke_kemp.txt_7NdMvZ/chunk_fm
/mnt/c/Users/nateg/OneDrive/Documentos/GitHub/kitbash/rhetoric/tmp_Goliaths_curse_-_Luke_kemp.txt_7NdMvZ/chunk_fn
/mnt/c/Users/nateg/OneDrive/Documentos/GitHub/kitbash/rhetoric/tmp_Goliaths_curse_-_Luke_kemp.txt_7NdMvZ/chunk_fo
/mnt/c/Users/nateg/OneDrive/Documentos/GitHub/kitbash/rhetoric/tmp_Goliaths_curse_-_Luke_kemp.txt_7NdMvZ/chunk_fp
/mnt/c/Users/nateg/OneDrive/Documentos/GitHub/kitbash/rhetoric/tmp_Goliaths_curse_-_Luke_kemp.txt_7NdMvZ/chunk_fq
/mnt/c/Users/nateg/OneDrive/Documentos/GitHub/kitbash/rhetoric/tmp_Goliaths_curse_-_Luke_kemp.txt_7NdMvZ/chunk_fr
/mnt/c/Users/nateg/OneDrive/Documentos/GitHub/kitbash/rhetoric/tmp_Goliaths_curse_-_Luke_kemp.txt_7NdMvZ/chunk_fs
/mnt/c/Users/nateg/OneDrive/Documentos/GitHub/kitbash/rhetoric/tmp_Goliaths_curse_-_Luke_kemp.txt_7NdMvZ/chunk_ft
/mnt/c/Users/nateg/OneDrive/Documentos/GitHub/kitbash/rhetoric/tmp_Goliaths_curse_-_Luke_kemp.txt_7NdMvZ/chunk_fu
/mnt/c/Users/nateg/OneDrive/Documentos/GitHub/kitbash/rhetoric/tmp_Goliaths_curse_-_Luke_kemp.txt_7NdMvZ/chunk_fv
/mnt/c/Users/nateg/OneDrive/Documentos/GitHub/kitbash/rhetoric/tmp_Goliaths_curse_-_Luke_kemp.txt_7NdMvZ/chunk_fw
/mnt/c/Users/nateg/OneDrive/Documentos/GitHub/kitbash/rhetoric/tmp_Goliaths_curse_-_Luke_kemp.txt_7NdMvZ/chunk_fx
/mnt/c/Users/nateg/OneDrive/Documentos/GitHub/kitbash/rhetoric/tmp_Goliaths_curse_-_Luke_kemp.txt_7NdMvZ/chunk_fy
/mnt/c/Users/nateg/OneDrive/Documentos/GitHub/kitbash/rhetoric/tmp_Goliaths_curse_-_Luke_kemp.txt_7NdMvZ/chunk_fz
/mnt/c/Users/nateg/OneDrive/Documentos/GitHub/kitbash/rhetoric/tmp_Goliaths_curse_-_Luke_kemp.txt_7NdMvZ/chunk_ga
/mnt/c/Users/nateg/OneDrive/Documentos/GitHub/kitbash/rhetoric/tmp_Goliaths_curse_-_Luke_kemp.txt_7NdMvZ/chunk_gb
/mnt/c/Users/nateg/OneDrive/Documentos/GitHub/kitbash/rhetoric/tmp_Goliaths_curse_-_Luke_kemp.txt_7NdMvZ/chunk_gc
/mnt/c/Users/nateg/OneDrive/Documentos/GitHub/kitbash/rhetoric/tmp_Goliaths_curse_-_Luke_kemp.txt_7NdMvZ/chunk_gd
/mnt/c/Users/nateg/OneDrive/Documentos/GitHub/kitbash/rhetoric/tmp_Goliaths_curse_-_Luke_kemp.txt_7NdMvZ/chunk_ge
/mnt/c/Users/nateg/OneDrive/Documentos/GitHub/kitbash/rhetoric/tmp_Goliaths_curse_-_Luke_kemp.txt_7NdMvZ/chunk_gf
/mnt/c/Users/nateg/OneDrive/Documentos/GitHub/kitbash/rhetoric/tmp_Goliaths_curse_-_Luke_kemp.txt_7NdMvZ/chunk_gg
/mnt/c/Users/nateg/OneDrive/Documentos/GitHub/kitbash/rhetoric/tmp_Goliaths_curse_-_Luke_kemp.txt_7NdMvZ/chunk_gh
/mnt/c/Users/nateg/OneDrive/Documentos/GitHub/kitbash/rhetoric/tmp_Goliaths_curse_-_Luke_kemp.txt_7NdMvZ/chunk_gi
/mnt/c/Users/nateg/OneDrive/Documentos/GitHub/kitbash/rhetoric/tmp_Goliaths_curse_-_Luke_kemp.txt_7NdMvZ/chunk_gj
/mnt/c/Users/nateg/OneDrive/Documentos/GitHub/kitbash/rhetoric/tmp_Goliaths_curse_-_Luke_kemp.txt_7NdMvZ/chunk_gk
/mnt/c/Users/nateg/OneDrive/Documentos/GitHub/kitbash/rhetoric/tmp_Goliaths_curse_-_Luke_kemp.txt_7NdMvZ/chunk_gl
/mnt/c/Users/nateg/OneDrive/Documentos/GitHub/kitbash/rhetoric/tmp_Goliaths_curse_-_Luke_kemp.txt_7NdMvZ/chunk_gm
/mnt/c/Users/nateg/OneDrive/Documentos/GitHub/kitbash/rhetoric/tmp_Goliaths_curse_-_Luke_kemp.txt_7NdMvZ/chunk_gn
/mnt/c/Users/nateg/OneDrive/Documentos/GitHub/kitbash/rhetoric/tmp_Goliaths_curse_-_Luke_kemp.txt_7NdMvZ/chunk_go
/mnt/c/Users/nateg/OneDrive/Documentos/GitHub/kitbash/rhetoric/tmp_Goliaths_curse_-_Luke_kemp.txt_7NdMvZ/chunk_gp
/mnt/c/Users/nateg/OneDrive/Documentos/GitHub/kitbash/rhetoric/tmp_Goliaths_curse_-_Luke_kemp.txt_7NdMvZ/chunk_gq
/mnt/c/Users/nateg/OneDrive/Documentos/GitHub/kitbash/rhetoric/tmp_Goliaths_curse_-_Luke_kemp.txt_7NdMvZ/chunk_gr
/mnt/c/Users/nateg/OneDrive/Documentos/GitHub/kitbash/rhetoric/tmp_Goliaths_curse_-_Luke_kemp.txt_7NdMvZ/chunk_gs
/mnt/c/Users/nateg/OneDrive/Documentos/GitHub/kitbash/rhetoric/tmp_Goliaths_curse_-_Luke_kemp.txt_7NdMvZ/chunk_gt
/mnt/c/Users/nateg/OneDrive/Documentos/GitHub/kitbash/rhetoric/tmp_Goliaths_curse_-_Luke_kemp.txt_7NdMvZ/chunk_gu
/mnt/c/Users/nateg/OneDrive/Documentos/GitHub/kitbash/rhetoric/tmp_Goliaths_curse_-_Luke_kemp.txt_7NdMvZ/chunk_gv
/mnt/c/Users/nateg/OneDrive/Documentos/GitHub/kitbash/rhetoric/tmp_Goliaths_curse_-_Luke_kemp.txt_7NdMvZ/chunk_gw
/mnt/c/Users/nateg/OneDrive/Documentos/GitHub/kitbash/rhetoric/tmp_Goliaths_curse_-_Luke_kemp.txt_7NdMvZ/chunk_gx
/mnt/c/Users/nateg/OneDrive/Documentos/GitHub/kitbash/rhetoric/tmp_Goliaths_curse_-_Luke_kemp.txt_7NdMvZ/chunk_gy
/mnt/c/Users/nateg/OneDrive/Documentos/GitHub/kitbash/rhetoric/tmp_Goliaths_curse_-_Luke_kemp.txt_7NdMvZ/chunk_gz
/mnt/c/Users/nateg/OneDrive/Documentos/GitHub/kitbash/rhetoric/tmp_Goliaths_curse_-_Luke_kemp.txt_7NdMvZ/chunk_ha
/mnt/c/Users/nateg/OneDrive/Documentos/GitHub/kitbash/rhetoric/tmp_Goliaths_curse_-_Luke_kemp.txt_7NdMvZ/chunk_hb
/mnt/c/Users/nateg/OneDrive/Documentos/GitHub/kitbash/rhetoric/tmp_Goliaths_curse_-_Luke_kemp.txt_7NdMvZ/chunk_hc
/mnt/c/Users/nateg/OneDrive/Documentos/GitHub/kitbash/rhetoric/tmp_Goliaths_curse_-_Luke_kemp.txt_7NdMvZ/chunk_hd
/mnt/c/Users/nateg/OneDrive/Documentos/GitHub/kitbash/rhetoric/tmp_Goliaths_curse_-_Luke_kemp.txt_7NdMvZ/chunk_he
/mnt/c/Users/nateg/OneDrive/Documentos/GitHub/kitbash/rhetoric/tmp_Goliaths_curse_-_Luke_kemp.txt_7NdMvZ/chunk_hf
/mnt/c/Users/nateg/OneDrive/Documentos/GitHub/kitbash/rhetoric/tmp_Goliaths_curse_-_Luke_kemp.txt_7NdMvZ/chunk_hg
/mnt/c/Users/nateg/OneDrive/Documentos/GitHub/kitbash/rhetoric/tmp_Goliaths_curse_-_Luke_kemp.txt_7NdMvZ/chunk_hh
/mnt/c/Users/nateg/OneDrive/Documentos/GitHub/kitbash/rhetoric/tmp_Goliaths_curse_-_Luke_kemp.txt_7NdMvZ/chunk_hi
/mnt/c/Users/nateg/OneDrive/Documentos/GitHub/kitbash/rhetoric/tmp_Goliaths_curse_-_Luke_kemp.txt_7NdMvZ/chunk_hj
/mnt/c/Users/nateg/OneDrive/Documentos/GitHub/kitbash/rhetoric/tmp_Goliaths_curse_-_Luke_kemp.txt_7NdMvZ/chunk_hk
/mnt/c/Users/nateg/OneDrive/Documentos/GitHub/kitbash/rhetoric/tmp_Goliaths_curse_-_Luke_kemp.txt_7NdMvZ/chunk_hl
/mnt/c/Users/nateg/OneDrive/Documentos/GitHub/kitbash/rhetoric/tmp_Goliaths_curse_-_Luke_kemp.txt_7NdMvZ/chunk_hm
/mnt/c/Users/nateg/OneDrive/Documentos/GitHub/kitbash/rhetoric/tmp_Goliaths_curse_-_Luke_kemp.txt_7NdMvZ/chunk_hn
/mnt/c/Users/nateg/OneDrive/Documentos/GitHub/kitbash/rhetoric/tmp_Goliaths_curse_-_Luke_kemp.txt_7NdMvZ/chunk_ho
/mnt/c/Users/nateg/OneDrive/Documentos/GitHub/kitbash/rhetoric/tmp_Goliaths_curse_-_Luke_kemp.txt_7NdMvZ/chunk_hp
/mnt/c/Users/nateg/OneDrive/Documentos/GitHub/kitbash/rhetoric/tmp_Goliaths_curse_-_Luke_kemp.txt_7NdMvZ/chunk_hq
/mnt/c/Users/nateg/OneDrive/Documentos/GitHub/kitbash/rhetoric/tmp_Goliaths_curse_-_Luke_kemp.txt_7NdMvZ/chunk_hr
/mnt/c/Users/nateg/OneDrive/Documentos/GitHub/kitbash/rhetoric/tmp_Goliaths_curse_-_Luke_kemp.txt_7NdMvZ/chunk_hs
/mnt/c/Users/nateg/OneDrive/Documentos/GitHub/kitbash/rhetoric/tmp_Goliaths_curse_-_Luke_kemp.txt_7NdMvZ/chunk_ht
/mnt/c/Users/nateg/OneDrive/Documentos/GitHub/kitbash/rhetoric/tmp_Goliaths_curse_-_Luke_kemp.txt_7NdMvZ/chunk_hu
/mnt/c/Users/nateg/OneDrive/Documentos/GitHub/kitbash/rhetoric/tmp_Goliaths_curse_-_Luke_kemp.txt_7NdMvZ/chunk_hv
/mnt/c/Users/nateg/OneDrive/Documentos/GitHub/kitbash/rhetoric/tmp_Goliaths_curse_-_Luke_kemp.txt_7NdMvZ/chunk_hw
/mnt/c/Users/nateg/OneDrive/Documentos/GitHub/kitbash/rhetoric/tmp_Goliaths_curse_-_Luke_kemp.txt_7NdMvZ/chunk_hx
/mnt/c/Users/nateg/OneDrive/Documentos/GitHub/kitbash/rhetoric/tmp_Goliaths_curse_-_Luke_kemp.txt_7NdMvZ/chunk_hy
/mnt/c/Users/nateg/OneDrive/Documentos/GitHub/kitbash/rhetoric/tmp_Goliaths_curse_-_Luke_kemp.txt_7NdMvZ/chunk_hz
/mnt/c/Users/nateg/OneDrive/Documentos/GitHub/kitbash/rhetoric/tmp_Goliaths_curse_-_Luke_kemp.txt_7NdMvZ/chunk_ia
/mnt/c/Users/nateg/OneDrive/Documentos/GitHub/kitbash/rhetoric/tmp_Goliaths_curse_-_Luke_kemp.txt_7NdMvZ/chunk_ib
/mnt/c/Users/nateg/OneDrive/Documentos/GitHub/kitbash/rhetoric/tmp_Goliaths_curse_-_Luke_kemp.txt_7NdMvZ/chunk_ic
/mnt/c/Users/nateg/OneDrive/Documentos/GitHub/kitbash/rhetoric/tmp_Goliaths_curse_-_Luke_kemp.txt_7NdMvZ/chunk_id
/mnt/c/Users/nateg/OneDrive/Documentos/GitHub/kitbash/rhetoric/tmp_Goliaths_curse_-_Luke_kemp.txt_7NdMvZ/chunk_ie
/mnt/c/Users/nateg/OneDrive/Documentos/GitHub/kitbash/rhetoric/tmp_Goliaths_curse_-_Luke_kemp.txt_7NdMvZ/chunk_if
/mnt/c/Users/nateg/OneDrive/Documentos/GitHub/kitbash/rhetoric/tmp_Goliaths_curse_-_Luke_kemp.txt_7NdMvZ/chunk_ig
/mnt/c/Users/nateg/OneDrive/Documentos/GitHub/kitbash/rhetoric/tmp_Goliaths_curse_-_Luke_kemp.txt_7NdMvZ/chunk_ih
/mnt/c/Users/nateg/OneDrive/Documentos/GitHub/kitbash/rhetoric/tmp_Goliaths_curse_-_Luke_kemp.txt_7NdMvZ/chunk_ii
/mnt/c/Users/nateg/OneDrive/Documentos/GitHub/kitbash/rhetoric/tmp_Goliaths_curse_-_Luke_kemp.txt_7NdMvZ/chunk_ij
/mnt/c/Users/nateg/OneDrive/Documentos/GitHub/kitbash/rhetoric/tmp_Goliaths_curse_-_Luke_kemp.txt_7NdMvZ/chunk_ik
/mnt/c/Users/nateg/OneDrive/Documentos/GitHub/kitbash/rhetoric/tmp_Goliaths_curse_-_Luke_kemp.txt_7NdMvZ/chunk_il
/mnt/c/Users/nateg/OneDrive/Documentos/GitHub/kitbash/rhetoric/tmp_Goliaths_curse_-_Luke_kemp.txt_7NdMvZ/chunk_im
/mnt/c/Users/nateg/OneDrive/Documentos/GitHub/kitbash/rhetoric/tmp_Goliaths_curse_-_Luke_kemp.txt_7NdMvZ/chunk_in
/mnt/c/Users/nateg/OneDrive/Documentos/GitHub/kitbash/rhetoric/tmp_Goliaths_curse_-_Luke_kemp.txt_7NdMvZ/chunk_io
Temporary directory /mnt/c/Users/nateg/OneDrive/Documentos/GitHub/kitbash/rhetoric/tmp_Goliaths_curse_-_Luke_kemp.txt_7NdMvZ removed
Goliaths_curse_-_Luke_kemp.txt
Processing societal-collapse.txt
Temporary directory created: /mnt/c/Users/nateg/OneDrive/Documentos/GitHub/kitbash/rhetoric/tmp_societal-collapse.txt_r6j0vD
File split into chunks: /mnt/c/Users/nateg/OneDrive/Documentos/GitHub/kitbash/rhetoric/tmp_societal-collapse.txt_r6j0vD/chunk_aa
/mnt/c/Users/nateg/OneDrive/Documentos/GitHub/kitbash/rhetoric/tmp_societal-collapse.txt_r6j0vD/chunk_ab
/mnt/c/Users/nateg/OneDrive/Documentos/GitHub/kitbash/rhetoric/tmp_societal-collapse.txt_r6j0vD/chunk_ac
/mnt/c/Users/nateg/OneDrive/Documentos/GitHub/kitbash/rhetoric/tmp_societal-collapse.txt_r6j0vD/chunk_ad
/mnt/c/Users/nateg/OneDrive/Documentos/GitHub/kitbash/rhetoric/tmp_societal-collapse.txt_r6j0vD/chunk_ae
Temporary directory /mnt/c/Users/nateg/OneDrive/Documentos/GitHub/kitbash/rhetoric/tmp_societal-collapse.txt_r6j0vD removed
societal-collapse.txt
Script completed at Sat Nov  1 20:17:29 ADT 2025
