\BOOKMARK [1][-]{section.1}{\376\377\000I\000n\000t\000r\000o\000d\000u\000c\000t\000i\000o\000n}{}% 1
\BOOKMARK [2][-]{subsection.1.1}{\376\377\000T\000h\000e\000\040\000P\000r\000o\000b\000l\000e\000m\000\040\000o\000f\000\040\000T\000i\000m\000e}{section.1}% 2
\BOOKMARK [2][-]{subsection.1.2}{\376\377\000H\000i\000s\000t\000o\000r\000i\000c\000a\000l\000\040\000A\000p\000p\000r\000o\000a\000c\000h\000e\000s}{section.1}% 3
\BOOKMARK [2][-]{subsection.1.3}{\376\377\000T\000h\000e\000\040\000P\000r\000e\000s\000e\000n\000t\000\040\000P\000r\000o\000p\000o\000s\000a\000l}{section.1}% 4
\BOOKMARK [2][-]{subsection.1.4}{\376\377\000E\000n\000t\000r\000o\000p\000y\000,\000\040\000C\000o\000n\000s\000t\000r\000a\000i\000n\000t\000s\000,\000\040\000a\000n\000d\000\040\000S\000m\000o\000o\000t\000h\000n\000e\000s\000s}{section.1}% 5
\BOOKMARK [2][-]{subsection.1.5}{\376\377\000M\000e\000t\000h\000o\000d\000o\000l\000o\000g\000i\000c\000a\000l\000\040\000C\000o\000m\000m\000i\000t\000m\000e\000n\000t\000s}{section.1}% 6
\BOOKMARK [2][-]{subsection.1.6}{\376\377\000O\000u\000t\000l\000i\000n\000e\000\040\000o\000f\000\040\000t\000h\000e\000\040\000P\000a\000p\000e\000r}{section.1}% 7
\BOOKMARK [1][-]{section.2}{\376\377\000S\000t\000a\000t\000e\000s\000,\000\040\000E\000v\000e\000n\000t\000s\000,\000\040\000a\000n\000d\000\040\000I\000r\000r\000e\000v\000e\000r\000s\000i\000b\000i\000l\000i\000t\000y}{}% 8
\BOOKMARK [2][-]{subsection.2.1}{\376\377\000T\000h\000e\000\040\000R\000e\000p\000r\000e\000s\000e\000n\000t\000a\000t\000i\000o\000n\000a\000l\000\040\000S\000t\000a\000t\000u\000s\000\040\000o\000f\000\040\000S\000t\000a\000t\000e\000s}{section.2}% 9
\BOOKMARK [2][-]{subsection.2.2}{\376\377\000E\000v\000e\000n\000t\000s\000\040\000a\000s\000\040\000C\000o\000n\000s\000t\000r\000a\000i\000n\000t\000-\000I\000m\000p\000o\000s\000i\000n\000g\000\040\000T\000r\000a\000n\000s\000i\000t\000i\000o\000n\000s}{section.2}% 10
\BOOKMARK [2][-]{subsection.2.3}{\376\377\000C\000o\000a\000r\000s\000e\000-\000G\000r\000a\000i\000n\000i\000n\000g\000\040\000a\000n\000d\000\040\000M\000a\000c\000r\000o\000r\000e\000g\000i\000o\000n\000\040\000R\000e\000d\000u\000c\000t\000i\000o\000n}{section.2}% 11
\BOOKMARK [2][-]{subsection.2.4}{\376\377\000T\000y\000p\000i\000c\000a\000l\000i\000t\000y\000\040\000a\000n\000d\000\040\000t\000h\000e\000\040\000D\000i\000r\000e\000c\000t\000i\000o\000n\000\040\000o\000f\000\040\000C\000o\000n\000s\000t\000r\000a\000i\000n\000t\000\040\000L\000o\000s\000s}{section.2}% 12
\BOOKMARK [2][-]{subsection.2.5}{\376\377\000Q\000u\000a\000n\000t\000u\000m\000\040\000I\000r\000r\000e\000v\000e\000r\000s\000i\000b\000i\000l\000i\000t\000y\000\040\000a\000n\000d\000\040\000D\000e\000c\000o\000h\000e\000r\000e\000n\000c\000e}{section.2}% 13
\BOOKMARK [2][-]{subsection.2.6}{\376\377\000S\000t\000a\000t\000e\000s\000\040\000a\000s\000\040\000Q\000u\000o\000t\000i\000e\000n\000t\000s\000\040\000o\000f\000\040\000E\000v\000e\000n\000t\000\040\000H\000i\000s\000t\000o\000r\000i\000e\000s}{section.2}% 14
\BOOKMARK [1][-]{section.3}{\376\377\000E\000n\000t\000r\000o\000p\000y\000\040\000a\000s\000\040\000a\000n\000\040\000E\000n\000a\000b\000l\000i\000n\000g\000\040\000B\000o\000u\000n\000d}{}% 15
\BOOKMARK [2][-]{subsection.3.1}{\376\377\000E\000n\000t\000r\000o\000p\000y\000\040\000B\000e\000y\000o\000n\000d\000\040\000D\000i\000s\000o\000r\000d\000e\000r}{section.3}% 16
\BOOKMARK [2][-]{subsection.3.2}{\376\377\000E\000n\000t\000r\000o\000p\000y\000\040\000a\000s\000\040\000C\000o\000n\000s\000t\000r\000a\000i\000n\000t\000\040\000R\000e\000l\000e\000a\000s\000e}{section.3}% 17
\BOOKMARK [2][-]{subsection.3.3}{\376\377\000E\000n\000t\000r\000o\000p\000y\000\040\000P\000r\000o\000d\000u\000c\000t\000i\000o\000n\000\040\000a\000n\000d\000\040\000I\000r\000r\000e\000v\000e\000r\000s\000i\000b\000l\000e\000\040\000E\000v\000e\000n\000t\000s}{section.3}% 18
\BOOKMARK [2][-]{subsection.3.4}{\376\377\000D\000i\000s\000s\000i\000p\000a\000t\000i\000v\000e\000\040\000S\000t\000r\000u\000c\000t\000u\000r\000e\000s\000\040\000a\000n\000d\000\040\000t\000h\000e\000\040\000R\000o\000l\000e\000\040\000o\000f\000\040\000E\000n\000t\000r\000o\000p\000y\000\040\000F\000l\000u\000x}{section.3}% 19
\BOOKMARK [2][-]{subsection.3.5}{\376\377\000F\000l\000u\000c\000t\000u\000a\000t\000i\000o\000n\000\040\000T\000h\000e\000o\000r\000e\000m\000s\000\040\000a\000n\000d\000\040\000t\000h\000e\000\040\000C\000o\000s\000t\000\040\000o\000f\000\040\000R\000e\000v\000e\000r\000s\000a\000l}{section.3}% 20
\BOOKMARK [2][-]{subsection.3.6}{\376\377\000H\000e\000a\000t\000\040\000D\000e\000a\000t\000h\000\040\000a\000s\000\040\000M\000a\000x\000i\000m\000a\000l\000\040\000S\000m\000o\000o\000t\000h\000n\000e\000s\000s}{section.3}% 21
\BOOKMARK [2][-]{subsection.3.7}{\376\377\000E\000n\000t\000r\000o\000p\000y\000,\000\040\000S\000m\000o\000o\000t\000h\000n\000e\000s\000s\000,\000\040\000a\000n\000d\000\040\000T\000i\000m\000e}{section.3}% 22
\BOOKMARK [1][-]{section.4}{\376\377\000P\000r\000o\000p\000e\000r\000\040\000T\000i\000m\000e\000\040\000R\000e\000i\000n\000t\000e\000r\000p\000r\000e\000t\000e\000d}{}% 23
\BOOKMARK [2][-]{subsection.4.1}{\376\377\000T\000h\000e\000\040\000O\000p\000e\000r\000a\000t\000i\000o\000n\000a\000l\000\040\000M\000e\000a\000n\000i\000n\000g\000\040\000o\000f\000\040\000P\000r\000o\000p\000e\000r\000\040\000T\000i\000m\000e}{section.4}% 24
\BOOKMARK [2][-]{subsection.4.2}{\376\377\000N\000o\000\040\000R\000e\000v\000e\000r\000s\000i\000b\000l\000e\000\040\000C\000l\000o\000c\000k\000\040\000L\000e\000m\000m\000a}{section.4}% 25
\BOOKMARK [2][-]{subsection.4.3}{\376\377\000E\000v\000e\000n\000t\000\040\000D\000e\000n\000s\000i\000t\000y\000\040\000a\000n\000d\000\040\000T\000e\000m\000p\000o\000r\000a\000l\000\040\000A\000c\000c\000u\000m\000u\000l\000a\000t\000i\000o\000n}{section.4}% 26
\BOOKMARK [2][-]{subsection.4.4}{\376\377\000E\000n\000t\000r\000o\000p\000y\000,\000\040\000E\000v\000e\000n\000t\000\040\000D\000e\000n\000s\000i\000t\000y\000,\000\040\000a\000n\000d\000\040\000S\000m\000o\000o\000t\000h\000n\000e\000s\000s}{section.4}% 27
\BOOKMARK [2][-]{subsection.4.5}{\376\377\000G\000r\000a\000v\000i\000t\000a\000t\000i\000o\000n\000a\000l\000\040\000T\000i\000m\000e\000\040\000D\000i\000l\000a\000t\000i\000o\000n\000\040\000a\000s\000\040\000E\000v\000e\000n\000t\000\040\000S\000u\000p\000p\000r\000e\000s\000s\000i\000o\000n}{section.4}% 28
\BOOKMARK [2][-]{subsection.4.6}{\376\377\000K\000i\000n\000e\000m\000a\000t\000i\000c\000\040\000T\000i\000m\000e\000\040\000D\000i\000l\000a\000t\000i\000o\000n}{section.4}% 29
\BOOKMARK [2][-]{subsection.4.7}{\376\377\000W\000h\000y\000\040\000S\000m\000o\000o\000t\000h\000n\000e\000s\000s\000\040\000D\000o\000e\000s\000\040\000N\000o\000t\000\040\000S\000t\000o\000p\000\040\000T\000i\000m\000e}{section.4}% 30
\BOOKMARK [2][-]{subsection.4.8}{\376\377\000T\000i\000m\000e\000\040\000a\000s\000\040\000I\000r\000r\000e\000v\000e\000r\000s\000i\000b\000l\000e\000\040\000F\000o\000r\000g\000e\000t\000t\000i\000n\000g}{section.4}% 31
\BOOKMARK [1][-]{section.5}{\376\377\000N\000e\000a\000r\000-\000E\000q\000u\000i\000l\000i\000b\000r\000i\000u\000m\000\040\000a\000n\000d\000\040\000t\000h\000e\000\040\000C\000e\000s\000s\000a\000t\000i\000o\000n\000\040\000o\000f\000\040\000T\000i\000m\000e}{}% 32
\BOOKMARK [2][-]{subsection.5.1}{\376\377\000E\000q\000u\000i\000l\000i\000b\000r\000i\000u\000m\000\040\000a\000s\000\040\000C\000o\000n\000s\000t\000r\000a\000i\000n\000t\000\040\000S\000a\000t\000u\000r\000a\000t\000i\000o\000n}{section.5}% 33
\BOOKMARK [2][-]{subsection.5.2}{\376\377\000E\000v\000e\000n\000t\000\040\000D\000e\000n\000s\000i\000t\000y\000\040\000N\000e\000a\000r\000\040\000E\000q\000u\000i\000l\000i\000b\000r\000i\000u\000m}{section.5}% 34
\BOOKMARK [2][-]{subsection.5.3}{\376\377\000T\000e\000m\000p\000o\000r\000a\000l\000\040\000E\000x\000h\000a\000u\000s\000t\000i\000o\000n\000\040\000T\000h\000e\000o\000r\000e\000m}{section.5}% 35
\BOOKMARK [2][-]{subsection.5.4}{\376\377\000P\000o\000i\000n\000c\000a\000r\000\351\000\040\000R\000e\000c\000u\000r\000r\000e\000n\000c\000e\000\040\000W\000i\000t\000h\000o\000u\000t\000\040\000T\000e\000m\000p\000o\000r\000a\000l\000\040\000R\000e\000v\000e\000r\000s\000a\000l}{section.5}% 36
\BOOKMARK [2][-]{subsection.5.5}{\376\377\000H\000e\000a\000t\000\040\000D\000e\000a\000t\000h\000\040\000a\000s\000\040\000M\000a\000x\000i\000m\000a\000l\000\040\000S\000m\000o\000o\000t\000h\000n\000e\000s\000s}{section.5}% 37
\BOOKMARK [2][-]{subsection.5.6}{\376\377\000W\000h\000y\000\040\000H\000e\000a\000t\000\040\000D\000e\000a\000t\000h\000\040\000I\000s\000\040\000N\000o\000t\000\040\000S\000t\000a\000s\000i\000s}{section.5}% 38
\BOOKMARK [2][-]{subsection.5.7}{\376\377\000T\000i\000m\000e\000\040\000I\000s\000\040\000N\000o\000t\000\040\000I\000n\000f\000i\000n\000i\000t\000e}{section.5}% 39
\BOOKMARK [2][-]{subsection.5.8}{\376\377\000I\000n\000t\000e\000r\000i\000m\000\040\000S\000u\000m\000m\000a\000r\000y}{section.5}% 40
\BOOKMARK [1][-]{section.6}{\376\377\000R\000e\000l\000a\000t\000i\000o\000n\000\040\000t\000o\000\040\000E\000x\000i\000s\000t\000i\000n\000g\000\040\000F\000r\000a\000m\000e\000w\000o\000r\000k\000s}{}% 41
\BOOKMARK [2][-]{subsection.6.1}{\376\377\000G\000e\000n\000e\000r\000a\000l\000\040\000R\000e\000l\000a\000t\000i\000v\000i\000t\000y}{section.6}% 42
\BOOKMARK [3][-]{subsubsection.6.1.1}{\376\377\000M\000e\000t\000r\000i\000c\000\040\000S\000t\000r\000u\000c\000t\000u\000r\000e\000\040\000a\000n\000d\000\040\000G\000e\000o\000d\000e\000s\000i\000c\000\040\000M\000o\000t\000i\000o\000n}{subsection.6.1}% 43
\BOOKMARK [3][-]{subsubsection.6.1.2}{\376\377\000B\000l\000a\000c\000k\000\040\000H\000o\000l\000e\000\040\000T\000h\000e\000r\000m\000o\000d\000y\000n\000a\000m\000i\000c\000s}{subsection.6.1}% 44
\BOOKMARK [2][-]{subsection.6.2}{\376\377\000S\000t\000a\000t\000i\000s\000t\000i\000c\000a\000l\000\040\000M\000e\000c\000h\000a\000n\000i\000c\000s\000\040\000a\000n\000d\000\040\000N\000o\000n\000e\000q\000u\000i\000l\000i\000b\000r\000i\000u\000m\000\040\000P\000h\000y\000s\000i\000c\000s}{section.6}% 45
\BOOKMARK [3][-]{subsubsection.6.2.1}{\376\377\000E\000n\000t\000r\000o\000p\000y\000\040\000P\000r\000o\000d\000u\000c\000t\000i\000o\000n\000\040\000a\000s\000\040\000P\000r\000i\000m\000a\000r\000y}{subsection.6.2}% 46
\BOOKMARK [3][-]{subsubsection.6.2.2}{\376\377\000F\000l\000u\000c\000t\000u\000a\000t\000i\000o\000n\000\040\000T\000h\000e\000o\000r\000e\000m\000s}{subsection.6.2}% 47
\BOOKMARK [2][-]{subsection.6.3}{\376\377\000I\000s\000i\000n\000g\000\040\000M\000o\000d\000e\000l\000s\000\040\000a\000n\000d\000\040\000P\000h\000a\000s\000e\000\040\000T\000r\000a\000n\000s\000i\000t\000i\000o\000n\000s}{section.6}% 48
\BOOKMARK [3][-]{subsubsection.6.3.1}{\376\377\000D\000o\000m\000a\000i\000n\000\040\000F\000o\000r\000m\000a\000t\000i\000o\000n\000\040\000a\000s\000\040\000C\000o\000n\000s\000t\000r\000a\000i\000n\000t\000\040\000I\000m\000p\000o\000s\000i\000t\000i\000o\000n}{subsection.6.3}% 49
\BOOKMARK [2][-]{subsection.6.4}{\376\377\000R\000e\000n\000o\000r\000m\000a\000l\000i\000z\000a\000t\000i\000o\000n\000\040\000G\000r\000o\000u\000p\000\040\000a\000s\000\040\000C\000o\000n\000s\000t\000r\000a\000i\000n\000t\000\040\000S\000e\000l\000e\000c\000t\000i\000o\000n}{section.6}% 50
\BOOKMARK [2][-]{subsection.6.5}{\376\377\000U\000n\000i\000f\000i\000c\000a\000t\000i\000o\000n\000\040\000v\000i\000a\000\040\000C\000o\000n\000s\000t\000r\000a\000i\000n\000t\000\040\000G\000e\000o\000m\000e\000t\000r\000y}{section.6}% 51
\BOOKMARK [2][-]{subsection.6.6}{\376\377\000I\000n\000t\000e\000r\000i\000m\000\040\000S\000u\000m\000m\000a\000r\000y}{section.6}% 52
\BOOKMARK [1][-]{section.7}{\376\377\000E\000x\000t\000e\000n\000d\000e\000d\000\040\000D\000i\000s\000c\000u\000s\000s\000i\000o\000n\000\040\000a\000n\000d\000\040\000O\000p\000e\000n\000\040\000Q\000u\000e\000s\000t\000i\000o\000n\000s}{}% 53
\BOOKMARK [2][-]{subsection.7.1}{\376\377\000Q\000u\000a\000n\000t\000u\000m\000\040\000G\000r\000a\000v\000i\000t\000y\000\040\000a\000n\000d\000\040\000E\000m\000e\000r\000g\000e\000n\000t\000\040\000S\000p\000a\000c\000e\000t\000i\000m\000e}{section.7}% 54
\BOOKMARK [2][-]{subsection.7.2}{\376\377\000E\000n\000t\000r\000o\000p\000y\000,\000\040\000C\000o\000n\000s\000t\000r\000a\000i\000n\000t\000\040\000R\000e\000l\000e\000a\000s\000e\000,\000\040\000a\000n\000d\000\040\000S\000m\000o\000o\000t\000h\000n\000e\000s\000s}{section.7}% 55
\BOOKMARK [2][-]{subsection.7.3}{\376\377\000H\000e\000a\000t\000\040\000D\000e\000a\000t\000h\000\040\000a\000s\000\040\000M\000a\000x\000i\000m\000a\000l\000\040\000S\000m\000o\000o\000t\000h\000n\000e\000s\000s}{section.7}% 56
\BOOKMARK [2][-]{subsection.7.4}{\376\377\000C\000o\000s\000m\000o\000l\000o\000g\000i\000c\000a\000l\000\040\000A\000r\000r\000o\000w\000\040\000o\000f\000\040\000T\000i\000m\000e}{section.7}% 57
\BOOKMARK [2][-]{subsection.7.5}{\376\377\000B\000o\000l\000t\000z\000m\000a\000n\000n\000\040\000B\000r\000a\000i\000n\000s\000\040\000a\000n\000d\000\040\000A\000t\000y\000p\000i\000c\000a\000l\000\040\000F\000l\000u\000c\000t\000u\000a\000t\000i\000o\000n\000s}{section.7}% 58
\BOOKMARK [2][-]{subsection.7.6}{\376\377\000B\000i\000o\000l\000o\000g\000i\000c\000a\000l\000\040\000T\000i\000m\000e\000\040\000a\000n\000d\000\040\000A\000g\000i\000n\000g}{section.7}% 59
\BOOKMARK [2][-]{subsection.7.7}{\376\377\000O\000p\000e\000n\000\040\000Q\000u\000e\000s\000t\000i\000o\000n\000s}{section.7}% 60
\BOOKMARK [1][-]{section.8}{\376\377\000C\000o\000n\000c\000l\000u\000s\000i\000o\000n}{}% 61
\BOOKMARK [2][-]{subsection.8.1}{\376\377\000S\000u\000m\000m\000a\000r\000y\000\040\000o\000f\000\040\000C\000o\000r\000e\000\040\000C\000l\000a\000i\000m\000s}{section.8}% 62
\BOOKMARK [2][-]{subsection.8.2}{\376\377\000E\000n\000t\000r\000o\000p\000y\000\040\000R\000e\000v\000i\000s\000i\000t\000e\000d}{section.8}% 63
\BOOKMARK [2][-]{subsection.8.3}{\376\377\000T\000i\000m\000e\000\040\000a\000s\000\040\000O\000r\000g\000a\000n\000i\000z\000e\000d\000\040\000F\000o\000r\000g\000e\000t\000t\000i\000n\000g}{section.8}% 64
\BOOKMARK [2][-]{subsection.8.4}{\376\377\000H\000e\000a\000t\000\040\000D\000e\000a\000t\000h\000\040\000R\000e\000c\000o\000n\000s\000i\000d\000e\000r\000e\000d}{section.8}% 65
\BOOKMARK [2][-]{subsection.8.5}{\376\377\000F\000i\000n\000a\000l\000\040\000P\000e\000r\000s\000p\000e\000c\000t\000i\000v\000e}{section.8}% 66
\BOOKMARK [1][-]{appendix.A}{\376\377\000E\000v\000e\000n\000t\000\040\000D\000e\000n\000s\000i\000t\000y\000\040\000a\000n\000d\000\040\000C\000o\000a\000r\000s\000e\000-\000G\000r\000a\000i\000n\000i\000n\000g\000\040\000D\000e\000p\000e\000n\000d\000e\000n\000c\000e}{}% 67
\BOOKMARK [2][-]{subsection.A.1}{\376\377\000M\000o\000t\000i\000v\000a\000t\000i\000o\000n}{appendix.A}% 68
\BOOKMARK [2][-]{subsection.A.2}{\376\377\000C\000o\000a\000r\000s\000e\000-\000G\000r\000a\000i\000n\000i\000n\000g\000\040\000a\000s\000\040\000C\000o\000n\000s\000t\000r\000a\000i\000n\000t\000\040\000S\000e\000l\000e\000c\000t\000i\000o\000n}{appendix.A}% 69
\BOOKMARK [2][-]{subsection.A.3}{\376\377\000E\000v\000e\000n\000t\000\040\000D\000e\000n\000s\000i\000t\000y\000\040\000U\000n\000d\000e\000r\000\040\000R\000e\000f\000i\000n\000e\000m\000e\000n\000t}{appendix.A}% 70
\BOOKMARK [2][-]{subsection.A.4}{\376\377\000R\000o\000b\000u\000s\000t\000n\000e\000s\000s\000\040\000o\000f\000\040\000P\000r\000o\000p\000e\000r\000\040\000T\000i\000m\000e}{appendix.A}% 71
\BOOKMARK [2][-]{subsection.A.5}{\376\377\000O\000b\000j\000e\000c\000t\000i\000v\000i\000t\000y\000\040\000W\000i\000t\000h\000o\000u\000t\000\040\000A\000b\000s\000o\000l\000u\000t\000i\000s\000m}{appendix.A}% 72
\BOOKMARK [2][-]{subsection.A.6}{\376\377\000L\000i\000m\000i\000t\000i\000n\000g\000\040\000C\000a\000s\000e\000s}{appendix.A}% 73
\BOOKMARK [2][-]{subsection.A.7}{\376\377\000S\000u\000m\000m\000a\000r\000y}{appendix.A}% 74
\BOOKMARK [1][-]{appendix.B}{\376\377\000I\000n\000f\000o\000r\000m\000a\000t\000i\000o\000n\000\040\000E\000r\000a\000s\000u\000r\000e\000,\000\040\000L\000a\000n\000d\000a\000u\000e\000r\000\040\000B\000o\000u\000n\000d\000s\000,\000\040\000a\000n\000d\000\040\000T\000e\000m\000p\000o\000r\000a\000l\000\040\000A\000c\000c\000u\000m\000u\000l\000a\000t\000i\000o\000n}{}% 75
\BOOKMARK [2][-]{subsection.B.1}{\376\377\000M\000o\000t\000i\000v\000a\000t\000i\000o\000n}{appendix.B}% 76
\BOOKMARK [2][-]{subsection.B.2}{\376\377\000L\000o\000g\000i\000c\000a\000l\000\040\000I\000r\000r\000e\000v\000e\000r\000s\000i\000b\000i\000l\000i\000t\000y\000\040\000a\000n\000d\000\040\000P\000h\000y\000s\000i\000c\000a\000l\000\040\000C\000o\000s\000t}{appendix.B}% 77
\BOOKMARK [2][-]{subsection.B.3}{\376\377\000C\000o\000n\000s\000t\000r\000a\000i\000n\000t\000\040\000A\000c\000c\000u\000m\000u\000l\000a\000t\000i\000o\000n\000\040\000a\000s\000\040\000I\000n\000f\000o\000r\000m\000a\000t\000i\000o\000n\000\040\000E\000r\000a\000s\000u\000r\000e}{appendix.B}% 78
\BOOKMARK [2][-]{subsection.B.4}{\376\377\000E\000v\000e\000n\000t\000\040\000D\000e\000n\000s\000i\000t\000y\000\040\000a\000n\000d\000\040\000M\000i\000n\000i\000m\000a\000l\000\040\000E\000n\000t\000r\000o\000p\000y\000\040\000P\000r\000o\000d\000u\000c\000t\000i\000o\000n}{appendix.B}% 79
\BOOKMARK [2][-]{subsection.B.5}{\376\377\000C\000l\000o\000c\000k\000s\000\040\000a\000s\000\040\000I\000n\000f\000o\000r\000m\000a\000t\000i\000o\000n\000\040\000E\000r\000a\000s\000u\000r\000e\000\040\000D\000e\000v\000i\000c\000e\000s}{appendix.B}% 80
\BOOKMARK [2][-]{subsection.B.6}{\376\377\000D\000i\000s\000t\000i\000n\000c\000t\000i\000o\000n\000\040\000f\000r\000o\000m\000\040\000C\000o\000m\000p\000u\000t\000a\000t\000i\000o\000n\000a\000l\000\040\000T\000i\000m\000e}{appendix.B}% 81
\BOOKMARK [2][-]{subsection.B.7}{\376\377\000E\000n\000t\000r\000o\000p\000y\000\040\000a\000s\000\040\000C\000o\000n\000s\000t\000r\000a\000i\000n\000t\000\040\000R\000e\000l\000e\000a\000s\000e}{appendix.B}% 82
\BOOKMARK [2][-]{subsection.B.8}{\376\377\000H\000e\000a\000t\000\040\000D\000e\000a\000t\000h\000\040\000R\000e\000v\000i\000s\000i\000t\000e\000d}{appendix.B}% 83
\BOOKMARK [2][-]{subsection.B.9}{\376\377\000S\000u\000m\000m\000a\000r\000y}{appendix.B}% 84
\BOOKMARK [1][-]{appendix.C}{\376\377\000R\000e\000l\000a\000t\000i\000o\000n\000\040\000t\000o\000\040\000T\000h\000e\000r\000m\000a\000l\000\040\000T\000i\000m\000e\000\040\000a\000n\000d\000\040\000R\000e\000l\000a\000t\000i\000o\000n\000a\000l\000\040\000A\000p\000p\000r\000o\000a\000c\000h\000e\000s}{}% 85
\BOOKMARK [2][-]{subsection.C.1}{\376\377\000M\000o\000t\000i\000v\000a\000t\000i\000o\000n}{appendix.C}% 86
\BOOKMARK [2][-]{subsection.C.2}{\376\377\000T\000h\000e\000r\000m\000a\000l\000\040\000T\000i\000m\000e\000\040\000H\000y\000p\000o\000t\000h\000e\000s\000i\000s}{appendix.C}% 87
\BOOKMARK [2][-]{subsection.C.3}{\376\377\000S\000t\000r\000e\000n\000g\000t\000h\000s\000\040\000a\000n\000d\000\040\000L\000i\000m\000i\000t\000a\000t\000i\000o\000n\000s\000\040\000o\000f\000\040\000T\000h\000e\000r\000m\000a\000l\000\040\000T\000i\000m\000e}{appendix.C}% 88
\BOOKMARK [2][-]{subsection.C.4}{\376\377\000E\000v\000e\000n\000t\000\040\000D\000e\000n\000s\000i\000t\000y\000\040\000a\000s\000\040\000t\000h\000e\000\040\000M\000i\000s\000s\000i\000n\000g\000\040\000I\000n\000g\000r\000e\000d\000i\000e\000n\000t}{appendix.C}% 89
\BOOKMARK [2][-]{subsection.C.5}{\376\377\000R\000e\000l\000a\000t\000i\000o\000n\000a\000l\000\040\000T\000i\000m\000e\000\040\000i\000n\000\040\000Q\000u\000a\000n\000t\000u\000m\000\040\000M\000e\000c\000h\000a\000n\000i\000c\000s}{appendix.C}% 90
\BOOKMARK [2][-]{subsection.C.6}{\376\377\000C\000o\000n\000s\000t\000r\000a\000i\000n\000t\000\040\000A\000c\000c\000u\000m\000u\000l\000a\000t\000i\000o\000n\000\040\000a\000n\000d\000\040\000R\000e\000l\000a\000t\000i\000o\000n\000a\000l\000\040\000A\000s\000y\000m\000m\000e\000t\000r\000y}{appendix.C}% 91
\BOOKMARK [2][-]{subsection.C.7}{\376\377\000C\000o\000m\000p\000a\000r\000i\000s\000o\000n\000\040\000w\000i\000t\000h\000\040\000P\000r\000o\000c\000e\000s\000s\000\040\000a\000n\000d\000\040\000C\000a\000u\000s\000a\000l\000\040\000A\000p\000p\000r\000o\000a\000c\000h\000e\000s}{appendix.C}% 92
\BOOKMARK [2][-]{subsection.C.8}{\376\377\000S\000y\000n\000t\000h\000e\000s\000i\000s}{appendix.C}% 93
\BOOKMARK [2][-]{subsection.C.9}{\376\377\000S\000u\000m\000m\000a\000r\000y}{appendix.C}% 94
\BOOKMARK [1][-]{appendix.D}{\376\377\000F\000o\000r\000m\000a\000l\000\040\000C\000o\000n\000s\000i\000s\000t\000e\000n\000c\000y\000\040\000o\000f\000\040\000t\000h\000e\000\040\000E\000v\000e\000n\000t\000-\000D\000e\000n\000s\000i\000t\000y\000\040\000F\000o\000r\000m\000u\000l\000a\000t\000i\000o\000n\000\040\000o\000f\000\040\000P\000r\000o\000p\000e\000r\000\040\000T\000i\000m\000e}{}% 95
\BOOKMARK [2][-]{subsection.D.1}{\376\377\000R\000e\000p\000a\000r\000a\000m\000e\000t\000e\000r\000i\000z\000a\000t\000i\000o\000n\000\040\000I\000n\000v\000a\000r\000i\000a\000n\000c\000e}{appendix.D}% 96
\BOOKMARK [2][-]{subsection.D.2}{\376\377\000R\000e\000l\000a\000t\000i\000v\000i\000s\000t\000i\000c\000\040\000C\000o\000v\000a\000r\000i\000a\000n\000c\000e}{appendix.D}% 97
\BOOKMARK [2][-]{subsection.D.3}{\376\377\000C\000o\000o\000r\000d\000i\000n\000a\000t\000e\000\040\000I\000n\000d\000e\000p\000e\000n\000d\000e\000n\000c\000e}{appendix.D}% 98
\BOOKMARK [2][-]{subsection.D.4}{\376\377\000R\000o\000b\000u\000s\000t\000n\000e\000s\000s\000\040\000U\000n\000d\000e\000r\000\040\000C\000o\000a\000r\000s\000e\000-\000G\000r\000a\000i\000n\000i\000n\000g}{appendix.D}% 99
\BOOKMARK [2][-]{subsection.D.5}{\376\377\000R\000e\000d\000u\000c\000t\000i\000o\000n\000\040\000t\000o\000\040\000S\000t\000a\000n\000d\000a\000r\000d\000\040\000P\000r\000o\000p\000e\000r\000\040\000T\000i\000m\000e}{appendix.D}% 100
\BOOKMARK [2][-]{subsection.D.6}{\376\377\000C\000o\000n\000c\000l\000u\000s\000i\000o\000n}{appendix.D}% 101
