Script started at Fri Dec 26 13:26:55 AST 2025
Summaries will be saved to source-control.txt
Processing Analyzing_Structure_or_Irreversible_History.txt
Temporary directory created: /mnt/c/Users/nateg/OneDrive/Documentos/GitHub/kitbash/ontology/tmp_Analyzing_Structure_or_Irreversible_History.txt_dC6NpA
File split into chunks: /mnt/c/Users/nateg/OneDrive/Documentos/GitHub/kitbash/ontology/tmp_Analyzing_Structure_or_Irreversible_History.txt_dC6NpA/chunk_aa
Temporary directory /mnt/c/Users/nateg/OneDrive/Documentos/GitHub/kitbash/ontology/tmp_Analyzing_Structure_or_Irreversible_History.txt_dC6NpA removed
Analyzing_Structure_or_Irreversible_History.txt
Processing Caldera-Reactor.txt
Temporary directory created: /mnt/c/Users/nateg/OneDrive/Documentos/GitHub/kitbash/ontology/tmp_Caldera-Reactor.txt_P0K2NE
File split into chunks: /mnt/c/Users/nateg/OneDrive/Documentos/GitHub/kitbash/ontology/tmp_Caldera-Reactor.txt_P0K2NE/chunk_aa
Temporary directory /mnt/c/Users/nateg/OneDrive/Documentos/GitHub/kitbash/ontology/tmp_Caldera-Reactor.txt_P0K2NE removed
Caldera-Reactor.txt
Processing Chokepoint Capitalism in Knowledge Infrastructure.txt
Temporary directory created: /mnt/c/Users/nateg/OneDrive/Documentos/GitHub/kitbash/ontology/tmp_ChokepointCapitalisminKnowledgeInfrastructure.txt_4SrFeE
File split into chunks: /mnt/c/Users/nateg/OneDrive/Documentos/GitHub/kitbash/ontology/tmp_ChokepointCapitalisminKnowledgeInfrastructure.txt_4SrFeE/chunk_aa
Temporary directory /mnt/c/Users/nateg/OneDrive/Documentos/GitHub/kitbash/ontology/tmp_ChokepointCapitalisminKnowledgeInfrastructure.txt_4SrFeE removed
Chokepoint Capitalism in Knowledge Infrastructure.txt
Processing Configuration Space.txt
Temporary directory created: /mnt/c/Users/nateg/OneDrive/Documentos/GitHub/kitbash/ontology/tmp_ConfigurationSpace.txt_fqLikx
File split into chunks: /mnt/c/Users/nateg/OneDrive/Documentos/GitHub/kitbash/ontology/tmp_ConfigurationSpace.txt_fqLikx/chunk_aa
Temporary directory /mnt/c/Users/nateg/OneDrive/Documentos/GitHub/kitbash/ontology/tmp_ConfigurationSpace.txt_fqLikx removed
Configuration Space.txt
Processing Controlled AI Takeoff.txt
Temporary directory created: /mnt/c/Users/nateg/OneDrive/Documentos/GitHub/kitbash/ontology/tmp_ControlledAITakeoff.txt_y2DOzo
File split into chunks: /mnt/c/Users/nateg/OneDrive/Documentos/GitHub/kitbash/ontology/tmp_ControlledAITakeoff.txt_y2DOzo/chunk_aa
Temporary directory /mnt/c/Users/nateg/OneDrive/Documentos/GitHub/kitbash/ontology/tmp_ControlledAITakeoff.txt_y2DOzo removed
Controlled AI Takeoff.txt
Processing Culture_and_Structural_Power_Mute_Compulsion.txt
Temporary directory created: /mnt/c/Users/nateg/OneDrive/Documentos/GitHub/kitbash/ontology/tmp_Culture_and_Structural_Power_Mute_Compulsion.txt_Wr7IC9
File split into chunks: /mnt/c/Users/nateg/OneDrive/Documentos/GitHub/kitbash/ontology/tmp_Culture_and_Structural_Power_Mute_Compulsion.txt_Wr7IC9/chunk_aa
Temporary directory /mnt/c/Users/nateg/OneDrive/Documentos/GitHub/kitbash/ontology/tmp_Culture_and_Structural_Power_Mute_Compulsion.txt_Wr7IC9 removed
Culture_and_Structural_Power_Mute_Compulsion.txt
Processing Distributed Harmonic Field Sensing.txt
Temporary directory created: /mnt/c/Users/nateg/OneDrive/Documentos/GitHub/kitbash/ontology/tmp_DistributedHarmonicFieldSensing.txt_IcBAet
File split into chunks: /mnt/c/Users/nateg/OneDrive/Documentos/GitHub/kitbash/ontology/tmp_DistributedHarmonicFieldSensing.txt_IcBAet/chunk_aa
Temporary directory /mnt/c/Users/nateg/OneDrive/Documentos/GitHub/kitbash/ontology/tmp_DistributedHarmonicFieldSensing.txt_IcBAet removed
Distributed Harmonic Field Sensing.txt
Processing Entropic Paradoxes.txt
Temporary directory created: /mnt/c/Users/nateg/OneDrive/Documentos/GitHub/kitbash/ontology/tmp_EntropicParadoxes.txt_CxECw8
File split into chunks: /mnt/c/Users/nateg/OneDrive/Documentos/GitHub/kitbash/ontology/tmp_EntropicParadoxes.txt_CxECw8/chunk_aa
Temporary directory /mnt/c/Users/nateg/OneDrive/Documentos/GitHub/kitbash/ontology/tmp_EntropicParadoxes.txt_CxECw8 removed
Entropic Paradoxes.txt
Processing Gossip to Chokepoint Capitalism.txt
Temporary directory created: /mnt/c/Users/nateg/OneDrive/Documentos/GitHub/kitbash/ontology/tmp_GossiptoChokepointCapitalism.txt_iFuOaP
File split into chunks: /mnt/c/Users/nateg/OneDrive/Documentos/GitHub/kitbash/ontology/tmp_GossiptoChokepointCapitalism.txt_iFuOaP/chunk_aa
Temporary directory /mnt/c/Users/nateg/OneDrive/Documentos/GitHub/kitbash/ontology/tmp_GossiptoChokepointCapitalism.txt_iFuOaP removed
Gossip to Chokepoint Capitalism.txt
Processing Hierarchical Organization.txt
Temporary directory created: /mnt/c/Users/nateg/OneDrive/Documentos/GitHub/kitbash/ontology/tmp_HierarchicalOrganization.txt_RwW1YC
File split into chunks: /mnt/c/Users/nateg/OneDrive/Documentos/GitHub/kitbash/ontology/tmp_HierarchicalOrganization.txt_RwW1YC/chunk_aa
Temporary directory /mnt/c/Users/nateg/OneDrive/Documentos/GitHub/kitbash/ontology/tmp_HierarchicalOrganization.txt_RwW1YC removed
Hierarchical Organization.txt
Processing Idea Routing.txt
Temporary directory created: /mnt/c/Users/nateg/OneDrive/Documentos/GitHub/kitbash/ontology/tmp_IdeaRouting.txt_ScVpvw
File split into chunks: /mnt/c/Users/nateg/OneDrive/Documentos/GitHub/kitbash/ontology/tmp_IdeaRouting.txt_ScVpvw/chunk_aa
Temporary directory /mnt/c/Users/nateg/OneDrive/Documentos/GitHub/kitbash/ontology/tmp_IdeaRouting.txt_ScVpvw removed
Idea Routing.txt
Processing Ledger and Junk.txt
Temporary directory created: /mnt/c/Users/nateg/OneDrive/Documentos/GitHub/kitbash/ontology/tmp_LedgerandJunk.txt_8L9q7S
File split into chunks: /mnt/c/Users/nateg/OneDrive/Documentos/GitHub/kitbash/ontology/tmp_LedgerandJunk.txt_8L9q7S/chunk_aa
Temporary directory /mnt/c/Users/nateg/OneDrive/Documentos/GitHub/kitbash/ontology/tmp_LedgerandJunk.txt_8L9q7S removed
Ledger and Junk.txt
Processing Mathematical Structures.txt
Temporary directory created: /mnt/c/Users/nateg/OneDrive/Documentos/GitHub/kitbash/ontology/tmp_MathematicalStructures.txt_tSqoqP
File split into chunks: /mnt/c/Users/nateg/OneDrive/Documentos/GitHub/kitbash/ontology/tmp_MathematicalStructures.txt_tSqoqP/chunk_aa
Temporary directory /mnt/c/Users/nateg/OneDrive/Documentos/GitHub/kitbash/ontology/tmp_MathematicalStructures.txt_tSqoqP removed
Mathematical Structures.txt
Processing Mute_Compulsion_RSVP_Entropic_Histories.txt
Temporary directory created: /mnt/c/Users/nateg/OneDrive/Documentos/GitHub/kitbash/ontology/tmp_Mute_Compulsion_RSVP_Entropic_Histories.txt_PQ9unK
File split into chunks: /mnt/c/Users/nateg/OneDrive/Documentos/GitHub/kitbash/ontology/tmp_Mute_Compulsion_RSVP_Entropic_Histories.txt_PQ9unK/chunk_aa
Temporary directory /mnt/c/Users/nateg/OneDrive/Documentos/GitHub/kitbash/ontology/tmp_Mute_Compulsion_RSVP_Entropic_Histories.txt_PQ9unK removed
Mute_Compulsion_RSVP_Entropic_Histories.txt
Processing Paradox of Precaution.txt
Temporary directory created: /mnt/c/Users/nateg/OneDrive/Documentos/GitHub/kitbash/ontology/tmp_ParadoxofPrecaution.txt_nZpyN6
File split into chunks: /mnt/c/Users/nateg/OneDrive/Documentos/GitHub/kitbash/ontology/tmp_ParadoxofPrecaution.txt_nZpyN6/chunk_aa
Temporary directory /mnt/c/Users/nateg/OneDrive/Documentos/GitHub/kitbash/ontology/tmp_ParadoxofPrecaution.txt_nZpyN6 removed
Paradox of Precaution.txt
Processing Playcosm.txt
Temporary directory created: /mnt/c/Users/nateg/OneDrive/Documentos/GitHub/kitbash/ontology/tmp_Playcosm.txt_eHcuBi
File split into chunks: /mnt/c/Users/nateg/OneDrive/Documentos/GitHub/kitbash/ontology/tmp_Playcosm.txt_eHcuBi/chunk_aa
Temporary directory /mnt/c/Users/nateg/OneDrive/Documentos/GitHub/kitbash/ontology/tmp_Playcosm.txt_eHcuBi removed
Playcosm.txt
Processing RSVP Study Guide.txt
Temporary directory created: /mnt/c/Users/nateg/OneDrive/Documentos/GitHub/kitbash/ontology/tmp_RSVPStudyGuide.txt_4H8iz5
File split into chunks: /mnt/c/Users/nateg/OneDrive/Documentos/GitHub/kitbash/ontology/tmp_RSVPStudyGuide.txt_4H8iz5/chunk_aa
/mnt/c/Users/nateg/OneDrive/Documentos/GitHub/kitbash/ontology/tmp_RSVPStudyGuide.txt_4H8iz5/chunk_ab
Temporary directory /mnt/c/Users/nateg/OneDrive/Documentos/GitHub/kitbash/ontology/tmp_RSVPStudyGuide.txt_4H8iz5 removed
RSVP Study Guide.txt
Processing RSVP-ADAPTER.txt
Temporary directory created: /mnt/c/Users/nateg/OneDrive/Documentos/GitHub/kitbash/ontology/tmp_RSVP-ADAPTER.txt_XPwKWQ
File split into chunks: /mnt/c/Users/nateg/OneDrive/Documentos/GitHub/kitbash/ontology/tmp_RSVP-ADAPTER.txt_XPwKWQ/chunk_aa
Temporary directory /mnt/c/Users/nateg/OneDrive/Documentos/GitHub/kitbash/ontology/tmp_RSVP-ADAPTER.txt_XPwKWQ removed
RSVP-ADAPTER.txt
Processing Rarely Needed Protocols.txt
Temporary directory created: /mnt/c/Users/nateg/OneDrive/Documentos/GitHub/kitbash/ontology/tmp_RarelyNeededProtocols.txt_XR3bcW
File split into chunks: /mnt/c/Users/nateg/OneDrive/Documentos/GitHub/kitbash/ontology/tmp_RarelyNeededProtocols.txt_XR3bcW/chunk_aa
Temporary directory /mnt/c/Users/nateg/OneDrive/Documentos/GitHub/kitbash/ontology/tmp_RarelyNeededProtocols.txt_XR3bcW removed
Rarely Needed Protocols.txt
Processing Readability.txt
Temporary directory created: /mnt/c/Users/nateg/OneDrive/Documentos/GitHub/kitbash/ontology/tmp_Readability.txt_dI5iTU
File split into chunks: /mnt/c/Users/nateg/OneDrive/Documentos/GitHub/kitbash/ontology/tmp_Readability.txt_dI5iTU/chunk_aa
Temporary directory /mnt/c/Users/nateg/OneDrive/Documentos/GitHub/kitbash/ontology/tmp_Readability.txt_dI5iTU removed
Readability.txt
Processing Recursive Futarchy.txt
Temporary directory created: /mnt/c/Users/nateg/OneDrive/Documentos/GitHub/kitbash/ontology/tmp_RecursiveFutarchy.txt_FWGjMt
File split into chunks: /mnt/c/Users/nateg/OneDrive/Documentos/GitHub/kitbash/ontology/tmp_RecursiveFutarchy.txt_FWGjMt/chunk_aa
Temporary directory /mnt/c/Users/nateg/OneDrive/Documentos/GitHub/kitbash/ontology/tmp_RecursiveFutarchy.txt_FWGjMt removed
Recursive Futarchy.txt
Processing Scalar Extraction - extended version.txt
Temporary directory created: /mnt/c/Users/nateg/OneDrive/Documentos/GitHub/kitbash/ontology/tmp_ScalarExtraction-extendedversion.txt_1KEw0Q
File split into chunks: /mnt/c/Users/nateg/OneDrive/Documentos/GitHub/kitbash/ontology/tmp_ScalarExtraction-extendedversion.txt_1KEw0Q/chunk_aa
/mnt/c/Users/nateg/OneDrive/Documentos/GitHub/kitbash/ontology/tmp_ScalarExtraction-extendedversion.txt_1KEw0Q/chunk_ab
/mnt/c/Users/nateg/OneDrive/Documentos/GitHub/kitbash/ontology/tmp_ScalarExtraction-extendedversion.txt_1KEw0Q/chunk_ac
/mnt/c/Users/nateg/OneDrive/Documentos/GitHub/kitbash/ontology/tmp_ScalarExtraction-extendedversion.txt_1KEw0Q/chunk_ad
/mnt/c/Users/nateg/OneDrive/Documentos/GitHub/kitbash/ontology/tmp_ScalarExtraction-extendedversion.txt_1KEw0Q/chunk_ae
Temporary directory /mnt/c/Users/nateg/OneDrive/Documentos/GitHub/kitbash/ontology/tmp_ScalarExtraction-extendedversion.txt_1KEw0Q removed
Scalar Extraction - extended version.txt
Processing Semantic Infrastructure.txt
Temporary directory created: /mnt/c/Users/nateg/OneDrive/Documentos/GitHub/kitbash/ontology/tmp_SemanticInfrastructure.txt_odN912
File split into chunks: /mnt/c/Users/nateg/OneDrive/Documentos/GitHub/kitbash/ontology/tmp_SemanticInfrastructure.txt_odN912/chunk_aa
Temporary directory /mnt/c/Users/nateg/OneDrive/Documentos/GitHub/kitbash/ontology/tmp_SemanticInfrastructure.txt_odN912 removed
Semantic Infrastructure.txt
Processing Societal Mesh Organs.txt
Temporary directory created: /mnt/c/Users/nateg/OneDrive/Documentos/GitHub/kitbash/ontology/tmp_SocietalMeshOrgans.txt_8lLUJ2
File split into chunks: /mnt/c/Users/nateg/OneDrive/Documentos/GitHub/kitbash/ontology/tmp_SocietalMeshOrgans.txt_8lLUJ2/chunk_aa
Temporary directory /mnt/c/Users/nateg/OneDrive/Documentos/GitHub/kitbash/ontology/tmp_SocietalMeshOrgans.txt_8lLUJ2 removed
Societal Mesh Organs.txt
Processing Structural_Power_is_Cosmic_Constraint.txt
Temporary directory created: /mnt/c/Users/nateg/OneDrive/Documentos/GitHub/kitbash/ontology/tmp_Structural_Power_is_Cosmic_Constraint.txt_Jsruzj
File split into chunks: /mnt/c/Users/nateg/OneDrive/Documentos/GitHub/kitbash/ontology/tmp_Structural_Power_is_Cosmic_Constraint.txt_Jsruzj/chunk_aa
Temporary directory /mnt/c/Users/nateg/OneDrive/Documentos/GitHub/kitbash/ontology/tmp_Structural_Power_is_Cosmic_Constraint.txt_Jsruzj removed
Structural_Power_is_Cosmic_Constraint.txt
Processing The Fall of Space.txt
Temporary directory created: /mnt/c/Users/nateg/OneDrive/Documentos/GitHub/kitbash/ontology/tmp_TheFallofSpace.txt_W0fH6n
File split into chunks: /mnt/c/Users/nateg/OneDrive/Documentos/GitHub/kitbash/ontology/tmp_TheFallofSpace.txt_W0fH6n/chunk_aa
Temporary directory /mnt/c/Users/nateg/OneDrive/Documentos/GitHub/kitbash/ontology/tmp_TheFallofSpace.txt_W0fH6n removed
The Fall of Space.txt
Processing The Noise Tax.txt
Temporary directory created: /mnt/c/Users/nateg/OneDrive/Documentos/GitHub/kitbash/ontology/tmp_TheNoiseTax.txt_6LZG75
File split into chunks: /mnt/c/Users/nateg/OneDrive/Documentos/GitHub/kitbash/ontology/tmp_TheNoiseTax.txt_6LZG75/chunk_aa
Temporary directory /mnt/c/Users/nateg/OneDrive/Documentos/GitHub/kitbash/ontology/tmp_TheNoiseTax.txt_6LZG75 removed
The Noise Tax.txt
Processing The Role of Silence.txt
Temporary directory created: /mnt/c/Users/nateg/OneDrive/Documentos/GitHub/kitbash/ontology/tmp_TheRoleofSilence.txt_Ek7wec
File split into chunks: /mnt/c/Users/nateg/OneDrive/Documentos/GitHub/kitbash/ontology/tmp_TheRoleofSilence.txt_Ek7wec/chunk_aa
Temporary directory /mnt/c/Users/nateg/OneDrive/Documentos/GitHub/kitbash/ontology/tmp_TheRoleofSilence.txt_Ek7wec removed
The Role of Silence.txt
Processing The Thermodynamics of Knowledge Ecosystems.txt
Temporary directory created: /mnt/c/Users/nateg/OneDrive/Documentos/GitHub/kitbash/ontology/tmp_TheThermodynamicsofKnowledgeEcosystems.txt_pJRmCU
File split into chunks: /mnt/c/Users/nateg/OneDrive/Documentos/GitHub/kitbash/ontology/tmp_TheThermodynamicsofKnowledgeEcosystems.txt_pJRmCU/chunk_aa
Temporary directory /mnt/c/Users/nateg/OneDrive/Documentos/GitHub/kitbash/ontology/tmp_TheThermodynamicsofKnowledgeEcosystems.txt_pJRmCU removed
The Thermodynamics of Knowledge Ecosystems.txt
Processing Thermal Infrastructure.txt
Temporary directory created: /mnt/c/Users/nateg/OneDrive/Documentos/GitHub/kitbash/ontology/tmp_ThermalInfrastructure.txt_0eZN5K
File split into chunks: /mnt/c/Users/nateg/OneDrive/Documentos/GitHub/kitbash/ontology/tmp_ThermalInfrastructure.txt_0eZN5K/chunk_aa
Temporary directory /mnt/c/Users/nateg/OneDrive/Documentos/GitHub/kitbash/ontology/tmp_ThermalInfrastructure.txt_0eZN5K removed
Thermal Infrastructure.txt
Processing Unified Active Inference Framework.txt
Temporary directory created: /mnt/c/Users/nateg/OneDrive/Documentos/GitHub/kitbash/ontology/tmp_UnifiedActiveInferenceFramework.txt_kOVzYt
File split into chunks: /mnt/c/Users/nateg/OneDrive/Documentos/GitHub/kitbash/ontology/tmp_UnifiedActiveInferenceFramework.txt_kOVzYt/chunk_aa
Temporary directory /mnt/c/Users/nateg/OneDrive/Documentos/GitHub/kitbash/ontology/tmp_UnifiedActiveInferenceFramework.txt_kOVzYt removed
Unified Active Inference Framework.txt
Processing Unseen_Chains_Mute_Compulsion.txt
Temporary directory created: /mnt/c/Users/nateg/OneDrive/Documentos/GitHub/kitbash/ontology/tmp_Unseen_Chains_Mute_Compulsion.txt_1cMdfu
File split into chunks: /mnt/c/Users/nateg/OneDrive/Documentos/GitHub/kitbash/ontology/tmp_Unseen_Chains_Mute_Compulsion.txt_1cMdfu/chunk_aa
Temporary directory /mnt/c/Users/nateg/OneDrive/Documentos/GitHub/kitbash/ontology/tmp_Unseen_Chains_Mute_Compulsion.txt_1cMdfu removed
Unseen_Chains_Mute_Compulsion.txt
Processing Wilkins Folly.txt
Temporary directory created: /mnt/c/Users/nateg/OneDrive/Documentos/GitHub/kitbash/ontology/tmp_WilkinsFolly.txt_VoL9ep
File split into chunks: /mnt/c/Users/nateg/OneDrive/Documentos/GitHub/kitbash/ontology/tmp_WilkinsFolly.txt_VoL9ep/chunk_aa
Temporary directory /mnt/c/Users/nateg/OneDrive/Documentos/GitHub/kitbash/ontology/tmp_WilkinsFolly.txt_VoL9ep removed
Wilkins Folly.txt
Processing You_Are_Not_a_Thing_You_Are_a_History.txt
Temporary directory created: /mnt/c/Users/nateg/OneDrive/Documentos/GitHub/kitbash/ontology/tmp_You_Are_Not_a_Thing_You_Are_a_History.txt_1sFdpW
File split into chunks: /mnt/c/Users/nateg/OneDrive/Documentos/GitHub/kitbash/ontology/tmp_You_Are_Not_a_Thing_You_Are_a_History.txt_1sFdpW/chunk_aa
Temporary directory /mnt/c/Users/nateg/OneDrive/Documentos/GitHub/kitbash/ontology/tmp_You_Are_Not_a_Thing_You_Are_a_History.txt_1sFdpW removed
You_Are_Not_a_Thing_You_Are_a_History.txt
Processing irreversible-histories.txt
Temporary directory created: /mnt/c/Users/nateg/OneDrive/Documentos/GitHub/kitbash/ontology/tmp_irreversible-histories.txt_zzIQoD
File split into chunks: /mnt/c/Users/nateg/OneDrive/Documentos/GitHub/kitbash/ontology/tmp_irreversible-histories.txt_zzIQoD/chunk_aa
Temporary directory /mnt/c/Users/nateg/OneDrive/Documentos/GitHub/kitbash/ontology/tmp_irreversible-histories.txt_zzIQoD removed
irreversible-histories.txt
Processing moon_not_computer.txt
Temporary directory created: /mnt/c/Users/nateg/OneDrive/Documentos/GitHub/kitbash/ontology/tmp_moon_not_computer.txt_BUzbqu
File split into chunks: /mnt/c/Users/nateg/OneDrive/Documentos/GitHub/kitbash/ontology/tmp_moon_not_computer.txt_BUzbqu/chunk_aa
Temporary directory /mnt/c/Users/nateg/OneDrive/Documentos/GitHub/kitbash/ontology/tmp_moon_not_computer.txt_BUzbqu removed
moon_not_computer.txt
Processing top-level-ontology-draft-01.txt
Temporary directory created: /mnt/c/Users/nateg/OneDrive/Documentos/GitHub/kitbash/ontology/tmp_top-level-ontology-draft-01.txt_z3H4r5
File split into chunks: /mnt/c/Users/nateg/OneDrive/Documentos/GitHub/kitbash/ontology/tmp_top-level-ontology-draft-01.txt_z3H4r5/chunk_aa
Temporary directory /mnt/c/Users/nateg/OneDrive/Documentos/GitHub/kitbash/ontology/tmp_top-level-ontology-draft-01.txt_z3H4r5 removed
top-level-ontology-draft-01.txt
Processing top-level-ontology-draft-02.txt
Temporary directory created: /mnt/c/Users/nateg/OneDrive/Documentos/GitHub/kitbash/ontology/tmp_top-level-ontology-draft-02.txt_aq3Q56
File split into chunks: /mnt/c/Users/nateg/OneDrive/Documentos/GitHub/kitbash/ontology/tmp_top-level-ontology-draft-02.txt_aq3Q56/chunk_aa
Temporary directory /mnt/c/Users/nateg/OneDrive/Documentos/GitHub/kitbash/ontology/tmp_top-level-ontology-draft-02.txt_aq3Q56 removed
top-level-ontology-draft-02.txt
Script completed at Fri Dec 26 14:01:33 AST 2025
