\BOOKMARK [-1][-]{part.1}{\376\377\000I\000\040\000F\000r\000a\000m\000i\000n\000g\000\040\000t\000h\000e\000\040\000P\000r\000o\000b\000l\000e\000m}{}% 1
\BOOKMARK [0][-]{chapter.1}{\376\377\000I\000n\000t\000r\000o\000d\000u\000c\000t\000i\000o\000n\000:\000\040\000T\000h\000e\000\040\000C\000r\000i\000s\000i\000s\000\040\000o\000f\000\040\000T\000r\000u\000s\000t\000\040\000i\000n\000\040\000D\000i\000g\000i\000t\000a\000l\000\040\000S\000y\000s\000t\000e\000m\000s}{part.1}% 2
\BOOKMARK [1][-]{section.1.1}{\376\377\000T\000r\000u\000s\000t\000\040\000a\000s\000\040\000t\000h\000e\000\040\000B\000o\000t\000t\000l\000e\000n\000e\000c\000k\000\040\000o\000f\000\040\000D\000i\000g\000i\000t\000a\000l\000\040\000L\000i\000f\000e}{chapter.1}% 3
\BOOKMARK [1][-]{section.1.2}{\376\377\000T\000h\000e\000\040\000E\000x\000p\000l\000o\000i\000t\000a\000t\000i\000o\000n\000\040\000o\000f\000\040\000W\000e\000a\000k\000n\000e\000s\000s}{chapter.1}% 4
\BOOKMARK [1][-]{section.1.3}{\376\377\000T\000h\000e\000\040\000E\000x\000p\000l\000o\000i\000t\000a\000t\000i\000o\000n\000\040\000o\000f\000\040\000W\000a\000s\000t\000e}{chapter.1}% 5
\BOOKMARK [1][-]{section.1.4}{\376\377\000P\000l\000a\000t\000f\000o\000r\000m\000\040\000E\000c\000o\000n\000o\000m\000i\000e\000s\000\040\000a\000n\000d\000\040\000t\000h\000e\000\040\000D\000e\000a\000d\000\040\000I\000n\000t\000e\000r\000n\000e\000t\000\040\000E\000f\000f\000e\000c\000t}{chapter.1}% 6
\BOOKMARK [1][-]{section.1.5}{\376\377\000R\000S\000V\000P\000\040\000a\000s\000\040\000a\000n\000\040\000I\000n\000f\000o\000r\000m\000a\000t\000i\000o\000n\000a\000l\000\040\000A\000l\000t\000e\000r\000n\000a\000t\000i\000v\000e}{chapter.1}% 7
\BOOKMARK [1][-]{section.1.6}{\376\377\000S\000c\000o\000p\000e\000\040\000o\000f\000\040\000t\000h\000e\000\040\000M\000o\000n\000o\000g\000r\000a\000p\000h}{chapter.1}% 8
\BOOKMARK [0][-]{chapter.2}{\376\377\000H\000u\000m\000a\000n\000\040\000W\000e\000a\000k\000n\000e\000s\000s\000\040\000a\000s\000\040\000S\000e\000c\000u\000r\000i\000t\000y\000\040\000P\000r\000i\000m\000i\000t\000i\000v\000e}{part.1}% 9
\BOOKMARK [1][-]{section.2.1}{\376\377\000T\000h\000e\000\040\000P\000r\000o\000p\000o\000s\000a\000l}{chapter.2}% 10
\BOOKMARK [1][-]{section.2.2}{\376\377\000W\000e\000a\000k\000n\000e\000s\000s\000\040\000a\000s\000\040\000P\000r\000o\000o\000f}{chapter.2}% 11
\BOOKMARK [1][-]{section.2.3}{\376\377\000D\000i\000s\000c\000r\000i\000m\000i\000n\000a\000t\000o\000r\000y\000\040\000E\000f\000f\000e\000c\000t\000s}{chapter.2}% 12
\BOOKMARK [1][-]{section.2.4}{\376\377\000T\000h\000e\000\040\000P\000s\000y\000c\000h\000o\000l\000o\000g\000y\000\040\000o\000f\000\040\000H\000u\000m\000i\000l\000i\000a\000t\000i\000o\000n}{chapter.2}% 13
\BOOKMARK [1][-]{section.2.5}{\376\377\000T\000h\000e\000\040\000E\000p\000i\000s\000t\000e\000m\000i\000c\000\040\000P\000r\000o\000b\000l\000e\000m}{chapter.2}% 14
\BOOKMARK [1][-]{section.2.6}{\376\377\000W\000e\000a\000k\000n\000e\000s\000s\000\040\000a\000s\000\040\000I\000d\000e\000o\000l\000o\000g\000y}{chapter.2}% 15
\BOOKMARK [1][-]{section.2.7}{\376\377\000T\000o\000w\000a\000r\000d\000\040\000I\000n\000f\000o\000r\000m\000a\000t\000i\000o\000n\000a\000l\000\040\000P\000r\000o\000o\000f\000s}{chapter.2}% 16
\BOOKMARK [1][-]{section.2.8}{\376\377\000C\000h\000a\000p\000t\000e\000r\000\040\000P\000r\000e\000v\000i\000e\000w}{chapter.2}% 17
\BOOKMARK [0][-]{appendix.A}{\376\377\000F\000o\000r\000m\000a\000l\000i\000z\000a\000t\000i\000o\000n\000\040\000o\000f\000\040\000W\000e\000a\000k\000n\000e\000s\000s\000-\000B\000a\000s\000e\000d\000\040\000T\000e\000s\000t\000s}{part.1}% 18
\BOOKMARK [1][-]{section.A.1}{\376\377\000M\000e\000m\000o\000r\000y\000\040\000I\000n\000t\000e\000r\000f\000e\000r\000e\000n\000c\000e\000\040\000T\000e\000s\000t\000s}{appendix.A}% 19
\BOOKMARK [1][-]{section.A.2}{\376\377\000A\000t\000t\000e\000n\000t\000i\000o\000n\000-\000S\000p\000l\000i\000t\000t\000i\000n\000g\000\040\000T\000e\000s\000t\000s}{appendix.A}% 20
\BOOKMARK [1][-]{section.A.3}{\376\377\000N\000o\000n\000-\000T\000r\000a\000n\000s\000f\000e\000r\000a\000b\000i\000l\000i\000t\000y\000\040\000o\000f\000\040\000S\000k\000i\000l\000l}{appendix.A}% 21
\BOOKMARK [1][-]{section.A.4}{\376\377\000G\000e\000n\000e\000r\000a\000l\000\040\000W\000e\000a\000k\000n\000e\000s\000s\000\040\000T\000e\000s\000t\000\040\000F\000u\000n\000c\000t\000i\000o\000n}{appendix.A}% 22
\BOOKMARK [1][-]{section.A.5}{\376\377\000R\000S\000V\000P\000\040\000C\000r\000i\000t\000i\000q\000u\000e\000\040\000i\000n\000\040\000F\000o\000r\000m\000a\000l\000\040\000T\000e\000r\000m\000s}{appendix.A}% 23
\BOOKMARK [0][-]{appendix.B}{\376\377\000W\000a\000s\000t\000e\000\040\000a\000s\000\040\000S\000e\000c\000u\000r\000i\000t\000y\000\040\000P\000r\000i\000m\000i\000t\000i\000v\000e\000:\000\040\000B\000l\000o\000c\000k\000c\000h\000a\000i\000n\000s\000\040\000a\000n\000d\000\040\000B\000e\000y\000o\000n\000d}{part.1}% 24
\BOOKMARK [1][-]{section.B.1}{\376\377\000P\000r\000o\000o\000f\000-\000o\000f\000-\000W\000o\000r\000k\000\040\000a\000s\000\040\000D\000e\000s\000i\000g\000n}{appendix.B}% 25
\BOOKMARK [1][-]{section.B.2}{\376\377\000W\000a\000s\000t\000e\000\040\000a\000s\000\040\000P\000r\000o\000o\000f}{appendix.B}% 26
\BOOKMARK [1][-]{section.B.3}{\376\377\000E\000c\000o\000l\000o\000g\000i\000c\000a\000l\000\040\000a\000n\000d\000\040\000E\000c\000o\000n\000o\000m\000i\000c\000\040\000C\000o\000s\000t\000s}{appendix.B}% 27
\BOOKMARK [1][-]{section.B.4}{\376\377\000T\000h\000e\000\040\000A\000b\000s\000u\000r\000d\000i\000t\000y\000\040\000o\000f\000\040\000U\000s\000e\000l\000e\000s\000s\000\040\000W\000o\000r\000k}{appendix.B}% 28
\BOOKMARK [1][-]{section.B.5}{\376\377\000S\000o\000c\000i\000a\000l\000\040\000P\000a\000r\000a\000l\000l\000e\000l\000s}{appendix.B}% 29
\BOOKMARK [1][-]{section.B.6}{\376\377\000E\000p\000i\000s\000t\000e\000m\000i\000c\000\040\000I\000n\000s\000t\000a\000b\000i\000l\000i\000t\000y}{appendix.B}% 30
\BOOKMARK [1][-]{section.B.7}{\376\377\000R\000S\000V\000P\000\040\000C\000r\000i\000t\000i\000q\000u\000e}{appendix.B}% 31
\BOOKMARK [1][-]{section.B.8}{\376\377\000T\000o\000w\000a\000r\000d\000\040\000I\000n\000f\000o\000r\000m\000a\000t\000i\000o\000n\000a\000l\000\040\000P\000r\000o\000o\000f\000s}{appendix.B}% 32
\BOOKMARK [1][-]{section.B.9}{\376\377\000C\000h\000a\000p\000t\000e\000r\000\040\000P\000r\000e\000v\000i\000e\000w}{appendix.B}% 33
\BOOKMARK [-1][-]{part.2}{\376\377\000I\000I\000\040\000C\000u\000l\000t\000u\000r\000a\000l\000\040\000a\000n\000d\000\040\000C\000o\000g\000n\000i\000t\000i\000v\000e\000\040\000P\000a\000r\000a\000l\000l\000e\000l\000s}{}% 34
\BOOKMARK [0][-]{appendix.C}{\376\377\000H\000u\000m\000o\000r\000,\000\040\000N\000a\000r\000r\000a\000t\000i\000v\000e\000,\000\040\000a\000n\000d\000\040\000I\000r\000r\000e\000v\000e\000r\000s\000i\000b\000i\000l\000i\000t\000y}{part.2}% 35
\BOOKMARK [1][-]{section.C.1}{\376\377\000I\000n\000t\000r\000o\000d\000u\000c\000t\000i\000o\000n}{appendix.C}% 36
\BOOKMARK [1][-]{section.C.2}{\376\377\000H\000u\000m\000o\000r\000\040\000a\000s\000\040\000C\000o\000g\000n\000i\000t\000i\000v\000e\000\040\000I\000r\000r\000e\000v\000e\000r\000s\000i\000b\000i\000l\000i\000t\000y}{appendix.C}% 37
\BOOKMARK [1][-]{section.C.3}{\376\377\000N\000a\000r\000r\000a\000t\000i\000v\000e\000\040\000a\000s\000\040\000T\000e\000m\000p\000o\000r\000a\000l\000\040\000I\000r\000r\000e\000v\000e\000r\000s\000i\000b\000i\000l\000i\000t\000y}{appendix.C}% 38
\BOOKMARK [1][-]{section.C.4}{\376\377\000I\000r\000r\000e\000v\000e\000r\000s\000i\000b\000i\000l\000i\000t\000y\000\040\000a\000s\000\040\000C\000o\000n\000t\000r\000o\000l}{appendix.C}% 39
\BOOKMARK [1][-]{section.C.5}{\376\377\000L\000e\000s\000s\000o\000n\000s\000\040\000f\000o\000r\000\040\000S\000e\000c\000u\000r\000i\000t\000y}{appendix.C}% 40
\BOOKMARK [1][-]{section.C.6}{\376\377\000T\000o\000w\000a\000r\000d\000\040\000C\000o\000n\000s\000t\000r\000u\000c\000t\000i\000v\000e\000\040\000I\000r\000r\000e\000v\000e\000r\000s\000i\000b\000i\000l\000i\000t\000y}{appendix.C}% 41
\BOOKMARK [1][-]{section.C.7}{\376\377\000C\000h\000a\000p\000t\000e\000r\000\040\000P\000r\000e\000v\000i\000e\000w}{appendix.C}% 42
\BOOKMARK [0][-]{appendix.D}{\376\377\000D\000e\000a\000d\000\040\000I\000n\000t\000e\000r\000n\000e\000t\000\040\000T\000h\000e\000o\000r\000y\000\040\000a\000n\000d\000\040\000E\000n\000g\000i\000n\000e\000e\000r\000e\000d\000\040\000R\000e\000a\000l\000i\000t\000y}{part.2}% 43
\BOOKMARK [1][-]{section.D.1}{\376\377\000I\000n\000t\000r\000o\000d\000u\000c\000t\000i\000o\000n}{appendix.D}% 44
\BOOKMARK [1][-]{section.D.2}{\376\377\000T\000h\000e\000\040\000A\000n\000a\000t\000o\000m\000y\000\040\000o\000f\000\040\000a\000\040\000D\000e\000a\000d\000\040\000I\000n\000t\000e\000r\000n\000e\000t}{appendix.D}% 45
\BOOKMARK [1][-]{section.D.3}{\376\377\000F\000r\000o\000m\000\040\000T\000h\000e\000o\000r\000y\000\040\000t\000o\000\040\000E\000n\000g\000i\000n\000e\000e\000r\000e\000d\000\040\000R\000e\000a\000l\000i\000t\000y}{appendix.D}% 46
\BOOKMARK [1][-]{section.D.4}{\376\377\000C\000o\000n\000s\000e\000q\000u\000e\000n\000c\000e\000s\000\040\000f\000o\000r\000\040\000P\000o\000l\000i\000t\000i\000c\000s\000,\000\040\000E\000d\000u\000c\000a\000t\000i\000o\000n\000,\000\040\000I\000d\000e\000n\000t\000i\000t\000y}{appendix.D}% 47
\BOOKMARK [1][-]{section.D.5}{\376\377\000I\000r\000r\000e\000v\000e\000r\000s\000i\000b\000i\000l\000i\000t\000y\000\040\000o\000f\000\040\000N\000o\000i\000s\000e}{appendix.D}% 48
\BOOKMARK [1][-]{section.D.6}{\376\377\000R\000S\000V\000P\000\040\000C\000r\000i\000t\000i\000q\000u\000e}{appendix.D}% 49
\BOOKMARK [1][-]{section.D.7}{\376\377\000T\000o\000w\000a\000r\000d\000\040\000E\000n\000g\000i\000n\000e\000e\000r\000e\000d\000\040\000C\000o\000h\000e\000r\000e\000n\000c\000e}{appendix.D}% 50
\BOOKMARK [1][-]{section.D.8}{\376\377\000C\000h\000a\000p\000t\000e\000r\000\040\000P\000r\000e\000v\000i\000e\000w}{appendix.D}% 51
\BOOKMARK [0][-]{appendix.E}{\376\377\000A\000e\000s\000t\000h\000e\000t\000i\000c\000\040\000C\000a\000p\000t\000u\000r\000e\000\040\000a\000n\000d\000\040\000t\000h\000e\000\040\000D\000r\000i\000f\000t\000\040\000o\000f\000\040\000N\000o\000r\000m\000s}{part.2}% 52
\BOOKMARK [1][-]{section.E.1}{\376\377\000I\000n\000t\000r\000o\000d\000u\000c\000t\000i\000o\000n}{appendix.E}% 53
\BOOKMARK [1][-]{section.E.2}{\376\377\000M\000i\000c\000r\000o\000-\000A\000n\000o\000m\000a\000l\000i\000e\000s\000\040\000a\000s\000\040\000S\000i\000g\000n\000a\000l\000s}{appendix.E}% 54
\BOOKMARK [1][-]{section.E.3}{\376\377\000A\000e\000s\000t\000h\000e\000t\000i\000c\000\040\000D\000r\000i\000f\000t\000\040\000a\000s\000\040\000P\000l\000a\000t\000f\000o\000r\000m\000\040\000L\000o\000g\000i\000c}{appendix.E}% 55
\BOOKMARK [1][-]{section.E.4}{\376\377\000F\000r\000o\000m\000\040\000I\000r\000r\000i\000t\000a\000t\000i\000o\000n\000\040\000t\000o\000\040\000A\000l\000i\000e\000n\000a\000t\000i\000o\000n}{appendix.E}% 56
\BOOKMARK [1][-]{section.E.5}{\376\377\000R\000S\000V\000P\000\040\000A\000n\000a\000l\000y\000s\000i\000s}{appendix.E}% 57
\BOOKMARK [1][-]{section.E.6}{\376\377\000A\000e\000s\000t\000h\000e\000t\000i\000c\000\040\000a\000s\000\040\000C\000i\000v\000i\000c\000\040\000S\000i\000g\000n\000a\000l}{appendix.E}% 58
\BOOKMARK [1][-]{section.E.7}{\376\377\000C\000o\000n\000c\000l\000u\000s\000i\000o\000n\000:\000\040\000F\000r\000o\000m\000\040\000A\000n\000n\000o\000y\000a\000n\000c\000e\000\040\000t\000o\000\040\000D\000e\000s\000i\000g\000n\000\040\000P\000r\000i\000n\000c\000i\000p\000l\000e}{appendix.E}% 59
\BOOKMARK [-1][-]{part.3}{\376\377\000I\000I\000I\000\040\000R\000S\000V\000P\000\040\000I\000n\000f\000o\000r\000m\000a\000t\000i\000o\000n\000a\000l\000\040\000S\000e\000c\000u\000r\000i\000t\000y}{}% 60
\BOOKMARK [0][-]{appendix.F}{\376\377\000R\000S\000V\000P\000:\000\040\000R\000e\000l\000a\000t\000i\000v\000i\000s\000t\000i\000c\000\040\000S\000c\000a\000l\000a\000r\000-\000V\000e\000c\000t\000o\000r\000\040\000P\000l\000e\000n\000u\000m\000\040\000a\000s\000\040\000I\000n\000f\000o\000r\000m\000a\000t\000i\000o\000n\000a\000l\000\040\000I\000n\000f\000r\000a\000s\000t\000r\000u\000c\000t\000u\000r\000e}{part.3}% 61
\BOOKMARK [1][-]{section.F.1}{\376\377\000I\000n\000t\000r\000o\000d\000u\000c\000t\000i\000o\000n}{appendix.F}% 62
\BOOKMARK [1][-]{section.F.2}{\376\377\000R\000S\000V\000P\000\040\000B\000a\000c\000k\000g\000r\000o\000u\000n\000d\000:\000\040\000F\000r\000o\000m\000\040\000P\000h\000y\000s\000i\000c\000s\000\040\000t\000o\000\040\000C\000o\000g\000n\000i\000t\000i\000o\000n}{appendix.F}% 63
\BOOKMARK [1][-]{section.F.3}{\376\377\000I\000n\000f\000o\000r\000m\000a\000t\000i\000o\000n\000a\000l\000\040\000T\000r\000a\000n\000s\000l\000a\000t\000i\000o\000n}{appendix.F}% 64
\BOOKMARK [1][-]{section.F.4}{\376\377\000T\000h\000e\000\040\000U\000s\000e\000f\000u\000l\000n\000e\000s\000s\000\040\000F\000u\000n\000c\000t\000i\000o\000n}{appendix.F}% 65
\BOOKMARK [1][-]{section.F.5}{\376\377\000M\000a\000r\000k\000e\000d\000n\000e\000s\000s\000\040\000a\000n\000d\000\040\000C\000o\000m\000p\000l\000e\000x\000i\000t\000y}{appendix.F}% 66
\BOOKMARK [1][-]{section.F.6}{\376\377\000S\000e\000c\000u\000r\000i\000t\000y\000\040\000T\000h\000r\000o\000u\000g\000h\000\040\000I\000n\000f\000o\000r\000m\000a\000t\000i\000o\000n\000a\000l\000\040\000I\000r\000r\000e\000v\000e\000r\000s\000i\000b\000i\000l\000i\000t\000y}{appendix.F}% 67
\BOOKMARK [1][-]{section.F.7}{\376\377\000T\000o\000w\000a\000r\000d\000\040\000I\000n\000f\000r\000a\000s\000t\000r\000u\000c\000t\000u\000r\000a\000l\000\040\000A\000p\000p\000l\000i\000c\000a\000t\000i\000o\000n}{appendix.F}% 68
\BOOKMARK [1][-]{section.F.8}{\376\377\000C\000h\000a\000p\000t\000e\000r\000\040\000P\000r\000e\000v\000i\000e\000w}{appendix.F}% 69
\BOOKMARK [0][-]{appendix.G}{\376\377\000M\000e\000t\000r\000i\000c\000s\000\040\000o\000f\000\040\000I\000n\000f\000o\000r\000m\000a\000t\000i\000o\000n\000a\000l\000\040\000U\000s\000e\000f\000u\000l\000n\000e\000s\000s}{part.3}% 70
\BOOKMARK [1][-]{section.G.1}{\376\377\000I\000n\000t\000r\000o\000d\000u\000c\000t\000i\000o\000n}{appendix.G}% 71
\BOOKMARK [1][-]{section.G.2}{\376\377\000E\000n\000t\000r\000o\000p\000y\000\040\000:\000\040\000Q\000u\000a\000n\000t\000i\000f\000y\000i\000n\000g\000\040\000D\000i\000s\000o\000r\000d\000e\000r}{appendix.G}% 72
\BOOKMARK [1][-]{section.G.3}{\376\377\000V\000e\000c\000t\000o\000r\000\040\000C\000o\000h\000e\000r\000e\000n\000c\000e\000\040\000:\000\040\000A\000l\000i\000g\000n\000i\000n\000g\000\040\000F\000l\000o\000w\000s}{appendix.G}% 73
\BOOKMARK [1][-]{section.G.4}{\376\377\000S\000c\000a\000l\000a\000r\000\040\000D\000e\000n\000s\000i\000t\000y\000\040\000:\000\040\000R\000i\000c\000h\000n\000e\000s\000s\000\040\000P\000e\000r\000\040\000U\000n\000i\000t}{appendix.G}% 74
\BOOKMARK [1][-]{section.G.5}{\376\377\000C\000o\000m\000p\000o\000s\000i\000t\000e\000\040\000U\000s\000e\000f\000u\000l\000n\000e\000s\000s\000\040\000F\000u\000n\000c\000t\000i\000o\000n}{appendix.G}% 75
\BOOKMARK [1][-]{section.G.6}{\376\377\000W\000o\000r\000k\000e\000d\000\040\000E\000x\000a\000m\000p\000l\000e\000s}{appendix.G}% 76
\BOOKMARK [1][-]{section.G.7}{\376\377\000I\000n\000f\000o\000r\000m\000a\000t\000i\000o\000n\000a\000l\000\040\000S\000e\000c\000u\000r\000i\000t\000y\000\040\000v\000s\000.\000\040\000W\000e\000a\000k\000n\000e\000s\000s\000/\000W\000a\000s\000t\000e}{appendix.G}% 77
\BOOKMARK [1][-]{section.G.8}{\376\377\000C\000o\000m\000p\000l\000e\000x\000i\000t\000y\000\040\000a\000n\000d\000\040\000M\000a\000r\000k\000e\000d\000n\000e\000s\000s}{appendix.G}% 78
\BOOKMARK [1][-]{section.G.9}{\376\377\000C\000h\000a\000p\000t\000e\000r\000\040\000P\000r\000e\000v\000i\000e\000w}{appendix.G}% 79
\BOOKMARK [0][-]{appendix.H}{\376\377\000I\000n\000f\000o\000r\000m\000a\000t\000i\000o\000n\000a\000l\000\040\000F\000r\000i\000c\000t\000i\000o\000n\000\040\000v\000s\000.\000\040\000M\000o\000n\000e\000t\000a\000r\000y\000\040\000F\000r\000i\000c\000t\000i\000o\000n}{part.3}% 80
\BOOKMARK [1][-]{section.H.1}{\376\377\000I\000n\000t\000r\000o\000d\000u\000c\000t\000i\000o\000n}{appendix.H}% 81
\BOOKMARK [1][-]{section.H.2}{\376\377\000B\000u\000b\000b\000l\000e\000\040\000C\000i\000t\000y\000:\000\040\000P\000e\000n\000n\000y\000-\000t\000o\000-\000P\000o\000s\000t}{appendix.H}% 82
\BOOKMARK [1][-]{section.H.3}{\376\377\000W\000h\000y\000\040\000M\000o\000n\000e\000t\000a\000r\000y\000\040\000F\000r\000i\000c\000t\000i\000o\000n\000\040\000C\000o\000l\000l\000a\000p\000s\000e\000s}{appendix.H}% 83
\BOOKMARK [1][-]{section.H.4}{\376\377\000R\000S\000V\000P\000\040\000a\000s\000\040\000I\000n\000f\000o\000r\000m\000a\000t\000i\000o\000n\000a\000l\000\040\000F\000r\000i\000c\000t\000i\000o\000n}{appendix.H}% 84
\BOOKMARK [1][-]{section.H.5}{\376\377\000M\000a\000r\000k\000e\000d\000n\000e\000s\000s\000\040\000a\000n\000d\000\040\000C\000o\000m\000p\000l\000e\000x\000i\000t\000y\000\040\000a\000s\000\040\000N\000a\000t\000u\000r\000a\000l\000\040\000G\000a\000t\000e\000s}{appendix.H}% 85
\BOOKMARK [1][-]{section.H.6}{\376\377\000C\000o\000m\000p\000a\000r\000a\000t\000i\000v\000e\000\040\000T\000a\000b\000l\000e}{appendix.H}% 86
\BOOKMARK [1][-]{section.H.7}{\376\377\000C\000o\000n\000c\000l\000u\000s\000i\000o\000n}{appendix.H}% 87
\BOOKMARK [0][-]{appendix.A}{\376\377\000O\000n\000\040\000t\000h\000e\000\040\000I\000n\000s\000t\000a\000b\000i\000l\000i\000t\000y\000\040\000o\000f\000\040\000M\000o\000n\000e\000t\000a\000r\000y\000\040\000F\000r\000i\000c\000t\000i\000o\000n}{part.3}% 88
\BOOKMARK [1][-]{section.A.1}{\376\377\000M\000o\000n\000e\000t\000a\000r\000y\000\040\000F\000r\000i\000c\000t\000i\000o\000n\000\040\000a\000s\000\040\000a\000\040\000F\000u\000n\000c\000t\000i\000o\000n}{appendix.A}% 89
\BOOKMARK [1][-]{section.A.2}{\376\377\000S\000p\000e\000c\000u\000l\000a\000t\000i\000v\000e\000\040\000D\000r\000i\000f\000t}{appendix.A}% 90
\BOOKMARK [1][-]{section.A.3}{\376\377\000E\000q\000u\000i\000t\000y\000\040\000D\000i\000s\000t\000o\000r\000t\000i\000o\000n}{appendix.A}% 91
\BOOKMARK [1][-]{section.A.4}{\376\377\000S\000p\000e\000c\000u\000l\000a\000t\000i\000v\000e\000\040\000A\000r\000b\000i\000t\000r\000a\000g\000e}{appendix.A}% 92
\BOOKMARK [1][-]{section.A.5}{\376\377\000C\000o\000m\000p\000a\000r\000a\000t\000i\000v\000e\000\040\000S\000t\000a\000b\000i\000l\000i\000t\000y}{appendix.A}% 93
\BOOKMARK [1][-]{section.A.6}{\376\377\000C\000o\000n\000c\000l\000u\000s\000i\000o\000n}{appendix.A}% 94
\BOOKMARK [-1][-]{part.4}{\376\377\000I\000V\000\040\000C\000i\000v\000i\000c\000\040\000a\000n\000d\000\040\000S\000o\000c\000i\000o\000e\000c\000o\000n\000o\000m\000i\000c\000\040\000E\000x\000t\000e\000n\000s\000i\000o\000n\000s}{}% 95
\BOOKMARK [0][-]{appendix.B}{\376\377\000C\000i\000v\000i\000c\000\040\000E\000f\000f\000i\000c\000i\000e\000n\000c\000y\000\040\000I\000n\000d\000e\000x\000\040\000\050\000C\000E\000I\000\051\000:\000\040\000F\000r\000o\000m\000\040\000T\000r\000u\000c\000k\000s\000\040\000t\000o\000\040\000B\000l\000o\000c\000k\000c\000h\000a\000i\000n\000s}{part.4}% 96
\BOOKMARK [1][-]{section.B.1}{\376\377\000I\000n\000t\000r\000o\000d\000u\000c\000t\000i\000o\000n}{appendix.B}% 97
\BOOKMARK [1][-]{section.B.2}{\376\377\000R\000S\000V\000P\000\040\000F\000o\000u\000n\000d\000a\000t\000i\000o\000n\000s}{appendix.B}% 98
\BOOKMARK [1][-]{section.B.3}{\376\377\000C\000E\000I\000\040\000C\000a\000t\000e\000g\000o\000r\000i\000e\000s}{appendix.B}% 99
\BOOKMARK [1][-]{section.B.4}{\376\377\000C\000a\000s\000e\000\040\000S\000t\000u\000d\000i\000e\000s}{appendix.B}% 100
\BOOKMARK [2][-]{subsection.B.4.1}{\376\377\000A\000b\000s\000u\000r\000d\000\040\000T\000r\000u\000c\000k\000\040\000R\000e\000n\000t\000a\000l}{section.B.4}% 101
\BOOKMARK [2][-]{subsection.B.4.2}{\376\377\000G\000l\000o\000b\000a\000l\000\040\000W\000a\000t\000e\000r\000\040\000S\000h\000i\000p\000m\000e\000n\000t\000s}{section.B.4}% 102
\BOOKMARK [2][-]{subsection.B.4.3}{\376\377\000P\000r\000o\000o\000f\000-\000o\000f\000-\000W\000o\000r\000k\000\040\000M\000i\000n\000i\000n\000g}{section.B.4}% 103
\BOOKMARK [2][-]{subsection.B.4.4}{\376\377\000L\000o\000c\000a\000l\000\040\000F\000o\000o\000d\000\040\000N\000e\000t\000w\000o\000r\000k\000s\000\040\000\050\000P\000o\000s\000i\000t\000i\000v\000e\000\040\000C\000a\000s\000e\000\051}{section.B.4}% 104
\BOOKMARK [1][-]{section.B.5}{\376\377\000N\000o\000r\000m\000a\000t\000i\000v\000e\000\040\000I\000m\000p\000l\000i\000c\000a\000t\000i\000o\000n\000s}{appendix.B}% 105
\BOOKMARK [1][-]{section.B.6}{\376\377\000C\000o\000n\000c\000l\000u\000s\000i\000o\000n}{appendix.B}% 106
\BOOKMARK [0][-]{appendix.C}{\376\377\000I\000d\000e\000a\000\040\000R\000o\000u\000t\000i\000n\000g\000\040\000a\000n\000d\000\040\000S\000o\000c\000i\000a\000l\000\040\000P\000l\000a\000t\000f\000o\000r\000m\000s}{part.4}% 107
\BOOKMARK [1][-]{section.C.1}{\376\377\000I\000n\000t\000r\000o\000d\000u\000c\000t\000i\000o\000n}{appendix.C}% 108
\BOOKMARK [1][-]{section.C.2}{\376\377\000T\000h\000e\000\040\000F\000a\000i\000l\000u\000r\000e\000\040\000o\000f\000\040\000E\000n\000g\000a\000g\000e\000m\000e\000n\000t\000\040\000M\000e\000t\000r\000i\000c\000s}{appendix.C}% 109
\BOOKMARK [1][-]{section.C.3}{\376\377\000R\000S\000V\000P\000\040\000R\000o\000u\000t\000i\000n\000g\000\040\000F\000u\000n\000c\000t\000i\000o\000n}{appendix.C}% 110
\BOOKMARK [1][-]{section.C.4}{\376\377\000M\000a\000r\000k\000e\000d\000n\000e\000s\000s\000\040\000a\000n\000d\000\040\000A\000c\000c\000e\000s\000s\000i\000b\000i\000l\000i\000t\000y}{appendix.C}% 111
\BOOKMARK [1][-]{section.C.5}{\376\377\000W\000o\000r\000k\000e\000d\000\040\000E\000x\000a\000m\000p\000l\000e}{appendix.C}% 112
\BOOKMARK [1][-]{section.C.6}{\376\377\000C\000o\000m\000p\000a\000r\000i\000s\000o\000n\000\040\000t\000o\000\040\000A\000l\000t\000e\000r\000n\000a\000t\000i\000v\000e\000\040\000M\000o\000d\000e\000l\000s}{appendix.C}% 113
\BOOKMARK [1][-]{section.C.7}{\376\377\000C\000h\000a\000l\000l\000e\000n\000g\000e\000s\000\040\000a\000n\000d\000\040\000C\000o\000u\000n\000t\000e\000r\000a\000r\000g\000u\000m\000e\000n\000t\000s}{appendix.C}% 114
\BOOKMARK [1][-]{section.C.8}{\376\377\000T\000o\000w\000a\000r\000d\000\040\000C\000i\000v\000i\000c\000\040\000I\000d\000e\000a\000\040\000R\000o\000u\000t\000i\000n\000g}{appendix.C}% 115
\BOOKMARK [1][-]{section.C.9}{\376\377\000C\000o\000n\000c\000l\000u\000s\000i\000o\000n}{appendix.C}% 116
\BOOKMARK [0][-]{appendix.D}{\376\377\000T\000o\000w\000a\000r\000d\000\040\000a\000n\000\040\000I\000n\000f\000o\000r\000m\000a\000t\000i\000o\000n\000a\000l\000\040\000P\000o\000l\000i\000t\000i\000c\000a\000l\000\040\000E\000c\000o\000n\000o\000m\000y}{part.4}% 117
\BOOKMARK [1][-]{section.D.1}{\376\377\000I\000n\000t\000r\000o\000d\000u\000c\000t\000i\000o\000n}{appendix.D}% 118
\BOOKMARK [1][-]{section.D.2}{\376\377\000T\000h\000e\000\040\000A\000t\000t\000e\000n\000t\000i\000o\000n\000\040\000C\000o\000m\000m\000o\000n\000s}{appendix.D}% 119
\BOOKMARK [1][-]{section.D.3}{\376\377\000I\000n\000c\000e\000n\000t\000i\000v\000e\000s\000\040\000f\000o\000r\000\040\000C\000o\000h\000e\000r\000e\000n\000c\000e}{appendix.D}% 120
\BOOKMARK [1][-]{section.D.4}{\376\377\000R\000e\000d\000i\000s\000t\000r\000i\000b\000u\000t\000i\000o\000n\000\040\000o\000f\000\040\000C\000i\000v\000i\000c\000\040\000C\000o\000s\000t\000s}{appendix.D}% 121
\BOOKMARK [1][-]{section.D.5}{\376\377\000B\000e\000y\000o\000n\000d\000\040\000T\000o\000k\000e\000n\000i\000z\000a\000t\000i\000o\000n}{appendix.D}% 122
\BOOKMARK [1][-]{section.D.6}{\376\377\000C\000o\000m\000p\000l\000e\000x\000i\000t\000y\000\040\000a\000s\000\040\000a\000\040\000C\000i\000v\000i\000c\000\040\000G\000a\000t\000e}{appendix.D}% 123
\BOOKMARK [1][-]{section.D.7}{\376\377\000A\000p\000p\000l\000i\000c\000a\000t\000i\000o\000n\000s}{appendix.D}% 124
\BOOKMARK [1][-]{section.D.8}{\376\377\000N\000o\000r\000m\000a\000t\000i\000v\000e\000\040\000V\000i\000s\000i\000o\000n}{appendix.D}% 125
\BOOKMARK [1][-]{section.D.9}{\376\377\000C\000o\000n\000c\000l\000u\000s\000i\000o\000n\000\040\000t\000o\000\040\000P\000a\000r\000t\000\040\000I\000V}{appendix.D}% 126
\BOOKMARK [-1][-]{part.5}{\376\377\000V\000\040\000A\000p\000p\000e\000n\000d\000i\000c\000e\000s}{}% 127
\BOOKMARK [0][-]{appendix.A}{\376\377\000M\000a\000t\000h\000e\000m\000a\000t\000i\000c\000a\000l\000\040\000F\000o\000r\000m\000a\000l\000i\000s\000m}{part.5}% 128
\BOOKMARK [1][-]{section.A.1}{\376\377\000R\000S\000V\000P\000\040\000C\000o\000r\000e\000\040\000M\000e\000t\000r\000i\000c\000s}{appendix.A}% 129
\BOOKMARK [1][-]{section.A.2}{\376\377\000U\000s\000e\000f\000u\000l\000n\000e\000s\000s\000\040\000F\000u\000n\000c\000t\000i\000o\000n}{appendix.A}% 130
\BOOKMARK [1][-]{section.A.3}{\376\377\000C\000i\000v\000i\000c\000\040\000E\000f\000f\000i\000c\000i\000e\000n\000c\000y\000\040\000I\000n\000d\000e\000x\000\040\000\050\000C\000E\000I\000\051}{appendix.A}% 131
\BOOKMARK [1][-]{section.A.4}{\376\377\000R\000o\000u\000t\000i\000n\000g\000\040\000F\000u\000n\000c\000t\000i\000o\000n}{appendix.A}% 132
\BOOKMARK [1][-]{section.A.5}{\376\377\000B\000o\000u\000n\000d\000i\000n\000g\000\040\000C\000a\000s\000e\000s}{appendix.A}% 133
\BOOKMARK [1][-]{section.A.6}{\376\377\000P\000r\000o\000o\000f\000\040\000S\000k\000e\000t\000c\000h\000:\000\040\000S\000t\000a\000b\000i\000l\000i\000t\000y\000\040\000o\000f\000\040\000I\000n\000f\000o\000r\000m\000a\000t\000i\000o\000n\000a\000l\000\040\000F\000r\000i\000c\000t\000i\000o\000n}{appendix.A}% 134
\BOOKMARK [1][-]{section.A.7}{\376\377\000P\000r\000o\000o\000f\000\040\000S\000k\000e\000t\000c\000h\000:\000\040\000E\000n\000t\000r\000o\000p\000y\000\040\000P\000e\000n\000a\000l\000t\000y\000\040\000E\000n\000s\000u\000r\000e\000s\000\040\000S\000u\000p\000p\000r\000e\000s\000s\000i\000o\000n\000\040\000o\000f\000\040\000N\000o\000i\000s\000e}{appendix.A}% 135
\BOOKMARK [1][-]{section.A.8}{\376\377\000R\000S\000V\000P\000\040\000I\000r\000r\000e\000v\000e\000r\000s\000i\000b\000i\000l\000i\000t\000y}{appendix.A}% 136
\BOOKMARK [0][-]{appendix.B}{\376\377\000S\000i\000m\000u\000l\000a\000t\000i\000o\000n\000\040\000M\000o\000d\000e\000l\000s}{part.5}% 137
\BOOKMARK [1][-]{section.B.1}{\376\377\000P\000u\000r\000p\000o\000s\000e}{appendix.B}% 138
\BOOKMARK [1][-]{section.B.2}{\376\377\000S\000i\000m\000u\000l\000a\000t\000i\000o\000n\000\040\000E\000n\000v\000i\000r\000o\000n\000m\000e\000n\000t}{appendix.B}% 139
\BOOKMARK [1][-]{section.B.3}{\376\377\000S\000i\000m\000u\000l\000a\000t\000i\000o\000n\000\040\0001\000:\000\040\000S\000p\000a\000m\000\040\000v\000s\000.\000\040\000D\000e\000n\000s\000e\000\040\000C\000o\000n\000t\000r\000i\000b\000u\000t\000i\000o\000n}{appendix.B}% 140
\BOOKMARK [1][-]{section.B.4}{\376\377\000S\000i\000m\000u\000l\000a\000t\000i\000o\000n\000\040\0002\000:\000\040\000D\000i\000s\000c\000o\000u\000r\000s\000e\000\040\000F\000r\000a\000g\000m\000e\000n\000t\000a\000t\000i\000o\000n}{appendix.B}% 141
\BOOKMARK [1][-]{section.B.5}{\376\377\000S\000i\000m\000u\000l\000a\000t\000i\000o\000n\000\040\0003\000:\000\040\000P\000r\000o\000o\000f\000-\000o\000f\000-\000W\000o\000r\000k\000\040\000A\000n\000a\000l\000o\000g\000y}{appendix.B}% 142
\BOOKMARK [1][-]{section.B.6}{\376\377\000S\000i\000m\000u\000l\000a\000t\000i\000o\000n\000\040\0004\000:\000\040\000L\000e\000a\000r\000n\000i\000n\000g\000\040\000a\000n\000d\000\040\000M\000a\000r\000k\000e\000d\000n\000e\000s\000s}{appendix.B}% 143
\BOOKMARK [1][-]{section.B.7}{\376\377\000T\000o\000w\000a\000r\000d\000\040\000E\000m\000p\000i\000r\000i\000c\000a\000l\000\040\000I\000m\000p\000l\000e\000m\000e\000n\000t\000a\000t\000i\000o\000n}{appendix.B}% 144
\BOOKMARK [1][-]{section.B.8}{\376\377\000C\000o\000n\000c\000l\000u\000s\000i\000o\000n}{appendix.B}% 145
\BOOKMARK [0][-]{appendix.C}{\376\377\000C\000u\000l\000t\000u\000r\000a\000l\000\040\000C\000a\000s\000e\000\040\000S\000t\000u\000d\000i\000e\000s}{part.5}% 146
\BOOKMARK [1][-]{section.C.1}{\376\377\000P\000u\000r\000p\000o\000s\000e}{appendix.C}% 147
\BOOKMARK [1][-]{section.C.2}{\376\377\000H\000u\000m\000o\000r\000\040\000a\000n\000d\000\040\000S\000a\000t\000i\000r\000e\000:\000\040\000L\000i\000b\000e\000r\000a\000t\000i\000o\000n\000\040\000v\000s\000.\000\040\000N\000i\000h\000i\000l\000i\000s\000m}{appendix.C}% 148
\BOOKMARK [1][-]{section.C.3}{\376\377\000C\000o\000u\000r\000t\000r\000o\000o\000m\000\040\000D\000r\000a\000m\000a\000s\000\040\000a\000n\000d\000\040\000P\000o\000l\000i\000t\000i\000c\000a\000l\000\040\000E\000s\000p\000i\000o\000n\000a\000g\000e\000\040\000S\000h\000o\000w\000s}{appendix.C}% 149
\BOOKMARK [1][-]{section.C.4}{\376\377\000F\000a\000c\000e\000b\000o\000o\000k\000\040\000D\000e\000e\000p\000f\000a\000k\000e\000s\000:\000\040\000E\000n\000g\000a\000g\000e\000m\000e\000n\000t\000\040\000W\000i\000t\000h\000o\000u\000t\000\040\000P\000r\000e\000s\000e\000n\000c\000e}{appendix.C}% 150
\BOOKMARK [1][-]{section.C.5}{\376\377\000G\000i\000t\000H\000u\000b\000\040\000E\000m\000o\000j\000i\000\040\000M\000o\000n\000o\000c\000u\000l\000t\000u\000r\000e}{appendix.C}% 151
\BOOKMARK [1][-]{section.C.6}{\376\377\000M\000e\000s\000s\000e\000n\000g\000e\000r\000\040\000a\000n\000d\000\040\000F\000a\000c\000e\000b\000o\000o\000k\000\040\000E\000d\000i\000t\000\040\000P\000o\000l\000i\000c\000i\000e\000s}{appendix.C}% 152
\BOOKMARK [1][-]{section.C.7}{\376\377\000S\000y\000n\000t\000h\000e\000s\000i\000s\000:\000\040\000C\000u\000l\000t\000u\000r\000e\000\040\000a\000s\000\040\000I\000n\000f\000o\000r\000m\000a\000t\000i\000o\000n\000a\000l\000\040\000C\000o\000m\000m\000o\000n\000s}{appendix.C}% 153
\BOOKMARK [1][-]{section.C.8}{\376\377\000C\000o\000n\000c\000l\000u\000s\000i\000o\000n}{appendix.C}% 154
\BOOKMARK [0][-]{appendix.D}{\376\377\000C\000i\000v\000i\000c\000\040\000A\000p\000p\000l\000i\000c\000a\000t\000i\000o\000n\000s}{part.5}% 155
\BOOKMARK [1][-]{section.D.1}{\376\377\000P\000u\000r\000p\000o\000s\000e}{appendix.D}% 156
\BOOKMARK [1][-]{section.D.2}{\376\377\000T\000r\000a\000n\000s\000p\000o\000r\000t\000\040\000a\000n\000d\000\040\000L\000o\000g\000i\000s\000t\000i\000c\000s}{appendix.D}% 157
\BOOKMARK [1][-]{section.D.3}{\376\377\000E\000n\000e\000r\000g\000y\000\040\000S\000y\000s\000t\000e\000m\000s}{appendix.D}% 158
\BOOKMARK [1][-]{section.D.4}{\376\377\000F\000o\000o\000d\000\040\000S\000y\000s\000t\000e\000m\000s}{appendix.D}% 159
\BOOKMARK [1][-]{section.D.5}{\376\377\000I\000n\000f\000r\000a\000s\000t\000r\000u\000c\000t\000u\000r\000e}{appendix.D}% 160
\BOOKMARK [1][-]{section.D.6}{\376\377\000N\000o\000r\000m\000a\000t\000i\000v\000e\000\040\000A\000p\000p\000l\000i\000c\000a\000t\000i\000o\000n}{appendix.D}% 161
\BOOKMARK [1][-]{section.D.7}{\376\377\000C\000o\000n\000c\000l\000u\000s\000i\000o\000n}{appendix.D}% 162
