This is pdfTeX, Version 3.141592653-2.6-1.40.22 (TeX Live 2022/dev/Debian) (preloaded format=pdflatex 2025.8.11)  27 AUG 2025 19:17
entering extended mode
 restricted \write18 enabled.
 %&-line parsing enabled.
**essay.tex
(./essay.tex
LaTeX2e <2021-11-15> patch level 1
L3 programming layer <2022-01-21>
(/usr/share/texlive/texmf-dist/tex/latex/base/book.cls
Document Class: book 2021/10/04 v1.4n Standard LaTeX document class
(/usr/share/texlive/texmf-dist/tex/latex/base/bk10.clo
File: bk10.clo 2021/10/04 v1.4n Standard LaTeX file (size option)
)
\c@part=\count185
\c@chapter=\count186
\c@section=\count187
\c@subsection=\count188
\c@subsubsection=\count189
\c@paragraph=\count190
\c@subparagraph=\count191
\c@figure=\count192
\c@table=\count193
\abovecaptionskip=\skip47
\belowcaptionskip=\skip48
\bibindent=\dimen138
)
(/usr/share/texlive/texmf-dist/tex/latex/amsmath/amsmath.sty
Package: amsmath 2021/10/15 v2.17l AMS math features
\@mathmargin=\skip49

For additional information on amsmath, use the `?' option.
(/usr/share/texlive/texmf-dist/tex/latex/amsmath/amstext.sty
Package: amstext 2021/08/26 v2.01 AMS text

(/usr/share/texlive/texmf-dist/tex/latex/amsmath/amsgen.sty
File: amsgen.sty 1999/11/30 v2.0 generic functions
\@emptytoks=\toks16
\ex@=\dimen139
))
(/usr/share/texlive/texmf-dist/tex/latex/amsmath/amsbsy.sty
Package: amsbsy 1999/11/29 v1.2d Bold Symbols
\pmbraise@=\dimen140
)
(/usr/share/texlive/texmf-dist/tex/latex/amsmath/amsopn.sty
Package: amsopn 2021/08/26 v2.02 operator names
)
\inf@bad=\count194
LaTeX Info: Redefining \frac on input line 234.
\uproot@=\count195
\leftroot@=\count196
LaTeX Info: Redefining \overline on input line 399.
\classnum@=\count197
\DOTSCASE@=\count198
LaTeX Info: Redefining \ldots on input line 496.
LaTeX Info: Redefining \dots on input line 499.
LaTeX Info: Redefining \cdots on input line 620.
\Mathstrutbox@=\box50
\strutbox@=\box51
\big@size=\dimen141
LaTeX Font Info:    Redeclaring font encoding OML on input line 743.
LaTeX Font Info:    Redeclaring font encoding OMS on input line 744.
\macc@depth=\count199
\c@MaxMatrixCols=\count266
\dotsspace@=\muskip16
\c@parentequation=\count267
\dspbrk@lvl=\count268
\tag@help=\toks17
\row@=\count269
\column@=\count270
\maxfields@=\count271
\andhelp@=\toks18
\eqnshift@=\dimen142
\alignsep@=\dimen143
\tagshift@=\dimen144
\tagwidth@=\dimen145
\totwidth@=\dimen146
\lineht@=\dimen147
\@envbody=\toks19
\multlinegap=\skip50
\multlinetaggap=\skip51
\mathdisplay@stack=\toks20
LaTeX Info: Redefining \[ on input line 2938.
LaTeX Info: Redefining \] on input line 2939.
)
(/usr/share/texlive/texmf-dist/tex/latex/amsfonts/amssymb.sty
Package: amssymb 2013/01/14 v3.01 AMS font symbols

(/usr/share/texlive/texmf-dist/tex/latex/amsfonts/amsfonts.sty
Package: amsfonts 2013/01/14 v3.01 Basic AMSFonts support
\symAMSa=\mathgroup4
\symAMSb=\mathgroup5
LaTeX Font Info:    Redeclaring math symbol \hbar on input line 98.
LaTeX Font Info:    Overwriting math alphabet `\mathfrak' in version `bold'
(Font)                  U/euf/m/n --> U/euf/b/n on input line 106.
))
(/usr/share/texlive/texmf-dist/tex/latex/geometry/geometry.sty
Package: geometry 2020/01/02 v5.9 Page Geometry

(/usr/share/texlive/texmf-dist/tex/latex/graphics/keyval.sty
Package: keyval 2014/10/28 v1.15 key=value parser (DPC)
\KV@toks@=\toks21
)
(/usr/share/texlive/texmf-dist/tex/generic/iftex/ifvtex.sty
Package: ifvtex 2019/10/25 v1.7 ifvtex legacy package. Use iftex instead.

(/usr/share/texlive/texmf-dist/tex/generic/iftex/iftex.sty
Package: iftex 2020/03/06 v1.0d TeX engine tests
))
\Gm@cnth=\count272
\Gm@cntv=\count273
\c@Gm@tempcnt=\count274
\Gm@bindingoffset=\dimen148
\Gm@wd@mp=\dimen149
\Gm@odd@mp=\dimen150
\Gm@even@mp=\dimen151
\Gm@layoutwidth=\dimen152
\Gm@layoutheight=\dimen153
\Gm@layouthoffset=\dimen154
\Gm@layoutvoffset=\dimen155
\Gm@dimlist=\toks22
)
(/usr/share/texlive/texmf-dist/tex/latex/hyperref/hyperref.sty
Package: hyperref 2021-06-07 v7.00m Hypertext links for LaTeX

(/usr/share/texlive/texmf-dist/tex/generic/ltxcmds/ltxcmds.sty
Package: ltxcmds 2020-05-10 v1.25 LaTeX kernel commands for general use (HO)
)
(/usr/share/texlive/texmf-dist/tex/generic/pdftexcmds/pdftexcmds.sty
Package: pdftexcmds 2020-06-27 v0.33 Utility functions of pdfTeX for LuaTeX (HO
)

(/usr/share/texlive/texmf-dist/tex/generic/infwarerr/infwarerr.sty
Package: infwarerr 2019/12/03 v1.5 Providing info/warning/error messages (HO)
)
Package pdftexcmds Info: \pdf@primitive is available.
Package pdftexcmds Info: \pdf@ifprimitive is available.
Package pdftexcmds Info: \pdfdraftmode found.
)
(/usr/share/texlive/texmf-dist/tex/generic/kvsetkeys/kvsetkeys.sty
Package: kvsetkeys 2019/12/15 v1.18 Key value parser (HO)
)
(/usr/share/texlive/texmf-dist/tex/generic/kvdefinekeys/kvdefinekeys.sty
Package: kvdefinekeys 2019-12-19 v1.6 Define keys (HO)
)
(/usr/share/texlive/texmf-dist/tex/generic/pdfescape/pdfescape.sty
Package: pdfescape 2019/12/09 v1.15 Implements pdfTeX's escape features (HO)
)
(/usr/share/texlive/texmf-dist/tex/latex/hycolor/hycolor.sty
Package: hycolor 2020-01-27 v1.10 Color options for hyperref/bookmark (HO)
)
(/usr/share/texlive/texmf-dist/tex/latex/letltxmacro/letltxmacro.sty
Package: letltxmacro 2019/12/03 v1.6 Let assignment for LaTeX macros (HO)
)
(/usr/share/texlive/texmf-dist/tex/latex/auxhook/auxhook.sty
Package: auxhook 2019-12-17 v1.6 Hooks for auxiliary files (HO)
)
(/usr/share/texlive/texmf-dist/tex/latex/kvoptions/kvoptions.sty
Package: kvoptions 2020-10-07 v3.14 Key value format for package options (HO)
)
\@linkdim=\dimen156
\Hy@linkcounter=\count275
\Hy@pagecounter=\count276

(/usr/share/texlive/texmf-dist/tex/latex/hyperref/pd1enc.def
File: pd1enc.def 2021-06-07 v7.00m Hyperref: PDFDocEncoding definition (HO)
Now handling font encoding PD1 ...
... no UTF-8 mapping file for font encoding PD1
)
(/usr/share/texlive/texmf-dist/tex/latex/hyperref/hyperref-langpatches.def
File: hyperref-langpatches.def 2021-06-07 v7.00m Hyperref: patches for babel la
nguages
)
(/usr/share/texlive/texmf-dist/tex/generic/intcalc/intcalc.sty
Package: intcalc 2019/12/15 v1.3 Expandable calculations with integers (HO)
)
(/usr/share/texlive/texmf-dist/tex/generic/etexcmds/etexcmds.sty
Package: etexcmds 2019/12/15 v1.7 Avoid name clashes with e-TeX commands (HO)
)
\Hy@SavedSpaceFactor=\count277

(/usr/share/texlive/texmf-dist/tex/latex/hyperref/puenc.def
File: puenc.def 2021-06-07 v7.00m Hyperref: PDF Unicode definition (HO)
Now handling font encoding PU ...
... no UTF-8 mapping file for font encoding PU
)
Package hyperref Info: Hyper figures OFF on input line 4192.
Package hyperref Info: Link nesting OFF on input line 4197.
Package hyperref Info: Hyper index ON on input line 4200.
Package hyperref Info: Plain pages OFF on input line 4207.
Package hyperref Info: Backreferencing OFF on input line 4212.
Package hyperref Info: Implicit mode ON; LaTeX internals redefined.
Package hyperref Info: Bookmarks ON on input line 4445.
\c@Hy@tempcnt=\count278

(/usr/share/texlive/texmf-dist/tex/latex/url/url.sty
\Urlmuskip=\muskip17
Package: url 2013/09/16  ver 3.4  Verb mode for urls, etc.
)
LaTeX Info: Redefining \url on input line 4804.
\XeTeXLinkMargin=\dimen157

(/usr/share/texlive/texmf-dist/tex/generic/bitset/bitset.sty
Package: bitset 2019/12/09 v1.3 Handle bit-vector datatype (HO)

(/usr/share/texlive/texmf-dist/tex/generic/bigintcalc/bigintcalc.sty
Package: bigintcalc 2019/12/15 v1.5 Expandable calculations on big integers (HO
)
))
\Fld@menulength=\count279
\Field@Width=\dimen158
\Fld@charsize=\dimen159
Package hyperref Info: Hyper figures OFF on input line 6076.
Package hyperref Info: Link nesting OFF on input line 6081.
Package hyperref Info: Hyper index ON on input line 6084.
Package hyperref Info: backreferencing OFF on input line 6091.
Package hyperref Info: Link coloring OFF on input line 6096.
Package hyperref Info: Link coloring with OCG OFF on input line 6101.
Package hyperref Info: PDF/A mode OFF on input line 6106.
LaTeX Info: Redefining \ref on input line 6146.
LaTeX Info: Redefining \pageref on input line 6150.

(/usr/share/texlive/texmf-dist/tex/latex/base/atbegshi-ltx.sty
Package: atbegshi-ltx 2021/01/10 v1.0c Emulation of the original atbegshi
package with kernel methods
)
\Hy@abspage=\count280
\c@Item=\count281
\c@Hfootnote=\count282
)
Package hyperref Info: Driver (autodetected): hpdftex.

(/usr/share/texlive/texmf-dist/tex/latex/hyperref/hpdftex.def
File: hpdftex.def 2021-06-07 v7.00m Hyperref driver for pdfTeX

(/usr/share/texlive/texmf-dist/tex/latex/base/atveryend-ltx.sty
Package: atveryend-ltx 2020/08/19 v1.0a Emulation of the original atveryend pac
kage
with kernel methods
)
\Fld@listcount=\count283
\c@bookmark@seq@number=\count284

(/usr/share/texlive/texmf-dist/tex/latex/rerunfilecheck/rerunfilecheck.sty
Package: rerunfilecheck 2019/12/05 v1.9 Rerun checks for auxiliary files (HO)

(/usr/share/texlive/texmf-dist/tex/generic/uniquecounter/uniquecounter.sty
Package: uniquecounter 2019/12/15 v1.4 Provide unlimited unique counter (HO)
)
Package uniquecounter Info: New unique counter `rerunfilecheck' on input line 2
86.
)
\Hy@SectionHShift=\skip52
)
(/usr/share/texlive/texmf-dist/tex/latex/enumitem/enumitem.sty
Package: enumitem 2019/06/20 v3.9 Customized lists
\labelindent=\skip53
\enit@outerparindent=\dimen160
\enit@toks=\toks23
\enit@inbox=\box52
\enit@count@id=\count285
\enitdp@description=\count286
)
(/usr/share/texlive/texmf-dist/tex/latex/graphics/graphicx.sty
Package: graphicx 2021/09/16 v1.2d Enhanced LaTeX Graphics (DPC,SPQR)

(/usr/share/texlive/texmf-dist/tex/latex/graphics/graphics.sty
Package: graphics 2021/03/04 v1.4d Standard LaTeX Graphics (DPC,SPQR)

(/usr/share/texlive/texmf-dist/tex/latex/graphics/trig.sty
Package: trig 2021/08/11 v1.11 sin cos tan (DPC)
)
(/usr/share/texlive/texmf-dist/tex/latex/graphics-cfg/graphics.cfg
File: graphics.cfg 2016/06/04 v1.11 sample graphics configuration
)
Package graphics Info: Driver file: pdftex.def on input line 107.

(/usr/share/texlive/texmf-dist/tex/latex/graphics-def/pdftex.def
File: pdftex.def 2020/10/05 v1.2a Graphics/color driver for pdftex
))
\Gin@req@height=\dimen161
\Gin@req@width=\dimen162
)
(/usr/share/texlive/texmf-dist/tex/latex/l3backend/l3backend-pdftex.def
File: l3backend-pdftex.def 2022-01-12 L3 backend support: PDF output (pdfTeX)
\l__color_backend_stack_int=\count287
\l__pdf_internal_box=\box53
)
(./essay.aux)
\openout1 = `essay.aux'.

LaTeX Font Info:    Checking defaults for OML/cmm/m/it on input line 14.
LaTeX Font Info:    ... okay on input line 14.
LaTeX Font Info:    Checking defaults for OMS/cmsy/m/n on input line 14.
LaTeX Font Info:    ... okay on input line 14.
LaTeX Font Info:    Checking defaults for OT1/cmr/m/n on input line 14.
LaTeX Font Info:    ... okay on input line 14.
LaTeX Font Info:    Checking defaults for T1/cmr/m/n on input line 14.
LaTeX Font Info:    ... okay on input line 14.
LaTeX Font Info:    Checking defaults for TS1/cmr/m/n on input line 14.
LaTeX Font Info:    ... okay on input line 14.
LaTeX Font Info:    Checking defaults for OMX/cmex/m/n on input line 14.
LaTeX Font Info:    ... okay on input line 14.
LaTeX Font Info:    Checking defaults for U/cmr/m/n on input line 14.
LaTeX Font Info:    ... okay on input line 14.
LaTeX Font Info:    Checking defaults for PD1/pdf/m/n on input line 14.
LaTeX Font Info:    ... okay on input line 14.
LaTeX Font Info:    Checking defaults for PU/pdf/m/n on input line 14.
LaTeX Font Info:    ... okay on input line 14.

*geometry* driver: auto-detecting
*geometry* detected driver: pdftex
*geometry* verbose mode - [ preamble ] result:
* driver: pdftex
* paper: a4paper
* layout: <same size as paper>
* layoutoffset:(h,v)=(0.0pt,0.0pt)
* modes: twoside 
* h-part:(L,W,R)=(72.26999pt, 452.9679pt, 72.26999pt)
* v-part:(T,H,B)=(72.26999pt, 700.50687pt, 72.26999pt)
* \paperwidth=597.50787pt
* \paperheight=845.04684pt
* \textwidth=452.9679pt
* \textheight=700.50687pt
* \oddsidemargin=0.0pt
* \evensidemargin=0.0pt
* \topmargin=-30.06749pt
* \headheight=12.0pt
* \headsep=18.06749pt
* \topskip=10.0pt
* \footskip=25.29494pt
* \marginparwidth=125.0pt
* \marginparsep=7.0pt
* \columnsep=10.0pt
* \skip\footins=9.0pt plus 4.0pt minus 2.0pt
* \hoffset=0.0pt
* \voffset=0.0pt
* \mag=1000
* \@twocolumnfalse
* \@twosidetrue
* \@mparswitchtrue
* \@reversemarginfalse
* (1in=72.27pt=25.4mm, 1cm=28.453pt)

Package hyperref Info: Link coloring OFF on input line 14.
(/usr/share/texlive/texmf-dist/tex/latex/hyperref/nameref.sty
Package: nameref 2021-04-02 v2.47 Cross-referencing by name of section

(/usr/share/texlive/texmf-dist/tex/latex/refcount/refcount.sty
Package: refcount 2019/12/15 v3.6 Data extraction from label references (HO)
)
(/usr/share/texlive/texmf-dist/tex/generic/gettitlestring/gettitlestring.sty
Package: gettitlestring 2019/12/15 v1.6 Cleanup title references (HO)
)
\c@section@level=\count288
)
LaTeX Info: Redefining \ref on input line 14.
LaTeX Info: Redefining \pageref on input line 14.
LaTeX Info: Redefining \nameref on input line 14.

(./essay.out) (./essay.out)
\@outlinefile=\write3
\openout3 = `essay.out'.


(/usr/share/texlive/texmf-dist/tex/context/base/mkii/supp-pdf.mkii
[Loading MPS to PDF converter (version 2006.09.02).]
\scratchcounter=\count289
\scratchdimen=\dimen163
\scratchbox=\box54
\nofMPsegments=\count290
\nofMParguments=\count291
\everyMPshowfont=\toks24
\MPscratchCnt=\count292
\MPscratchDim=\dimen164
\MPnumerator=\count293
\makeMPintoPDFobject=\count294
\everyMPtoPDFconversion=\toks25
) (/usr/share/texlive/texmf-dist/tex/latex/epstopdf-pkg/epstopdf-base.sty
Package: epstopdf-base 2020-01-24 v2.11 Base part for package epstopdf
Package epstopdf-base Info: Redefining graphics rule for `.eps' on input line 4
85.

(/usr/share/texlive/texmf-dist/tex/latex/latexconfig/epstopdf-sys.cfg
File: epstopdf-sys.cfg 2010/07/13 v1.3 Configuration of (r)epstopdf for TeX Liv
e
))
LaTeX Font Info:    Trying to load font information for U+msa on input line 17.


(/usr/share/texlive/texmf-dist/tex/latex/amsfonts/umsa.fd
File: umsa.fd 2013/01/14 v3.01 AMS symbols A
)
LaTeX Font Info:    Trying to load font information for U+msb on input line 17.


(/usr/share/texlive/texmf-dist/tex/latex/amsfonts/umsb.fd
File: umsb.fd 2013/01/14 v3.01 AMS symbols B
) [1


{/var/lib/texmf/fonts/map/pdftex/updmap/pdftex.map}] [2

] (./essay.toc [3] [4] [5])
\tf@toc=\write4
\openout4 = `essay.toc'.



! LaTeX Error: Environment abstract undefined.

See the LaTeX manual or LaTeX Companion for explanation.
Type  H <return>  for immediate help.
 ...                                              
                                                  
l.20 \begin{abstract}
                     
? 

! LaTeX Error: \begin{document} ended by \end{abstract}.

See the LaTeX manual or LaTeX Companion for explanation.
Type  H <return>  for immediate help.
 ...                                              
                                                  
l.28 \end{abstract}
                   
? 
[6] [7

] [8]
Chapter 1.
[9

] [10]
Chapter 2.
[11

] [12]
Appendix A.
[13

] [14]
Appendix B.
[15

] [16] [17] [18

] [19] [20]
Appendix C.
[21

] [22]
Appendix D.

Overfull \hbox (0.85707pt too wide) in paragraph at lines 400--401
\OT1/cmr/m/n/10 Platforms like Face-book ex-em-plify this shift. Pages de-voted
 en-tirely to deep-fakes|misattributed celebrity
 []

[23

] [24]
Appendix E.

Underfull \vbox (badness 1194) has occurred while \output is active []

 [25

]
[26] [27

] [28]
Appendix F.
[29

]
Overfull \hbox (72.99968pt too wide) has occurred while \output is active
\OT1/cmr/m/n/10 30 \OT1/cmr/m/sl/10 APPENDIX F.  RSVP: RELATIVISTIC SCALAR-VECT
OR PLENUM AS INFORMATIONAL INFRASTRUCTURE
 []

[30]
Appendix G.
[31

] [32] [33] [34

]
Appendix H.
[35]
! Missing $ inserted.
<inserted text> 
                $
l.806 RSVP & Informational (Q = \Phi
                                     + \kappa – S) & Dense, coherent, low-...

? 

LaTeX Warning: Command \textendash invalid in math mode on input line 806.

! Extra }, or forgotten $.
<template> \unskip \hfil }
                          \hskip \tabcolsep \endtemplate 
l.806 ...Informational (Q = \Phi + \kappa – S) &
                                                   Dense, coherent, low-nois...

? 
! Missing $ inserted.
<inserted text> 
                $
l.806 ...Informational (Q = \Phi + \kappa – S) &
                                                   Dense, coherent, low-nois...

? 
! Missing } inserted.
<inserted text> 
                }
l.806 ...Informational (Q = \Phi + \kappa – S) &
                                                   Dense, coherent, low-nois...

? 

Overfull \hbox (340.25342pt too wide) in paragraph at lines 802--808
 [][] 
 []

[36]pdfTeX warning (ext4): destination with the same identifier (name{appendix.
A}) has been already used, duplicate ignored
<to be read again> 
                   \relax 
l.818 ...{On the Instability of Monetary Friction}
                                                  
Appendix A.
pdfTeX warning (ext4): destination with the same identifier (name{section.A.1})
 has been already used, duplicate ignored
<to be read again> 
                   \relax 
l.820 \section{Monetary Friction as a Function}
                                               pdfTeX warning (ext4): destinati
on with the same identifier (name{section.A.2}) has been already used, duplicat
e ignored
<to be read again> 
                   \relax 
l.828 \section{Speculative Drift}
                                 pdfTeX warning (ext4): destination with the sa
me identifier (name{section.A.3}) has been already used, duplicate ignored
<to be read again> 
                   \relax 
l.846 \section{Equity Distortion}
                                 pdfTeX warning (ext4): destination with the sa
me identifier (name{section.A.4}) has been already used, duplicate ignored
<to be read again> 
                   \relax 
l.860 \section{Speculative Arbitrage}
                                      [37

]pdfTeX warning (ext4): destination with the same identifier (name{section.A.5}
) has been already used, duplicate ignored
<to be read again> 
                   \relax 
l.868 \section{Comparative Stability}
                                      [38] [39

] [40]pdfTeX warning (ext4): destination with the same identifier (name{appendi
x.B}) has been already used, duplicate ignored
<to be read again> 
                   \relax 
l.894 ... Index (CEI): From Trucks to Blockchains}
                                                  
Appendix B.
pdfTeX warning (ext4): destination with the same identifier (name{section.B.1})
 has been already used, duplicate ignored
<to be read again> 
                   \relax 
l.896 \section{Introduction}
                            pdfTeX warning (ext4): destination with the same id
entifier (name{section.B.2}) has been already used, duplicate ignored
<to be read again> 
                   \relax 
l.902 \section{RSVP Foundations}
                                pdfTeX warning (ext4): destination with the sam
e identifier (name{section.B.3}) has been already used, duplicate ignored
<to be read again> 
                   \relax 
l.924 \section{CEI Categories}
                              

! LaTeX Error: Unicode character ≤ (U+2264)
               not set up for use with LaTeX.

See the LaTeX manual or LaTeX Companion for explanation.
Type  H <return>  for immediate help.
 ...                                              
                                                  
l.930 Acceptable (0.5 < CEI ≤
                                0.8): moderate inefficiency, justified by va...

? 

! LaTeX Error: Unicode character ≤ (U+2264)
               not set up for use with LaTeX.

See the LaTeX manual or LaTeX Companion for explanation.
Type  H <return>  for immediate help.
 ...                                              
                                                  
l.932 Marginal (0.2 < CEI ≤
                              0.5): significant waste, weakly justified.
? 

! LaTeX Error: Unicode character ≤ (U+2264)
               not set up for use with LaTeX.

See the LaTeX manual or LaTeX Companion for explanation.
Type  H <return>  for immediate help.
 ...                                              
                                                  
l.934 Absurd (CEI ≤
                      0.2): entropic abuse; redesign or prohibition required.
? 
pdfTeX warning (ext4): destination with the same identifier (name{section.B.4})
 has been already used, duplicate ignored
<to be read again> 
                   \relax 
l.938 \section{Case Studies}
                             [41

]

! LaTeX Error: Unicode character ≈ (U+2248)
               not set up for use with LaTeX.

See the LaTeX manual or LaTeX Companion for explanation.
Type  H <return>  for immediate help.
 ...                                              
                                                  
l.952 Result: CEI ≈
                      0.05 → Absurd.
? 

! LaTeX Error: Unicode character ≈ (U+2248)
               not set up for use with LaTeX.

See the LaTeX manual or LaTeX Companion for explanation.
Type  H <return>  for immediate help.
 ...                                              
                                                  
l.968 Result: CEI ≈
                      0.1 → Absurd.
? 

! LaTeX Error: Unicode character ≈ (U+2248)
               not set up for use with LaTeX.

See the LaTeX manual or LaTeX Companion for explanation.
Type  H <return>  for immediate help.
 ...                                              
                                                  
l.984 Result: CEI ≈
                      0 → Absurd.
? 

! LaTeX Error: Unicode character ≈ (U+2248)
               not set up for use with LaTeX.

See the LaTeX manual or LaTeX Companion for explanation.
Type  H <return>  for immediate help.
 ...                                              
                                                  
l.1000 Result: CEI ≈
                       0.9 → Exemplary.
? 
pdfTeX warning (ext4): destination with the same identifier (name{section.B.5})
 has been already used, duplicate ignored
<to be read again> 
                   \relax 
l.1004 \section{Normative Implications}
                                       pdfTeX warning (ext4): destination with 
the same identifier (name{section.B.6}) has been already used, duplicate ignore
d
<to be read again> 
                   \relax 
l.1018 \section{Conclusion}
                            [42] [43] [44

]pdfTeX warning (ext4): destination with the same identifier (name{appendix.C})
 has been already used, duplicate ignored
<to be read again> 
                   \relax 
l.1024 \chapter{Idea Routing and Social Platforms}
                                                  
Appendix C.
pdfTeX warning (ext4): destination with the same identifier (name{section.C.1})
 has been already used, duplicate ignored
<to be read again> 
                   \relax 
l.1026 \section{Introduction}
                             pdfTeX warning (ext4): destination with the same i
dentifier (name{section.C.2}) has been already used, duplicate ignored
<to be read again> 
                   \relax 
l.1032 \section{The Failure of Engagement Metrics}
                                                  pdfTeX warning (ext4): destin
ation with the same identifier (name{section.C.3}) has been already used, dupli
cate ignored
<to be read again> 
                   \relax 
l.1046 \section{RSVP Routing Function}
                                      pdfTeX warning (ext4): destination with t
he same identifier (name{section.C.4}) has been already used, duplicate ignored

<to be read again> 
                   \relax 
l.1068 \section{Markedness and Accessibility}
                                              [45]pdfTeX warning (ext4): destin
ation with the same identifier (name{section.C.5}) has been already used, dupli
cate ignored
<to be read again> 
                   \relax 
l.1078 \section{Worked Example}
                               pdfTeX warning (ext4): destination with the same
 identifier (name{section.C.6}) has been already used, duplicate ignored
<to be read again> 
                   \relax 
l.1114 \section{Comparison to Alternative Models}
                                                 pdfTeX warning (ext4): destina
tion with the same identifier (name{section.C.7}) has been already used, duplic
ate ignored
<to be read again> 
                   \relax 
l.1124 \section{Challenges and Counterarguments}
                                                 [46] [47] [48

]pdfTeX warning (ext4): destination with the same identifier (name{appendix.D})
 has been already used, duplicate ignored
<to be read again> 
                   \relax 
l.1146 ...ward an Informational Political Economy}
                                                  
Appendix D.
pdfTeX warning (ext4): destination with the same identifier (name{section.D.1})
 has been already used, duplicate ignored
<to be read again> 
                   \relax 
l.1148 \section{Introduction}
                             pdfTeX warning (ext4): destination with the same i
dentifier (name{section.D.2}) has been already used, duplicate ignored
<to be read again> 
                   \relax 
l.1152 \section{The Attention Commons}
                                      pdfTeX warning (ext4): destination with t
he same identifier (name{section.D.3}) has been already used, duplicate ignored

<to be read again> 
                   \relax 
l.1166 \section{Incentives for Coherence}
                                         pdfTeX warning (ext4): destination wit
h the same identifier (name{section.D.4}) has been already used, duplicate igno
red
<to be read again> 
                   \relax 
l.1176 \section{Redistribution of Civic Costs}
                                              pdfTeX warning (ext4): destinatio
n with the same identifier (name{section.D.5}) has been already used, duplicate
 ignored
<to be read again> 
                   \relax 
l.1188 \section{Beyond Tokenization}
                                     [49]pdfTeX warning (ext4): destination wit
h the same identifier (name{section.D.6}) has been already used, duplicate igno
red
<to be read again> 
                   \relax 
l.1194 \section{Complexity as a Civic Gate}
                                           pdfTeX warning (ext4): destination w
ith the same identifier (name{section.D.7}) has been already used, duplicate ig
nored
<to be read again> 
                   \relax 
l.1198 \section{Applications}
                             pdfTeX warning (ext4): destination with the same i
dentifier (name{section.D.8}) has been already used, duplicate ignored
<to be read again> 
                   \relax 
l.1208 \section{Normative Vision}
                                  [50] [51

] [52]pdfTeX warning (ext4): destination with the same identifier (name{appendi
x.A}) has been already used, duplicate ignored
<to be read again> 
                   \relax 
l.1233 \chapter{Mathematical Formalism}
                                       
Appendix A.
pdfTeX warning (ext4): destination with the same identifier (name{section.A.1})
 has been already used, duplicate ignored
<to be read again> 
                   \relax 
l.1235 \section{RSVP Core Metrics}
                                  pdfTeX warning (ext4): destination with the s
ame identifier (name{section.A.2}) has been already used, duplicate ignored
<to be read again> 
                   \relax 
l.1261 \section{Usefulness Function}
                                    pdfTeX warning (ext4): destination with the
 same identifier (name{section.A.3}) has been already used, duplicate ignored
<to be read again> 
                   \relax 
l.1273 \section{Civic Efficiency Index (CEI)}
                                             pdfTeX warning (ext4): destination
 with the same identifier (name{section.A.4}) has been already used, duplicate 
ignored
<to be read again> 
                   \relax 
l.1289 \section{Routing Function}
                                  [53

]pdfTeX warning (ext4): destination with the same identifier (name{section.A.5}
) has been already used, duplicate ignored
<to be read again> 
                   \relax 
l.1303 \section{Bounding Cases}
                               pdfTeX warning (ext4): destination with the same
 identifier (name{section.A.6}) has been already used, duplicate ignored
<to be read again> 
                   \relax 
l.1329 ...ch: Stability of Informational Friction}
                                                   [54] [55] [56

]pdfTeX warning (ext4): destination with the same identifier (name{appendix.B})
 has been already used, duplicate ignored
<to be read again> 
                   \relax 
l.1371 \chapter{Simulation Models}
                                  
Appendix B.
pdfTeX warning (ext4): destination with the same identifier (name{section.B.1})
 has been already used, duplicate ignored
<to be read again> 
                   \relax 
l.1373 \section{Purpose}
                        pdfTeX warning (ext4): destination with the same identi
fier (name{section.B.2}) has been already used, duplicate ignored
<to be read again> 
                   \relax 
l.1377 \section{Simulation Environment}
                                       pdfTeX warning (ext4): destination with 
the same identifier (name{section.B.3}) has been already used, duplicate ignore
d
<to be read again> 
                   \relax 
l.1393 ...mulation 1: Spam vs. Dense Contribution}
                                                  pdfTeX warning (ext4): destin
ation with the same identifier (name{section.B.4}) has been already used, dupli
cate ignored
<to be read again> 
                   \relax 
l.1413 ...n{Simulation 2: Discourse Fragmentation}
                                                   [57]pdfTeX warning (ext4): d
estination with the same identifier (name{section.B.5}) has been already used, 
duplicate ignored
<to be read again> 
                   \relax 
l.1433 ...ion{Simulation 3: Proof-of-Work Analogy}
                                                  pdfTeX warning (ext4): destin
ation with the same identifier (name{section.B.6}) has been already used, dupli
cate ignored
<to be read again> 
                   \relax 
l.1453 ...n{Simulation 4: Learning and Markedness}
                                                  pdfTeX warning (ext4): destin
ation with the same identifier (name{section.B.7}) has been already used, dupli
cate ignored
<to be read again> 
                   \relax 
l.1473 \section{Toward Empirical Implementation}
                                                pdfTeX warning (ext4): destinat
ion with the same identifier (name{section.B.8}) has been already used, duplica
te ignored
<to be read again> 
                   \relax 
l.1483 \section{Conclusion}
                            [58]pdfTeX warning (ext4): destination with the sam
e identifier (name{appendix.C}) has been already used, duplicate ignored
<to be read again> 
                   \relax 
l.1487 \chapter{Cultural Case Studies}
                                      
Appendix C.
pdfTeX warning (ext4): destination with the same identifier (name{section.C.1})
 has been already used, duplicate ignored
<to be read again> 
                   \relax 
l.1489 \section{Purpose}
                        pdfTeX warning (ext4): destination with the same identi
fier (name{section.C.2}) has been already used, duplicate ignored
<to be read again> 
                   \relax 
l.1493 ...mor and Satire: Liberation vs. Nihilism}
                                                  pdfTeX warning (ext4): destin
ation with the same identifier (name{section.C.3}) has been already used, dupli
cate ignored
<to be read again> 
                   \relax 
l.1509 ...om Dramas and Political Espionage Shows}
                                                  pdfTeX warning (ext4): destin
ation with the same identifier (name{section.C.4}) has been already used, dupli
cate ignored
<to be read again> 
                   \relax 
l.1521 ... Deepfakes: Engagement Without Presence}
                                                   [59

]pdfTeX warning (ext4): destination with the same identifier (name{section.C.5}
) has been already used, duplicate ignored
<to be read again> 
                   \relax 
l.1543 \section{GitHub Emoji Monoculture}
                                         pdfTeX warning (ext4): destination wit
h the same identifier (name{section.C.6}) has been already used, duplicate igno
red
<to be read again> 
                   \relax 
l.1559 ...on{Messenger and Facebook Edit Policies}
                                                  pdfTeX warning (ext4): destin
ation with the same identifier (name{section.C.7}) has been already used, dupli
cate ignored
<to be read again> 
                   \relax 
l.1571 ...hesis: Culture as Informational Commons}
                                                  pdfTeX warning (ext4): destin
ation with the same identifier (name{section.C.8}) has been already used, dupli
cate ignored
<to be read again> 
                   \relax 
l.1581 \section{Conclusion}
                            [60]pdfTeX warning (ext4): destination with the sam
e identifier (name{appendix.D}) has been already used, duplicate ignored
<to be read again> 
                   \relax 
l.1585 \chapter{Civic Applications}
                                   
Appendix D.
pdfTeX warning (ext4): destination with the same identifier (name{section.D.1})
 has been already used, duplicate ignored
<to be read again> 
                   \relax 
l.1587 \section{Purpose}
                        pdfTeX warning (ext4): destination with the same identi
fier (name{section.D.2}) has been already used, duplicate ignored
<to be read again> 
                   \relax 
l.1591 \section{Transport and Logistics}
                                        pdfTeX warning (ext4): destination with
 the same identifier (name{section.D.3}) has been already used, duplicate ignor
ed
<to be read again> 
                   \relax 
l.1621 \section{Energy Systems}
                                [61

]pdfTeX warning (ext4): destination with the same identifier (name{section.D.4}
) has been already used, duplicate ignored
<to be read again> 
                   \relax 
l.1661 \section{Food Systems}
                             pdfTeX warning (ext4): destination with the same i
dentifier (name{section.D.5}) has been already used, duplicate ignored
<to be read again> 
                   \relax 
l.1705 \section{Infrastructure}
                               pdfTeX warning (ext4): destination with the same
 identifier (name{section.D.6}) has been already used, duplicate ignored
<to be read again> 
                   \relax 
l.1749 \section{Normative Application}
                                       [62]pdfTeX warning (ext4): destination w
ith the same identifier (name{section.D.7}) has been already used, duplicate ig
nored
<to be read again> 
                   \relax 
l.1761 \section{Conclusion}
                            [63] (./essay.bbl [64

]
Underfull \hbox (badness 1655) in paragraph at lines 56--63
[]\OT1/cmr/m/n/10 Volodymyr Mnih et al.  Deep re-in-force-ment learn-ing for vi
deo games.  \OT1/cmr/m/it/10 arXiv preprint
 []

[65]) [66] (./essay.aux)
Package rerunfilecheck Info: File `essay.out' has not changed.
(rerunfilecheck)             Checksum: B0923161C08CD26FFEB1DE47D0C0D61E;31031.
 ) 
Here is how much of TeX's memory you used:
 10486 strings out of 478287
 160377 string characters out of 5849289
 465076 words of memory out of 5000000
 28371 multiletter control sequences out of 15000+600000
 480155 words of font info for 69 fonts, out of 8000000 for 9000
 1141 hyphenation exceptions out of 8191
 60i,9n,63p,818b,443s stack positions out of 5000i,500n,10000p,200000b,80000s
{/usr/share/texmf/fonts/enc/dvips/cm-super/cm-super-ts1.enc}</usr/share/texli
ve/texmf-dist/fonts/type1/public/amsfonts/cm/cmbx10.pfb></usr/share/texlive/tex
mf-dist/fonts/type1/public/amsfonts/cm/cmbx12.pfb></usr/share/texlive/texmf-dis
t/fonts/type1/public/amsfonts/cm/cmex10.pfb></usr/share/texlive/texmf-dist/font
s/type1/public/amsfonts/cm/cmmi10.pfb></usr/share/texlive/texmf-dist/fonts/type
1/public/amsfonts/cm/cmmi7.pfb></usr/share/texlive/texmf-dist/fonts/type1/publi
c/amsfonts/cm/cmr10.pfb></usr/share/texlive/texmf-dist/fonts/type1/public/amsfo
nts/cm/cmr12.pfb></usr/share/texlive/texmf-dist/fonts/type1/public/amsfonts/cm/
cmr17.pfb></usr/share/texlive/texmf-dist/fonts/type1/public/amsfonts/cm/cmr7.pf
b></usr/share/texlive/texmf-dist/fonts/type1/public/amsfonts/cm/cmsl10.pfb></us
r/share/texlive/texmf-dist/fonts/type1/public/amsfonts/cm/cmsy10.pfb></usr/shar
e/texlive/texmf-dist/fonts/type1/public/amsfonts/cm/cmsy7.pfb></usr/share/texli
ve/texmf-dist/fonts/type1/public/amsfonts/cm/cmti10.pfb></usr/share/texlive/tex
mf-dist/fonts/type1/public/amsfonts/cm/cmtt10.pfb></usr/share/texmf/fonts/type1
/public/cm-super/sfrm1000.pfb>
Output written on essay.pdf (66 pages, 330713 bytes).
PDF statistics:
 1203 PDF objects out of 1440 (max. 8388607)
 1094 compressed objects within 11 object streams
 181 named destinations out of 1000 (max. 500000)
 1297 words of extra memory for PDF output out of 10000 (max. 10000000)

