\BOOKMARK [0][-]{chapter*.1}{\376\377\000P\000r\000e\000f\000a\000c\000e}{}% 1
\BOOKMARK [-1][-]{part.1}{\376\377\000I\000\040\000F\000o\000u\000n\000d\000a\000t\000i\000o\000n\000s\000\040\000o\000f\000\040\000P\000h\000y\000s\000i\000c\000a\000l\000\040\000T\000h\000e\000o\000r\000i\000e\000s}{}% 2
\BOOKMARK [0][-]{chapter.1}{\376\377\000W\000h\000a\000t\000\040\000I\000s\000\040\000a\000\040\000P\000h\000y\000s\000i\000c\000a\000l\000\040\000T\000h\000e\000o\000r\000y\000?}{part.1}% 3
\BOOKMARK [1][-]{section.1.1}{\376\377\000O\000b\000s\000e\000r\000v\000a\000t\000i\000o\000n\000,\000\040\000M\000o\000d\000e\000l\000s\000,\000\040\000a\000n\000d\000\040\000L\000a\000w\000s}{chapter.1}% 4
\BOOKMARK [1][-]{section.1.2}{\376\377\000C\000o\000n\000t\000i\000n\000u\000o\000u\000s\000\040\000v\000e\000r\000s\000u\000s\000\040\000D\000i\000s\000c\000r\000e\000t\000e\000\040\000D\000e\000s\000c\000r\000i\000p\000t\000i\000o\000n\000s}{chapter.1}% 5
\BOOKMARK [1][-]{section.1.3}{\376\377\000P\000a\000r\000a\000m\000e\000t\000e\000r\000s\000\040\000a\000n\000d\000\040\000C\000o\000u\000p\000l\000i\000n\000g\000\040\000C\000o\000n\000s\000t\000a\000n\000t\000s}{chapter.1}% 6
\BOOKMARK [1][-]{section.1.4}{\376\377\000D\000i\000m\000e\000n\000s\000i\000o\000n\000a\000l\000\040\000A\000n\000a\000l\000y\000s\000i\000s}{chapter.1}% 7
\BOOKMARK [1][-]{section.1.5}{\376\377\000T\000h\000e\000\040\000R\000o\000l\000e\000\040\000o\000f\000\040\000S\000c\000a\000l\000e\000\040\000i\000n\000\040\000P\000h\000y\000s\000i\000c\000s}{chapter.1}% 8
\BOOKMARK [0][-]{chapter.2}{\376\377\000D\000i\000f\000f\000e\000r\000e\000n\000t\000i\000a\000l\000\040\000E\000q\000u\000a\000t\000i\000o\000n\000s\000\040\000i\000n\000\040\000P\000h\000y\000s\000i\000c\000s}{part.1}% 9
\BOOKMARK [1][-]{section.2.1}{\376\377\000O\000r\000d\000i\000n\000a\000r\000y\000\040\000D\000i\000f\000f\000e\000r\000e\000n\000t\000i\000a\000l\000\040\000E\000q\000u\000a\000t\000i\000o\000n\000s}{chapter.2}% 10
\BOOKMARK [1][-]{section.2.2}{\376\377\000P\000h\000a\000s\000e\000\040\000S\000p\000a\000c\000e\000\040\000a\000n\000d\000\040\000T\000r\000a\000j\000e\000c\000t\000o\000r\000i\000e\000s}{chapter.2}% 11
\BOOKMARK [1][-]{section.2.3}{\376\377\000S\000t\000a\000b\000i\000l\000i\000t\000y\000\040\000a\000n\000d\000\040\000E\000q\000u\000i\000l\000i\000b\000r\000i\000a}{chapter.2}% 12
\BOOKMARK [1][-]{section.2.4}{\376\377\000L\000i\000n\000e\000a\000r\000i\000z\000a\000t\000i\000o\000n\000\040\000N\000e\000a\000r\000\040\000F\000i\000x\000e\000d\000\040\000P\000o\000i\000n\000t\000s}{chapter.2}% 13
\BOOKMARK [1][-]{section.2.5}{\376\377\000E\000x\000a\000m\000p\000l\000e\000s\000\040\000f\000r\000o\000m\000\040\000C\000l\000a\000s\000s\000i\000c\000a\000l\000\040\000M\000e\000c\000h\000a\000n\000i\000c\000s}{chapter.2}% 14
\BOOKMARK [0][-]{chapter.3}{\376\377\000F\000i\000e\000l\000d\000s\000\040\000a\000n\000d\000\040\000L\000o\000c\000a\000l\000\040\000D\000y\000n\000a\000m\000i\000c\000s}{part.1}% 15
\BOOKMARK [1][-]{section.3.1}{\376\377\000F\000r\000o\000m\000\040\000P\000a\000r\000t\000i\000c\000l\000e\000s\000\040\000t\000o\000\040\000F\000i\000e\000l\000d\000s}{chapter.3}% 16
\BOOKMARK [1][-]{section.3.2}{\376\377\000S\000c\000a\000l\000a\000r\000\040\000F\000i\000e\000l\000d\000s}{chapter.3}% 17
\BOOKMARK [1][-]{section.3.3}{\376\377\000V\000e\000c\000t\000o\000r\000\040\000F\000i\000e\000l\000d\000s}{chapter.3}% 18
\BOOKMARK [1][-]{section.3.4}{\376\377\000F\000i\000e\000l\000d\000\040\000E\000q\000u\000a\000t\000i\000o\000n\000s}{chapter.3}% 19
\BOOKMARK [1][-]{section.3.5}{\376\377\000E\000n\000e\000r\000g\000y\000\040\000a\000n\000d\000\040\000C\000o\000n\000s\000e\000r\000v\000a\000t\000i\000o\000n\000\040\000L\000a\000w\000s}{chapter.3}% 20
\BOOKMARK [-1][-]{part.2}{\376\377\000I\000I\000\040\000S\000t\000a\000t\000i\000s\000t\000i\000c\000a\000l\000\040\000P\000h\000y\000s\000i\000c\000s\000\040\000a\000n\000d\000\040\000C\000o\000a\000r\000s\000e\000-\000G\000r\000a\000i\000n\000i\000n\000g}{}% 21
\BOOKMARK [0][-]{chapter.4}{\376\377\000P\000r\000o\000b\000a\000b\000i\000l\000i\000t\000y\000\040\000a\000n\000d\000\040\000S\000t\000a\000t\000i\000s\000t\000i\000c\000a\000l\000\040\000D\000e\000s\000c\000r\000i\000p\000t\000i\000o\000n}{part.2}% 22
\BOOKMARK [1][-]{section.4.1}{\376\377\000M\000i\000c\000r\000o\000s\000t\000a\000t\000e\000s\000\040\000a\000n\000d\000\040\000M\000a\000c\000r\000o\000s\000t\000a\000t\000e\000s}{chapter.4}% 23
\BOOKMARK [1][-]{section.4.2}{\376\377\000E\000n\000t\000r\000o\000p\000y\000\040\000a\000n\000d\000\040\000I\000n\000f\000o\000r\000m\000a\000t\000i\000o\000n}{chapter.4}% 24
\BOOKMARK [1][-]{section.4.3}{\376\377\000T\000h\000e\000r\000m\000o\000d\000y\000n\000a\000m\000i\000c\000\040\000L\000i\000m\000i\000t\000s}{chapter.4}% 25
\BOOKMARK [1][-]{section.4.4}{\376\377\000F\000l\000u\000c\000t\000u\000a\000t\000i\000o\000n\000s\000\040\000a\000n\000d\000\040\000C\000o\000r\000r\000e\000l\000a\000t\000i\000o\000n\000s}{chapter.4}% 26
\BOOKMARK [0][-]{chapter.5}{\376\377\000P\000h\000a\000s\000e\000\040\000T\000r\000a\000n\000s\000i\000t\000i\000o\000n\000s}{part.2}% 27
\BOOKMARK [1][-]{section.5.1}{\376\377\000O\000r\000d\000e\000r\000\040\000P\000a\000r\000a\000m\000e\000t\000e\000r\000s}{chapter.5}% 28
\BOOKMARK [1][-]{section.5.2}{\376\377\000C\000r\000i\000t\000i\000c\000a\000l\000\040\000P\000h\000e\000n\000o\000m\000e\000n\000a}{chapter.5}% 29
\BOOKMARK [1][-]{section.5.3}{\376\377\000D\000i\000v\000e\000r\000g\000i\000n\000g\000\040\000C\000o\000r\000r\000e\000l\000a\000t\000i\000o\000n\000\040\000L\000e\000n\000g\000t\000h}{chapter.5}% 30
\BOOKMARK [1][-]{section.5.4}{\376\377\000U\000n\000i\000v\000e\000r\000s\000a\000l\000i\000t\000y}{chapter.5}% 31
\BOOKMARK [0][-]{chapter.6}{\376\377\000C\000o\000a\000r\000s\000e\000-\000G\000r\000a\000i\000n\000i\000n\000g}{part.2}% 32
\BOOKMARK [1][-]{section.6.1}{\376\377\000W\000h\000y\000\040\000C\000o\000a\000r\000s\000e\000-\000G\000r\000a\000i\000n\000i\000n\000g\000\040\000W\000o\000r\000k\000s}{chapter.6}% 33
\BOOKMARK [1][-]{section.6.2}{\376\377\000B\000l\000o\000c\000k\000\040\000S\000p\000i\000n\000\040\000T\000r\000a\000n\000s\000f\000o\000r\000m\000a\000t\000i\000o\000n\000s}{chapter.6}% 34
\BOOKMARK [1][-]{section.6.3}{\376\377\000S\000c\000a\000l\000e\000\040\000T\000r\000a\000n\000s\000f\000o\000r\000m\000a\000t\000i\000o\000n\000s}{chapter.6}% 35
\BOOKMARK [1][-]{section.6.4}{\376\377\000E\000m\000e\000r\000g\000e\000n\000t\000\040\000L\000a\000w\000s}{chapter.6}% 36
\BOOKMARK [-1][-]{part.3}{\376\377\000I\000I\000I\000\040\000R\000e\000n\000o\000r\000m\000a\000l\000i\000z\000a\000t\000i\000o\000n\000\040\000G\000r\000o\000u\000p\000\040\000T\000h\000e\000o\000r\000y}{}% 37
\BOOKMARK [0][-]{chapter.7}{\376\377\000T\000h\000e\000o\000r\000y\000\040\000S\000p\000a\000c\000e}{part.3}% 38
\BOOKMARK [1][-]{section.7.1}{\376\377\000C\000o\000u\000p\000l\000i\000n\000g\000\040\000C\000o\000n\000s\000t\000a\000n\000t\000s\000\040\000a\000s\000\040\000C\000o\000o\000r\000d\000i\000n\000a\000t\000e\000s}{chapter.7}% 39
\BOOKMARK [1][-]{section.7.2}{\376\377\000I\000n\000f\000i\000n\000i\000t\000e\000-\000D\000i\000m\000e\000n\000s\000i\000o\000n\000a\000l\000\040\000P\000a\000r\000a\000m\000e\000t\000e\000r\000\040\000S\000p\000a\000c\000e\000s}{chapter.7}% 40
\BOOKMARK [1][-]{section.7.3}{\376\377\000E\000f\000f\000e\000c\000t\000i\000v\000e\000\040\000A\000c\000t\000i\000o\000n\000s}{chapter.7}% 41
\BOOKMARK [1][-]{section.7.4}{\376\377\000T\000r\000a\000j\000e\000c\000t\000o\000r\000i\000e\000s\000\040\000i\000n\000\040\000T\000h\000e\000o\000r\000y\000\040\000S\000p\000a\000c\000e}{chapter.7}% 42
\BOOKMARK [0][-]{chapter.8}{\376\377\000B\000e\000t\000a\000\040\000F\000u\000n\000c\000t\000i\000o\000n\000s}{part.3}% 43
\BOOKMARK [1][-]{section.8.1}{\376\377\000R\000u\000n\000n\000i\000n\000g\000\040\000C\000o\000u\000p\000l\000i\000n\000g\000s}{chapter.8}% 44
\BOOKMARK [1][-]{section.8.2}{\376\377\000D\000e\000f\000i\000n\000i\000t\000i\000o\000n\000\040\000o\000f\000\040\000B\000e\000t\000a\000\040\000F\000u\000n\000c\000t\000i\000o\000n\000s}{chapter.8}% 45
\BOOKMARK [1][-]{section.8.3}{\376\377\000R\000e\000n\000o\000r\000m\000a\000l\000i\000z\000a\000t\000i\000o\000n\000\040\000G\000r\000o\000u\000p\000\040\000E\000q\000u\000a\000t\000i\000o\000n\000s}{chapter.8}% 46
\BOOKMARK [1][-]{section.8.4}{\376\377\000P\000h\000y\000s\000i\000c\000a\000l\000\040\000I\000n\000t\000e\000r\000p\000r\000e\000t\000a\000t\000i\000o\000n\000\040\000o\000f\000\040\000S\000c\000a\000l\000e}{chapter.8}% 47
\BOOKMARK [0][-]{chapter.9}{\376\377\000F\000i\000x\000e\000d\000\040\000P\000o\000i\000n\000t\000s}{part.3}% 48
\BOOKMARK [1][-]{section.9.1}{\376\377\000G\000a\000u\000s\000s\000i\000a\000n\000\040\000F\000i\000x\000e\000d\000\040\000P\000o\000i\000n\000t\000s}{chapter.9}% 49
\BOOKMARK [1][-]{section.9.2}{\376\377\000I\000n\000t\000e\000r\000a\000c\000t\000i\000n\000g\000\040\000F\000i\000x\000e\000d\000\040\000P\000o\000i\000n\000t\000s}{chapter.9}% 50
\BOOKMARK [1][-]{section.9.3}{\376\377\000S\000c\000a\000l\000e\000\040\000I\000n\000v\000a\000r\000i\000a\000n\000c\000e}{chapter.9}% 51
\BOOKMARK [1][-]{section.9.4}{\376\377\000C\000r\000i\000t\000i\000c\000a\000l\000\040\000S\000u\000r\000f\000a\000c\000e\000s}{chapter.9}% 52
\BOOKMARK [0][-]{chapter.10}{\376\377\000R\000e\000l\000e\000v\000a\000n\000t\000\040\000a\000n\000d\000\040\000I\000r\000r\000e\000l\000e\000v\000a\000n\000t\000\040\000O\000p\000e\000r\000a\000t\000o\000r\000s}{part.3}% 53
\BOOKMARK [1][-]{section.10.1}{\376\377\000L\000i\000n\000e\000a\000r\000\040\000S\000t\000a\000b\000i\000l\000i\000t\000y\000\040\000A\000n\000a\000l\000y\000s\000i\000s}{chapter.10}% 54
\BOOKMARK [1][-]{section.10.2}{\376\377\000C\000r\000i\000t\000i\000c\000a\000l\000\040\000E\000x\000p\000o\000n\000e\000n\000t\000s}{chapter.10}% 55
\BOOKMARK [1][-]{section.10.3}{\376\377\000P\000r\000e\000d\000i\000c\000t\000i\000v\000i\000t\000y\000\040\000o\000f\000\040\000R\000e\000n\000o\000r\000m\000a\000l\000i\000z\000a\000b\000l\000e\000\040\000T\000h\000e\000o\000r\000i\000e\000s}{chapter.10}% 56
\BOOKMARK [-1][-]{part.4}{\376\377\000I\000V\000\040\000Q\000u\000a\000n\000t\000u\000m\000\040\000F\000i\000e\000l\000d\000\040\000T\000h\000e\000o\000r\000y\000\040\000E\000s\000s\000e\000n\000t\000i\000a\000l\000s}{}% 57
\BOOKMARK [0][-]{chapter.11}{\376\377\000C\000l\000a\000s\000s\000i\000c\000a\000l\000\040\000F\000i\000e\000l\000d\000\040\000T\000h\000e\000o\000r\000y}{part.4}% 58
\BOOKMARK [1][-]{section.11.1}{\376\377\000A\000c\000t\000i\000o\000n\000\040\000P\000r\000i\000n\000c\000i\000p\000l\000e\000s}{chapter.11}% 59
\BOOKMARK [1][-]{section.11.2}{\376\377\000L\000a\000g\000r\000a\000n\000g\000i\000a\000n\000s}{chapter.11}% 60
\BOOKMARK [1][-]{section.11.3}{\376\377\000S\000y\000m\000m\000e\000t\000r\000i\000e\000s\000\040\000a\000n\000d\000\040\000N\000o\000e\000t\000h\000e\000r\000'\000s\000\040\000T\000h\000e\000o\000r\000e\000m}{chapter.11}% 61
\BOOKMARK [0][-]{chapter.12}{\376\377\000Q\000u\000a\000n\000t\000i\000z\000a\000t\000i\000o\000n\000\040\000o\000f\000\040\000F\000i\000e\000l\000d\000s}{part.4}% 62
\BOOKMARK [1][-]{section.12.1}{\376\377\000C\000a\000n\000o\000n\000i\000c\000a\000l\000\040\000Q\000u\000a\000n\000t\000i\000z\000a\000t\000i\000o\000n}{chapter.12}% 63
\BOOKMARK [1][-]{section.12.2}{\376\377\000P\000a\000t\000h\000\040\000I\000n\000t\000e\000g\000r\000a\000l\000\040\000F\000o\000r\000m\000u\000l\000a\000t\000i\000o\000n}{chapter.12}% 64
\BOOKMARK [1][-]{section.12.3}{\376\377\000P\000e\000r\000t\000u\000r\000b\000a\000t\000i\000o\000n\000\040\000T\000h\000e\000o\000r\000y}{chapter.12}% 65
\BOOKMARK [0][-]{chapter.13}{\376\377\000R\000e\000n\000o\000r\000m\000a\000l\000i\000z\000a\000t\000i\000o\000n}{part.4}% 66
\BOOKMARK [1][-]{section.13.1}{\376\377\000D\000i\000v\000e\000r\000g\000e\000n\000c\000e\000s\000\040\000i\000n\000\040\000Q\000u\000a\000n\000t\000u\000m\000\040\000F\000i\000e\000l\000d\000\040\000T\000h\000e\000o\000r\000y}{chapter.13}% 67
\BOOKMARK [1][-]{section.13.2}{\376\377\000R\000e\000g\000u\000l\000a\000r\000i\000z\000a\000t\000i\000o\000n}{chapter.13}% 68
\BOOKMARK [1][-]{section.13.3}{\376\377\000R\000e\000n\000o\000r\000m\000a\000l\000i\000z\000e\000d\000\040\000P\000a\000r\000a\000m\000e\000t\000e\000r\000s}{chapter.13}% 69
\BOOKMARK [1][-]{section.13.4}{\376\377\000E\000f\000f\000e\000c\000t\000i\000v\000e\000\040\000F\000i\000e\000l\000d\000\040\000T\000h\000e\000o\000r\000i\000e\000s}{chapter.13}% 70
\BOOKMARK [-1][-]{part.5}{\376\377\000V\000\040\000F\000u\000n\000c\000t\000i\000o\000n\000a\000l\000\040\000R\000e\000n\000o\000r\000m\000a\000l\000i\000z\000a\000t\000i\000o\000n\000\040\000G\000r\000o\000u\000p}{}% 71
\BOOKMARK [0][-]{chapter.14}{\376\377\000T\000h\000e\000\040\000E\000f\000f\000e\000c\000t\000i\000v\000e\000\040\000A\000v\000e\000r\000a\000g\000e\000\040\000A\000c\000t\000i\000o\000n}{part.5}% 72
\BOOKMARK [1][-]{section.14.1}{\376\377\000M\000o\000t\000i\000v\000a\000t\000i\000o\000n\000\040\000f\000o\000r\000\040\000t\000h\000e\000\040\000F\000u\000n\000c\000t\000i\000o\000n\000a\000l\000\040\000R\000e\000n\000o\000r\000m\000a\000l\000i\000z\000a\000t\000i\000o\000n\000\040\000G\000r\000o\000u\000p}{chapter.14}% 73
\BOOKMARK [1][-]{section.14.2}{\376\377\000W\000e\000t\000t\000e\000r\000i\000c\000h\000\040\000E\000q\000u\000a\000t\000i\000o\000n}{chapter.14}% 74
\BOOKMARK [1][-]{section.14.3}{\376\377\000T\000r\000u\000n\000c\000a\000t\000i\000o\000n\000\040\000M\000e\000t\000h\000o\000d\000s}{chapter.14}% 75
\BOOKMARK [0][-]{chapter.15}{\376\377\000F\000l\000o\000w\000\040\000E\000q\000u\000a\000t\000i\000o\000n\000s}{part.5}% 76
\BOOKMARK [1][-]{section.15.1}{\376\377\000N\000o\000n\000p\000e\000r\000t\000u\000r\000b\000a\000t\000i\000v\000e\000\040\000F\000l\000o\000w\000s}{chapter.15}% 77
\BOOKMARK [1][-]{section.15.2}{\376\377\000F\000i\000x\000e\000d\000\040\000P\000o\000i\000n\000t\000\040\000S\000e\000a\000r\000c\000h}{chapter.15}% 78
\BOOKMARK [1][-]{section.15.3}{\376\377\000C\000r\000i\000t\000i\000c\000a\000l\000\040\000E\000x\000p\000o\000n\000e\000n\000t\000s\000\040\000f\000r\000o\000m\000\040\000S\000t\000a\000b\000i\000l\000i\000t\000y\000\040\000M\000a\000t\000r\000i\000c\000e\000s}{chapter.15}% 79
\BOOKMARK [-1][-]{part.6}{\376\377\000V\000I\000\040\000G\000r\000a\000v\000i\000t\000y\000\040\000a\000n\000d\000\040\000A\000s\000y\000m\000p\000t\000o\000t\000i\000c\000\040\000S\000a\000f\000e\000t\000y}{}% 80
\BOOKMARK [0][-]{chapter.16}{\376\377\000G\000r\000a\000v\000i\000t\000y\000\040\000a\000s\000\040\000a\000\040\000F\000i\000e\000l\000d\000\040\000T\000h\000e\000o\000r\000y}{part.6}% 81
\BOOKMARK [1][-]{section.16.1}{\376\377\000E\000i\000n\000s\000t\000e\000i\000n\040\023\000H\000i\000l\000b\000e\000r\000t\000\040\000A\000c\000t\000i\000o\000n}{chapter.16}% 82
\BOOKMARK [1][-]{section.16.2}{\376\377\000D\000i\000m\000e\000n\000s\000i\000o\000n\000a\000l\000\040\000N\000e\000w\000t\000o\000n\000\040\000C\000o\000n\000s\000t\000a\000n\000t}{chapter.16}% 83
\BOOKMARK [1][-]{section.16.3}{\376\377\000N\000o\000n\000r\000e\000n\000o\000r\000m\000a\000l\000i\000z\000a\000b\000i\000l\000i\000t\000y\000\040\000i\000n\000\040\000P\000e\000r\000t\000u\000r\000b\000a\000t\000i\000o\000n\000\040\000T\000h\000e\000o\000r\000y}{chapter.16}% 84
\BOOKMARK [0][-]{chapter.17}{\376\377\000T\000h\000e\000\040\000A\000s\000y\000m\000p\000t\000o\000t\000i\000c\000\040\000S\000a\000f\000e\000t\000y\000\040\000P\000r\000o\000g\000r\000a\000m}{part.6}% 85
\BOOKMARK [1][-]{section.17.1}{\376\377\000W\000e\000i\000n\000b\000e\000r\000g\000'\000s\000\040\000P\000r\000o\000p\000o\000s\000a\000l}{chapter.17}% 86
\BOOKMARK [1][-]{section.17.2}{\376\377\000I\000n\000t\000e\000r\000a\000c\000t\000i\000n\000g\000\040\000U\000l\000t\000r\000a\000v\000i\000o\000l\000e\000t\000\040\000F\000i\000x\000e\000d\000\040\000P\000o\000i\000n\000t\000s}{chapter.17}% 87
\BOOKMARK [1][-]{section.17.3}{\376\377\000P\000r\000e\000d\000i\000c\000t\000i\000v\000e\000\040\000Q\000u\000a\000n\000t\000u\000m\000\040\000G\000r\000a\000v\000i\000t\000y}{chapter.17}% 88
\BOOKMARK [0][-]{chapter.18}{\376\377\000M\000a\000t\000t\000e\000r\000\040\000a\000n\000d\000\040\000G\000r\000a\000v\000i\000t\000y}{part.6}% 89
\BOOKMARK [1][-]{section.18.1}{\376\377\000G\000a\000u\000g\000e\000\040\000F\000i\000e\000l\000d\000s}{chapter.18}% 90
\BOOKMARK [1][-]{section.18.2}{\376\377\000F\000e\000r\000m\000i\000o\000n\000s}{chapter.18}% 91
\BOOKMARK [1][-]{section.18.3}{\376\377\000S\000c\000a\000l\000a\000r\000\040\000C\000o\000u\000p\000l\000i\000n\000g\000s}{chapter.18}% 92
\BOOKMARK [1][-]{section.18.4}{\376\377\000W\000e\000a\000k\000\040\000G\000r\000a\000v\000i\000t\000y\000\040\000B\000o\000u\000n\000d\000s}{chapter.18}% 93
\BOOKMARK [-1][-]{part.7}{\376\377\000V\000I\000I\000\040\000C\000o\000s\000m\000o\000l\000o\000g\000y\000\040\000a\000n\000d\000\040\000O\000b\000s\000e\000r\000v\000a\000t\000i\000o\000n\000a\000l\000\040\000S\000i\000g\000n\000a\000t\000u\000r\000e\000s}{}% 94
\BOOKMARK [0][-]{chapter.19}{\376\377\000R\000u\000n\000n\000i\000n\000g\000\040\000C\000o\000u\000p\000l\000i\000n\000g\000s\000\040\000i\000n\000\040\000C\000o\000s\000m\000o\000l\000o\000g\000y}{part.7}% 95
\BOOKMARK [1][-]{section.19.1}{\376\377\000R\000G\000-\000I\000m\000p\000r\000o\000v\000e\000d\000\040\000F\000r\000i\000e\000d\000m\000a\000n\000n\000\040\000E\000q\000u\000a\000t\000i\000o\000n\000s}{chapter.19}% 96
\BOOKMARK [1][-]{section.19.2}{\376\377\000E\000a\000r\000l\000y\000\040\000U\000n\000i\000v\000e\000r\000s\000e\000\040\000I\000m\000p\000l\000i\000c\000a\000t\000i\000o\000n\000s}{chapter.19}% 97
\BOOKMARK [1][-]{section.19.3}{\376\377\000C\000o\000s\000m\000o\000l\000o\000g\000i\000c\000a\000l\000\040\000F\000i\000x\000e\000d\000\040\000P\000o\000i\000n\000t\000s}{chapter.19}% 98
\BOOKMARK [0][-]{chapter.20}{\376\377\000O\000b\000s\000e\000r\000v\000a\000t\000i\000o\000n\000a\000l\000\040\000W\000i\000n\000d\000o\000w\000s}{part.7}% 99
\BOOKMARK [1][-]{section.20.1}{\376\377\000C\000o\000s\000m\000i\000c\000\040\000M\000i\000c\000r\000o\000w\000a\000v\000e\000\040\000B\000a\000c\000k\000g\000r\000o\000u\000n\000d}{chapter.20}% 100
\BOOKMARK [1][-]{section.20.2}{\376\377\000L\000a\000r\000g\000e\000-\000S\000c\000a\000l\000e\000\040\000S\000t\000r\000u\000c\000t\000u\000r\000e}{chapter.20}% 101
\BOOKMARK [1][-]{section.20.3}{\376\377\000G\000r\000a\000v\000i\000t\000a\000t\000i\000o\000n\000a\000l\000\040\000W\000a\000v\000e\000s}{chapter.20}% 102
\BOOKMARK [-1][-]{part.8}{\376\377\000V\000I\000I\000I\000\040\000M\000a\000t\000h\000e\000m\000a\000t\000i\000c\000a\000l\000\040\000S\000t\000r\000u\000c\000t\000u\000r\000e\000s}{}% 103
\BOOKMARK [0][-]{chapter.21}{\376\377\000M\000e\000t\000r\000i\000c\000\040\000G\000e\000o\000m\000e\000t\000r\000y}{part.8}% 104
\BOOKMARK [1][-]{section.21.1}{\376\377\000D\000i\000s\000t\000a\000n\000c\000e\000s\000\040\000B\000e\000t\000w\000e\000e\000n\000\040\000S\000p\000a\000c\000e\000s}{chapter.21}% 105
\BOOKMARK [1][-]{section.21.2}{\376\377\000G\000r\000o\000m\000o\000v\040\023\000H\000a\000u\000s\000d\000o\000r\000f\000f\000\040\000C\000o\000n\000v\000e\000r\000g\000e\000n\000c\000e}{chapter.21}% 106
\BOOKMARK [0][-]{chapter.22}{\376\377\000I\000n\000f\000o\000r\000m\000a\000t\000i\000o\000n\000\040\000G\000e\000o\000m\000e\000t\000r\000y}{part.8}% 107
\BOOKMARK [1][-]{section.22.1}{\376\377\000F\000i\000s\000h\000e\000r\000\040\000M\000e\000t\000r\000i\000c}{chapter.22}% 108
\BOOKMARK [1][-]{section.22.2}{\376\377\000S\000t\000a\000t\000i\000s\000t\000i\000c\000a\000l\000\040\000M\000a\000n\000i\000f\000o\000l\000d\000s}{chapter.22}% 109
\BOOKMARK [0][-]{chapter.23}{\376\377\000C\000a\000t\000e\000g\000o\000r\000y\000\040\000T\000h\000e\000o\000r\000y\000\040\000a\000n\000d\000\040\000S\000t\000r\000u\000c\000t\000u\000r\000e}{part.8}% 110
\BOOKMARK [1][-]{section.23.1}{\376\377\000F\000u\000n\000c\000t\000o\000r\000s}{chapter.23}% 111
\BOOKMARK [1][-]{section.23.2}{\376\377\000N\000a\000t\000u\000r\000a\000l\000\040\000T\000r\000a\000n\000s\000f\000o\000r\000m\000a\000t\000i\000o\000n\000s}{chapter.23}% 112
\BOOKMARK [1][-]{section.23.3}{\376\377\000H\000i\000g\000h\000e\000r\000\040\000C\000a\000t\000e\000g\000o\000r\000i\000c\000a\000l\000\040\000S\000t\000r\000u\000c\000t\000u\000r\000e\000s}{chapter.23}% 113
\BOOKMARK [-1][-]{part.9}{\376\377\000I\000X\000\040\000C\000o\000m\000p\000u\000t\000a\000t\000i\000o\000n\000a\000l\000\040\000E\000x\000p\000e\000r\000i\000m\000e\000n\000t\000s}{}% 114
\BOOKMARK [0][-]{chapter.24}{\376\377\000N\000u\000m\000e\000r\000i\000c\000a\000l\000\040\000R\000e\000n\000o\000r\000m\000a\000l\000i\000z\000a\000t\000i\000o\000n\000\040\000G\000r\000o\000u\000p}{part.9}% 115
\BOOKMARK [1][-]{section.24.1}{\376\377\000I\000n\000t\000e\000g\000r\000a\000t\000i\000n\000g\000\040\000B\000e\000t\000a\000\040\000F\000u\000n\000c\000t\000i\000o\000n\000s}{chapter.24}% 116
\BOOKMARK [1][-]{section.24.2}{\376\377\000F\000i\000n\000d\000i\000n\000g\000\040\000F\000i\000x\000e\000d\000\040\000P\000o\000i\000n\000t\000s\000\040\000N\000u\000m\000e\000r\000i\000c\000a\000l\000l\000y}{chapter.24}% 117
\BOOKMARK [1][-]{section.24.3}{\376\377\000V\000i\000s\000u\000a\000l\000i\000z\000i\000n\000g\000\040\000R\000G\000\040\000F\000l\000o\000w\000s}{chapter.24}% 118
\BOOKMARK [0][-]{chapter.25}{\376\377\000S\000i\000m\000u\000l\000a\000t\000i\000o\000n\000\040\000P\000r\000o\000j\000e\000c\000t\000s}{part.9}% 119
\BOOKMARK [1][-]{section.25.1}{\376\377\000T\000o\000y\000\040\000R\000G\000\040\000S\000y\000s\000t\000e\000m\000s}{chapter.25}% 120
\BOOKMARK [1][-]{section.25.2}{\376\377\000S\000c\000a\000l\000a\000r\000\040\000F\000i\000e\000l\000d\000\040\000M\000o\000d\000e\000l\000s}{chapter.25}% 121
\BOOKMARK [1][-]{section.25.3}{\376\377\000G\000r\000a\000v\000i\000t\000y\000-\000I\000n\000s\000p\000i\000r\000e\000d\000\040\000F\000l\000o\000w\000s}{chapter.25}% 122
\BOOKMARK [0][-]{appendix.A}{\376\377\000M\000a\000t\000h\000e\000m\000a\000t\000i\000c\000a\000l\000\040\000B\000a\000c\000k\000g\000r\000o\000u\000n\000d}{part.9}% 123
\BOOKMARK [1][-]{section.A.1}{\376\377\000L\000i\000n\000e\000a\000r\000\040\000A\000l\000g\000e\000b\000r\000a\000\040\000R\000e\000v\000i\000e\000w}{appendix.A}% 124
\BOOKMARK [1][-]{section.A.2}{\376\377\000D\000i\000f\000f\000e\000r\000e\000n\000t\000i\000a\000l\000\040\000G\000e\000o\000m\000e\000t\000r\000y\000\040\000B\000a\000s\000i\000c\000s}{appendix.A}% 125
\BOOKMARK [1][-]{section.A.3}{\376\377\000F\000u\000n\000c\000t\000i\000o\000n\000a\000l\000\040\000A\000n\000a\000l\000y\000s\000i\000s}{appendix.A}% 126
\BOOKMARK [0][-]{appendix.B}{\376\377\000N\000o\000t\000a\000t\000i\000o\000n}{part.9}% 127
\BOOKMARK [0][-]{appendix.C}{\376\377\000S\000e\000l\000e\000c\000t\000e\000d\000\040\000E\000x\000e\000r\000c\000i\000s\000e\000s\000\040\000a\000n\000d\000\040\000S\000o\000l\000u\000t\000i\000o\000n\000s}{part.9}% 128
\BOOKMARK [-1][-]{part.10}{\376\377\000X\000\040\000T\000h\000e\000\040\000G\000e\000o\000m\000e\000t\000r\000y\000\040\000o\000f\000\040\000T\000h\000e\000o\000r\000y\000\040\000S\000p\000a\000c\000e}{}% 129
\BOOKMARK [0][-]{appendix.D}{\376\377\000T\000h\000e\000o\000r\000y\000\040\000S\000p\000a\000c\000e\000\040\000a\000s\000\040\000a\000\040\000R\000i\000e\000m\000a\000n\000n\000i\000a\000n\000\040\000M\000a\000n\000i\000f\000o\000l\000d}{part.10}% 130
\BOOKMARK [1][-]{section.D.1}{\376\377\000T\000h\000e\000\040\000M\000a\000n\000i\000f\000o\000l\000d\000\040\000o\000f\000\040\000Q\000u\000a\000n\000t\000u\000m\000\040\000F\000i\000e\000l\000d\000\040\000T\000h\000e\000o\000r\000i\000e\000s}{appendix.D}% 131
\BOOKMARK [1][-]{section.D.2}{\376\377\000C\000o\000o\000r\000d\000i\000n\000a\000t\000e\000s\000,\000\040\000C\000h\000a\000r\000t\000s\000,\000\040\000a\000n\000d\000\040\000S\000c\000h\000e\000m\000e\000\040\000D\000e\000p\000e\000n\000d\000e\000n\000c\000e}{appendix.D}% 132
\BOOKMARK [1][-]{section.D.3}{\376\377\000D\000i\000m\000e\000n\000s\000i\000o\000n\000a\000l\000\040\000S\000t\000r\000u\000c\000t\000u\000r\000e\000\040\000a\000n\000d\000\040\000S\000t\000r\000a\000t\000i\000f\000i\000c\000a\000t\000i\000o\000n}{appendix.D}% 133
\BOOKMARK [1][-]{section.D.4}{\376\377\000T\000h\000e\000\040\000R\000e\000n\000o\000r\000m\000a\000l\000i\000z\000a\000t\000i\000o\000n\000\040\000G\000r\000o\000u\000p\000\040\000a\000s\000\040\000a\000\040\000S\000e\000m\000i\000g\000r\000o\000u\000p\000\040\000A\000c\000t\000i\000o\000n}{appendix.D}% 134
\BOOKMARK [0][-]{appendix.E}{\376\377\000T\000h\000e\000\040\000Z\000a\000m\000o\000l\000o\000d\000c\000h\000i\000k\000o\000v\000\040\000M\000e\000t\000r\000i\000c\000\040\000a\000n\000d\000\040\000G\000r\000a\000d\000i\000e\000n\000t\000\040\000F\000l\000o\000w\000s}{part.10}% 135
\BOOKMARK [1][-]{section.E.1}{\376\377\000A\000\040\000N\000a\000t\000u\000r\000a\000l\000\040\000M\000e\000t\000r\000i\000c\000\040\000o\000n\000\040\000T\000h\000e\000o\000r\000y\000\040\000S\000p\000a\000c\000e}{appendix.E}% 136
\BOOKMARK [1][-]{section.E.2}{\376\377\000T\000h\000e\000\040\000G\000r\000a\000d\000i\000e\000n\000t\000\040\000F\000l\000o\000w\000\040\000H\000y\000p\000o\000t\000h\000e\000s\000i\000s}{appendix.E}% 137
\BOOKMARK [1][-]{section.E.3}{\376\377\000C\000u\000r\000v\000a\000t\000u\000r\000e\000\040\000o\000f\000\040\000T\000h\000e\000o\000r\000y\000\040\000S\000p\000a\000c\000e}{appendix.E}% 138
\BOOKMARK [1][-]{section.E.4}{\376\377\000S\000c\000h\000e\000m\000e\000\040\000T\000r\000a\000n\000s\000f\000o\000r\000m\000a\000t\000i\000o\000n\000s\000\040\000a\000s\000\040\000D\000i\000f\000f\000e\000o\000m\000o\000r\000p\000h\000i\000s\000m\000s}{appendix.E}% 139
\BOOKMARK [0][-]{appendix.F}{\376\377\000T\000h\000e\000\040\000c\000-\000T\000h\000e\000o\000r\000e\000m\000\040\000a\000n\000d\000\040\000I\000t\000s\000\040\000D\000e\000s\000c\000e\000n\000d\000a\000n\000t\000s}{part.10}% 140
\BOOKMARK [1][-]{section.F.1}{\376\377\000Z\000a\000m\000o\000l\000o\000d\000c\000h\000i\000k\000o\000v\000'\000s\000\040\000c\000-\000T\000h\000e\000o\000r\000e\000m\000\040\000i\000n\000\040\000T\000w\000o\000\040\000D\000i\000m\000e\000n\000s\000i\000o\000n\000s}{appendix.F}% 141
\BOOKMARK [1][-]{section.F.2}{\376\377\000T\000h\000e\000\040\000a\000-\000T\000h\000e\000o\000r\000e\000m\000\040\000i\000n\000\040\000F\000o\000u\000r\000\040\000D\000i\000m\000e\000n\000s\000i\000o\000n\000s}{appendix.F}% 142
\BOOKMARK [1][-]{section.F.3}{\376\377\000M\000o\000r\000s\000e\000\040\000T\000h\000e\000o\000r\000y\000\040\000o\000f\000\040\000F\000i\000x\000e\000d\000\040\000P\000o\000i\000n\000t\000s}{appendix.F}% 143
\BOOKMARK [0][-]{appendix.G}{\376\377\000G\000r\000a\000d\000i\000e\000n\000t\000\040\000F\000l\000o\000w\000s\000\040\000a\000n\000d\000\040\000t\000h\000e\000\040\000C\000u\000r\000v\000a\000t\000u\000r\000e\000\040\000o\000f\000\040\000T\000h\000e\000o\000r\000y\000\040\000S\000p\000a\000c\000e}{part.10}% 144
\BOOKMARK [1][-]{section.G.1}{\376\377\000G\000r\000a\000d\000i\000e\000n\000t\000\040\000F\000l\000o\000w\000\040\000S\000t\000r\000u\000c\000t\000u\000r\000e\000\040\000f\000r\000o\000m\000\040\000C\000o\000n\000f\000o\000r\000m\000a\000l\000\040\000P\000e\000r\000t\000u\000r\000b\000a\000t\000i\000o\000n\000\040\000T\000h\000e\000o\000r\000y}{appendix.G}% 145
\BOOKMARK [1][-]{section.G.2}{\376\377\000T\000h\000e\000\040\000C\000o\000n\000n\000e\000c\000t\000i\000o\000n\000\040\000T\000e\000n\000s\000o\000r\000\040\000a\000n\000d\000\040\000I\000t\000s\000\040\000S\000y\000m\000m\000e\000t\000r\000i\000e\000s}{appendix.G}% 146
\BOOKMARK [1][-]{section.G.3}{\376\377\000C\000o\000m\000p\000u\000t\000i\000n\000g\000\040\000t\000h\000e\000\040\000C\000u\000r\000v\000a\000t\000u\000r\000e\000\040\000f\000r\000o\000m\000\040\000t\000h\000e\000\040\000G\000r\000a\000d\000i\000e\000n\000t\000\040\000F\000l\000o\000w}{appendix.G}% 147
\BOOKMARK [0][-]{appendix.H}{\376\377\000A\000s\000y\000m\000p\000t\000o\000t\000i\000c\000\040\000B\000e\000h\000a\000v\000i\000o\000r\000\040\000a\000n\000d\000\040\000U\000V\000\040\000C\000o\000m\000p\000l\000e\000t\000i\000o\000n}{part.10}% 148
\BOOKMARK [1][-]{section.H.1}{\376\377\000A\000s\000y\000m\000p\000t\000o\000t\000i\000c\000\040\000F\000r\000e\000e\000d\000o\000m\000\040\000i\000n\000\040\000G\000a\000u\000g\000e\000\040\000T\000h\000e\000o\000r\000i\000e\000s}{appendix.H}% 149
\BOOKMARK [1][-]{section.H.2}{\376\377\000L\000a\000n\000d\000a\000u\000\040\000P\000o\000l\000e\000s\000\040\000a\000n\000d\000\040\000t\000h\000e\000\040\000N\000e\000e\000d\000\040\000f\000o\000r\000\040\000C\000o\000m\000p\000l\000e\000t\000i\000o\000n}{appendix.H}% 150
\BOOKMARK [1][-]{section.H.3}{\376\377\000G\000r\000a\000n\000d\000\040\000U\000n\000i\000f\000i\000c\000a\000t\000i\000o\000n\000\040\000a\000s\000\040\000a\000\040\000F\000i\000x\000e\000d\000-\000P\000o\000i\000n\000t\000\040\000T\000r\000a\000j\000e\000c\000t\000o\000r\000y}{appendix.H}% 151
\BOOKMARK [-1][-]{part.11}{\376\377\000X\000I\000\040\000R\000e\000n\000o\000r\000m\000a\000l\000i\000z\000a\000t\000i\000o\000n\000\040\000i\000n\000\040\000G\000a\000u\000g\000e\000\040\000T\000h\000e\000o\000r\000i\000e\000s}{}% 152
\BOOKMARK [0][-]{appendix.I}{\376\377\000G\000a\000u\000g\000e\000\040\000I\000n\000v\000a\000r\000i\000a\000n\000c\000e\000\040\000a\000n\000d\000\040\000W\000a\000r\000d\000\040\000I\000d\000e\000n\000t\000i\000t\000i\000e\000s}{part.11}% 153
\BOOKMARK [1][-]{section.I.1}{\376\377\000L\000o\000c\000a\000l\000\040\000S\000y\000m\000m\000e\000t\000r\000i\000e\000s\000\040\000a\000n\000d\000\040\000G\000a\000u\000g\000e\000\040\000F\000i\000e\000l\000d\000s}{appendix.I}% 154
\BOOKMARK [1][-]{section.I.2}{\376\377\000B\000R\000S\000T\000\040\000S\000y\000m\000m\000e\000t\000r\000y\000\040\000a\000n\000d\000\040\000t\000h\000e\000\040\000E\000f\000f\000e\000c\000t\000i\000v\000e\000\040\000A\000c\000t\000i\000o\000n}{appendix.I}% 155
\BOOKMARK [1][-]{section.I.3}{\376\377\000T\000h\000e\000\040\000R\000u\000n\000n\000i\000n\000g\000\040\000o\000f\000\040\000t\000h\000e\000\040\000G\000a\000u\000g\000e\000\040\000C\000o\000u\000p\000l\000i\000n\000g}{appendix.I}% 156
\BOOKMARK [0][-]{appendix.J}{\376\377\000S\000t\000a\000n\000d\000a\000r\000d\000\040\000M\000o\000d\000e\000l\000\040\000C\000o\000u\000p\000l\000i\000n\000g\000s\000\040\000a\000n\000d\000\040\000T\000h\000e\000i\000r\000\040\000F\000l\000o\000w}{part.11}% 157
\BOOKMARK [1][-]{section.J.1}{\376\377\000T\000h\000e\000\040\000S\000t\000a\000n\000d\000a\000r\000d\000\040\000M\000o\000d\000e\000l\000\040\000a\000s\000\040\000a\000\040\000P\000o\000i\000n\000t\000\040\000i\000n\000\040\000T\000h\000e\000o\000r\000y\000\040\000S\000p\000a\000c\000e}{appendix.J}% 158
\BOOKMARK [1][-]{section.J.2}{\376\377\000R\000u\000n\000n\000i\000n\000g\000\040\000o\000f\000\040\000t\000h\000e\000\040\000T\000h\000r\000e\000e\000\040\000G\000a\000u\000g\000e\000\040\000C\000o\000u\000p\000l\000i\000n\000g\000s}{appendix.J}% 159
\BOOKMARK [1][-]{section.J.3}{\376\377\000T\000h\000e\000\040\000H\000i\000g\000g\000s\000\040\000Q\000u\000a\000r\000t\000i\000c\000\040\000a\000n\000d\000\040\000S\000t\000a\000b\000i\000l\000i\000t\000y\000\040\000o\000f\000\040\000t\000h\000e\000\040\000V\000a\000c\000u\000u\000m}{appendix.J}% 160
\BOOKMARK [-1][-]{part.12}{\376\377\000X\000I\000I\000\040\000M\000a\000t\000h\000e\000m\000a\000t\000i\000c\000a\000l\000\040\000F\000o\000u\000n\000d\000a\000t\000i\000o\000n\000s}{}% 161
\BOOKMARK [0][-]{appendix.K}{\376\377\000S\000p\000e\000c\000t\000r\000a\000l\000\040\000T\000h\000e\000o\000r\000y\000\040\000a\000n\000d\000\040\000H\000e\000a\000t\000\040\000K\000e\000r\000n\000e\000l\000s}{part.12}% 162
\BOOKMARK [1][-]{section.K.1}{\376\377\000S\000p\000e\000c\000t\000r\000a\000l\000\040\000T\000h\000e\000o\000r\000y\000\040\000o\000f\000\040\000t\000h\000e\000\040\000L\000a\000p\000l\000a\000c\000i\000a\000n}{appendix.K}% 163
\BOOKMARK [1][-]{section.K.2}{\376\377\000T\000h\000e\000\040\000H\000e\000a\000t\000\040\000K\000e\000r\000n\000e\000l\000\040\000a\000n\000d\000\040\000I\000t\000s\000\040\000A\000s\000y\000m\000p\000t\000o\000t\000i\000c\000\040\000E\000x\000p\000a\000n\000s\000i\000o\000n}{appendix.K}% 164
\BOOKMARK [1][-]{section.K.3}{\376\377\000H\000e\000a\000t\000\040\000K\000e\000r\000n\000e\000l\000s\000\040\000i\000n\000\040\000t\000h\000e\000\040\000F\000u\000n\000c\000t\000i\000o\000n\000a\000l\000\040\000R\000e\000n\000o\000r\000m\000a\000l\000i\000z\000a\000t\000i\000o\000n\000\040\000G\000r\000o\000u\000p}{appendix.K}% 165
\BOOKMARK [1][-]{section.K.4}{\376\377\000O\000p\000e\000r\000a\000t\000o\000r\000\040\000D\000e\000t\000e\000r\000m\000i\000n\000a\000n\000t\000s\000\040\000a\000n\000d\000\040\000F\000u\000n\000c\000t\000i\000o\000n\000a\000l\000\040\000M\000e\000t\000h\000o\000d\000s}{appendix.K}% 166
\BOOKMARK [0][-]{appendix.L}{\376\377\000D\000y\000n\000a\000m\000i\000c\000a\000l\000\040\000S\000y\000s\000t\000e\000m\000s\000\040\000T\000h\000e\000o\000r\000y}{part.12}% 167
\BOOKMARK [1][-]{section.L.1}{\376\377\000G\000l\000o\000b\000a\000l\000\040\000Q\000u\000a\000l\000i\000t\000a\000t\000i\000v\000e\000\040\000T\000h\000e\000o\000r\000y}{appendix.L}% 168
\BOOKMARK [1][-]{section.L.2}{\376\377\000S\000t\000a\000b\000l\000e\000\040\000a\000n\000d\000\040\000U\000n\000s\000t\000a\000b\000l\000e\000\040\000M\000a\000n\000i\000f\000o\000l\000d\000s}{appendix.L}% 169
\BOOKMARK [1][-]{section.L.3}{\376\377\000H\000e\000t\000e\000r\000o\000c\000l\000i\000n\000i\000c\000\040\000O\000r\000b\000i\000t\000s\000\040\000a\000n\000d\000\040\000R\000G\000\040\000F\000l\000o\000w\000s}{appendix.L}% 170
\BOOKMARK [1][-]{section.L.4}{\376\377\000B\000i\000f\000u\000r\000c\000a\000t\000i\000o\000n\000\040\000T\000h\000e\000o\000r\000y}{appendix.L}% 171
\BOOKMARK [-1][-]{part.13}{\376\377\000X\000I\000I\000I\000\040\000H\000i\000s\000t\000o\000r\000i\000c\000a\000l\000\040\000a\000n\000d\000\040\000C\000o\000n\000c\000e\000p\000t\000u\000a\000l\000\040\000D\000e\000v\000e\000l\000o\000p\000m\000e\000n\000t}{}% 172
\BOOKMARK [0][-]{appendix.M}{\376\377\000W\000i\000l\000s\000o\000n\000'\000s\000\040\000R\000e\000v\000o\000l\000u\000t\000i\000o\000n}{part.13}% 173
\BOOKMARK [1][-]{section.M.1}{\376\377\000T\000h\000e\000\040\000S\000t\000a\000t\000e\000\040\000o\000f\000\040\000F\000i\000e\000l\000d\000\040\000T\000h\000e\000o\000r\000y\000\040\000B\000e\000f\000o\000r\000e\000\040\000W\000i\000l\000s\000o\000n}{appendix.M}% 174
\BOOKMARK [1][-]{section.M.2}{\376\377\000K\000a\000d\000a\000n\000o\000f\000f\000'\000s\000\040\000B\000l\000o\000c\000k\000\040\000S\000p\000i\000n\000\040\000P\000i\000c\000t\000u\000r\000e}{appendix.M}% 175
\BOOKMARK [1][-]{section.M.3}{\376\377\000W\000i\000l\000s\000o\000n\000'\000s\000\040\000R\000e\000n\000o\000r\000m\000a\000l\000i\000z\000a\000t\000i\000o\000n\000\040\000G\000r\000o\000u\000p}{appendix.M}% 176
\BOOKMARK [1][-]{section.M.4}{\376\377\000T\000h\000e\000\040\000E\000f\000f\000e\000c\000t\000i\000v\000e\000\040\000F\000i\000e\000l\000d\000\040\000T\000h\000e\000o\000r\000y\000\040\000R\000e\000v\000o\000l\000u\000t\000i\000o\000n}{appendix.M}% 177
\BOOKMARK [0][-]{appendix.N}{\376\377\000T\000h\000e\000\040\000D\000e\000v\000e\000l\000o\000p\000m\000e\000n\000t\000\040\000o\000f\000\040\000t\000h\000e\000\040\000F\000u\000n\000c\000t\000i\000o\000n\000a\000l\000\040\000R\000G}{part.13}% 178
\BOOKMARK [1][-]{section.N.1}{\376\377\000P\000o\000l\000c\000h\000i\000n\000s\000k\000i\000'\000s\000\040\000E\000q\000u\000a\000t\000i\000o\000n}{appendix.N}% 179
\BOOKMARK [1][-]{section.N.2}{\376\377\000T\000h\000e\000\040\000W\000e\000t\000t\000e\000r\000i\000c\000h\000\040\000E\000q\000u\000a\000t\000i\000o\000n}{appendix.N}% 180
\BOOKMARK [1][-]{section.N.3}{\376\377\000A\000p\000p\000l\000i\000c\000a\000t\000i\000o\000n\000s\000\040\000a\000n\000d\000\040\000t\000h\000e\000\040\000R\000i\000s\000e\000\040\000o\000f\000\040\000A\000s\000y\000m\000p\000t\000o\000t\000i\000c\000\040\000S\000a\000f\000e\000t\000y}{appendix.N}% 181
\BOOKMARK [0][-]{appendix.O}{\376\377\000C\000r\000i\000t\000i\000c\000a\000l\000\040\000P\000h\000e\000n\000o\000m\000e\000n\000a\000:\000\040\000T\000h\000e\000\040\000E\000x\000p\000e\000r\000i\000m\000e\000n\000t\000a\000l\000\040\000S\000t\000o\000r\000y}{part.13}% 182
\BOOKMARK [1][-]{section.O.1}{\376\377\000E\000a\000r\000l\000y\000\040\000E\000x\000p\000e\000r\000i\000m\000e\000n\000t\000s\000\040\000o\000n\000\040\000C\000r\000i\000t\000i\000c\000a\000l\000\040\000P\000o\000i\000n\000t\000s}{appendix.O}% 183
\BOOKMARK [1][-]{section.O.2}{\376\377\000T\000h\000e\000\040\000D\000i\000s\000c\000o\000v\000e\000r\000y\000\040\000o\000f\000\040\000U\000n\000i\000v\000e\000r\000s\000a\000l\000i\000t\000y}{appendix.O}% 184
\BOOKMARK [1][-]{section.O.3}{\376\377\000M\000o\000d\000e\000r\000n\000\040\000P\000r\000e\000c\000i\000s\000i\000o\000n\000\040\000T\000e\000s\000t\000s}{appendix.O}% 185
\BOOKMARK [-1][-]{part.14}{\376\377\000X\000I\000V\000\040\000C\000o\000m\000p\000u\000t\000a\000t\000i\000o\000n\000a\000l\000\040\000M\000e\000t\000h\000o\000d\000s\000\040\000i\000n\000\040\000T\000h\000e\000o\000r\000y\000\040\000S\000p\000a\000c\000e}{}% 186
\BOOKMARK [0][-]{appendix.P}{\376\377\000A\000d\000v\000a\000n\000c\000e\000d\000\040\000N\000u\000m\000e\000r\000i\000c\000a\000l\000\040\000T\000e\000c\000h\000n\000i\000q\000u\000e\000s}{part.14}% 187
\BOOKMARK [1][-]{section.P.1}{\376\377\000P\000s\000e\000u\000d\000o\000s\000p\000e\000c\000t\000r\000a\000l\000\040\000M\000e\000t\000h\000o\000d\000s\000\040\000f\000o\000r\000\040\000F\000i\000x\000e\000d\000-\000P\000o\000i\000n\000t\000\040\000E\000q\000u\000a\000t\000i\000o\000n\000s}{appendix.P}% 188
\BOOKMARK [1][-]{section.P.2}{\376\377\000C\000o\000n\000t\000i\000n\000u\000a\000t\000i\000o\000n\000\040\000M\000e\000t\000h\000o\000d\000s\000\040\000f\000o\000r\000\040\000T\000r\000a\000c\000i\000n\000g\000\040\000F\000i\000x\000e\000d\000-\000P\000o\000i\000n\000t\000\040\000B\000r\000a\000n\000c\000h\000e\000s}{appendix.P}% 189
\BOOKMARK [1][-]{section.P.3}{\376\377\000M\000o\000n\000t\000e\000\040\000C\000a\000r\000l\000o\000\040\000M\000e\000t\000h\000o\000d\000s\000\040\000f\000o\000r\000\040\000N\000o\000n\000-\000P\000e\000r\000t\000u\000r\000b\000a\000t\000i\000v\000e\000\040\000C\000a\000l\000c\000u\000l\000a\000t\000i\000o\000n\000s}{appendix.P}% 190
\BOOKMARK [0][-]{appendix.Q}{\376\377\000V\000i\000s\000u\000a\000l\000i\000z\000a\000t\000i\000o\000n\000\040\000o\000f\000\040\000F\000l\000o\000w\000s\000\040\000i\000n\000\040\000T\000h\000e\000o\000r\000y\000\040\000S\000p\000a\000c\000e}{part.14}% 191
\BOOKMARK [1][-]{section.Q.1}{\376\377\000P\000h\000a\000s\000e\000\040\000P\000o\000r\000t\000r\000a\000i\000t\000s\000\040\000a\000n\000d\000\040\000S\000t\000r\000e\000a\000m\000l\000i\000n\000e\000s}{appendix.Q}% 192
\BOOKMARK [1][-]{section.Q.2}{\376\377\000T\000h\000e\000\040\000M\000o\000r\000s\000e\000\040\000L\000a\000n\000d\000s\000c\000a\000p\000e\000\040\000P\000i\000c\000t\000u\000r\000e}{appendix.Q}% 193
\BOOKMARK [1][-]{section.Q.3}{\376\377\000F\000i\000b\000e\000r\000\040\000B\000u\000n\000d\000l\000e\000\040\000V\000i\000s\000u\000a\000l\000i\000z\000a\000t\000i\000o\000n}{appendix.Q}% 194
\BOOKMARK [0][-]{appendix.R}{\376\377\000F\000i\000g\000u\000r\000e\000s\000:\000\040\000G\000e\000o\000m\000e\000t\000r\000y\000\040\000o\000f\000\040\000T\000h\000e\000o\000r\000y\000\040\000S\000p\000a\000c\000e}{part.14}% 195
