Script started at Tue Aug  5 18:13:11 ADT 2025
Summaries will be saved to analysis-summary.txt
Processing AI existential risk debate.txt
Temporary directory created: /mnt/c/Users/nateg/OneDrive/Documentos/GitHub/kitbash/analysis/tmp_AIexistentialriskdebate.txt_gDphuB
File split into chunks: /mnt/c/Users/nateg/OneDrive/Documentos/GitHub/kitbash/analysis/tmp_AIexistentialriskdebate.txt_gDphuB/chunk_aa
/mnt/c/Users/nateg/OneDrive/Documentos/GitHub/kitbash/analysis/tmp_AIexistentialriskdebate.txt_gDphuB/chunk_ab
/mnt/c/Users/nateg/OneDrive/Documentos/GitHub/kitbash/analysis/tmp_AIexistentialriskdebate.txt_gDphuB/chunk_ac
/mnt/c/Users/nateg/OneDrive/Documentos/GitHub/kitbash/analysis/tmp_AIexistentialriskdebate.txt_gDphuB/chunk_ad
Temporary directory /mnt/c/Users/nateg/OneDrive/Documentos/GitHub/kitbash/analysis/tmp_AIexistentialriskdebate.txt_gDphuB removed
AI existential risk debate.txt
Processing Amplitwist Cascades - FAQ.txt
Temporary directory created: /mnt/c/Users/nateg/OneDrive/Documentos/GitHub/kitbash/analysis/tmp_AmplitwistCascades-FAQ.txt_DiCW16
File split into chunks: /mnt/c/Users/nateg/OneDrive/Documentos/GitHub/kitbash/analysis/tmp_AmplitwistCascades-FAQ.txt_DiCW16/chunk_aa
/mnt/c/Users/nateg/OneDrive/Documentos/GitHub/kitbash/analysis/tmp_AmplitwistCascades-FAQ.txt_DiCW16/chunk_ab
/mnt/c/Users/nateg/OneDrive/Documentos/GitHub/kitbash/analysis/tmp_AmplitwistCascades-FAQ.txt_DiCW16/chunk_ac
Temporary directory /mnt/c/Users/nateg/OneDrive/Documentos/GitHub/kitbash/analysis/tmp_AmplitwistCascades-FAQ.txt_DiCW16 removed
Amplitwist Cascades - FAQ.txt
Processing Amplitwist Cascades - Notes.txt
Temporary directory created: /mnt/c/Users/nateg/OneDrive/Documentos/GitHub/kitbash/analysis/tmp_AmplitwistCascades-Notes.txt_f55A5e
File split into chunks: /mnt/c/Users/nateg/OneDrive/Documentos/GitHub/kitbash/analysis/tmp_AmplitwistCascades-Notes.txt_f55A5e/chunk_aa
/mnt/c/Users/nateg/OneDrive/Documentos/GitHub/kitbash/analysis/tmp_AmplitwistCascades-Notes.txt_f55A5e/chunk_ab
Temporary directory /mnt/c/Users/nateg/OneDrive/Documentos/GitHub/kitbash/analysis/tmp_AmplitwistCascades-Notes.txt_f55A5e removed
Amplitwist Cascades - Notes.txt
Processing Amplitwist Cascades.txt
Temporary directory created: /mnt/c/Users/nateg/OneDrive/Documentos/GitHub/kitbash/analysis/tmp_AmplitwistCascades.txt_2VeOFc
File split into chunks: /mnt/c/Users/nateg/OneDrive/Documentos/GitHub/kitbash/analysis/tmp_AmplitwistCascades.txt_2VeOFc/chunk_aa
/mnt/c/Users/nateg/OneDrive/Documentos/GitHub/kitbash/analysis/tmp_AmplitwistCascades.txt_2VeOFc/chunk_ab
/mnt/c/Users/nateg/OneDrive/Documentos/GitHub/kitbash/analysis/tmp_AmplitwistCascades.txt_2VeOFc/chunk_ac
Temporary directory /mnt/c/Users/nateg/OneDrive/Documentos/GitHub/kitbash/analysis/tmp_AmplitwistCascades.txt_2VeOFc removed
Amplitwist Cascades.txt
Processing Category Theory.txt
Temporary directory created: /mnt/c/Users/nateg/OneDrive/Documentos/GitHub/kitbash/analysis/tmp_CategoryTheory.txt_tESHJQ
File split into chunks: /mnt/c/Users/nateg/OneDrive/Documentos/GitHub/kitbash/analysis/tmp_CategoryTheory.txt_tESHJQ/chunk_aa
/mnt/c/Users/nateg/OneDrive/Documentos/GitHub/kitbash/analysis/tmp_CategoryTheory.txt_tESHJQ/chunk_ab
Temporary directory /mnt/c/Users/nateg/OneDrive/Documentos/GitHub/kitbash/analysis/tmp_CategoryTheory.txt_tESHJQ removed
Category Theory.txt
Processing Challenging narrative assumptions.txt
Temporary directory created: /mnt/c/Users/nateg/OneDrive/Documentos/GitHub/kitbash/analysis/tmp_Challengingnarrativeassumptions.txt_OcaLia
File split into chunks: /mnt/c/Users/nateg/OneDrive/Documentos/GitHub/kitbash/analysis/tmp_Challengingnarrativeassumptions.txt_OcaLia/chunk_aa
/mnt/c/Users/nateg/OneDrive/Documentos/GitHub/kitbash/analysis/tmp_Challengingnarrativeassumptions.txt_OcaLia/chunk_ab
Temporary directory /mnt/c/Users/nateg/OneDrive/Documentos/GitHub/kitbash/analysis/tmp_Challengingnarrativeassumptions.txt_OcaLia removed
Challenging narrative assumptions.txt
Processing Conceptual Framework Comparison.txt
Temporary directory created: /mnt/c/Users/nateg/OneDrive/Documentos/GitHub/kitbash/analysis/tmp_ConceptualFrameworkComparison.txt_yRsxLc
File split into chunks: /mnt/c/Users/nateg/OneDrive/Documentos/GitHub/kitbash/analysis/tmp_ConceptualFrameworkComparison.txt_yRsxLc/chunk_aa
/mnt/c/Users/nateg/OneDrive/Documentos/GitHub/kitbash/analysis/tmp_ConceptualFrameworkComparison.txt_yRsxLc/chunk_ab
/mnt/c/Users/nateg/OneDrive/Documentos/GitHub/kitbash/analysis/tmp_ConceptualFrameworkComparison.txt_yRsxLc/chunk_ac
/mnt/c/Users/nateg/OneDrive/Documentos/GitHub/kitbash/analysis/tmp_ConceptualFrameworkComparison.txt_yRsxLc/chunk_ad
/mnt/c/Users/nateg/OneDrive/Documentos/GitHub/kitbash/analysis/tmp_ConceptualFrameworkComparison.txt_yRsxLc/chunk_ae
/mnt/c/Users/nateg/OneDrive/Documentos/GitHub/kitbash/analysis/tmp_ConceptualFrameworkComparison.txt_yRsxLc/chunk_af
/mnt/c/Users/nateg/OneDrive/Documentos/GitHub/kitbash/analysis/tmp_ConceptualFrameworkComparison.txt_yRsxLc/chunk_ag
/mnt/c/Users/nateg/OneDrive/Documentos/GitHub/kitbash/analysis/tmp_ConceptualFrameworkComparison.txt_yRsxLc/chunk_ah
/mnt/c/Users/nateg/OneDrive/Documentos/GitHub/kitbash/analysis/tmp_ConceptualFrameworkComparison.txt_yRsxLc/chunk_ai
/mnt/c/Users/nateg/OneDrive/Documentos/GitHub/kitbash/analysis/tmp_ConceptualFrameworkComparison.txt_yRsxLc/chunk_aj
/mnt/c/Users/nateg/OneDrive/Documentos/GitHub/kitbash/analysis/tmp_ConceptualFrameworkComparison.txt_yRsxLc/chunk_ak
/mnt/c/Users/nateg/OneDrive/Documentos/GitHub/kitbash/analysis/tmp_ConceptualFrameworkComparison.txt_yRsxLc/chunk_al
/mnt/c/Users/nateg/OneDrive/Documentos/GitHub/kitbash/analysis/tmp_ConceptualFrameworkComparison.txt_yRsxLc/chunk_am
/mnt/c/Users/nateg/OneDrive/Documentos/GitHub/kitbash/analysis/tmp_ConceptualFrameworkComparison.txt_yRsxLc/chunk_an
/mnt/c/Users/nateg/OneDrive/Documentos/GitHub/kitbash/analysis/tmp_ConceptualFrameworkComparison.txt_yRsxLc/chunk_ao
/mnt/c/Users/nateg/OneDrive/Documentos/GitHub/kitbash/analysis/tmp_ConceptualFrameworkComparison.txt_yRsxLc/chunk_ap
/mnt/c/Users/nateg/OneDrive/Documentos/GitHub/kitbash/analysis/tmp_ConceptualFrameworkComparison.txt_yRsxLc/chunk_aq
/mnt/c/Users/nateg/OneDrive/Documentos/GitHub/kitbash/analysis/tmp_ConceptualFrameworkComparison.txt_yRsxLc/chunk_ar
/mnt/c/Users/nateg/OneDrive/Documentos/GitHub/kitbash/analysis/tmp_ConceptualFrameworkComparison.txt_yRsxLc/chunk_as
/mnt/c/Users/nateg/OneDrive/Documentos/GitHub/kitbash/analysis/tmp_ConceptualFrameworkComparison.txt_yRsxLc/chunk_at
/mnt/c/Users/nateg/OneDrive/Documentos/GitHub/kitbash/analysis/tmp_ConceptualFrameworkComparison.txt_yRsxLc/chunk_au
/mnt/c/Users/nateg/OneDrive/Documentos/GitHub/kitbash/analysis/tmp_ConceptualFrameworkComparison.txt_yRsxLc/chunk_av
/mnt/c/Users/nateg/OneDrive/Documentos/GitHub/kitbash/analysis/tmp_ConceptualFrameworkComparison.txt_yRsxLc/chunk_aw
/mnt/c/Users/nateg/OneDrive/Documentos/GitHub/kitbash/analysis/tmp_ConceptualFrameworkComparison.txt_yRsxLc/chunk_ax
/mnt/c/Users/nateg/OneDrive/Documentos/GitHub/kitbash/analysis/tmp_ConceptualFrameworkComparison.txt_yRsxLc/chunk_ay
/mnt/c/Users/nateg/OneDrive/Documentos/GitHub/kitbash/analysis/tmp_ConceptualFrameworkComparison.txt_yRsxLc/chunk_az
/mnt/c/Users/nateg/OneDrive/Documentos/GitHub/kitbash/analysis/tmp_ConceptualFrameworkComparison.txt_yRsxLc/chunk_ba
Temporary directory /mnt/c/Users/nateg/OneDrive/Documentos/GitHub/kitbash/analysis/tmp_ConceptualFrameworkComparison.txt_yRsxLc removed
Conceptual Framework Comparison.txt
Processing Consciousness and common sense.txt
Temporary directory created: /mnt/c/Users/nateg/OneDrive/Documentos/GitHub/kitbash/analysis/tmp_Consciousnessandcommonsense.txt_pHkLEc
File split into chunks: /mnt/c/Users/nateg/OneDrive/Documentos/GitHub/kitbash/analysis/tmp_Consciousnessandcommonsense.txt_pHkLEc/chunk_aa
/mnt/c/Users/nateg/OneDrive/Documentos/GitHub/kitbash/analysis/tmp_Consciousnessandcommonsense.txt_pHkLEc/chunk_ab
Temporary directory /mnt/c/Users/nateg/OneDrive/Documentos/GitHub/kitbash/analysis/tmp_Consciousnessandcommonsense.txt_pHkLEc removed
Consciousness and common sense.txt
Processing El Meta-Marco Flyxion_ Unificando Física, Cognición e IA a través de RSVP_2025_08_05.txt
Temporary directory created: /mnt/c/Users/nateg/OneDrive/Documentos/GitHub/kitbash/analysis/tmp_ElMeta-MarcoFlyxion_UnificandoFísica,CognicióneIAatravésdeRSVP_2025_08_05.txt_yz5D5J
File split into chunks: /mnt/c/Users/nateg/OneDrive/Documentos/GitHub/kitbash/analysis/tmp_ElMeta-MarcoFlyxion_UnificandoFísica,CognicióneIAatravésdeRSVP_2025_08_05.txt_yz5D5J/chunk_aa
/mnt/c/Users/nateg/OneDrive/Documentos/GitHub/kitbash/analysis/tmp_ElMeta-MarcoFlyxion_UnificandoFísica,CognicióneIAatravésdeRSVP_2025_08_05.txt_yz5D5J/chunk_ab
Temporary directory /mnt/c/Users/nateg/OneDrive/Documentos/GitHub/kitbash/analysis/tmp_ElMeta-MarcoFlyxion_UnificandoFísica,CognicióneIAatravésdeRSVP_2025_08_05.txt_yz5D5J removed
El Meta-Marco Flyxion_ Unificando Física, Cognición e IA a través de RSVP_2025_08_05.txt
Processing GEPA prompt optimization.txt
Temporary directory created: /mnt/c/Users/nateg/OneDrive/Documentos/GitHub/kitbash/analysis/tmp_GEPApromptoptimization.txt_OHAjlC
File split into chunks: /mnt/c/Users/nateg/OneDrive/Documentos/GitHub/kitbash/analysis/tmp_GEPApromptoptimization.txt_OHAjlC/chunk_aa
/mnt/c/Users/nateg/OneDrive/Documentos/GitHub/kitbash/analysis/tmp_GEPApromptoptimization.txt_OHAjlC/chunk_ab
/mnt/c/Users/nateg/OneDrive/Documentos/GitHub/kitbash/analysis/tmp_GEPApromptoptimization.txt_OHAjlC/chunk_ac
/mnt/c/Users/nateg/OneDrive/Documentos/GitHub/kitbash/analysis/tmp_GEPApromptoptimization.txt_OHAjlC/chunk_ad
/mnt/c/Users/nateg/OneDrive/Documentos/GitHub/kitbash/analysis/tmp_GEPApromptoptimization.txt_OHAjlC/chunk_ae
/mnt/c/Users/nateg/OneDrive/Documentos/GitHub/kitbash/analysis/tmp_GEPApromptoptimization.txt_OHAjlC/chunk_af
/mnt/c/Users/nateg/OneDrive/Documentos/GitHub/kitbash/analysis/tmp_GEPApromptoptimization.txt_OHAjlC/chunk_ag
/mnt/c/Users/nateg/OneDrive/Documentos/GitHub/kitbash/analysis/tmp_GEPApromptoptimization.txt_OHAjlC/chunk_ah
/mnt/c/Users/nateg/OneDrive/Documentos/GitHub/kitbash/analysis/tmp_GEPApromptoptimization.txt_OHAjlC/chunk_ai
/mnt/c/Users/nateg/OneDrive/Documentos/GitHub/kitbash/analysis/tmp_GEPApromptoptimization.txt_OHAjlC/chunk_aj
/mnt/c/Users/nateg/OneDrive/Documentos/GitHub/kitbash/analysis/tmp_GEPApromptoptimization.txt_OHAjlC/chunk_ak
/mnt/c/Users/nateg/OneDrive/Documentos/GitHub/kitbash/analysis/tmp_GEPApromptoptimization.txt_OHAjlC/chunk_al
/mnt/c/Users/nateg/OneDrive/Documentos/GitHub/kitbash/analysis/tmp_GEPApromptoptimization.txt_OHAjlC/chunk_am
/mnt/c/Users/nateg/OneDrive/Documentos/GitHub/kitbash/analysis/tmp_GEPApromptoptimization.txt_OHAjlC/chunk_an
/mnt/c/Users/nateg/OneDrive/Documentos/GitHub/kitbash/analysis/tmp_GEPApromptoptimization.txt_OHAjlC/chunk_ao
/mnt/c/Users/nateg/OneDrive/Documentos/GitHub/kitbash/analysis/tmp_GEPApromptoptimization.txt_OHAjlC/chunk_ap
/mnt/c/Users/nateg/OneDrive/Documentos/GitHub/kitbash/analysis/tmp_GEPApromptoptimization.txt_OHAjlC/chunk_aq
/mnt/c/Users/nateg/OneDrive/Documentos/GitHub/kitbash/analysis/tmp_GEPApromptoptimization.txt_OHAjlC/chunk_ar
/mnt/c/Users/nateg/OneDrive/Documentos/GitHub/kitbash/analysis/tmp_GEPApromptoptimization.txt_OHAjlC/chunk_as
/mnt/c/Users/nateg/OneDrive/Documentos/GitHub/kitbash/analysis/tmp_GEPApromptoptimization.txt_OHAjlC/chunk_at
/mnt/c/Users/nateg/OneDrive/Documentos/GitHub/kitbash/analysis/tmp_GEPApromptoptimization.txt_OHAjlC/chunk_au
/mnt/c/Users/nateg/OneDrive/Documentos/GitHub/kitbash/analysis/tmp_GEPApromptoptimization.txt_OHAjlC/chunk_av
/mnt/c/Users/nateg/OneDrive/Documentos/GitHub/kitbash/analysis/tmp_GEPApromptoptimization.txt_OHAjlC/chunk_aw
/mnt/c/Users/nateg/OneDrive/Documentos/GitHub/kitbash/analysis/tmp_GEPApromptoptimization.txt_OHAjlC/chunk_ax
/mnt/c/Users/nateg/OneDrive/Documentos/GitHub/kitbash/analysis/tmp_GEPApromptoptimization.txt_OHAjlC/chunk_ay
/mnt/c/Users/nateg/OneDrive/Documentos/GitHub/kitbash/analysis/tmp_GEPApromptoptimization.txt_OHAjlC/chunk_az
/mnt/c/Users/nateg/OneDrive/Documentos/GitHub/kitbash/analysis/tmp_GEPApromptoptimization.txt_OHAjlC/chunk_ba
/mnt/c/Users/nateg/OneDrive/Documentos/GitHub/kitbash/analysis/tmp_GEPApromptoptimization.txt_OHAjlC/chunk_bb
/mnt/c/Users/nateg/OneDrive/Documentos/GitHub/kitbash/analysis/tmp_GEPApromptoptimization.txt_OHAjlC/chunk_bc
/mnt/c/Users/nateg/OneDrive/Documentos/GitHub/kitbash/analysis/tmp_GEPApromptoptimization.txt_OHAjlC/chunk_bd
/mnt/c/Users/nateg/OneDrive/Documentos/GitHub/kitbash/analysis/tmp_GEPApromptoptimization.txt_OHAjlC/chunk_be
Temporary directory /mnt/c/Users/nateg/OneDrive/Documentos/GitHub/kitbash/analysis/tmp_GEPApromptoptimization.txt_OHAjlC removed
GEPA prompt optimization.txt
Processing Genspark - Compilation and Analysis of Multiple Private Files.txt
Temporary directory created: /mnt/c/Users/nateg/OneDrive/Documentos/GitHub/kitbash/analysis/tmp_Genspark-CompilationandAnalysisofMultiplePrivateFiles.txt_Q0ynAE
File split into chunks: /mnt/c/Users/nateg/OneDrive/Documentos/GitHub/kitbash/analysis/tmp_Genspark-CompilationandAnalysisofMultiplePrivateFiles.txt_Q0ynAE/chunk_aa
/mnt/c/Users/nateg/OneDrive/Documentos/GitHub/kitbash/analysis/tmp_Genspark-CompilationandAnalysisofMultiplePrivateFiles.txt_Q0ynAE/chunk_ab
/mnt/c/Users/nateg/OneDrive/Documentos/GitHub/kitbash/analysis/tmp_Genspark-CompilationandAnalysisofMultiplePrivateFiles.txt_Q0ynAE/chunk_ac
Temporary directory /mnt/c/Users/nateg/OneDrive/Documentos/GitHub/kitbash/analysis/tmp_Genspark-CompilationandAnalysisofMultiplePrivateFiles.txt_Q0ynAE removed
Genspark - Compilation and Analysis of Multiple Private Files.txt
Script started at Thu Aug  7 03:10:24 ADT 2025
Summaries will be saved to analysis-summary.txt
Processing HYDRA architecture formalism.txt
Temporary directory created: /mnt/c/Users/nateg/OneDrive/Documentos/GitHub/kitbash/analysis/tmp_HYDRAarchitectureformalism.txt_p4eEKR
File split into chunks: /mnt/c/Users/nateg/OneDrive/Documentos/GitHub/kitbash/analysis/tmp_HYDRAarchitectureformalism.txt_p4eEKR/chunk_aa
/mnt/c/Users/nateg/OneDrive/Documentos/GitHub/kitbash/analysis/tmp_HYDRAarchitectureformalism.txt_p4eEKR/chunk_ab
/mnt/c/Users/nateg/OneDrive/Documentos/GitHub/kitbash/analysis/tmp_HYDRAarchitectureformalism.txt_p4eEKR/chunk_ac
/mnt/c/Users/nateg/OneDrive/Documentos/GitHub/kitbash/analysis/tmp_HYDRAarchitectureformalism.txt_p4eEKR/chunk_ad
/mnt/c/Users/nateg/OneDrive/Documentos/GitHub/kitbash/analysis/tmp_HYDRAarchitectureformalism.txt_p4eEKR/chunk_ae
/mnt/c/Users/nateg/OneDrive/Documentos/GitHub/kitbash/analysis/tmp_HYDRAarchitectureformalism.txt_p4eEKR/chunk_af
/mnt/c/Users/nateg/OneDrive/Documentos/GitHub/kitbash/analysis/tmp_HYDRAarchitectureformalism.txt_p4eEKR/chunk_ag
/mnt/c/Users/nateg/OneDrive/Documentos/GitHub/kitbash/analysis/tmp_HYDRAarchitectureformalism.txt_p4eEKR/chunk_ah
/mnt/c/Users/nateg/OneDrive/Documentos/GitHub/kitbash/analysis/tmp_HYDRAarchitectureformalism.txt_p4eEKR/chunk_ai
/mnt/c/Users/nateg/OneDrive/Documentos/GitHub/kitbash/analysis/tmp_HYDRAarchitectureformalism.txt_p4eEKR/chunk_aj
/mnt/c/Users/nateg/OneDrive/Documentos/GitHub/kitbash/analysis/tmp_HYDRAarchitectureformalism.txt_p4eEKR/chunk_ak
/mnt/c/Users/nateg/OneDrive/Documentos/GitHub/kitbash/analysis/tmp_HYDRAarchitectureformalism.txt_p4eEKR/chunk_al
/mnt/c/Users/nateg/OneDrive/Documentos/GitHub/kitbash/analysis/tmp_HYDRAarchitectureformalism.txt_p4eEKR/chunk_am
/mnt/c/Users/nateg/OneDrive/Documentos/GitHub/kitbash/analysis/tmp_HYDRAarchitectureformalism.txt_p4eEKR/chunk_an
/mnt/c/Users/nateg/OneDrive/Documentos/GitHub/kitbash/analysis/tmp_HYDRAarchitectureformalism.txt_p4eEKR/chunk_ao
/mnt/c/Users/nateg/OneDrive/Documentos/GitHub/kitbash/analysis/tmp_HYDRAarchitectureformalism.txt_p4eEKR/chunk_ap
/mnt/c/Users/nateg/OneDrive/Documentos/GitHub/kitbash/analysis/tmp_HYDRAarchitectureformalism.txt_p4eEKR/chunk_aq
/mnt/c/Users/nateg/OneDrive/Documentos/GitHub/kitbash/analysis/tmp_HYDRAarchitectureformalism.txt_p4eEKR/chunk_ar
/mnt/c/Users/nateg/OneDrive/Documentos/GitHub/kitbash/analysis/tmp_HYDRAarchitectureformalism.txt_p4eEKR/chunk_as
/mnt/c/Users/nateg/OneDrive/Documentos/GitHub/kitbash/analysis/tmp_HYDRAarchitectureformalism.txt_p4eEKR/chunk_at
/mnt/c/Users/nateg/OneDrive/Documentos/GitHub/kitbash/analysis/tmp_HYDRAarchitectureformalism.txt_p4eEKR/chunk_au
/mnt/c/Users/nateg/OneDrive/Documentos/GitHub/kitbash/analysis/tmp_HYDRAarchitectureformalism.txt_p4eEKR/chunk_av
/mnt/c/Users/nateg/OneDrive/Documentos/GitHub/kitbash/analysis/tmp_HYDRAarchitectureformalism.txt_p4eEKR/chunk_aw
Temporary directory /mnt/c/Users/nateg/OneDrive/Documentos/GitHub/kitbash/analysis/tmp_HYDRAarchitectureformalism.txt_p4eEKR removed
HYDRA architecture formalism.txt
Processing Interface Dignity.txt
Temporary directory created: /mnt/c/Users/nateg/OneDrive/Documentos/GitHub/kitbash/analysis/tmp_InterfaceDignity.txt_O5QEXM
File split into chunks: /mnt/c/Users/nateg/OneDrive/Documentos/GitHub/kitbash/analysis/tmp_InterfaceDignity.txt_O5QEXM/chunk_aa
/mnt/c/Users/nateg/OneDrive/Documentos/GitHub/kitbash/analysis/tmp_InterfaceDignity.txt_O5QEXM/chunk_ab
/mnt/c/Users/nateg/OneDrive/Documentos/GitHub/kitbash/analysis/tmp_InterfaceDignity.txt_O5QEXM/chunk_ac
/mnt/c/Users/nateg/OneDrive/Documentos/GitHub/kitbash/analysis/tmp_InterfaceDignity.txt_O5QEXM/chunk_ad
Temporary directory /mnt/c/Users/nateg/OneDrive/Documentos/GitHub/kitbash/analysis/tmp_InterfaceDignity.txt_O5QEXM removed
Interface Dignity.txt
Processing Language as infection theory.txt
Temporary directory created: /mnt/c/Users/nateg/OneDrive/Documentos/GitHub/kitbash/analysis/tmp_Languageasinfectiontheory.txt_Y2XwbZ
File split into chunks: /mnt/c/Users/nateg/OneDrive/Documentos/GitHub/kitbash/analysis/tmp_Languageasinfectiontheory.txt_Y2XwbZ/chunk_aa
/mnt/c/Users/nateg/OneDrive/Documentos/GitHub/kitbash/analysis/tmp_Languageasinfectiontheory.txt_Y2XwbZ/chunk_ab
/mnt/c/Users/nateg/OneDrive/Documentos/GitHub/kitbash/analysis/tmp_Languageasinfectiontheory.txt_Y2XwbZ/chunk_ac
/mnt/c/Users/nateg/OneDrive/Documentos/GitHub/kitbash/analysis/tmp_Languageasinfectiontheory.txt_Y2XwbZ/chunk_ad
/mnt/c/Users/nateg/OneDrive/Documentos/GitHub/kitbash/analysis/tmp_Languageasinfectiontheory.txt_Y2XwbZ/chunk_ae
/mnt/c/Users/nateg/OneDrive/Documentos/GitHub/kitbash/analysis/tmp_Languageasinfectiontheory.txt_Y2XwbZ/chunk_af
/mnt/c/Users/nateg/OneDrive/Documentos/GitHub/kitbash/analysis/tmp_Languageasinfectiontheory.txt_Y2XwbZ/chunk_ag
/mnt/c/Users/nateg/OneDrive/Documentos/GitHub/kitbash/analysis/tmp_Languageasinfectiontheory.txt_Y2XwbZ/chunk_ah
/mnt/c/Users/nateg/OneDrive/Documentos/GitHub/kitbash/analysis/tmp_Languageasinfectiontheory.txt_Y2XwbZ/chunk_ai
/mnt/c/Users/nateg/OneDrive/Documentos/GitHub/kitbash/analysis/tmp_Languageasinfectiontheory.txt_Y2XwbZ/chunk_aj
Temporary directory /mnt/c/Users/nateg/OneDrive/Documentos/GitHub/kitbash/analysis/tmp_Languageasinfectiontheory.txt_Y2XwbZ removed
Language as infection theory.txt
Processing Media Quines.txt
Temporary directory created: /mnt/c/Users/nateg/OneDrive/Documentos/GitHub/kitbash/analysis/tmp_MediaQuines.txt_Z4uV6u
File split into chunks: /mnt/c/Users/nateg/OneDrive/Documentos/GitHub/kitbash/analysis/tmp_MediaQuines.txt_Z4uV6u/chunk_aa
/mnt/c/Users/nateg/OneDrive/Documentos/GitHub/kitbash/analysis/tmp_MediaQuines.txt_Z4uV6u/chunk_ab
/mnt/c/Users/nateg/OneDrive/Documentos/GitHub/kitbash/analysis/tmp_MediaQuines.txt_Z4uV6u/chunk_ac
Temporary directory /mnt/c/Users/nateg/OneDrive/Documentos/GitHub/kitbash/analysis/tmp_MediaQuines.txt_Z4uV6u removed
Media Quines.txt
Processing Modal Logic.txt
Temporary directory created: /mnt/c/Users/nateg/OneDrive/Documentos/GitHub/kitbash/analysis/tmp_ModalLogic.txt_zhouZD
File split into chunks: /mnt/c/Users/nateg/OneDrive/Documentos/GitHub/kitbash/analysis/tmp_ModalLogic.txt_zhouZD/chunk_aa
Temporary directory /mnt/c/Users/nateg/OneDrive/Documentos/GitHub/kitbash/analysis/tmp_ModalLogic.txt_zhouZD removed
Modal Logic.txt
Processing Nested hypnotic storytelling.txt
Temporary directory created: /mnt/c/Users/nateg/OneDrive/Documentos/GitHub/kitbash/analysis/tmp_Nestedhypnoticstorytelling.txt_GIfyD3
File split into chunks: /mnt/c/Users/nateg/OneDrive/Documentos/GitHub/kitbash/analysis/tmp_Nestedhypnoticstorytelling.txt_GIfyD3/chunk_aa
/mnt/c/Users/nateg/OneDrive/Documentos/GitHub/kitbash/analysis/tmp_Nestedhypnoticstorytelling.txt_GIfyD3/chunk_ab
/mnt/c/Users/nateg/OneDrive/Documentos/GitHub/kitbash/analysis/tmp_Nestedhypnoticstorytelling.txt_GIfyD3/chunk_ac
Temporary directory /mnt/c/Users/nateg/OneDrive/Documentos/GitHub/kitbash/analysis/tmp_Nestedhypnoticstorytelling.txt_GIfyD3 removed
Nested hypnotic storytelling.txt
Script started at Thu Aug  7 21:21:33 ADT 2025
Summaries will be saved to analysis-summary.txt
Processing Nggàm divination practice.txt
Temporary directory created: /mnt/c/Users/nateg/OneDrive/Documentos/GitHub/kitbash/analysis/tmp_Nggàmdivinationpractice.txt_1FOllB
File split into chunks: /mnt/c/Users/nateg/OneDrive/Documentos/GitHub/kitbash/analysis/tmp_Nggàmdivinationpractice.txt_1FOllB/chunk_aa
/mnt/c/Users/nateg/OneDrive/Documentos/GitHub/kitbash/analysis/tmp_Nggàmdivinationpractice.txt_1FOllB/chunk_ab
/mnt/c/Users/nateg/OneDrive/Documentos/GitHub/kitbash/analysis/tmp_Nggàmdivinationpractice.txt_1FOllB/chunk_ac
/mnt/c/Users/nateg/OneDrive/Documentos/GitHub/kitbash/analysis/tmp_Nggàmdivinationpractice.txt_1FOllB/chunk_ad
/mnt/c/Users/nateg/OneDrive/Documentos/GitHub/kitbash/analysis/tmp_Nggàmdivinationpractice.txt_1FOllB/chunk_ae
/mnt/c/Users/nateg/OneDrive/Documentos/GitHub/kitbash/analysis/tmp_Nggàmdivinationpractice.txt_1FOllB/chunk_af
/mnt/c/Users/nateg/OneDrive/Documentos/GitHub/kitbash/analysis/tmp_Nggàmdivinationpractice.txt_1FOllB/chunk_ag
/mnt/c/Users/nateg/OneDrive/Documentos/GitHub/kitbash/analysis/tmp_Nggàmdivinationpractice.txt_1FOllB/chunk_ah
/mnt/c/Users/nateg/OneDrive/Documentos/GitHub/kitbash/analysis/tmp_Nggàmdivinationpractice.txt_1FOllB/chunk_ai
/mnt/c/Users/nateg/OneDrive/Documentos/GitHub/kitbash/analysis/tmp_Nggàmdivinationpractice.txt_1FOllB/chunk_aj
/mnt/c/Users/nateg/OneDrive/Documentos/GitHub/kitbash/analysis/tmp_Nggàmdivinationpractice.txt_1FOllB/chunk_ak
/mnt/c/Users/nateg/OneDrive/Documentos/GitHub/kitbash/analysis/tmp_Nggàmdivinationpractice.txt_1FOllB/chunk_al
/mnt/c/Users/nateg/OneDrive/Documentos/GitHub/kitbash/analysis/tmp_Nggàmdivinationpractice.txt_1FOllB/chunk_am
/mnt/c/Users/nateg/OneDrive/Documentos/GitHub/kitbash/analysis/tmp_Nggàmdivinationpractice.txt_1FOllB/chunk_an
/mnt/c/Users/nateg/OneDrive/Documentos/GitHub/kitbash/analysis/tmp_Nggàmdivinationpractice.txt_1FOllB/chunk_ao
/mnt/c/Users/nateg/OneDrive/Documentos/GitHub/kitbash/analysis/tmp_Nggàmdivinationpractice.txt_1FOllB/chunk_ap
/mnt/c/Users/nateg/OneDrive/Documentos/GitHub/kitbash/analysis/tmp_Nggàmdivinationpractice.txt_1FOllB/chunk_aq
/mnt/c/Users/nateg/OneDrive/Documentos/GitHub/kitbash/analysis/tmp_Nggàmdivinationpractice.txt_1FOllB/chunk_ar
/mnt/c/Users/nateg/OneDrive/Documentos/GitHub/kitbash/analysis/tmp_Nggàmdivinationpractice.txt_1FOllB/chunk_as
/mnt/c/Users/nateg/OneDrive/Documentos/GitHub/kitbash/analysis/tmp_Nggàmdivinationpractice.txt_1FOllB/chunk_at
/mnt/c/Users/nateg/OneDrive/Documentos/GitHub/kitbash/analysis/tmp_Nggàmdivinationpractice.txt_1FOllB/chunk_au
/mnt/c/Users/nateg/OneDrive/Documentos/GitHub/kitbash/analysis/tmp_Nggàmdivinationpractice.txt_1FOllB/chunk_av
/mnt/c/Users/nateg/OneDrive/Documentos/GitHub/kitbash/analysis/tmp_Nggàmdivinationpractice.txt_1FOllB/chunk_aw
/mnt/c/Users/nateg/OneDrive/Documentos/GitHub/kitbash/analysis/tmp_Nggàmdivinationpractice.txt_1FOllB/chunk_ax
/mnt/c/Users/nateg/OneDrive/Documentos/GitHub/kitbash/analysis/tmp_Nggàmdivinationpractice.txt_1FOllB/chunk_ay
/mnt/c/Users/nateg/OneDrive/Documentos/GitHub/kitbash/analysis/tmp_Nggàmdivinationpractice.txt_1FOllB/chunk_az
/mnt/c/Users/nateg/OneDrive/Documentos/GitHub/kitbash/analysis/tmp_Nggàmdivinationpractice.txt_1FOllB/chunk_ba
/mnt/c/Users/nateg/OneDrive/Documentos/GitHub/kitbash/analysis/tmp_Nggàmdivinationpractice.txt_1FOllB/chunk_bb
/mnt/c/Users/nateg/OneDrive/Documentos/GitHub/kitbash/analysis/tmp_Nggàmdivinationpractice.txt_1FOllB/chunk_bc
/mnt/c/Users/nateg/OneDrive/Documentos/GitHub/kitbash/analysis/tmp_Nggàmdivinationpractice.txt_1FOllB/chunk_bd
/mnt/c/Users/nateg/OneDrive/Documentos/GitHub/kitbash/analysis/tmp_Nggàmdivinationpractice.txt_1FOllB/chunk_be
/mnt/c/Users/nateg/OneDrive/Documentos/GitHub/kitbash/analysis/tmp_Nggàmdivinationpractice.txt_1FOllB/chunk_bf
/mnt/c/Users/nateg/OneDrive/Documentos/GitHub/kitbash/analysis/tmp_Nggàmdivinationpractice.txt_1FOllB/chunk_bg
Temporary directory /mnt/c/Users/nateg/OneDrive/Documentos/GitHub/kitbash/analysis/tmp_Nggàmdivinationpractice.txt_1FOllB removed
Nggàm divination practice.txt
Processing Non-Markovian processes overview.txt
Temporary directory created: /mnt/c/Users/nateg/OneDrive/Documentos/GitHub/kitbash/analysis/tmp_Non-Markovianprocessesoverview.txt_0pvGqo
File split into chunks: /mnt/c/Users/nateg/OneDrive/Documentos/GitHub/kitbash/analysis/tmp_Non-Markovianprocessesoverview.txt_0pvGqo/chunk_aa
/mnt/c/Users/nateg/OneDrive/Documentos/GitHub/kitbash/analysis/tmp_Non-Markovianprocessesoverview.txt_0pvGqo/chunk_ab
/mnt/c/Users/nateg/OneDrive/Documentos/GitHub/kitbash/analysis/tmp_Non-Markovianprocessesoverview.txt_0pvGqo/chunk_ac
/mnt/c/Users/nateg/OneDrive/Documentos/GitHub/kitbash/analysis/tmp_Non-Markovianprocessesoverview.txt_0pvGqo/chunk_ad
/mnt/c/Users/nateg/OneDrive/Documentos/GitHub/kitbash/analysis/tmp_Non-Markovianprocessesoverview.txt_0pvGqo/chunk_ae
/mnt/c/Users/nateg/OneDrive/Documentos/GitHub/kitbash/analysis/tmp_Non-Markovianprocessesoverview.txt_0pvGqo/chunk_af
/mnt/c/Users/nateg/OneDrive/Documentos/GitHub/kitbash/analysis/tmp_Non-Markovianprocessesoverview.txt_0pvGqo/chunk_ag
/mnt/c/Users/nateg/OneDrive/Documentos/GitHub/kitbash/analysis/tmp_Non-Markovianprocessesoverview.txt_0pvGqo/chunk_ah
/mnt/c/Users/nateg/OneDrive/Documentos/GitHub/kitbash/analysis/tmp_Non-Markovianprocessesoverview.txt_0pvGqo/chunk_ai
/mnt/c/Users/nateg/OneDrive/Documentos/GitHub/kitbash/analysis/tmp_Non-Markovianprocessesoverview.txt_0pvGqo/chunk_aj
/mnt/c/Users/nateg/OneDrive/Documentos/GitHub/kitbash/analysis/tmp_Non-Markovianprocessesoverview.txt_0pvGqo/chunk_ak
/mnt/c/Users/nateg/OneDrive/Documentos/GitHub/kitbash/analysis/tmp_Non-Markovianprocessesoverview.txt_0pvGqo/chunk_al
/mnt/c/Users/nateg/OneDrive/Documentos/GitHub/kitbash/analysis/tmp_Non-Markovianprocessesoverview.txt_0pvGqo/chunk_am
/mnt/c/Users/nateg/OneDrive/Documentos/GitHub/kitbash/analysis/tmp_Non-Markovianprocessesoverview.txt_0pvGqo/chunk_an
/mnt/c/Users/nateg/OneDrive/Documentos/GitHub/kitbash/analysis/tmp_Non-Markovianprocessesoverview.txt_0pvGqo/chunk_ao
/mnt/c/Users/nateg/OneDrive/Documentos/GitHub/kitbash/analysis/tmp_Non-Markovianprocessesoverview.txt_0pvGqo/chunk_ap
Temporary directory /mnt/c/Users/nateg/OneDrive/Documentos/GitHub/kitbash/analysis/tmp_Non-Markovianprocessesoverview.txt_0pvGqo removed
Non-Markovian processes overview.txt
Processing Ohm_s Law Triangle.txt
Temporary directory created: /mnt/c/Users/nateg/OneDrive/Documentos/GitHub/kitbash/analysis/tmp_Ohm_sLawTriangle.txt_n3fJw7
File split into chunks: /mnt/c/Users/nateg/OneDrive/Documentos/GitHub/kitbash/analysis/tmp_Ohm_sLawTriangle.txt_n3fJw7/chunk_aa
/mnt/c/Users/nateg/OneDrive/Documentos/GitHub/kitbash/analysis/tmp_Ohm_sLawTriangle.txt_n3fJw7/chunk_ab
/mnt/c/Users/nateg/OneDrive/Documentos/GitHub/kitbash/analysis/tmp_Ohm_sLawTriangle.txt_n3fJw7/chunk_ac
/mnt/c/Users/nateg/OneDrive/Documentos/GitHub/kitbash/analysis/tmp_Ohm_sLawTriangle.txt_n3fJw7/chunk_ad
/mnt/c/Users/nateg/OneDrive/Documentos/GitHub/kitbash/analysis/tmp_Ohm_sLawTriangle.txt_n3fJw7/chunk_ae
/mnt/c/Users/nateg/OneDrive/Documentos/GitHub/kitbash/analysis/tmp_Ohm_sLawTriangle.txt_n3fJw7/chunk_af
/mnt/c/Users/nateg/OneDrive/Documentos/GitHub/kitbash/analysis/tmp_Ohm_sLawTriangle.txt_n3fJw7/chunk_ag
/mnt/c/Users/nateg/OneDrive/Documentos/GitHub/kitbash/analysis/tmp_Ohm_sLawTriangle.txt_n3fJw7/chunk_ah
/mnt/c/Users/nateg/OneDrive/Documentos/GitHub/kitbash/analysis/tmp_Ohm_sLawTriangle.txt_n3fJw7/chunk_ai
/mnt/c/Users/nateg/OneDrive/Documentos/GitHub/kitbash/analysis/tmp_Ohm_sLawTriangle.txt_n3fJw7/chunk_aj
/mnt/c/Users/nateg/OneDrive/Documentos/GitHub/kitbash/analysis/tmp_Ohm_sLawTriangle.txt_n3fJw7/chunk_ak
/mnt/c/Users/nateg/OneDrive/Documentos/GitHub/kitbash/analysis/tmp_Ohm_sLawTriangle.txt_n3fJw7/chunk_al
/mnt/c/Users/nateg/OneDrive/Documentos/GitHub/kitbash/analysis/tmp_Ohm_sLawTriangle.txt_n3fJw7/chunk_am
/mnt/c/Users/nateg/OneDrive/Documentos/GitHub/kitbash/analysis/tmp_Ohm_sLawTriangle.txt_n3fJw7/chunk_an
/mnt/c/Users/nateg/OneDrive/Documentos/GitHub/kitbash/analysis/tmp_Ohm_sLawTriangle.txt_n3fJw7/chunk_ao
/mnt/c/Users/nateg/OneDrive/Documentos/GitHub/kitbash/analysis/tmp_Ohm_sLawTriangle.txt_n3fJw7/chunk_ap
/mnt/c/Users/nateg/OneDrive/Documentos/GitHub/kitbash/analysis/tmp_Ohm_sLawTriangle.txt_n3fJw7/chunk_aq
/mnt/c/Users/nateg/OneDrive/Documentos/GitHub/kitbash/analysis/tmp_Ohm_sLawTriangle.txt_n3fJw7/chunk_ar
/mnt/c/Users/nateg/OneDrive/Documentos/GitHub/kitbash/analysis/tmp_Ohm_sLawTriangle.txt_n3fJw7/chunk_as
/mnt/c/Users/nateg/OneDrive/Documentos/GitHub/kitbash/analysis/tmp_Ohm_sLawTriangle.txt_n3fJw7/chunk_at
/mnt/c/Users/nateg/OneDrive/Documentos/GitHub/kitbash/analysis/tmp_Ohm_sLawTriangle.txt_n3fJw7/chunk_au
/mnt/c/Users/nateg/OneDrive/Documentos/GitHub/kitbash/analysis/tmp_Ohm_sLawTriangle.txt_n3fJw7/chunk_av
/mnt/c/Users/nateg/OneDrive/Documentos/GitHub/kitbash/analysis/tmp_Ohm_sLawTriangle.txt_n3fJw7/chunk_aw
/mnt/c/Users/nateg/OneDrive/Documentos/GitHub/kitbash/analysis/tmp_Ohm_sLawTriangle.txt_n3fJw7/chunk_ax
/mnt/c/Users/nateg/OneDrive/Documentos/GitHub/kitbash/analysis/tmp_Ohm_sLawTriangle.txt_n3fJw7/chunk_ay
/mnt/c/Users/nateg/OneDrive/Documentos/GitHub/kitbash/analysis/tmp_Ohm_sLawTriangle.txt_n3fJw7/chunk_az
/mnt/c/Users/nateg/OneDrive/Documentos/GitHub/kitbash/analysis/tmp_Ohm_sLawTriangle.txt_n3fJw7/chunk_ba
/mnt/c/Users/nateg/OneDrive/Documentos/GitHub/kitbash/analysis/tmp_Ohm_sLawTriangle.txt_n3fJw7/chunk_bb
/mnt/c/Users/nateg/OneDrive/Documentos/GitHub/kitbash/analysis/tmp_Ohm_sLawTriangle.txt_n3fJw7/chunk_bc
/mnt/c/Users/nateg/OneDrive/Documentos/GitHub/kitbash/analysis/tmp_Ohm_sLawTriangle.txt_n3fJw7/chunk_bd
/mnt/c/Users/nateg/OneDrive/Documentos/GitHub/kitbash/analysis/tmp_Ohm_sLawTriangle.txt_n3fJw7/chunk_be
/mnt/c/Users/nateg/OneDrive/Documentos/GitHub/kitbash/analysis/tmp_Ohm_sLawTriangle.txt_n3fJw7/chunk_bf
/mnt/c/Users/nateg/OneDrive/Documentos/GitHub/kitbash/analysis/tmp_Ohm_sLawTriangle.txt_n3fJw7/chunk_bg
/mnt/c/Users/nateg/OneDrive/Documentos/GitHub/kitbash/analysis/tmp_Ohm_sLawTriangle.txt_n3fJw7/chunk_bh
/mnt/c/Users/nateg/OneDrive/Documentos/GitHub/kitbash/analysis/tmp_Ohm_sLawTriangle.txt_n3fJw7/chunk_bi
/mnt/c/Users/nateg/OneDrive/Documentos/GitHub/kitbash/analysis/tmp_Ohm_sLawTriangle.txt_n3fJw7/chunk_bj
/mnt/c/Users/nateg/OneDrive/Documentos/GitHub/kitbash/analysis/tmp_Ohm_sLawTriangle.txt_n3fJw7/chunk_bk
/mnt/c/Users/nateg/OneDrive/Documentos/GitHub/kitbash/analysis/tmp_Ohm_sLawTriangle.txt_n3fJw7/chunk_bl
/mnt/c/Users/nateg/OneDrive/Documentos/GitHub/kitbash/analysis/tmp_Ohm_sLawTriangle.txt_n3fJw7/chunk_bm
/mnt/c/Users/nateg/OneDrive/Documentos/GitHub/kitbash/analysis/tmp_Ohm_sLawTriangle.txt_n3fJw7/chunk_bn
/mnt/c/Users/nateg/OneDrive/Documentos/GitHub/kitbash/analysis/tmp_Ohm_sLawTriangle.txt_n3fJw7/chunk_bo
/mnt/c/Users/nateg/OneDrive/Documentos/GitHub/kitbash/analysis/tmp_Ohm_sLawTriangle.txt_n3fJw7/chunk_bp
/mnt/c/Users/nateg/OneDrive/Documentos/GitHub/kitbash/analysis/tmp_Ohm_sLawTriangle.txt_n3fJw7/chunk_bq
/mnt/c/Users/nateg/OneDrive/Documentos/GitHub/kitbash/analysis/tmp_Ohm_sLawTriangle.txt_n3fJw7/chunk_br
/mnt/c/Users/nateg/OneDrive/Documentos/GitHub/kitbash/analysis/tmp_Ohm_sLawTriangle.txt_n3fJw7/chunk_bs
/mnt/c/Users/nateg/OneDrive/Documentos/GitHub/kitbash/analysis/tmp_Ohm_sLawTriangle.txt_n3fJw7/chunk_bt
/mnt/c/Users/nateg/OneDrive/Documentos/GitHub/kitbash/analysis/tmp_Ohm_sLawTriangle.txt_n3fJw7/chunk_bu
/mnt/c/Users/nateg/OneDrive/Documentos/GitHub/kitbash/analysis/tmp_Ohm_sLawTriangle.txt_n3fJw7/chunk_bv
/mnt/c/Users/nateg/OneDrive/Documentos/GitHub/kitbash/analysis/tmp_Ohm_sLawTriangle.txt_n3fJw7/chunk_bw
