This is XeTeX, Version 3.141592653-2.6-0.999997 (TeX Live 2025) (preloaded format=xelatex 2025.9.22)  1 OCT 2025 19:38
entering extended mode
 restricted \write18 enabled.
 %&-line parsing enabled.
**essay.tex
(./essay.tex
LaTeX2e <2025-06-01> patch level 1
L3 programming layer <2025-09-02>
(/usr/local/texlive/2025/texmf-dist/tex/latex/base/article.cls
Document Class: article 2025/01/22 v1.4n Standard LaTeX document class
(/usr/local/texlive/2025/texmf-dist/tex/latex/base/size10.clo
File: size10.clo 2025/01/22 v1.4n Standard LaTeX file (size option)
)
\c@part=\count271
\c@section=\count272
\c@subsection=\count273
\c@subsubsection=\count274
\c@paragraph=\count275
\c@subparagraph=\count276
\c@figure=\count277
\c@table=\count278
\abovecaptionskip=\skip49
\belowcaptionskip=\skip50
\bibindent=\dimen148
)
(/usr/local/texlive/2025/texmf-dist/tex/latex/base/inputenc.sty
Package: inputenc 2024/02/08 v1.3d Input encoding file
\inpenc@prehook=\toks17
\inpenc@posthook=\toks18


Package inputenc Warning: inputenc package ignored with utf8 based engines.

) (/usr/local/texlive/2025/texmf-dist/tex/latex/amsmath/amsmath.sty
Package: amsmath 2025/06/16 v2.17y AMS math features
\@mathmargin=\skip51

For additional information on amsmath, use the `?' option.
(/usr/local/texlive/2025/texmf-dist/tex/latex/amsmath/amstext.sty
Package: amstext 2024/11/17 v2.01 AMS text

(/usr/local/texlive/2025/texmf-dist/tex/latex/amsmath/amsgen.sty
File: amsgen.sty 1999/11/30 v2.0 generic functions
\@emptytoks=\toks19
\ex@=\dimen149
))
(/usr/local/texlive/2025/texmf-dist/tex/latex/amsmath/amsbsy.sty
Package: amsbsy 1999/11/29 v1.2d Bold Symbols
\pmbraise@=\dimen150
)
(/usr/local/texlive/2025/texmf-dist/tex/latex/amsmath/amsopn.sty
Package: amsopn 2022/04/08 v2.04 operator names
)
\inf@bad=\count279
LaTeX Info: Redefining \frac on input line 233.
\uproot@=\count280
\leftroot@=\count281
LaTeX Info: Redefining \overline on input line 398.
LaTeX Info: Redefining \colon on input line 409.
\classnum@=\count282
\DOTSCASE@=\count283
LaTeX Info: Redefining \ldots on input line 495.
LaTeX Info: Redefining \dots on input line 498.
LaTeX Info: Redefining \cdots on input line 619.
\Mathstrutbox@=\box53
\strutbox@=\box54
LaTeX Info: Redefining \big on input line 721.
LaTeX Info: Redefining \Big on input line 722.
LaTeX Info: Redefining \bigg on input line 723.
LaTeX Info: Redefining \Bigg on input line 724.
\big@size=\dimen151
LaTeX Font Info:    Redeclaring font encoding OML on input line 742.
LaTeX Font Info:    Redeclaring font encoding OMS on input line 743.
\macc@depth=\count284
LaTeX Info: Redefining \bmod on input line 904.
LaTeX Info: Redefining \pmod on input line 909.
LaTeX Info: Redefining \smash on input line 939.
LaTeX Info: Redefining \relbar on input line 969.
LaTeX Info: Redefining \Relbar on input line 970.
\c@MaxMatrixCols=\count285
\dotsspace@=\muskip17
\c@parentequation=\count286
\dspbrk@lvl=\count287
\tag@help=\toks20
\row@=\count288
\column@=\count289
\maxfields@=\count290
\andhelp@=\toks21
\eqnshift@=\dimen152
\alignsep@=\dimen153
\tagshift@=\dimen154
\tagwidth@=\dimen155
\totwidth@=\dimen156
\lineht@=\dimen157
\@envbody=\toks22
\multlinegap=\skip52
\multlinetaggap=\skip53
\mathdisplay@stack=\toks23
LaTeX Info: Redefining \[ on input line 2949.
LaTeX Info: Redefining \] on input line 2950.
)
(/usr/local/texlive/2025/texmf-dist/tex/latex/amsfonts/amssymb.sty
Package: amssymb 2013/01/14 v3.01 AMS font symbols

(/usr/local/texlive/2025/texmf-dist/tex/latex/amsfonts/amsfonts.sty
Package: amsfonts 2013/01/14 v3.01 Basic AMSFonts support
\symAMSa=\mathgroup4
\symAMSb=\mathgroup5
LaTeX Font Info:    Redeclaring math symbol \hbar on input line 98.
LaTeX Font Info:    Overwriting math alphabet `\mathfrak' in version `bold'
(Font)                  U/euf/m/n --> U/euf/b/n on input line 106.
))
(/usr/local/texlive/2025/texmf-dist/tex/latex/amscls/amsthm.sty
Package: amsthm 2020/05/29 v2.20.6
\thm@style=\toks24
\thm@bodyfont=\toks25
\thm@headfont=\toks26
\thm@notefont=\toks27
\thm@headpunct=\toks28
\thm@preskip=\skip54
\thm@postskip=\skip55
\thm@headsep=\skip56
\dth@everypar=\toks29
)
(/usr/local/texlive/2025/texmf-dist/tex/latex/natbib/natbib.sty
Package: natbib 2010/09/13 8.31b (PWD, AO)
\bibhang=\skip57
\bibsep=\skip58
LaTeX Info: Redefining \cite on input line 694.
\c@NAT@ctr=\count291
)
(/usr/local/texlive/2025/texmf-dist/tex/latex/base/textcomp.sty
Package: textcomp 2024/04/24 v2.1b Standard LaTeX package
)
(/usr/local/texlive/2025/texmf-dist/tex/latex/geometry/geometry.sty
Package: geometry 2020/01/02 v5.9 Page Geometry

(/usr/local/texlive/2025/texmf-dist/tex/latex/graphics/keyval.sty
Package: keyval 2022/05/29 v1.15 key=value parser (DPC)
\KV@toks@=\toks30
)
(/usr/local/texlive/2025/texmf-dist/tex/generic/iftex/ifvtex.sty
Package: ifvtex 2019/10/25 v1.7 ifvtex legacy package. Use iftex instead.

(/usr/local/texlive/2025/texmf-dist/tex/generic/iftex/iftex.sty
Package: iftex 2024/12/12 v1.0g TeX engine tests
))
\Gm@cnth=\count292
\Gm@cntv=\count293
\c@Gm@tempcnt=\count294
\Gm@bindingoffset=\dimen158
\Gm@wd@mp=\dimen159
\Gm@odd@mp=\dimen160
\Gm@even@mp=\dimen161
\Gm@layoutwidth=\dimen162
\Gm@layoutheight=\dimen163
\Gm@layouthoffset=\dimen164
\Gm@layoutvoffset=\dimen165
\Gm@dimlist=\toks31
)
(/usr/local/texlive/2025/texmf-dist/tex/latex/hyperref/hyperref.sty
Package: hyperref 2025-07-12 v7.01o Hypertext links for LaTeX

(/usr/local/texlive/2025/texmf-dist/tex/latex/kvsetkeys/kvsetkeys.sty
Package: kvsetkeys 2022-10-05 v1.19 Key value parser (HO)
)
(/usr/local/texlive/2025/texmf-dist/tex/generic/kvdefinekeys/kvdefinekeys.sty
Package: kvdefinekeys 2019-12-19 v1.6 Define keys (HO)
)
(/usr/local/texlive/2025/texmf-dist/tex/generic/pdfescape/pdfescape.sty
Package: pdfescape 2019/12/09 v1.15 Implements pdfTeX's escape features (HO)

(/usr/local/texlive/2025/texmf-dist/tex/generic/ltxcmds/ltxcmds.sty
Package: ltxcmds 2023-12-04 v1.26 LaTeX kernel commands for general use (HO)
)
(/usr/local/texlive/2025/texmf-dist/tex/generic/pdftexcmds/pdftexcmds.sty
Package: pdftexcmds 2020-06-27 v0.33 Utility functions of pdfTeX for LuaTeX (HO
)

(/usr/local/texlive/2025/texmf-dist/tex/generic/infwarerr/infwarerr.sty
Package: infwarerr 2019/12/03 v1.5 Providing info/warning/error messages (HO)
)
Package pdftexcmds Info: \pdf@primitive is available.
Package pdftexcmds Info: \pdf@ifprimitive is available.
Package pdftexcmds Info: \pdfdraftmode not found.
))
(/usr/local/texlive/2025/texmf-dist/tex/latex/hycolor/hycolor.sty
Package: hycolor 2020-01-27 v1.10 Color options for hyperref/bookmark (HO)
)
(/usr/local/texlive/2025/texmf-dist/tex/latex/hyperref/nameref.sty
Package: nameref 2025-06-21 v2.57 Cross-referencing by name of section

(/usr/local/texlive/2025/texmf-dist/tex/latex/refcount/refcount.sty
Package: refcount 2019/12/15 v3.6 Data extraction from label references (HO)
)
(/usr/local/texlive/2025/texmf-dist/tex/generic/gettitlestring/gettitlestring.s
ty
Package: gettitlestring 2019/12/15 v1.6 Cleanup title references (HO)
 (/usr/local/texlive/2025/texmf-dist/tex/latex/kvoptions/kvoptions.sty
Package: kvoptions 2022-06-15 v3.15 Key value format for package options (HO)
))
\c@section@level=\count295
)
(/usr/local/texlive/2025/texmf-dist/tex/latex/etoolbox/etoolbox.sty
Package: etoolbox 2025/02/11 v2.5l e-TeX tools for LaTeX (JAW)
\etb@tempcnta=\count296
)
(/usr/local/texlive/2025/texmf-dist/tex/generic/stringenc/stringenc.sty
Package: stringenc 2019/11/29 v1.12 Convert strings between diff. encodings (HO
)
)
\@linkdim=\dimen166
\Hy@linkcounter=\count297
\Hy@pagecounter=\count298

(/usr/local/texlive/2025/texmf-dist/tex/latex/hyperref/pd1enc.def
File: pd1enc.def 2025-07-12 v7.01o Hyperref: PDFDocEncoding definition (HO)
)
(/usr/local/texlive/2025/texmf-dist/tex/generic/intcalc/intcalc.sty
Package: intcalc 2019/12/15 v1.3 Expandable calculations with integers (HO)
)
\Hy@SavedSpaceFactor=\count299

(/usr/local/texlive/2025/texmf-dist/tex/latex/hyperref/puenc.def
File: puenc.def 2025-07-12 v7.01o Hyperref: PDF Unicode definition (HO)
)
Package hyperref Info: Hyper figures OFF on input line 4195.
Package hyperref Info: Link nesting OFF on input line 4200.
Package hyperref Info: Hyper index ON on input line 4203.
Package hyperref Info: Plain pages OFF on input line 4210.
Package hyperref Info: Backreferencing OFF on input line 4215.
Package hyperref Info: Implicit mode ON; LaTeX internals redefined.
Package hyperref Info: Bookmarks ON on input line 4462.
\c@Hy@tempcnt=\count300

(/usr/local/texlive/2025/texmf-dist/tex/latex/url/url.sty
\Urlmuskip=\muskip18
Package: url 2013/09/16  ver 3.4  Verb mode for urls, etc.
)
LaTeX Info: Redefining \url on input line 4801.
\XeTeXLinkMargin=\dimen167

(/usr/local/texlive/2025/texmf-dist/tex/generic/bitset/bitset.sty
Package: bitset 2019/12/09 v1.3 Handle bit-vector datatype (HO)

(/usr/local/texlive/2025/texmf-dist/tex/generic/bigintcalc/bigintcalc.sty
Package: bigintcalc 2019/12/15 v1.5 Expandable calculations on big integers (HO
)
))
\Fld@menulength=\count301
\Field@Width=\dimen168
\Fld@charsize=\dimen169
Package hyperref Info: Hyper figures OFF on input line 6078.
Package hyperref Info: Link nesting OFF on input line 6083.
Package hyperref Info: Hyper index ON on input line 6086.
Package hyperref Info: backreferencing OFF on input line 6093.
Package hyperref Info: Link coloring OFF on input line 6098.
Package hyperref Info: Link coloring with OCG OFF on input line 6103.
Package hyperref Info: PDF/A mode OFF on input line 6108.
\Hy@abspage=\count302
\c@Item=\count303
\c@Hfootnote=\count304
)
Package hyperref Info: Driver (autodetected): hxetex.

(/usr/local/texlive/2025/texmf-dist/tex/latex/hyperref/hxetex.def
File: hxetex.def 2025-07-12 v7.01o Hyperref driver for XeTeX
\pdfm@box=\box55
\c@Hy@AnnotLevel=\count305
\HyField@AnnotCount=\count306
\Fld@listcount=\count307
\c@bookmark@seq@number=\count308

(/usr/local/texlive/2025/texmf-dist/tex/latex/rerunfilecheck/rerunfilecheck.sty
Package: rerunfilecheck 2025-06-21 v1.11 Rerun checks for auxiliary files (HO)

(/usr/local/texlive/2025/texmf-dist/tex/generic/uniquecounter/uniquecounter.sty
Package: uniquecounter 2019/12/15 v1.4 Provide unlimited unique counter (HO)
)
Package uniquecounter Info: New unique counter `rerunfilecheck' on input line 2
84.
)
\Hy@SectionHShift=\skip59
)
Package hyperref Info: Option `colorlinks' set `true' on input line 20.
 (/usr/local/texlive/2025/texmf-dist/tex/latex/float/float.sty
Package: float 2001/11/08 v1.3d Float enhancements (AL)
\c@float@type=\count309
\float@exts=\toks32
\float@box=\box56
\@float@everytoks=\toks33
\@floatcapt=\box57
)
(/usr/local/texlive/2025/texmf-dist/tex/latex/tcolorbox/tcolorbox.sty
Package: tcolorbox 2025/09/09 version 6.8.0 text color boxes

(/usr/local/texlive/2025/texmf-dist/tex/latex/pgf/frontendlayer/tikz.sty
(/usr/local/texlive/2025/texmf-dist/tex/latex/pgf/basiclayer/pgf.sty
(/usr/local/texlive/2025/texmf-dist/tex/latex/pgf/utilities/pgfrcs.sty
(/usr/local/texlive/2025/texmf-dist/tex/generic/pgf/utilities/pgfutil-common.te
x
\pgfutil@everybye=\toks34
\pgfutil@tempdima=\dimen170
\pgfutil@tempdimb=\dimen171
)
(/usr/local/texlive/2025/texmf-dist/tex/generic/pgf/utilities/pgfutil-latex.def
\pgfutil@abb=\box58
) (/usr/local/texlive/2025/texmf-dist/tex/generic/pgf/utilities/pgfrcs.code.tex
(/usr/local/texlive/2025/texmf-dist/tex/generic/pgf/pgf.revision.tex)
Package: pgfrcs 2025-08-29 v3.1.11a (3.1.11a)
))
Package: pgf 2025-08-29 v3.1.11a (3.1.11a)

(/usr/local/texlive/2025/texmf-dist/tex/latex/pgf/basiclayer/pgfcore.sty
(/usr/local/texlive/2025/texmf-dist/tex/latex/graphics/graphicx.sty
Package: graphicx 2024/12/31 v1.2e Enhanced LaTeX Graphics (DPC,SPQR)

(/usr/local/texlive/2025/texmf-dist/tex/latex/graphics/graphics.sty
Package: graphics 2024/08/06 v1.4g Standard LaTeX Graphics (DPC,SPQR)

(/usr/local/texlive/2025/texmf-dist/tex/latex/graphics/trig.sty
Package: trig 2023/12/02 v1.11 sin cos tan (DPC)
)
(/usr/local/texlive/2025/texmf-dist/tex/latex/graphics-cfg/graphics.cfg
File: graphics.cfg 2016/06/04 v1.11 sample graphics configuration
)
Package graphics Info: Driver file: xetex.def on input line 106.

(/usr/local/texlive/2025/texmf-dist/tex/latex/graphics-def/xetex.def
File: xetex.def 2022/09/22 v5.0n Graphics/color driver for xetex
))
\Gin@req@height=\dimen172
\Gin@req@width=\dimen173
)
(/usr/local/texlive/2025/texmf-dist/tex/latex/pgf/systemlayer/pgfsys.sty
(/usr/local/texlive/2025/texmf-dist/tex/generic/pgf/systemlayer/pgfsys.code.tex
Package: pgfsys 2025-08-29 v3.1.11a (3.1.11a)
(/usr/local/texlive/2025/texmf-dist/tex/generic/pgf/utilities/pgfkeys.code.tex
\pgfkeys@pathtoks=\toks35
\pgfkeys@temptoks=\toks36

(/usr/local/texlive/2025/texmf-dist/tex/generic/pgf/utilities/pgfkeyslibraryfil
tered.code.tex
\pgfkeys@tmptoks=\toks37
))
\pgf@x=\dimen174
\pgf@y=\dimen175
\pgf@xa=\dimen176
\pgf@ya=\dimen177
\pgf@xb=\dimen178
\pgf@yb=\dimen179
\pgf@xc=\dimen180
\pgf@yc=\dimen181
\pgf@xd=\dimen182
\pgf@yd=\dimen183
\w@pgf@writea=\write3
\r@pgf@reada=\read2
\c@pgf@counta=\count310
\c@pgf@countb=\count311
\c@pgf@countc=\count312
\c@pgf@countd=\count313
\t@pgf@toka=\toks38
\t@pgf@tokb=\toks39
\t@pgf@tokc=\toks40
\pgf@sys@id@count=\count314

(/usr/local/texlive/2025/texmf-dist/tex/generic/pgf/systemlayer/pgf.cfg
File: pgf.cfg 2025-08-29 v3.1.11a (3.1.11a)
)
Driver file for pgf: pgfsys-xetex.def

(/usr/local/texlive/2025/texmf-dist/tex/generic/pgf/systemlayer/pgfsys-xetex.de
f
File: pgfsys-xetex.def 2025-08-29 v3.1.11a (3.1.11a)

(/usr/local/texlive/2025/texmf-dist/tex/generic/pgf/systemlayer/pgfsys-dvipdfmx
.def
File: pgfsys-dvipdfmx.def 2025-08-29 v3.1.11a (3.1.11a)

(/usr/local/texlive/2025/texmf-dist/tex/generic/pgf/systemlayer/pgfsys-common-p
df.def
File: pgfsys-common-pdf.def 2025-08-29 v3.1.11a (3.1.11a)
)
\pgfsys@objnum=\count315
)))
(/usr/local/texlive/2025/texmf-dist/tex/generic/pgf/systemlayer/pgfsyssoftpath.
code.tex
File: pgfsyssoftpath.code.tex 2025-08-29 v3.1.11a (3.1.11a)
\pgfsyssoftpath@smallbuffer@items=\count316
\pgfsyssoftpath@bigbuffer@items=\count317
)
(/usr/local/texlive/2025/texmf-dist/tex/generic/pgf/systemlayer/pgfsysprotocol.
code.tex
File: pgfsysprotocol.code.tex 2025-08-29 v3.1.11a (3.1.11a)
)) (/usr/local/texlive/2025/texmf-dist/tex/latex/xcolor/xcolor.sty
Package: xcolor 2024/09/29 v3.02 LaTeX color extensions (UK)

(/usr/local/texlive/2025/texmf-dist/tex/latex/graphics-cfg/color.cfg
File: color.cfg 2016/01/02 v1.6 sample color configuration
)
Package xcolor Info: Driver file: xetex.def on input line 274.

(/usr/local/texlive/2025/texmf-dist/tex/latex/graphics/mathcolor.ltx)
Package xcolor Info: Model `cmy' substituted by `cmy0' on input line 1349.
Package xcolor Info: Model `RGB' extended on input line 1365.
Package xcolor Info: Model `HTML' substituted by `rgb' on input line 1367.
Package xcolor Info: Model `Hsb' substituted by `hsb' on input line 1368.
Package xcolor Info: Model `tHsb' substituted by `hsb' on input line 1369.
Package xcolor Info: Model `HSB' substituted by `hsb' on input line 1370.
Package xcolor Info: Model `Gray' substituted by `gray' on input line 1371.
Package xcolor Info: Model `wave' substituted by `hsb' on input line 1372.
)
(/usr/local/texlive/2025/texmf-dist/tex/generic/pgf/basiclayer/pgfcore.code.tex
Package: pgfcore 2025-08-29 v3.1.11a (3.1.11a)
(/usr/local/texlive/2025/texmf-dist/tex/generic/pgf/math/pgfmath.code.tex
(/usr/local/texlive/2025/texmf-dist/tex/generic/pgf/math/pgfmathutil.code.tex)
(/usr/local/texlive/2025/texmf-dist/tex/generic/pgf/math/pgfmathparser.code.tex
\pgfmath@dimen=\dimen184
\pgfmath@count=\count318
\pgfmath@box=\box59
\pgfmath@toks=\toks41
\pgfmath@stack@operand=\toks42
\pgfmath@stack@operation=\toks43
)
(/usr/local/texlive/2025/texmf-dist/tex/generic/pgf/math/pgfmathfunctions.code.
tex)
(/usr/local/texlive/2025/texmf-dist/tex/generic/pgf/math/pgfmathfunctions.basic
.code.tex)
(/usr/local/texlive/2025/texmf-dist/tex/generic/pgf/math/pgfmathfunctions.trigo
nometric.code.tex)
(/usr/local/texlive/2025/texmf-dist/tex/generic/pgf/math/pgfmathfunctions.rando
m.code.tex)
(/usr/local/texlive/2025/texmf-dist/tex/generic/pgf/math/pgfmathfunctions.compa
rison.code.tex)
(/usr/local/texlive/2025/texmf-dist/tex/generic/pgf/math/pgfmathfunctions.base.
code.tex)
(/usr/local/texlive/2025/texmf-dist/tex/generic/pgf/math/pgfmathfunctions.round
.code.tex)
(/usr/local/texlive/2025/texmf-dist/tex/generic/pgf/math/pgfmathfunctions.misc.
code.tex)
(/usr/local/texlive/2025/texmf-dist/tex/generic/pgf/math/pgfmathfunctions.integ
erarithmetics.code.tex)
(/usr/local/texlive/2025/texmf-dist/tex/generic/pgf/math/pgfmathcalc.code.tex)
(/usr/local/texlive/2025/texmf-dist/tex/generic/pgf/math/pgfmathfloat.code.tex
\c@pgfmathroundto@lastzeros=\count319
)) (/usr/local/texlive/2025/texmf-dist/tex/generic/pgf/math/pgfint.code.tex)
(/usr/local/texlive/2025/texmf-dist/tex/generic/pgf/basiclayer/pgfcorepoints.co
de.tex
File: pgfcorepoints.code.tex 2025-08-29 v3.1.11a (3.1.11a)
\pgf@picminx=\dimen185
\pgf@picmaxx=\dimen186
\pgf@picminy=\dimen187
\pgf@picmaxy=\dimen188
\pgf@pathminx=\dimen189
\pgf@pathmaxx=\dimen190
\pgf@pathminy=\dimen191
\pgf@pathmaxy=\dimen192
\pgf@xx=\dimen193
\pgf@xy=\dimen194
\pgf@yx=\dimen195
\pgf@yy=\dimen196
\pgf@zx=\dimen197
\pgf@zy=\dimen198
)
(/usr/local/texlive/2025/texmf-dist/tex/generic/pgf/basiclayer/pgfcorepathconst
ruct.code.tex
File: pgfcorepathconstruct.code.tex 2025-08-29 v3.1.11a (3.1.11a)
\pgf@path@lastx=\dimen199
\pgf@path@lasty=\dimen256
)
(/usr/local/texlive/2025/texmf-dist/tex/generic/pgf/basiclayer/pgfcorepathusage
.code.tex
File: pgfcorepathusage.code.tex 2025-08-29 v3.1.11a (3.1.11a)
\pgf@shorten@end@additional=\dimen257
\pgf@shorten@start@additional=\dimen258
)
(/usr/local/texlive/2025/texmf-dist/tex/generic/pgf/basiclayer/pgfcorescopes.co
de.tex
File: pgfcorescopes.code.tex 2025-08-29 v3.1.11a (3.1.11a)
\pgfpic=\box60
\pgf@hbox=\box61
\pgf@layerbox@main=\box62
\pgf@picture@serial@count=\count320
)
(/usr/local/texlive/2025/texmf-dist/tex/generic/pgf/basiclayer/pgfcoregraphicst
ate.code.tex
File: pgfcoregraphicstate.code.tex 2025-08-29 v3.1.11a (3.1.11a)
\pgflinewidth=\dimen259
)
(/usr/local/texlive/2025/texmf-dist/tex/generic/pgf/basiclayer/pgfcoretransform
ations.code.tex
File: pgfcoretransformations.code.tex 2025-08-29 v3.1.11a (3.1.11a)
\pgf@pt@x=\dimen260
\pgf@pt@y=\dimen261
\pgf@pt@temp=\dimen262
)
(/usr/local/texlive/2025/texmf-dist/tex/generic/pgf/basiclayer/pgfcorequick.cod
e.tex
File: pgfcorequick.code.tex 2025-08-29 v3.1.11a (3.1.11a)
)
(/usr/local/texlive/2025/texmf-dist/tex/generic/pgf/basiclayer/pgfcoreobjects.c
ode.tex
File: pgfcoreobjects.code.tex 2025-08-29 v3.1.11a (3.1.11a)
)
(/usr/local/texlive/2025/texmf-dist/tex/generic/pgf/basiclayer/pgfcorepathproce
ssing.code.tex
File: pgfcorepathprocessing.code.tex 2025-08-29 v3.1.11a (3.1.11a)
)
(/usr/local/texlive/2025/texmf-dist/tex/generic/pgf/basiclayer/pgfcorearrows.co
de.tex
File: pgfcorearrows.code.tex 2025-08-29 v3.1.11a (3.1.11a)
\pgfarrowsep=\dimen263
)
(/usr/local/texlive/2025/texmf-dist/tex/generic/pgf/basiclayer/pgfcoreshade.cod
e.tex
File: pgfcoreshade.code.tex 2025-08-29 v3.1.11a (3.1.11a)
\pgf@max=\dimen264
\pgf@sys@shading@range@num=\count321
\pgf@shadingcount=\count322
)
(/usr/local/texlive/2025/texmf-dist/tex/generic/pgf/basiclayer/pgfcoreimage.cod
e.tex
File: pgfcoreimage.code.tex 2025-08-29 v3.1.11a (3.1.11a)
)
(/usr/local/texlive/2025/texmf-dist/tex/generic/pgf/basiclayer/pgfcoreexternal.
code.tex
File: pgfcoreexternal.code.tex 2025-08-29 v3.1.11a (3.1.11a)
\pgfexternal@startupbox=\box63
)
(/usr/local/texlive/2025/texmf-dist/tex/generic/pgf/basiclayer/pgfcorelayers.co
de.tex
File: pgfcorelayers.code.tex 2025-08-29 v3.1.11a (3.1.11a)
)
(/usr/local/texlive/2025/texmf-dist/tex/generic/pgf/basiclayer/pgfcoretranspare
ncy.code.tex
File: pgfcoretransparency.code.tex 2025-08-29 v3.1.11a (3.1.11a)
)
(/usr/local/texlive/2025/texmf-dist/tex/generic/pgf/basiclayer/pgfcorepatterns.
code.tex
File: pgfcorepatterns.code.tex 2025-08-29 v3.1.11a (3.1.11a)
)
(/usr/local/texlive/2025/texmf-dist/tex/generic/pgf/basiclayer/pgfcorerdf.code.
tex
File: pgfcorerdf.code.tex 2025-08-29 v3.1.11a (3.1.11a)
)))
(/usr/local/texlive/2025/texmf-dist/tex/generic/pgf/modules/pgfmoduleshapes.cod
e.tex
File: pgfmoduleshapes.code.tex 2025-08-29 v3.1.11a (3.1.11a)
\pgfnodeparttextbox=\box64
)
(/usr/local/texlive/2025/texmf-dist/tex/generic/pgf/modules/pgfmoduleplot.code.
tex
File: pgfmoduleplot.code.tex 2025-08-29 v3.1.11a (3.1.11a)
)
(/usr/local/texlive/2025/texmf-dist/tex/latex/pgf/compatibility/pgfcomp-version
-0-65.sty
Package: pgfcomp-version-0-65 2025-08-29 v3.1.11a (3.1.11a)
\pgf@nodesepstart=\dimen265
\pgf@nodesepend=\dimen266
)
(/usr/local/texlive/2025/texmf-dist/tex/latex/pgf/compatibility/pgfcomp-version
-1-18.sty
Package: pgfcomp-version-1-18 2025-08-29 v3.1.11a (3.1.11a)
))
(/usr/local/texlive/2025/texmf-dist/tex/latex/pgf/utilities/pgffor.sty
(/usr/local/texlive/2025/texmf-dist/tex/latex/pgf/utilities/pgfkeys.sty
(/usr/local/texlive/2025/texmf-dist/tex/generic/pgf/utilities/pgfkeys.code.tex)
) (/usr/local/texlive/2025/texmf-dist/tex/latex/pgf/math/pgfmath.sty
(/usr/local/texlive/2025/texmf-dist/tex/generic/pgf/math/pgfmath.code.tex))
(/usr/local/texlive/2025/texmf-dist/tex/generic/pgf/utilities/pgffor.code.tex
Package: pgffor 2025-08-29 v3.1.11a (3.1.11a)
\pgffor@iter=\dimen267
\pgffor@skip=\dimen268
\pgffor@stack=\toks44
\pgffor@toks=\toks45
))
(/usr/local/texlive/2025/texmf-dist/tex/generic/pgf/frontendlayer/tikz/tikz.cod
e.tex
Package: tikz 2025-08-29 v3.1.11a (3.1.11a)

(/usr/local/texlive/2025/texmf-dist/tex/generic/pgf/libraries/pgflibraryplothan
dlers.code.tex
File: pgflibraryplothandlers.code.tex 2025-08-29 v3.1.11a (3.1.11a)
\pgf@plot@mark@count=\count323
\pgfplotmarksize=\dimen269
)
\tikz@lastx=\dimen270
\tikz@lasty=\dimen271
\tikz@lastxsaved=\dimen272
\tikz@lastysaved=\dimen273
\tikz@lastmovetox=\dimen274
\tikz@lastmovetoy=\dimen275
\tikzleveldistance=\dimen276
\tikzsiblingdistance=\dimen277
\tikz@figbox=\box65
\tikz@figbox@bg=\box66
\tikz@tempbox=\box67
\tikz@tempbox@bg=\box68
\tikztreelevel=\count324
\tikznumberofchildren=\count325
\tikznumberofcurrentchild=\count326
\tikz@fig@count=\count327

(/usr/local/texlive/2025/texmf-dist/tex/generic/pgf/modules/pgfmodulematrix.cod
e.tex
File: pgfmodulematrix.code.tex 2025-08-29 v3.1.11a (3.1.11a)
\pgfmatrixcurrentrow=\count328
\pgfmatrixcurrentcolumn=\count329
\pgf@matrix@numberofcolumns=\count330
)
\tikz@expandcount=\count331

(/usr/local/texlive/2025/texmf-dist/tex/generic/pgf/frontendlayer/tikz/librarie
s/tikzlibrarytopaths.code.tex
File: tikzlibrarytopaths.code.tex 2025-08-29 v3.1.11a (3.1.11a)
)))
(/usr/local/texlive/2025/texmf-dist/tex/latex/tools/verbatim.sty
Package: verbatim 2024-01-22 v1.5x LaTeX2e package for verbatim enhancements
\every@verbatim=\toks46
\verbatim@line=\toks47
\verbatim@in@stream=\read3
)
(/usr/local/texlive/2025/texmf-dist/tex/latex/environ/environ.sty
Package: environ 2014/05/04 v0.3 A new way to define environments

(/usr/local/texlive/2025/texmf-dist/tex/latex/trimspaces/trimspaces.sty
Package: trimspaces 2009/09/17 v1.1 Trim spaces around a token list
))
\tcb@titlebox=\box69
\tcb@upperbox=\box70
\tcb@lowerbox=\box71
\tcb@phantombox=\box72
\c@tcbbreakpart=\count332
\c@tcblayer=\count333
\c@tcolorbox@number=\count334
\l__tcobox_tmpa_box=\box73
\l__tcobox_tmpa_dim=\dimen278
\tcb@temp=\box74
\tcb@temp=\box75
\tcb@temp=\box76
\tcb@temp=\box77

(/usr/local/texlive/2025/texmf-dist/tex/latex/tcolorbox/tcbraster.code.tex
Library (tcolorbox): 'tcbraster.code.tex' version '6.8.0'
\c@tcbrastercolumn=\count335
\c@tcbrasterrow=\count336
\c@tcbrasternum=\count337
\c@tcbraster=\count338
) (/usr/local/texlive/2025/texmf-dist/tex/latex/tcolorbox/tcbskins.code.tex
Library (tcolorbox): 'tcbskins.code.tex' version '6.8.0'
(/usr/local/texlive/2025/texmf-dist/tex/latex/tikzfill/tikzfill.image.sty
Package: tikzfill.image 2023/08/08 v1.0.1 Image filling library for TikZ

(/usr/local/texlive/2025/texmf-dist/tex/latex/tikzfill/tikzfill-common.sty
Package: tikzfill-common 2023/08/08 v1.0.1 Auxiliary code for tikzfill
)
(/usr/local/texlive/2025/texmf-dist/tex/latex/tikzfill/tikzlibraryfill.image.co
de.tex
File: tikzlibraryfill.image.code.tex 2023/08/08 v1.0.1 Image filling library
\l__tikzfill_img_box=\box78
))
(/usr/local/texlive/2025/texmf-dist/tex/latex/tcolorbox/tcbskinsjigsaw.code.tex
Library (tcolorbox): 'tcbskinsjigsaw.code.tex' version '6.8.0'
))
(/usr/local/texlive/2025/texmf-dist/tex/latex/tcolorbox/tcbbreakable.code.tex
Library (tcolorbox): 'tcbbreakable.code.tex' version '6.8.0'
(/usr/local/texlive/2025/texmf-dist/tex/latex/pdfcol/pdfcol.sty
Package: pdfcol 2022-09-21 v1.7 Handle new color stacks for pdfTeX (HO)
Package pdfcol Info: Interface disabled because of missing PDF mode of pdfTeX.
)
Package pdfcol Info: pdfTeX's color stacks are not available.
\tcb@testbox=\box79
\tcb@totalupperbox=\box80
\tcb@totallowerbox=\box81
)
(/usr/local/texlive/2025/texmf-dist/tex/latex/tcolorbox/tcbhooks.code.tex
Library (tcolorbox): 'tcbhooks.code.tex' version '6.8.0'
) (/usr/local/texlive/2025/texmf-dist/tex/latex/tcolorbox/tcbtheorems.code.tex
Library (tcolorbox): 'tcbtheorems.code.tex' version '6.8.0'
) (/usr/local/texlive/2025/texmf-dist/tex/latex/tcolorbox/tcbfitting.code.tex
Library (tcolorbox): 'tcbfitting.code.tex' version '6.8.0'
\tcbfitdim=\dimen279
\tcb@lowerfitdim=\dimen280
\tcb@upperfitdim=\dimen281
\tcb@cur@hbadness=\count339
)
(/usr/local/texlive/2025/texmf-dist/tex/latex/tcolorbox/tcblistingsutf8.code.te
x
Library (tcolorbox): 'tcblistingsutf8.code.tex' version '6.8.0'
(/usr/local/texlive/2025/texmf-dist/tex/latex/tcolorbox/tcblistings.code.tex
Library (tcolorbox): 'tcblistings.code.tex' version '6.8.0'
(/usr/local/texlive/2025/texmf-dist/tex/latex/listings/listings.sty
\lst@mode=\count340
\lst@gtempboxa=\box82
\lst@token=\toks48
\lst@length=\count341
\lst@currlwidth=\dimen282
\lst@column=\count342
\lst@pos=\count343
\lst@lostspace=\dimen283
\lst@width=\dimen284
\lst@newlines=\count344
\lst@lineno=\count345
\lst@maxwidth=\dimen285

(/usr/local/texlive/2025/texmf-dist/tex/latex/listings/lstpatch.sty
File: lstpatch.sty 2024/09/23 1.10c (Carsten Heinz)
)
(/usr/local/texlive/2025/texmf-dist/tex/latex/listings/lstmisc.sty
File: lstmisc.sty 2024/09/23 1.10c (Carsten Heinz)
\c@lstnumber=\count346
\lst@skipnumbers=\count347
\lst@framebox=\box83
)
(/usr/local/texlive/2025/texmf-dist/tex/latex/listings/listings.cfg
File: listings.cfg 2024/09/23 1.10c listings configuration
))
Package: listings 2024/09/23 1.10c (Carsten Heinz)

(/usr/local/texlive/2025/texmf-dist/tex/latex/tcolorbox/tcblistingscore.code.te
x
Library (tcolorbox): 'tcblistingscore.code.tex' version '6.8.0'
(/usr/local/texlive/2025/texmf-dist/tex/latex/tcolorbox/tcbprocessing.code.tex
Library (tcolorbox): 'tcbprocessing.code.tex' version '6.8.0'
)
\c@tcblisting=\count348
))
Package tcolorbox Info: Library `listingsutf8' is compatible with pdftex only. 
Library `listings` is loaded instead. on input line 29.
)
(/usr/local/texlive/2025/texmf-dist/tex/latex/tcolorbox/tcbexternal.code.tex
Library (tcolorbox): 'tcbexternal.code.tex' version '6.8.0'
) (/usr/local/texlive/2025/texmf-dist/tex/latex/tcolorbox/tcbmagazine.code.tex
Library (tcolorbox): 'tcbmagazine.code.tex' version '6.8.0'
) (/usr/local/texlive/2025/texmf-dist/tex/latex/tcolorbox/tcbvignette.code.tex
Library (tcolorbox): 'tcbvignette.code.tex' version '6.8.0'

(/usr/local/texlive/2025/texmf-dist/tex/generic/pgf/frontendlayer/tikz/librarie
s/tikzlibraryfadings.code.tex
File: tikzlibraryfadings.code.tex 2025-08-29 v3.1.11a (3.1.11a)

(/usr/local/texlive/2025/texmf-dist/tex/generic/pgf/libraries/pgflibraryfadings
.code.tex
File: pgflibraryfadings.code.tex 2025-08-29 v3.1.11a (3.1.11a)
)))
(/usr/local/texlive/2025/texmf-dist/tex/latex/tcolorbox/tcbposter.code.tex
Library (tcolorbox): 'tcbposter.code.tex' version '6.8.0'
)) (/usr/local/texlive/2025/texmf-dist/tex/latex/tools/tabularx.sty
Package: tabularx 2023/12/11 v2.12a `tabularx' package (DPC)

(/usr/local/texlive/2025/texmf-dist/tex/latex/tools/array.sty
Package: array 2025/06/08 v2.6j Tabular extension package (FMi)
\col@sep=\dimen286
\ar@mcellbox=\box84
\extrarowheight=\dimen287
\NC@list=\toks49
\extratabsurround=\skip60
\backup@length=\skip61
\ar@cellbox=\box85
)
\TX@col@width=\dimen288
\TX@old@table=\dimen289
\TX@old@col=\dimen290
\TX@target=\dimen291
\TX@delta=\dimen292
\TX@cols=\count349
\TX@ftn=\toks50
)
\c@corollary=\count350
\c@proposition=\count351
\c@theorem=\count352
\c@lemma=\count353
\c@directive=\count354


! LaTeX Error: Command \ra already defined.
               Or name \end... illegal, see p.192 of the manual.

See the LaTeX manual or LaTeX Companion for explanation.
Type  H <return>  for immediate help.
 ...                                              
                                                  
l.57 \newcommand{\ra}{\Rightarrow}
                                  
? 

! LaTeX Error: Command \lra already defined.
               Or name \end... illegal, see p.192 of the manual.

See the LaTeX manual or LaTeX Companion for explanation.
Type  H <return>  for immediate help.
 ...                                              
                                                  
l.58 \newcommand{\lra}{\Leftrightarrow}
                                       
? 

! LaTeX Error: Command \lr already defined.
               Or name \end... illegal, see p.192 of the manual.

See the LaTeX manual or LaTeX Companion for explanation.
Type  H <return>  for immediate help.
 ...                                              
                                                  
l.59 \newcommand{\lr}{\leftrightarrow}
                                      
? 

! LaTeX Error: Command \neqsym already defined.
               Or name \end... illegal, see p.192 of the manual.

See the LaTeX manual or LaTeX Companion for explanation.
Type  H <return>  for immediate help.
 ...                                              
                                                  
l.60 \newcommand{\neqsym}{\neq}
                               
? 
(/usr/local/texlive/2025/texmf-dist/tex/latex/l3backend/l3backend-xetex.def
File: l3backend-xetex.def 2025-06-09 L3 backend support: XeTeX
\g__graphics_track_int=\count355
\g__pdfannot_backend_int=\count356
\g__pdfannot_backend_link_int=\count357
)
No file essay.aux.
\openout1 = `essay.aux'.

LaTeX Font Info:    Checking defaults for OML/cmm/m/it on input line 67.
LaTeX Font Info:    ... okay on input line 67.
LaTeX Font Info:    Checking defaults for OMS/cmsy/m/n on input line 67.
LaTeX Font Info:    ... okay on input line 67.
LaTeX Font Info:    Checking defaults for OT1/cmr/m/n on input line 67.
LaTeX Font Info:    ... okay on input line 67.
LaTeX Font Info:    Checking defaults for T1/cmr/m/n on input line 67.
LaTeX Font Info:    ... okay on input line 67.
LaTeX Font Info:    Checking defaults for TS1/cmr/m/n on input line 67.
LaTeX Font Info:    ... okay on input line 67.
LaTeX Font Info:    Checking defaults for TU/lmr/m/n on input line 67.
LaTeX Font Info:    ... okay on input line 67.
LaTeX Font Info:    Checking defaults for OMX/cmex/m/n on input line 67.
LaTeX Font Info:    ... okay on input line 67.
LaTeX Font Info:    Checking defaults for U/cmr/m/n on input line 67.
LaTeX Font Info:    ... okay on input line 67.
LaTeX Font Info:    Checking defaults for PD1/pdf/m/n on input line 67.
LaTeX Font Info:    ... okay on input line 67.
LaTeX Font Info:    Checking defaults for PU/pdf/m/n on input line 67.
LaTeX Font Info:    ... okay on input line 67.
*geometry* driver: auto-detecting
*geometry* detected driver: xetex
*geometry* verbose mode - [ preamble ] result:
* driver: xetex
* paper: <default>
* layout: <same size as paper>
* layoutoffset:(h,v)=(0.0pt,0.0pt)
* modes: 
* h-part:(L,W,R)=(72.26999pt, 469.75502pt, 72.26999pt)
* v-part:(T,H,B)=(72.26999pt, 650.43001pt, 72.26999pt)
* \paperwidth=614.295pt
* \paperheight=794.96999pt
* \textwidth=469.75502pt
* \textheight=650.43001pt
* \oddsidemargin=0.0pt
* \evensidemargin=0.0pt
* \topmargin=-37.0pt
* \headheight=12.0pt
* \headsep=25.0pt
* \topskip=10.0pt
* \footskip=30.0pt
* \marginparwidth=65.0pt
* \marginparsep=11.0pt
* \columnsep=10.0pt
* \skip\footins=9.0pt plus 4.0pt minus 2.0pt
* \hoffset=0.0pt
* \voffset=0.0pt
* \mag=1000
* \@twocolumnfalse
* \@twosidefalse
* \@mparswitchfalse
* \@reversemarginfalse
* (1in=72.27pt=25.4mm, 1cm=28.453pt)

Package hyperref Info: Link coloring ON on input line 67.
\@outlinefile=\write4
\openout4 = `essay.out'.


Package hyperref Warning: Rerun to get /PageLabels entry.

\c@lstlisting=\count358
LaTeX Font Info:    Trying to load font information for U+msa on input line 70.

(/usr/local/texlive/2025/texmf-dist/tex/latex/amsfonts/umsa.fd
File: umsa.fd 2013/01/14 v3.01 AMS symbols A
)
LaTeX Font Info:    Trying to load font information for U+msb on input line 70.


(/usr/local/texlive/2025/texmf-dist/tex/latex/amsfonts/umsb.fd
File: umsb.fd 2013/01/14 v3.01 AMS symbols B
)

[1

]

[2]

Package hyperref Warning: Token not allowed in a PDF string (Unicode):
(hyperref)                removing `math shift' on input line 147.


Package hyperref Warning: Token not allowed in a PDF string (Unicode):
(hyperref)                removing `\Phi' on input line 147.


Package hyperref Warning: Token not allowed in a PDF string (Unicode):
(hyperref)                removing `math shift' on input line 147.



[3]

Package hyperref Warning: Token not allowed in a PDF string (Unicode):
(hyperref)                removing `math shift' on input line 164.


Package hyperref Warning: Token not allowed in a PDF string (Unicode):
(hyperref)                removing `math shift' on input line 164.


Package hyperref Warning: Token not allowed in a PDF string (Unicode):
(hyperref)                removing `math shift' on input line 176.


Package hyperref Warning: Token not allowed in a PDF string (Unicode):
(hyperref)                removing `math shift' on input line 176.


Overfull \hbox (381.88504pt too wide) in paragraph at lines 213--232
 [][] 
 []


LaTeX Warning: `h' float specifier changed to `ht'.



[4]

[5]

[6]
Overfull \hbox (132.35506pt too wide) in paragraph at lines 451--469
 [] 
 []



[7]
Overfull \hbox (476.33505pt too wide) in paragraph at lines 547--565
 [][] 
 []



[8]

LaTeX Warning: Reference `sec:punitive-signaling' on page 9 undefined on input 
line 586.


LaTeX Warning: Reference `sec:punitive-case-studies' on page 9 undefined on inp
ut line 587.


LaTeX Warning: Reference `sec:punitive-signaling' on page 9 undefined on input 
line 623.



[9]

[10]

[11]

[12]
! Missing $ inserted.
<inserted text> 
                $
l.861 ...eness, serving as a motto: “Collapse \lra
                                                   forced uniqueness; Resili...

? 
! Missing $ inserted.
<inserted text> 
                $
l.862 
      
? 
Missing character: There is no ” ("201D) in font cmr10!


[13]
! Missing $ inserted.
<inserted text> 
                $
l.944 Violation \ra
                    Projection collapse: Break any principle and you force a...

? 
! Missing $ inserted.
<inserted text> 
                $
l.944 ... you force a single brittle gluing: $\Phi
                                                  $ becomes a token (reward/...

? 
! Missing $ inserted.
<inserted text> 
                $
l.944 ...ner-box projection of RSVP. Adherence \ra
                                                   Recursive futarchy: Honor...

? 
! Missing $ inserted.
<inserted text> 
                $
l.944 ...(priced), routing is redundant, and $\Phi
                                                  $/$\mathbf{v}$/$S$ remain ...

? 


[14]

[15]
! Missing $ inserted.
<inserted text> 
                $
l.1040 ...ings → escalation. Futarchy: Markets \lr
                                                   policy as adjoints; overl...

? 
! Missing $ inserted.
<inserted text> 
                $
l.1041 
       
? 

Overfull \hbox (25.01459pt too wide) in paragraph at lines 1039--1041
\TU/lmr/m/n/10 compatible gluings → escalation. Futarchy: Markets $\OMS/cmsy/m/
n/10 $ \OML/cmm/m/it/10 policyasadjoints\OT1/cmr/m/n/10 ; \OML/cmm/m/it/10 over
lappingexpectationsgluecoherently:$ 
 []

! Missing $ inserted.
<inserted text> 
                $
l.1051 Local \neqsym
                     Global: you can have many good local behaviors without ...

? 
! Missing $ inserted.
<inserted text> 
                $
l.1052 
       
? 
Missing character: There is no ’ ("2019) in font cmr10!
Missing character: There is no “ ("201C) in font cmr10!
Missing character: There is no ” ("201D) in font cmr10!
Missing character: There is no ’ ("2019) in font cmr10!
Missing character: There is no ’ ("2019) in font cmr10!

Overfull \hbox (292.57127pt too wide) in paragraph at lines 1051--1052
[]\TU/lmr/m/n/10 Local $\OMS/cmsy/m/n/10 6\OT1/cmr/m/n/10 = \OML/cmm/m/it/10 Gl
obal \OT1/cmr/m/n/10 : \OML/cmm/m/it/10 youcanhavemanygoodlocalbehaviorswithout
committingtoasingleglobalbehavior:Thatsreservesofaction=meaningyoudontglueyet:M
ultiplevalidgluings \OT1/cmr/m/n/10 :
 []


Overfull \hbox (168.76791pt too wide) in paragraph at lines 1051--1052
\OML/cmm/m/it/10 evenwhenlocalsarecompatible; theremaybeseveralcoherentwaystost
itchthemtogether:Thatspreservedambiguity; notindecision:Intentionalgaps \OT1/cm
r/m/n/10 :
 []



[16]

[17]
! Missing } inserted.
<inserted text> 
                }
l.1197 \end{tabularx}
                     
? 
! Extra }, or forgotten \endgroup.
<recently read> \egroup 
                        
l.1197 \end{tabularx}
                     
? 
! Missing } inserted.
<inserted text> 
                }
l.1197 \end{tabularx}
                     
? 
! Extra }, or forgotten \endgroup.
<inserted text> }
                 
l.1197 \end{tabularx}
                     
? 
! Missing } inserted.
<inserted text> 
                }
l.1197 \end{tabularx}
                     
? 
! Extra }, or forgotten \endgroup.
<inserted text> }
                 
l.1197 \end{tabularx}
                     
? 
! Missing } inserted.
<inserted text> 
                }
l.1197 \end{tabularx}
                     
? 
! Extra }, or forgotten \endgroup.
<inserted text> }
                 
l.1197 \end{tabularx}
                     
? 
! Missing } inserted.
<inserted text> 
                }
l.1197 \end{tabularx}
                     
? 
! Extra }, or forgotten \endgroup.
<inserted text> }
                 
l.1197 \end{tabularx}
                     
? 
! Missing } inserted.
<inserted text> 
                }
l.1197 \end{tabularx}
                     
? 
! Extra }, or forgotten \endgroup.
<inserted text> }
                 
l.1197 \end{tabularx}
                     
? 
! Missing } inserted.
<inserted text> 
                }
l.1197 \end{tabularx}
                     
? 
! Extra }, or forgotten \endgroup.
<inserted text> }
                 
l.1197 \end{tabularx}
                     
? 
! Missing } inserted.
<inserted text> 
                }
l.1197 \end{tabularx}
                     
? 
! Extra }, or forgotten \endgroup.
<inserted text> }
                 
l.1197 \end{tabularx}
                     
? 
! Missing } inserted.
<inserted text> 
                }
l.1197 \end{tabularx}
                     
? 
! Extra }, or forgotten \endgroup.
<inserted text> }
                 
l.1197 \end{tabularx}
                     
? 
! Missing } inserted.
<inserted text> 
                }
l.1197 \end{tabularx}
                     
? 
! Extra }, or forgotten \endgroup.
<inserted text> }
                 
l.1197 \end{tabularx}
                     
? 
! Missing } inserted.
<inserted text> 
                }
l.1197 \end{tabularx}
                     
? 
! Extra }, or forgotten \endgroup.
<inserted text> }
                 
l.1197 \end{tabularx}
                     
? 
! Missing } inserted.
<inserted text> 
                }
l.1197 \end{tabularx}
                     
? 
! Extra }, or forgotten \endgroup.
<inserted text> }
                 
l.1197 \end{tabularx}
                     
? 
! Missing } inserted.
<inserted text> 
                }
l.1197 \end{tabularx}
                     
? 
! Extra }, or forgotten \endgroup.
<inserted text> }
                 
l.1197 \end{tabularx}
                     
? 
! Missing } inserted.
<inserted text> 
                }
l.1197 \end{tabularx}
                     
? 
! Extra }, or forgotten \endgroup.
<inserted text> }
                 
l.1197 \end{tabularx}
                     
? 
! Missing } inserted.
<inserted text> 
                }
l.1197 \end{tabularx}
                     
? 
! Extra }, or forgotten \endgroup.
<inserted text> }
                 
l.1197 \end{tabularx}
                     
? 
! Missing } inserted.
<inserted text> 
                }
l.1197 \end{tabularx}
                     
? 
! Extra }, or forgotten \endgroup.
<inserted text> }
                 
l.1197 \end{tabularx}
                     
? 
! Missing } inserted.
<inserted text> 
                }
l.1197 \end{tabularx}
                     
? 
! Extra }, or forgotten \endgroup.
<inserted text> }
                 
l.1197 \end{tabularx}
                     
? 
! Missing } inserted.
<inserted text> 
                }
l.1197 \end{tabularx}
                     
? 
! Extra }, or forgotten \endgroup.
<inserted text> }
                 
l.1197 \end{tabularx}
                     
? 
! Missing } inserted.
<inserted text> 
                }
l.1197 \end{tabularx}
                     
? 
! Extra }, or forgotten \endgroup.
<inserted text> }
                 
l.1197 \end{tabularx}
                     
? 
! Missing } inserted.
<inserted text> 
                }
l.1197 \end{tabularx}
                     
? 
! Extra }, or forgotten \endgroup.
<inserted text> }
                 
l.1197 \end{tabularx}
                     
? 
! Missing } inserted.
<inserted text> 
                }
l.1197 \end{tabularx}
                     
? 
! Extra }, or forgotten \endgroup.
<inserted text> }
                 
l.1197 \end{tabularx}
                     
? 
! Missing } inserted.
<inserted text> 
                }
l.1197 \end{tabularx}
                     
? 
! Extra }, or forgotten \endgroup.
<inserted text> }
                 
l.1197 \end{tabularx}
                     
? 
! Missing } inserted.
<inserted text> 
                }
l.1197 \end{tabularx}
                     
? 
! Extra }, or forgotten \endgroup.
<inserted text> }
                 
l.1197 \end{tabularx}
                     
? 
! Missing } inserted.
<inserted text> 
                }
l.1197 \end{tabularx}
                     
? 
! Extra }, or forgotten \endgroup.
<inserted text> }
                 
l.1197 \end{tabularx}
                     
? 
! Missing } inserted.
<inserted text> 
                }
l.1197 \end{tabularx}
                     
? 
! Extra }, or forgotten \endgroup.
<inserted text> }
                 
l.1197 \end{tabularx}
                     
? 
! Missing } inserted.
<inserted text> 
                }
l.1197 \end{tabularx}
                     
? 
! Extra }, or forgotten \endgroup.
<inserted text> }
                 
l.1197 \end{tabularx}
                     
? 
! Missing } inserted.
<inserted text> 
                }
l.1197 \end{tabularx}
                     
? 
! Extra }, or forgotten \endgroup.
<inserted text> }
                 
l.1197 \end{tabularx}
                     
? 
! Missing } inserted.
<inserted text> 
                }
l.1197 \end{tabularx}
                     
? 
! Extra }, or forgotten \endgroup.
<inserted text> }
                 
l.1197 \end{tabularx}
                     
? 
! Missing } inserted.
<inserted text> 
                }
l.1197 \end{tabularx}
                     
? 
! Extra }, or forgotten \endgroup.
<inserted text> }
                 
l.1197 \end{tabularx}
                     
? 
! Missing } inserted.
<inserted text> 
                }
l.1197 \end{tabularx}
                     
? 
! Extra }, or forgotten \endgroup.
<inserted text> }
                 
l.1197 \end{tabularx}
                     
? 
! Missing } inserted.
<inserted text> 
                }
l.1197 \end{tabularx}
                     
? 
! Extra }, or forgotten \endgroup.
<inserted text> }
                 
l.1197 \end{tabularx}
                     
? 
! Missing } inserted.
<inserted text> 
                }
l.1197 \end{tabularx}
                     
? 
! Extra }, or forgotten \endgroup.
<inserted text> }
                 
l.1197 \end{tabularx}
                     
? 
! Missing } inserted.
<inserted text> 
                }
l.1197 \end{tabularx}
                     
? 
! Extra }, or forgotten \endgroup.
<inserted text> }
                 
l.1197 \end{tabularx}
                     
? 
! Missing } inserted.
<inserted text> 
                }
l.1197 \end{tabularx}
                     
? 
! Extra }, or forgotten \endgroup.
<inserted text> }
                 
l.1197 \end{tabularx}
                     
? 
! Missing } inserted.
<inserted text> 
                }
l.1197 \end{tabularx}
                     
? 
! Extra }, or forgotten \endgroup.
<inserted text> }
                 
l.1197 \end{tabularx}
                     
? 
! Missing } inserted.
<inserted text> 
                }
l.1197 \end{tabularx}
                     
? 
! Extra }, or forgotten \endgroup.
<inserted text> }
                 
l.1197 \end{tabularx}
                     
? 
! Missing } inserted.
<inserted text> 
                }
l.1197 \end{tabularx}
                     
? 
! Extra }, or forgotten \endgroup.
<inserted text> }
                 
l.1197 \end{tabularx}
                     
? 
! Missing } inserted.
<inserted text> 
                }
l.1197 \end{tabularx}
                     
? 
! Extra }, or forgotten \endgroup.
<inserted text> }
                 
l.1197 \end{tabularx}
                     
? 
! Missing } inserted.
<inserted text> 
                }
l.1197 \end{tabularx}
                     
? 
! Extra }, or forgotten \endgroup.
<inserted text> }
                 
l.1197 \end{tabularx}
                     
? 
! Missing } inserted.
<inserted text> 
                }
l.1197 \end{tabularx}
                     
? 
! Extra }, or forgotten \endgroup.
<inserted text> }
                 
l.1197 \end{tabularx}
                     
? 
! Missing } inserted.
<inserted text> 
                }
l.1197 \end{tabularx}
                     
? 
! Extra }, or forgotten \endgroup.
<inserted text> }
                 
l.1197 \end{tabularx}
                     
? 
! Missing } inserted.
<inserted text> 
                }
l.1197 \end{tabularx}
                     
? 
! Extra }, or forgotten \endgroup.
<inserted text> }
                 
l.1197 \end{tabularx}
                     
? 
! Missing } inserted.
<inserted text> 
                }
l.1197 \end{tabularx}
                     
? 
! Extra }, or forgotten \endgroup.
<inserted text> }
                 
l.1197 \end{tabularx}
                     
? 
! Missing } inserted.
<inserted text> 
                }
l.1197 \end{tabularx}
                     
? 
! Extra }, or forgotten \endgroup.
<inserted text> }
                 
l.1197 \end{tabularx}
                     
? 
! Missing } inserted.
<inserted text> 
                }
l.1197 \end{tabularx}
                     
? 
! Extra }, or forgotten \endgroup.
<inserted text> }
                 
l.1197 \end{tabularx}
                     
? 
! Missing } inserted.
<inserted text> 
                }
l.1197 \end{tabularx}
                     
? 
! Extra }, or forgotten \endgroup.
<inserted text> }
                 
l.1197 \end{tabularx}
                     
? 
! Missing } inserted.
<inserted text> 
                }
l.1197 \end{tabularx}
                     
? 
! Extra }, or forgotten \endgroup.
<inserted text> }
                 
l.1197 \end{tabularx}
                     
? 
! Missing } inserted.
<inserted text> 
                }
l.1197 \end{tabularx}
                     
? 
! Extra }, or forgotten \endgroup.
<inserted text> }
                 
l.1197 \end{tabularx}
                     
? 
! Missing } inserted.
<inserted text> 
                }
l.1197 \end{tabularx}
                     
? 
! Extra }, or forgotten \endgroup.
<inserted text> }
                 
l.1197 \end{tabularx}
                     
? 
! Missing } inserted.
<inserted text> 
                }
l.1197 \end{tabularx}
                     
? 
! Extra }, or forgotten \endgroup.
<inserted text> }
                 
l.1197 \end{tabularx}
                     
? 
! Missing } inserted.
<inserted text> 
                }
l.1197 \end{tabularx}
                     
? 
! Extra }, or forgotten \endgroup.
<inserted text> }
                 
l.1197 \end{tabularx}
                     
? 
! Missing } inserted.
<inserted text> 
                }
l.1197 \end{tabularx}
                     
? 
! Extra }, or forgotten \endgroup.
<inserted text> }
                 
l.1197 \end{tabularx}
                     
? 
! Missing } inserted.
<inserted text> 
                }
l.1197 \end{tabularx}
                     
? 
! Extra }, or forgotten \endgroup.
<inserted text> }
                 
l.1197 \end{tabularx}
                     
? 
! Missing } inserted.
<inserted text> 
                }
l.1197 \end{tabularx}
                     
? 
! Extra }, or forgotten \endgroup.
<inserted text> }
                 
l.1197 \end{tabularx}
                     
? 
! Missing } inserted.
<inserted text> 
                }
l.1197 \end{tabularx}
                     
? 
! Extra }, or forgotten \endgroup.
<inserted text> }
                 
l.1197 \end{tabularx}
                     
? 
! Missing } inserted.
<inserted text> 
                }
l.1197 \end{tabularx}
                     
? 
! Extra }, or forgotten \endgroup.
<inserted text> }
                 
l.1197 \end{tabularx}
                     
? 
! Missing } inserted.
<inserted text> 
                }
l.1197 \end{tabularx}
                     
? 
! Extra }, or forgotten \endgroup.
<inserted text> }
                 
l.1197 \end{tabularx}
                     
? 
! Missing } inserted.
<inserted text> 
                }
l.1197 \end{tabularx}
                     
? 
! Extra }, or forgotten \endgroup.
<inserted text> }
                 
l.1197 \end{tabularx}
                     
? 
! Missing } inserted.
<inserted text> 
                }
l.1197 \end{tabularx}
                     
? 
! Extra }, or forgotten \endgroup.
<inserted text> }
                 
l.1197 \end{tabularx}
                     
? 
! Missing } inserted.
<inserted text> 
                }
l.1197 \end{tabularx}
                     
? 
! Extra }, or forgotten \endgroup.
<inserted text> }
                 
l.1197 \end{tabularx}
                     
? 
! Missing } inserted.
<inserted text> 
                }
l.1197 \end{tabularx}
                     
? 
! Extra }, or forgotten \endgroup.
<inserted text> }
                 
l.1197 \end{tabularx}
                     
? 
! Missing } inserted.
<inserted text> 
                }
l.1197 \end{tabularx}
                     
? 
! Extra }, or forgotten \endgroup.
<inserted text> }
                 
l.1197 \end{tabularx}
                     
? 
! Missing } inserted.
<inserted text> 
                }
l.1197 \end{tabularx}
                     
? 
! Extra }, or forgotten \endgroup.
<inserted text> }
                 
l.1197 \end{tabularx}
                     
? 
! Missing } inserted.
<inserted text> 
                }
l.1197 \end{tabularx}
                     
? 
! Extra }, or forgotten \endgroup.
<inserted text> }
                 
l.1197 \end{tabularx}
                     
? 
! Missing } inserted.
<inserted text> 
                }
l.1197 \end{tabularx}
                     
? 
! Extra }, or forgotten \endgroup.
<inserted text> }
                 
l.1197 \end{tabularx}
                     
? 
! Missing } inserted.
<inserted text> 
                }
l.1197 \end{tabularx}
                     
? 
! Extra }, or forgotten \endgroup.
<inserted text> }
                 
l.1197 \end{tabularx}
                     
? 
! Missing } inserted.
<inserted text> 
                }
l.1197 \end{tabularx}
                     
? 
! Extra }, or forgotten \endgroup.
<inserted text> }
                 
l.1197 \end{tabularx}
                     
? 
! Missing } inserted.
<inserted text> 
                }
l.1197 \end{tabularx}
                     
? 
! Extra }, or forgotten \endgroup.
<inserted text> }
                 
l.1197 \end{tabularx}
                     
? 
! Missing } inserted.
<inserted text> 
                }
l.1197 \end{tabularx}
                     
? 
! Extra }, or forgotten \endgroup.
<inserted text> }
                 
l.1197 \end{tabularx}
                     
? 
! Missing } inserted.
<inserted text> 
                }
l.1197 \end{tabularx}
                     
? 
! Extra }, or forgotten \endgroup.
<inserted text> }
                 
l.1197 \end{tabularx}
                     
? 
! Missing } inserted.
<inserted text> 
                }
l.1197 \end{tabularx}
                     
? 
! Extra }, or forgotten \endgroup.
<inserted text> }
                 
l.1197 \end{tabularx}
                     
? 
! Missing } inserted.
<inserted text> 
                }
l.1197 \end{tabularx}
                     
? 
! Extra }, or forgotten \endgroup.
<inserted text> }
                 
l.1197 \end{tabularx}
                     
? 
! Missing } inserted.
<inserted text> 
                }
l.1197 \end{tabularx}
                     
? 
! Extra }, or forgotten \endgroup.
<inserted text> }
                 
l.1197 \end{tabularx}
                     
? 
! Missing } inserted.
<inserted text> 
                }
l.1197 \end{tabularx}
                     
? 
! Extra }, or forgotten \endgroup.
<inserted text> }
                 
l.1197 \end{tabularx}
                     
? 
! Missing } inserted.
<inserted text> 
                }
l.1197 \end{tabularx}
                     
? 
! Extra }, or forgotten \endgroup.
<inserted text> }
                 
l.1197 \end{tabularx}
                     
? 
! Missing } inserted.
<inserted text> 
                }
l.1197 \end{tabularx}
                     
? 
! Extra }, or forgotten \endgroup.
<inserted text> }
                 
l.1197 \end{tabularx}
                     
? 
! Missing } inserted.
<inserted text> 
                }
l.1197 \end{tabularx}
                     
? 
! Extra }, or forgotten \endgroup.
<inserted text> }
                 
l.1197 \end{tabularx}
                     
? 
! Missing } inserted.
<inserted text> 
                }
l.1197 \end{tabularx}
                     
? 
! Extra }, or forgotten \endgroup.
<inserted text> }
                 
l.1197 \end{tabularx}
                     
? 
! Missing } inserted.
<inserted text> 
                }
l.1197 \end{tabularx}
                     
? 
! Extra }, or forgotten \endgroup.
<inserted text> }
                 
l.1197 \end{tabularx}
                     
? 
! Missing } inserted.
<inserted text> 
                }
l.1197 \end{tabularx}
                     
? 
! Extra }, or forgotten \endgroup.
<inserted text> }
                 
l.1197 \end{tabularx}
                     
? 
! Missing } inserted.
<inserted text> 
                }
l.1197 \end{tabularx}
                     
? 
! Extra }, or forgotten \endgroup.
<inserted text> }
                 
l.1197 \end{tabularx}
                     
? 
! Missing } inserted.
<inserted text> 
                }
l.1197 \end{tabularx}
                     
? 
! Extra }, or forgotten \endgroup.
<inserted text> }
                 
l.1197 \end{tabularx}
                     
? 
! Missing } inserted.
<inserted text> 
                }
l.1197 \end{tabularx}
                     
? 
! Extra }, or forgotten \endgroup.
<inserted text> }
                 
l.1197 \end{tabularx}
                     
? ^^X
Type <return> to proceed, S to scroll future error messages,
R to run without stopping, Q to run quietly,
I to insert something, E to edit your file,
1 or ... or 9 to ignore the next 1 to 9 tokens of input,
H for help, X to quit.
? X
 
Here is how much of TeX's memory you used:
 27219 strings out of 468438
 549463 string characters out of 5445464
 996961 words of memory out of 5000000
 55226 multiletter control sequences out of 15000+600000
 638855 words of font info for 101 fonts, out of 8000000 for 9000
 1348 hyphenation exceptions out of 8191
 116i,10n,121p,1017b,579s stack positions out of 10000i,1000n,20000p,200000b,200000s
Output written on essay.pdf (17 pages).
