This is XeTeX, Version 3.141592653-2.6-0.999997 (TeX Live 2025) (preloaded format=xelatex 2025.9.22)  9 OCT 2025 19:47
entering extended mode
 restricted \write18 enabled.
 %&-line parsing enabled.
**monograph.tex
(./monograph.tex
LaTeX2e <2025-06-01> patch level 1
L3 programming layer <2025-09-02>
(/usr/local/texlive/2025/texmf-dist/tex/latex/base/article.cls
Document Class: article 2025/01/22 v1.4n Standard LaTeX document class
(/usr/local/texlive/2025/texmf-dist/tex/latex/base/size12.clo
File: size12.clo 2025/01/22 v1.4n Standard LaTeX file (size option)
)
\c@part=\count271
\c@section=\count272
\c@subsection=\count273
\c@subsubsection=\count274
\c@paragraph=\count275
\c@subparagraph=\count276
\c@figure=\count277
\c@table=\count278
\abovecaptionskip=\skip49
\belowcaptionskip=\skip50
\bibindent=\dimen148
)
(/usr/local/texlive/2025/texmf-dist/tex/latex/geometry/geometry.sty
Package: geometry 2020/01/02 v5.9 Page Geometry

(/usr/local/texlive/2025/texmf-dist/tex/latex/graphics/keyval.sty
Package: keyval 2022/05/29 v1.15 key=value parser (DPC)
\KV@toks@=\toks17
)
(/usr/local/texlive/2025/texmf-dist/tex/generic/iftex/ifvtex.sty
Package: ifvtex 2019/10/25 v1.7 ifvtex legacy package. Use iftex instead.

(/usr/local/texlive/2025/texmf-dist/tex/generic/iftex/iftex.sty
Package: iftex 2024/12/12 v1.0g TeX engine tests
))
\Gm@cnth=\count279
\Gm@cntv=\count280
\c@Gm@tempcnt=\count281
\Gm@bindingoffset=\dimen149
\Gm@wd@mp=\dimen150
\Gm@odd@mp=\dimen151
\Gm@even@mp=\dimen152
\Gm@layoutwidth=\dimen153
\Gm@layoutheight=\dimen154
\Gm@layouthoffset=\dimen155
\Gm@layoutvoffset=\dimen156
\Gm@dimlist=\toks18
)
(/usr/local/texlive/2025/texmf-dist/tex/latex/amsmath/amsmath.sty
Package: amsmath 2025/06/16 v2.17y AMS math features
\@mathmargin=\skip51

For additional information on amsmath, use the `?' option.
(/usr/local/texlive/2025/texmf-dist/tex/latex/amsmath/amstext.sty
Package: amstext 2024/11/17 v2.01 AMS text

(/usr/local/texlive/2025/texmf-dist/tex/latex/amsmath/amsgen.sty
File: amsgen.sty 1999/11/30 v2.0 generic functions
\@emptytoks=\toks19
\ex@=\dimen157
))
(/usr/local/texlive/2025/texmf-dist/tex/latex/amsmath/amsbsy.sty
Package: amsbsy 1999/11/29 v1.2d Bold Symbols
\pmbraise@=\dimen158
)
(/usr/local/texlive/2025/texmf-dist/tex/latex/amsmath/amsopn.sty
Package: amsopn 2022/04/08 v2.04 operator names
)
\inf@bad=\count282
LaTeX Info: Redefining \frac on input line 233.
\uproot@=\count283
\leftroot@=\count284
LaTeX Info: Redefining \overline on input line 398.
LaTeX Info: Redefining \colon on input line 409.
\classnum@=\count285
\DOTSCASE@=\count286
LaTeX Info: Redefining \ldots on input line 495.
LaTeX Info: Redefining \dots on input line 498.
LaTeX Info: Redefining \cdots on input line 619.
\Mathstrutbox@=\box53
\strutbox@=\box54
LaTeX Info: Redefining \big on input line 721.
LaTeX Info: Redefining \Big on input line 722.
LaTeX Info: Redefining \bigg on input line 723.
LaTeX Info: Redefining \Bigg on input line 724.
\big@size=\dimen159
LaTeX Font Info:    Redeclaring font encoding OML on input line 742.
LaTeX Font Info:    Redeclaring font encoding OMS on input line 743.
\macc@depth=\count287
LaTeX Info: Redefining \bmod on input line 904.
LaTeX Info: Redefining \pmod on input line 909.
LaTeX Info: Redefining \smash on input line 939.
LaTeX Info: Redefining \relbar on input line 969.
LaTeX Info: Redefining \Relbar on input line 970.
\c@MaxMatrixCols=\count288
\dotsspace@=\muskip17
\c@parentequation=\count289
\dspbrk@lvl=\count290
\tag@help=\toks20
\row@=\count291
\column@=\count292
\maxfields@=\count293
\andhelp@=\toks21
\eqnshift@=\dimen160
\alignsep@=\dimen161
\tagshift@=\dimen162
\tagwidth@=\dimen163
\totwidth@=\dimen164
\lineht@=\dimen165
\@envbody=\toks22
\multlinegap=\skip52
\multlinetaggap=\skip53
\mathdisplay@stack=\toks23
LaTeX Info: Redefining \[ on input line 2949.
LaTeX Info: Redefining \] on input line 2950.
)
(/usr/local/texlive/2025/texmf-dist/tex/latex/amsfonts/amssymb.sty
Package: amssymb 2013/01/14 v3.01 AMS font symbols

(/usr/local/texlive/2025/texmf-dist/tex/latex/amsfonts/amsfonts.sty
Package: amsfonts 2013/01/14 v3.01 Basic AMSFonts support
\symAMSa=\mathgroup4
\symAMSb=\mathgroup5
LaTeX Font Info:    Redeclaring math symbol \hbar on input line 98.
LaTeX Font Info:    Overwriting math alphabet `\mathfrak' in version `bold'
(Font)                  U/euf/m/n --> U/euf/b/n on input line 106.
))
(/usr/local/texlive/2025/texmf-dist/tex/latex/enumitem/enumitem.sty
Package: enumitem 2025/02/06 v3.11 Customized lists
\labelindent=\skip54
\enit@outerparindent=\dimen166
\enit@toks=\toks24
\enit@inbox=\box55
\enit@count@id=\count294
\enitdp@description=\count295
)
(/usr/local/texlive/2025/texmf-dist/tex/latex/booktabs/booktabs.sty
Package: booktabs 2020/01/12 v1.61803398 Publication quality tables
\heavyrulewidth=\dimen167
\lightrulewidth=\dimen168
\cmidrulewidth=\dimen169
\belowrulesep=\dimen170
\belowbottomsep=\dimen171
\aboverulesep=\dimen172
\abovetopsep=\dimen173
\cmidrulesep=\dimen174
\cmidrulekern=\dimen175
\defaultaddspace=\dimen176
\@cmidla=\count296
\@cmidlb=\count297
\@aboverulesep=\dimen177
\@belowrulesep=\dimen178
\@thisruleclass=\count298
\@lastruleclass=\count299
\@thisrulewidth=\dimen179
)
(/usr/local/texlive/2025/texmf-dist/tex/latex/graphics/graphicx.sty
Package: graphicx 2024/12/31 v1.2e Enhanced LaTeX Graphics (DPC,SPQR)

(/usr/local/texlive/2025/texmf-dist/tex/latex/graphics/graphics.sty
Package: graphics 2024/08/06 v1.4g Standard LaTeX Graphics (DPC,SPQR)

(/usr/local/texlive/2025/texmf-dist/tex/latex/graphics/trig.sty
Package: trig 2023/12/02 v1.11 sin cos tan (DPC)
)
(/usr/local/texlive/2025/texmf-dist/tex/latex/graphics-cfg/graphics.cfg
File: graphics.cfg 2016/06/04 v1.11 sample graphics configuration
)
Package graphics Info: Driver file: xetex.def on input line 106.

(/usr/local/texlive/2025/texmf-dist/tex/latex/graphics-def/xetex.def
File: xetex.def 2022/09/22 v5.0n Graphics/color driver for xetex
))
\Gin@req@height=\dimen180
\Gin@req@width=\dimen181
)
(/usr/local/texlive/2025/texmf-dist/tex/latex/natbib/natbib.sty
Package: natbib 2010/09/13 8.31b (PWD, AO)
\bibhang=\skip55
\bibsep=\skip56
LaTeX Info: Redefining \cite on input line 694.
\c@NAT@ctr=\count300
)
(/usr/local/texlive/2025/texmf-dist/tex/latex/l3backend/l3backend-xetex.def
File: l3backend-xetex.def 2025-06-09 L3 backend support: XeTeX
\g__graphics_track_int=\count301
\g__pdfannot_backend_int=\count302
\g__pdfannot_backend_link_int=\count303
)
(./monograph.aux)
\openout1 = `monograph.aux'.

LaTeX Font Info:    Checking defaults for OML/cmm/m/it on input line 14.
LaTeX Font Info:    ... okay on input line 14.
LaTeX Font Info:    Checking defaults for OMS/cmsy/m/n on input line 14.
LaTeX Font Info:    ... okay on input line 14.
LaTeX Font Info:    Checking defaults for OT1/cmr/m/n on input line 14.
LaTeX Font Info:    ... okay on input line 14.
LaTeX Font Info:    Checking defaults for T1/cmr/m/n on input line 14.
LaTeX Font Info:    ... okay on input line 14.
LaTeX Font Info:    Checking defaults for TS1/cmr/m/n on input line 14.
LaTeX Font Info:    ... okay on input line 14.
LaTeX Font Info:    Checking defaults for TU/lmr/m/n on input line 14.
LaTeX Font Info:    ... okay on input line 14.
LaTeX Font Info:    Checking defaults for OMX/cmex/m/n on input line 14.
LaTeX Font Info:    ... okay on input line 14.
LaTeX Font Info:    Checking defaults for U/cmr/m/n on input line 14.
LaTeX Font Info:    ... okay on input line 14.

*geometry* driver: auto-detecting
*geometry* detected driver: xetex
*geometry* verbose mode - [ preamble ] result:
* driver: xetex
* paper: <default>
* layout: <same size as paper>
* layoutoffset:(h,v)=(0.0pt,0.0pt)
* modes: 
* h-part:(L,W,R)=(72.26999pt, 469.75502pt, 72.26999pt)
* v-part:(T,H,B)=(72.26999pt, 650.43001pt, 72.26999pt)
* \paperwidth=614.295pt
* \paperheight=794.96999pt
* \textwidth=469.75502pt
* \textheight=650.43001pt
* \oddsidemargin=0.0pt
* \evensidemargin=0.0pt
* \topmargin=-37.0pt
* \headheight=12.0pt
* \headsep=25.0pt
* \topskip=12.0pt
* \footskip=30.0pt
* \marginparwidth=44.0pt
* \marginparsep=10.0pt
* \columnsep=10.0pt
* \skip\footins=10.8pt plus 4.0pt minus 2.0pt
* \hoffset=0.0pt
* \voffset=0.0pt
* \mag=1000
* \@twocolumnfalse
* \@twosidefalse
* \@mparswitchfalse
* \@reversemarginfalse
* (1in=72.27pt=25.4mm, 1cm=28.453pt)

LaTeX Font Info:    Trying to load font information for U+msa on input line 16.

(/usr/local/texlive/2025/texmf-dist/tex/latex/amsfonts/umsa.fd
File: umsa.fd 2013/01/14 v3.01 AMS symbols A
)
LaTeX Font Info:    Trying to load font information for U+msb on input line 16.


(/usr/local/texlive/2025/texmf-dist/tex/latex/amsfonts/umsb.fd
File: umsb.fd 2013/01/14 v3.01 AMS symbols B
)

[1

]

[2]

[3]

[4]

[5]

[6]
Overfull \hbox (67.26915pt too wide) in paragraph at lines 174--181
 [] 
 []



[7]

[8]

[9]

[10]

[11]

[12]
Overfull \hbox (0.13223pt too wide) in paragraph at lines 355--356
\TU/lmr/m/n/12 closed-source factory robotics, proprietary large-model infrastr
uctures) would yield $\OML/cmm/m/it/12 S[] >
 []



[13]

[14]

[15]
Overfull \hbox (74.69704pt too wide) in paragraph at lines 463--472
 [] 
 []



[16]

[17]

[18]
Overfull \hbox (35.45036pt too wide) in paragraph at lines 577--581
\TU/lmr/m/n/12 transforming surplus potential into active circulation. The play
’s Jesus—escaping via misdirection—
 []



[19]
Overfull \hbox (1.04501pt too wide) in paragraph at lines 616--619
 \TU/lmr/bx/n/12 Overview.[] \TU/lmr/m/n/12 The opening of \TU/lmr/m/it/12 Esca
pe from Gethsemane \TU/lmr/m/n/12 stages Joseph’s escape from Potiphar’s
 []



[20]
Overfull \hbox (17.12901pt too wide) in paragraph at lines 640--644
 \TU/lmr/bx/n/12 The entropic economics of casting.[] \TU/lmr/m/n/12 Casting di
fferent actors introduces frictional surfaces—
 []

Missing character: There is no ≠ (U+2260) in font [lmroman12-regular]:mapping=t
ex-text;!
Missing character: There is no ≠ (U+2260) in font [lmroman12-regular]:mapping=t
ex-text;!

Overfull \hbox (724.55032pt too wide) in paragraph at lines 664--699
 [][] 
 []


LaTeX Warning: `!h' float specifier changed to `!ht'.



[21]
Overfull \hbox (2.40099pt too wide) in paragraph at lines 713--714
 \TU/lmr/bx/n/12 Connection to Doctorow’s “platformization of interpretation”.[
] \TU/lmr/m/n/12 The casting-entropy
 []



[22]

[23]

[24]
Overfull \hbox (2.72635pt too wide) in paragraph at lines 801--803
[]\TU/lmr/bx/n/12 Religious regimes (Christian framing). \TU/lmr/m/n/12 Emphasi
ze the Gospel parallels—suffering,
 []



[25]
! Misplaced alignment tab character &.
l.850 ...unction with linked essays, reflective Q&
                                                  A sections, or digital ann...

? 


[26]

[27]
Overfull \hbox (17.08395pt too wide) detected at line 903
\OT1/cmr/m/n/12 ^^H(\OML/cmm/m/it/12 x; t\OT1/cmr/m/n/12 ) []\OML/cmm/m/it/12 ;
  \OT1/cmr/bx/n/12 v\OT1/cmr/m/n/12 (\OML/cmm/m/it/12 x; t\OT1/cmr/m/n/12 ) []\
OML/cmm/m/it/12 ;  S\OT1/cmr/m/n/12 (\OML/cmm/m/it/12 x; t\OT1/cmr/m/n/12 ) []\
OML/cmm/m/it/12 :
 []



[28]

[29]

[30]

[31]
Overfull \hbox (6.253pt too wide) in paragraph at lines 1064--1066
 \TU/lmr/bx/n/12 Symbolic overaccumulation.[] \TU/lmr/m/n/12 Cultural structure
s that once mediated feedback can harden
 []



[32]
Overfull \hbox (178.69576pt too wide) detected at line 1129
[]
 []



[33]
Overfull \hbox (61.72488pt too wide) in paragraph at lines 1247--1247
[]  \TU/lmtt/m/n/12 attestations: List<Attestation> // supporting evidence (use
r votes, automated tests)[] 
 []



[34]

[35]
Overfull \hbox (30.82486pt too wide) in paragraph at lines 1247--1247
[]    \TU/lmtt/m/n/12 // Optional: run automated checks (unit tests, diff check
s, image comparison)[] 
 []


Overfull \hbox (37.00491pt too wide) in paragraph at lines 1247--1247
[]    \TU/lmtt/m/n/12 transfer_fund(recipient=e.actor_id, amount=e.reward, meta
data={event_id:e.id})[] 
 []


Overfull \hbox (55.54488pt too wide) in paragraph at lines 1247--1247
[]\TU/lmtt/m/n/12 /* - Require verifiers to stake reputation or small deposits 
to discourage collusion.[] 
 []


Overfull \hbox (123.52486pt too wide) in paragraph at lines 1247--1247
[]   \TU/lmtt/m/n/12 - Keep logs tamper-evident: append-only store, optionally 
anchored to a public blockchain. */[] 
 []



[36]

[37]
Overfull \hbox (12.28488pt too wide) in paragraph at lines 1357--1357
[]    \TU/lmtt/m/n/12 // context_phi in [0,1] indicates confidence / curvature 
of local gradient[] 
 []



[38]
Overfull \hbox (12.28485pt too wide) in paragraph at lines 1357--1357
[]        \TU/lmtt/m/n/12 limb_out = limb.step(input_modulation = fb + magnifie
d.limb_vector[i])[] 
 []


Overfull \hbox (67.9049pt too wide) in paragraph at lines 1357--1357
[]        \TU/lmtt/m/n/12 reflex.update(current_state=read_joint(j), target=com
pute_target_from_cpg(...))[] 
 []

Runaway argument?
{itemize> 
! Paragraph ended before \end  was complete.
<to be read again> 
                   \par 
l.1367 
       
? 
(./monograph.bbl

[39]
Overfull \hbox (136.99634pt too wide) in paragraph at lines 63--67
[]\TU/lmr/m/n/12 OECD.  Future of work, 2025.  URL \TU/lmtt/m/n/12 https://www.
oecd.org/en/topics/policy-issues/future-of-work.html\TU/lmr/m/n/12 . 
 []

)

! LaTeX Error: \begin{itemize} on input line 1360 ended by \end{document}.

See the LaTeX manual or LaTeX Companion for explanation.
Type  H <return>  for immediate help.
 ...                                              
                                                  
l.1376 \end{document}
                     
? 


[40] (./monograph.aux)
 ***********
LaTeX2e <2025-06-01> patch level 1
L3 programming layer <2025-09-02>
 ***********


LaTeX Warning: Label(s) may have changed. Rerun to get cross-references right.

 )
(\end occurred inside a group at level 1)

### semi simple group (level 1) entered at line 1360 (\begingroup)
### bottom level 
Here is how much of TeX's memory you used:
 3622 strings out of 468438
 54499 string characters out of 5445464
 466086 words of memory out of 5000000
 32042 multiletter control sequences out of 15000+600000
 636050 words of font info for 91 fonts, out of 8000000 for 9000
 1348 hyphenation exceptions out of 8191
 57i,13n,65p,1624b,361s stack positions out of 10000i,1000n,20000p,200000b,200000s

Output written on monograph.pdf (40 pages).
